[2025-10-19 20:01:57] ==============================================================
[2025-10-19 20:01:57] 🚀 Starting Quantum MaxCut Pipeline
[2025-10-19 20:01:57] Mode: simulator | Backend: aer | Shots: 100000
[2025-10-19 20:01:57] Script Path: /Users/Sayu/Desktop/BA_Proj/tutos/VQA/scripts
[2025-10-19 20:01:57] Output Dir: /Users/Sayu/Desktop/BA_Proj/tutos/VQA/results
[2025-10-19 20:01:57] ==============================================================
[2025-10-19 20:01:57] 🧹 Cleaning previous results...
[2025-10-19 20:01:57] ➡️ Stage: Mapping
[2025-10-19 20:01:57] Running: python /Users/Sayu/Desktop/BA_Proj/tutos/VQA/scripts/mapping.py --backend aer --out-dir /Users/Sayu/Desktop/BA_Proj/tutos/VQA/results --verbose
  message: Optimization terminated successfully.
  success: True
   status: 0
      fun: -3.9999999999996945
        x: [ 1.000e+00  1.000e+00  1.571e+00  3.110e-07  2.009e-01
            -2.009e-01  6.342e-01 -6.342e-01]
      nit: 14
      jac: [ 2.980e-08 -2.086e-07  9.537e-07  1.132e-06  2.384e-07
             2.980e-07  1.192e-07  0.000e+00]
 hess_inv: [[ 1.000e+00 -2.413e-08 ...  1.089e-04  8.198e-05]
            [-2.413e-08  1.000e+00 ... -2.206e-05 -1.787e-05]
            ...
            [ 1.089e-04 -2.206e-05 ...  7.243e-01 -2.604e-01]
            [ 8.198e-05 -1.787e-05 ... -2.604e-01  8.180e-01]]
     nfev: 144
     njev: 16
[2025-10-19 20:02:14] ✅ Stage 'Mapping' completed successfully.
[2025-10-19 20:02:14] ==============================================================
[2025-10-19 20:02:14] 🎉 Quantum VQA pipeline completed successfully!
[2025-10-19 20:02:14] Results saved in: /Users/Sayu/Desktop/BA_Proj/tutos/VQA/results
[2025-10-19 20:02:14] Full log: /Users/Sayu/Desktop/BA_Proj/tutos/VQA/results/../logs/pipeline[2025-10-19_20-01-53].log
[2025-10-19 20:02:14] ==============================================================
