[2025-10-19 19:59:10] ==============================================================
[2025-10-19 19:59:10] 🚀 Starting Quantum MaxCut Pipeline
[2025-10-19 19:59:10] Mode: simulator | Backend: aer | Shots: 100000
[2025-10-19 19:59:10] Script Path: /Users/Sayu/Desktop/BA_Proj/tutos/VQA/scripts
[2025-10-19 19:59:10] Output Dir: /Users/Sayu/Desktop/BA_Proj/tutos/VQA/results
[2025-10-19 19:59:10] ==============================================================
[2025-10-19 19:59:10] 🧹 Cleaning previous results...
[2025-10-19 19:59:10] ➡️ Stage: Mapping
[2025-10-19 19:59:10] Running: python /Users/Sayu/Desktop/BA_Proj/tutos/VQA/scripts/mapping.py --backend aer --out-dir /Users/Sayu/Desktop/BA_Proj/tutos/VQA/results --verbose
 message: Optimization terminated successfully
 success: True
  status: 0
     fun: -3.999999996452395
       x: [ 1.000e+00  1.000e+00 -1.571e+00 -4.558e-05 -1.207e+00
           -1.935e+00  4.079e-01 -4.079e-01]
     nit: 12
     jac: [-1.192e-07 -8.941e-08 -7.960e-04  2.544e-04  1.381e-03
            1.381e-03  5.430e-04  5.432e-04]
    nfev: 112
    njev: 12
[2025-10-19 19:59:24] ✅ Stage 'Mapping' completed successfully.
[2025-10-19 19:59:24] ==============================================================
[2025-10-19 19:59:24] 🎉 Quantum VQA pipeline completed successfully!
[2025-10-19 19:59:24] Results saved in: /Users/Sayu/Desktop/BA_Proj/tutos/VQA/results
[2025-10-19 19:59:24] Full log: /Users/Sayu/Desktop/BA_Proj/tutos/VQA/results/../logs/pipeline[2025-10-19_19-59-08].log
[2025-10-19 19:59:24] ==============================================================
