[2025-12-27 17:31:02] ==============================================================
[2025-12-27 17:31:02] 🚀 Starting Q-HAS: Quantum-Hierarchical Adaptive Steering Pipeline - Variational Workflow
[2025-12-27 17:31:02] Mode: simulator | Backend: aer | Shots: 100000 | Method: COBYLA
[2025-12-27 17:31:02] Script Path: /Users/Sayu/Desktop/BA_Proj/src
[2025-12-27 17:31:02] Output Dir: /Users/Sayu/Desktop/BA_Proj/data
[2025-12-27 17:31:02] Input File: /Users/Sayu/Desktop/BA_Proj/input/mapping_input.json
[2025-12-27 17:31:02] ==============================================================
[2025-12-27 17:31:02] 🧹 Cleaning previous results...
[2025-12-27 17:31:03] ➡️ Stage: Main Pipeline
[2025-12-27 17:31:03] ➡️ Stage: Main Pipeline
[2025-12-27 17:31:03] Running: python /Users/Sayu/Desktop/BA_Proj/src/pipeline.py --out-dir /Users/Sayu/Desktop/BA_Proj/data --mode simulator --grid-size 2 --dns-resolution 256 --t-max 1.0 --dt 0.01 --hybrid-dt 0.1 --depth 1 --backend aer --shots 100000 --method COBYLA
[2025-12-27 17:31:03] Running: python /Users/Sayu/Desktop/BA_Proj/src/pipeline.py --out-dir /Users/Sayu/Desktop/BA_Proj/data --mode simulator --grid-size 2 --dns-resolution 256 --t-max 1.0 --dt 0.01 --hybrid-dt 0.1 --depth 1 --backend aer --shots 100000 --method COBYLA
🔹 Detected Conda environment: qiskit-project
🔹 Detected Conda environment: qiskit-project
[2025-12-27 17:31:08] ==============================================================
[2025-12-27 17:31:08] ==============================================================
[2025-12-27 17:31:08] 🚀 Starting Quantum Pipeline
[2025-12-27 17:31:08] 🚀 Starting Quantum Pipeline
[2025-12-27 17:31:08] Mode: simulator | Backend: aer | Shots: 100000 | Method: COBYLA
[2025-12-27 17:31:08] Mode: simulator | Backend: aer | Shots: 100000 | Method: COBYLA
[2025-12-27 17:31:08] Script Path: /Users/Sayu/Desktop/BA_Proj/src/VQA
[2025-12-27 17:31:08] Script Path: /Users/Sayu/Desktop/BA_Proj/src/VQA
[2025-12-27 17:31:08] Output Dir: /Users/Sayu/Desktop/BA_Proj/data
[2025-12-27 17:31:08] Output Dir: /Users/Sayu/Desktop/BA_Proj/data
[2025-12-27 17:31:08] Input File: /Users/Sayu/Desktop/BA_Proj/data/vqa_input.json
[2025-12-27 17:31:08] Input File: /Users/Sayu/Desktop/BA_Proj/data/vqa_input.json
[2025-12-27 17:31:08] ==============================================================
[2025-12-27 17:31:08] ==============================================================
[2025-12-27 17:31:08] ➡️ Stage: TEST
[2025-12-27 17:31:08] ➡️ Stage: TEST
[2025-12-27 17:31:08] Running: python /Users/Sayu/Desktop/BA_Proj/src/VQA/TEST1.py --in-file /Users/Sayu/Desktop/BA_Proj/data/vqa_input.json --out-file /Users/Sayu/Desktop/BA_Proj/data/vqa_output.json --numqbits 8
[2025-12-27 17:31:08] Running: python /Users/Sayu/Desktop/BA_Proj/src/VQA/TEST1.py --in-file /Users/Sayu/Desktop/BA_Proj/data/vqa_input.json --out-file /Users/Sayu/Desktop/BA_Proj/data/vqa_output.json --numqbits 8
--- [VQA WORKER] Démarrage ---
✅ Input Lu avec succès.
   -> Theta_h: 2 angles
   -> Theta_v: 2 angles
⚙️  Génération de 1000 shots pour 8 qubits...
📊 Résultat Counts (Extrait): [('11111100', 80), ('11000111', 245), ('10111011', 312)] ...
💾 Probabilités sauvegardées dans: /Users/Sayu/Desktop/BA_Proj/data/vqa_output.json
💾 Counts bruts sauvegardés dans : /Users/Sayu/Desktop/BA_Proj/data/debug_counts.json
--- [VQA WORKER] Démarrage ---
✅ Input Lu avec succès.
   -> Theta_h: 2 angles
   -> Theta_v: 2 angles
⚙️  Génération de 1000 shots pour 8 qubits...
📊 Résultat Counts (Extrait): [('11111100', 80), ('11000111', 245), ('10111011', 312)] ...
💾 Probabilités sauvegardées dans: /Users/Sayu/Desktop/BA_Proj/data/vqa_output.json
💾 Counts bruts sauvegardés dans : /Users/Sayu/Desktop/BA_Proj/data/debug_counts.json
[2025-12-27 17:31:08] ✅ Stage 'TEST' completed successfully.
[2025-12-27 17:31:08] ✅ Stage 'TEST' completed successfully.
[2025-12-27 17:31:08] ==============================================================
[2025-12-27 17:31:08] ==============================================================
[2025-12-27 17:31:08] 🎉 Q-HAS Variational pipeline completed successfully!
[2025-12-27 17:31:08] 🎉 Q-HAS Variational pipeline completed successfully!
[2025-12-27 17:31:08] Results saved in: /Users/Sayu/Desktop/BA_Proj/data
[2025-12-27 17:31:08] Results saved in: /Users/Sayu/Desktop/BA_Proj/data
[2025-12-27 17:31:08] Full log: /Users/Sayu/Desktop/BA_Proj/data/../logs/pipeline[2025-12-27_17-31-05].log
[2025-12-27 17:31:08] Full log: /Users/Sayu/Desktop/BA_Proj/data/../logs/pipeline[2025-12-27_17-31-05].log
[2025-12-27 17:31:08] ==============================================================
[2025-12-27 17:31:08] ==============================================================
🔹 Detected Conda environment: qiskit-project
🔹 Detected Conda environment: qiskit-project
[2025-12-27 17:31:10] ==============================================================
[2025-12-27 17:31:10] ==============================================================
[2025-12-27 17:31:10] 🚀 Starting Quantum Pipeline
[2025-12-27 17:31:10] 🚀 Starting Quantum Pipeline
[2025-12-27 17:31:10] Mode: simulator | Backend: aer | Shots: 100000 | Method: COBYLA
[2025-12-27 17:31:10] Mode: simulator | Backend: aer | Shots: 100000 | Method: COBYLA
[2025-12-27 17:31:10] Script Path: /Users/Sayu/Desktop/BA_Proj/src/VQA
[2025-12-27 17:31:10] Script Path: /Users/Sayu/Desktop/BA_Proj/src/VQA
[2025-12-27 17:31:10] Output Dir: /Users/Sayu/Desktop/BA_Proj/data
[2025-12-27 17:31:10] Output Dir: /Users/Sayu/Desktop/BA_Proj/data
[2025-12-27 17:31:10] Input File: /Users/Sayu/Desktop/BA_Proj/data/vqa_input.json
[2025-12-27 17:31:10] Input File: /Users/Sayu/Desktop/BA_Proj/data/vqa_input.json
[2025-12-27 17:31:10] ==============================================================
[2025-12-27 17:31:10] ==============================================================
[2025-12-27 17:31:10] ➡️ Stage: TEST
[2025-12-27 17:31:10] ➡️ Stage: TEST
[2025-12-27 17:31:10] Running: python /Users/Sayu/Desktop/BA_Proj/src/VQA/TEST1.py --in-file /Users/Sayu/Desktop/BA_Proj/data/vqa_input.json --out-file /Users/Sayu/Desktop/BA_Proj/data/vqa_output.json --numqbits 8
[2025-12-27 17:31:10] Running: python /Users/Sayu/Desktop/BA_Proj/src/VQA/TEST1.py --in-file /Users/Sayu/Desktop/BA_Proj/data/vqa_input.json --out-file /Users/Sayu/Desktop/BA_Proj/data/vqa_output.json --numqbits 8
--- [VQA WORKER] Démarrage ---
✅ Input Lu avec succès.
   -> Theta_h: 2 angles
   -> Theta_v: 2 angles
⚙️  Génération de 1000 shots pour 8 qubits...
📊 Résultat Counts (Extrait): [('01011111', 365), ('11010001', 74), ('10101111', 196)] ...
💾 Probabilités sauvegardées dans: /Users/Sayu/Desktop/BA_Proj/data/vqa_output.json
💾 Counts bruts sauvegardés dans : /Users/Sayu/Desktop/BA_Proj/data/debug_counts.json
--- [VQA WORKER] Démarrage ---
✅ Input Lu avec succès.
   -> Theta_h: 2 angles
   -> Theta_v: 2 angles
⚙️  Génération de 1000 shots pour 8 qubits...
📊 Résultat Counts (Extrait): [('01011111', 365), ('11010001', 74), ('10101111', 196)] ...
💾 Probabilités sauvegardées dans: /Users/Sayu/Desktop/BA_Proj/data/vqa_output.json
💾 Counts bruts sauvegardés dans : /Users/Sayu/Desktop/BA_Proj/data/debug_counts.json
[2025-12-27 17:31:10] ✅ Stage 'TEST' completed successfully.
[2025-12-27 17:31:10] ✅ Stage 'TEST' completed successfully.
[2025-12-27 17:31:10] ==============================================================
[2025-12-27 17:31:10] ==============================================================
[2025-12-27 17:31:10] 🎉 Q-HAS Variational pipeline completed successfully!
[2025-12-27 17:31:10] 🎉 Q-HAS Variational pipeline completed successfully!
[2025-12-27 17:31:10] Results saved in: /Users/Sayu/Desktop/BA_Proj/data
[2025-12-27 17:31:10] Results saved in: /Users/Sayu/Desktop/BA_Proj/data
[2025-12-27 17:31:10] Full log: /Users/Sayu/Desktop/BA_Proj/data/../logs/pipeline[2025-12-27_17-31-08].log
[2025-12-27 17:31:10] Full log: /Users/Sayu/Desktop/BA_Proj/data/../logs/pipeline[2025-12-27_17-31-08].log
[2025-12-27 17:31:10] ==============================================================
[2025-12-27 17:31:10] ==============================================================
🔹 Detected Conda environment: qiskit-project
🔹 Detected Conda environment: qiskit-project
[2025-12-27 17:31:12] ==============================================================
[2025-12-27 17:31:12] ==============================================================
[2025-12-27 17:31:12] 🚀 Starting Quantum Pipeline
[2025-12-27 17:31:12] 🚀 Starting Quantum Pipeline
[2025-12-27 17:31:12] Mode: simulator | Backend: aer | Shots: 100000 | Method: COBYLA
[2025-12-27 17:31:12] Mode: simulator | Backend: aer | Shots: 100000 | Method: COBYLA
[2025-12-27 17:31:12] Script Path: /Users/Sayu/Desktop/BA_Proj/src/VQA
[2025-12-27 17:31:12] Script Path: /Users/Sayu/Desktop/BA_Proj/src/VQA
[2025-12-27 17:31:12] Output Dir: /Users/Sayu/Desktop/BA_Proj/data
[2025-12-27 17:31:12] Output Dir: /Users/Sayu/Desktop/BA_Proj/data
[2025-12-27 17:31:12] Input File: /Users/Sayu/Desktop/BA_Proj/data/vqa_input.json
[2025-12-27 17:31:12] Input File: /Users/Sayu/Desktop/BA_Proj/data/vqa_input.json
[2025-12-27 17:31:12] ==============================================================
[2025-12-27 17:31:12] ==============================================================
[2025-12-27 17:31:12] ➡️ Stage: TEST
[2025-12-27 17:31:12] ➡️ Stage: TEST
[2025-12-27 17:31:12] Running: python /Users/Sayu/Desktop/BA_Proj/src/VQA/TEST1.py --in-file /Users/Sayu/Desktop/BA_Proj/data/vqa_input.json --out-file /Users/Sayu/Desktop/BA_Proj/data/vqa_output.json --numqbits 8
[2025-12-27 17:31:12] Running: python /Users/Sayu/Desktop/BA_Proj/src/VQA/TEST1.py --in-file /Users/Sayu/Desktop/BA_Proj/data/vqa_input.json --out-file /Users/Sayu/Desktop/BA_Proj/data/vqa_output.json --numqbits 8
--- [VQA WORKER] Démarrage ---
✅ Input Lu avec succès.
   -> Theta_h: 2 angles
   -> Theta_v: 2 angles
⚙️  Génération de 1000 shots pour 8 qubits...
📊 Résultat Counts (Extrait): [('10000000', 334), ('10100101', 140), ('00010110', 36)] ...
💾 Probabilités sauvegardées dans: /Users/Sayu/Desktop/BA_Proj/data/vqa_output.json
💾 Counts bruts sauvegardés dans : /Users/Sayu/Desktop/BA_Proj/data/debug_counts.json
--- [VQA WORKER] Démarrage ---
✅ Input Lu avec succès.
   -> Theta_h: 2 angles
   -> Theta_v: 2 angles
⚙️  Génération de 1000 shots pour 8 qubits...
📊 Résultat Counts (Extrait): [('10000000', 334), ('10100101', 140), ('00010110', 36)] ...
💾 Probabilités sauvegardées dans: /Users/Sayu/Desktop/BA_Proj/data/vqa_output.json
💾 Counts bruts sauvegardés dans : /Users/Sayu/Desktop/BA_Proj/data/debug_counts.json
[2025-12-27 17:31:12] ✅ Stage 'TEST' completed successfully.
[2025-12-27 17:31:12] ✅ Stage 'TEST' completed successfully.
[2025-12-27 17:31:12] ==============================================================
[2025-12-27 17:31:12] ==============================================================
[2025-12-27 17:31:12] 🎉 Q-HAS Variational pipeline completed successfully!
[2025-12-27 17:31:12] 🎉 Q-HAS Variational pipeline completed successfully!
[2025-12-27 17:31:12] Results saved in: /Users/Sayu/Desktop/BA_Proj/data
[2025-12-27 17:31:12] Results saved in: /Users/Sayu/Desktop/BA_Proj/data
[2025-12-27 17:31:12] Full log: /Users/Sayu/Desktop/BA_Proj/data/../logs/pipeline[2025-12-27_17-31-10].log
[2025-12-27 17:31:12] Full log: /Users/Sayu/Desktop/BA_Proj/data/../logs/pipeline[2025-12-27_17-31-10].log
[2025-12-27 17:31:12] ==============================================================
[2025-12-27 17:31:12] ==============================================================
🔹 Detected Conda environment: qiskit-project
🔹 Detected Conda environment: qiskit-project
[2025-12-27 17:31:15] ==============================================================
[2025-12-27 17:31:15] ==============================================================
[2025-12-27 17:31:15] 🚀 Starting Quantum Pipeline
[2025-12-27 17:31:15] 🚀 Starting Quantum Pipeline
[2025-12-27 17:31:15] Mode: simulator | Backend: aer | Shots: 100000 | Method: COBYLA
[2025-12-27 17:31:15] Mode: simulator | Backend: aer | Shots: 100000 | Method: COBYLA
[2025-12-27 17:31:15] Script Path: /Users/Sayu/Desktop/BA_Proj/src/VQA
[2025-12-27 17:31:15] Script Path: /Users/Sayu/Desktop/BA_Proj/src/VQA
[2025-12-27 17:31:15] Output Dir: /Users/Sayu/Desktop/BA_Proj/data
[2025-12-27 17:31:15] Output Dir: /Users/Sayu/Desktop/BA_Proj/data
[2025-12-27 17:31:15] Input File: /Users/Sayu/Desktop/BA_Proj/data/vqa_input.json
[2025-12-27 17:31:15] Input File: /Users/Sayu/Desktop/BA_Proj/data/vqa_input.json
[2025-12-27 17:31:15] ==============================================================
[2025-12-27 17:31:15] ==============================================================
[2025-12-27 17:31:15] ➡️ Stage: TEST
[2025-12-27 17:31:15] ➡️ Stage: TEST
[2025-12-27 17:31:15] Running: python /Users/Sayu/Desktop/BA_Proj/src/VQA/TEST1.py --in-file /Users/Sayu/Desktop/BA_Proj/data/vqa_input.json --out-file /Users/Sayu/Desktop/BA_Proj/data/vqa_output.json --numqbits 8
[2025-12-27 17:31:15] Running: python /Users/Sayu/Desktop/BA_Proj/src/VQA/TEST1.py --in-file /Users/Sayu/Desktop/BA_Proj/data/vqa_input.json --out-file /Users/Sayu/Desktop/BA_Proj/data/vqa_output.json --numqbits 8
--- [VQA WORKER] Démarrage ---
✅ Input Lu avec succès.
   -> Theta_h: 2 angles
   -> Theta_v: 2 angles
⚙️  Génération de 1000 shots pour 8 qubits...
📊 Résultat Counts (Extrait): [('10010111', 482), ('01000011', 75), ('10101110', 172)] ...
💾 Probabilités sauvegardées dans: /Users/Sayu/Desktop/BA_Proj/data/vqa_output.json
💾 Counts bruts sauvegardés dans : /Users/Sayu/Desktop/BA_Proj/data/debug_counts.json
--- [VQA WORKER] Démarrage ---
✅ Input Lu avec succès.
   -> Theta_h: 2 angles
   -> Theta_v: 2 angles
⚙️  Génération de 1000 shots pour 8 qubits...
📊 Résultat Counts (Extrait): [('10010111', 482), ('01000011', 75), ('10101110', 172)] ...
💾 Probabilités sauvegardées dans: /Users/Sayu/Desktop/BA_Proj/data/vqa_output.json
💾 Counts bruts sauvegardés dans : /Users/Sayu/Desktop/BA_Proj/data/debug_counts.json
[2025-12-27 17:31:15] ✅ Stage 'TEST' completed successfully.
[2025-12-27 17:31:15] ✅ Stage 'TEST' completed successfully.
[2025-12-27 17:31:15] ==============================================================
[2025-12-27 17:31:15] ==============================================================
[2025-12-27 17:31:15] 🎉 Q-HAS Variational pipeline completed successfully!
[2025-12-27 17:31:15] 🎉 Q-HAS Variational pipeline completed successfully!
[2025-12-27 17:31:15] Results saved in: /Users/Sayu/Desktop/BA_Proj/data
[2025-12-27 17:31:15] Results saved in: /Users/Sayu/Desktop/BA_Proj/data
[2025-12-27 17:31:15] Full log: /Users/Sayu/Desktop/BA_Proj/data/../logs/pipeline[2025-12-27_17-31-12].log
[2025-12-27 17:31:15] Full log: /Users/Sayu/Desktop/BA_Proj/data/../logs/pipeline[2025-12-27_17-31-12].log
[2025-12-27 17:31:15] ==============================================================
[2025-12-27 17:31:15] ==============================================================
🔹 Detected Conda environment: qiskit-project
🔹 Detected Conda environment: qiskit-project
[2025-12-27 17:31:17] ==============================================================
[2025-12-27 17:31:17] ==============================================================
[2025-12-27 17:31:17] 🚀 Starting Quantum Pipeline
[2025-12-27 17:31:17] 🚀 Starting Quantum Pipeline
[2025-12-27 17:31:17] Mode: simulator | Backend: aer | Shots: 100000 | Method: COBYLA
[2025-12-27 17:31:17] Mode: simulator | Backend: aer | Shots: 100000 | Method: COBYLA
[2025-12-27 17:31:17] Script Path: /Users/Sayu/Desktop/BA_Proj/src/VQA
[2025-12-27 17:31:17] Script Path: /Users/Sayu/Desktop/BA_Proj/src/VQA
[2025-12-27 17:31:17] Output Dir: /Users/Sayu/Desktop/BA_Proj/data
[2025-12-27 17:31:17] Output Dir: /Users/Sayu/Desktop/BA_Proj/data
[2025-12-27 17:31:17] Input File: /Users/Sayu/Desktop/BA_Proj/data/vqa_input.json
[2025-12-27 17:31:17] Input File: /Users/Sayu/Desktop/BA_Proj/data/vqa_input.json
[2025-12-27 17:31:17] ==============================================================
[2025-12-27 17:31:17] ==============================================================
[2025-12-27 17:31:17] ➡️ Stage: TEST
[2025-12-27 17:31:17] ➡️ Stage: TEST
[2025-12-27 17:31:17] Running: python /Users/Sayu/Desktop/BA_Proj/src/VQA/TEST1.py --in-file /Users/Sayu/Desktop/BA_Proj/data/vqa_input.json --out-file /Users/Sayu/Desktop/BA_Proj/data/vqa_output.json --numqbits 8
[2025-12-27 17:31:17] Running: python /Users/Sayu/Desktop/BA_Proj/src/VQA/TEST1.py --in-file /Users/Sayu/Desktop/BA_Proj/data/vqa_input.json --out-file /Users/Sayu/Desktop/BA_Proj/data/vqa_output.json --numqbits 8
--- [VQA WORKER] Démarrage ---
✅ Input Lu avec succès.
   -> Theta_h: 2 angles
   -> Theta_v: 2 angles
⚙️  Génération de 1000 shots pour 8 qubits...
📊 Résultat Counts (Extrait): [('01001010', 373), ('10100110', 308), ('11111001', 109)] ...
💾 Probabilités sauvegardées dans: /Users/Sayu/Desktop/BA_Proj/data/vqa_output.json
💾 Counts bruts sauvegardés dans : /Users/Sayu/Desktop/BA_Proj/data/debug_counts.json
--- [VQA WORKER] Démarrage ---
✅ Input Lu avec succès.
   -> Theta_h: 2 angles
   -> Theta_v: 2 angles
⚙️  Génération de 1000 shots pour 8 qubits...
📊 Résultat Counts (Extrait): [('01001010', 373), ('10100110', 308), ('11111001', 109)] ...
💾 Probabilités sauvegardées dans: /Users/Sayu/Desktop/BA_Proj/data/vqa_output.json
💾 Counts bruts sauvegardés dans : /Users/Sayu/Desktop/BA_Proj/data/debug_counts.json
[2025-12-27 17:31:17] ✅ Stage 'TEST' completed successfully.
[2025-12-27 17:31:17] ✅ Stage 'TEST' completed successfully.
[2025-12-27 17:31:17] ==============================================================
[2025-12-27 17:31:17] ==============================================================
[2025-12-27 17:31:17] 🎉 Q-HAS Variational pipeline completed successfully!
[2025-12-27 17:31:17] 🎉 Q-HAS Variational pipeline completed successfully!
[2025-12-27 17:31:17] Results saved in: /Users/Sayu/Desktop/BA_Proj/data
[2025-12-27 17:31:17] Results saved in: /Users/Sayu/Desktop/BA_Proj/data
[2025-12-27 17:31:17] Full log: /Users/Sayu/Desktop/BA_Proj/data/../logs/pipeline[2025-12-27_17-31-15].log
[2025-12-27 17:31:17] Full log: /Users/Sayu/Desktop/BA_Proj/data/../logs/pipeline[2025-12-27_17-31-15].log
[2025-12-27 17:31:17] ==============================================================
[2025-12-27 17:31:17] ==============================================================
🔹 Detected Conda environment: qiskit-project
🔹 Detected Conda environment: qiskit-project
[2025-12-27 17:31:20] ==============================================================
[2025-12-27 17:31:20] ==============================================================
[2025-12-27 17:31:20] 🚀 Starting Quantum Pipeline
[2025-12-27 17:31:20] 🚀 Starting Quantum Pipeline
[2025-12-27 17:31:20] Mode: simulator | Backend: aer | Shots: 100000 | Method: COBYLA
[2025-12-27 17:31:20] Mode: simulator | Backend: aer | Shots: 100000 | Method: COBYLA
[2025-12-27 17:31:20] Script Path: /Users/Sayu/Desktop/BA_Proj/src/VQA
[2025-12-27 17:31:20] Script Path: /Users/Sayu/Desktop/BA_Proj/src/VQA
[2025-12-27 17:31:20] Output Dir: /Users/Sayu/Desktop/BA_Proj/data
[2025-12-27 17:31:20] Output Dir: /Users/Sayu/Desktop/BA_Proj/data
[2025-12-27 17:31:20] Input File: /Users/Sayu/Desktop/BA_Proj/data/vqa_input.json
[2025-12-27 17:31:20] Input File: /Users/Sayu/Desktop/BA_Proj/data/vqa_input.json
[2025-12-27 17:31:20] ==============================================================
[2025-12-27 17:31:20] ==============================================================
[2025-12-27 17:31:20] ➡️ Stage: TEST
[2025-12-27 17:31:20] ➡️ Stage: TEST
[2025-12-27 17:31:20] Running: python /Users/Sayu/Desktop/BA_Proj/src/VQA/TEST1.py --in-file /Users/Sayu/Desktop/BA_Proj/data/vqa_input.json --out-file /Users/Sayu/Desktop/BA_Proj/data/vqa_output.json --numqbits 8
[2025-12-27 17:31:20] Running: python /Users/Sayu/Desktop/BA_Proj/src/VQA/TEST1.py --in-file /Users/Sayu/Desktop/BA_Proj/data/vqa_input.json --out-file /Users/Sayu/Desktop/BA_Proj/data/vqa_output.json --numqbits 8
--- [VQA WORKER] Démarrage ---
✅ Input Lu avec succès.
   -> Theta_h: 2 angles
   -> Theta_v: 2 angles
⚙️  Génération de 1000 shots pour 8 qubits...
📊 Résultat Counts (Extrait): [('00001101', 126), ('11111111', 302), ('10001111', 104)] ...
💾 Probabilités sauvegardées dans: /Users/Sayu/Desktop/BA_Proj/data/vqa_output.json
💾 Counts bruts sauvegardés dans : /Users/Sayu/Desktop/BA_Proj/data/debug_counts.json
--- [VQA WORKER] Démarrage ---
✅ Input Lu avec succès.
   -> Theta_h: 2 angles
   -> Theta_v: 2 angles
⚙️  Génération de 1000 shots pour 8 qubits...
📊 Résultat Counts (Extrait): [('00001101', 126), ('11111111', 302), ('10001111', 104)] ...
💾 Probabilités sauvegardées dans: /Users/Sayu/Desktop/BA_Proj/data/vqa_output.json
💾 Counts bruts sauvegardés dans : /Users/Sayu/Desktop/BA_Proj/data/debug_counts.json
[2025-12-27 17:31:20] ✅ Stage 'TEST' completed successfully.
[2025-12-27 17:31:20] ✅ Stage 'TEST' completed successfully.
[2025-12-27 17:31:20] ==============================================================
[2025-12-27 17:31:20] ==============================================================
[2025-12-27 17:31:20] 🎉 Q-HAS Variational pipeline completed successfully!
[2025-12-27 17:31:20] 🎉 Q-HAS Variational pipeline completed successfully!
[2025-12-27 17:31:20] Results saved in: /Users/Sayu/Desktop/BA_Proj/data
[2025-12-27 17:31:20] Results saved in: /Users/Sayu/Desktop/BA_Proj/data
[2025-12-27 17:31:20] Full log: /Users/Sayu/Desktop/BA_Proj/data/../logs/pipeline[2025-12-27_17-31-17].log
[2025-12-27 17:31:20] Full log: /Users/Sayu/Desktop/BA_Proj/data/../logs/pipeline[2025-12-27_17-31-17].log
[2025-12-27 17:31:20] ==============================================================
[2025-12-27 17:31:20] ==============================================================
🔹 Detected Conda environment: qiskit-project
🔹 Detected Conda environment: qiskit-project
[2025-12-27 17:31:23] ==============================================================
[2025-12-27 17:31:23] ==============================================================
[2025-12-27 17:31:23] 🚀 Starting Quantum Pipeline
[2025-12-27 17:31:23] 🚀 Starting Quantum Pipeline
[2025-12-27 17:31:23] Mode: simulator | Backend: aer | Shots: 100000 | Method: COBYLA
[2025-12-27 17:31:23] Mode: simulator | Backend: aer | Shots: 100000 | Method: COBYLA
[2025-12-27 17:31:23] Script Path: /Users/Sayu/Desktop/BA_Proj/src/VQA
[2025-12-27 17:31:23] Script Path: /Users/Sayu/Desktop/BA_Proj/src/VQA
[2025-12-27 17:31:23] Output Dir: /Users/Sayu/Desktop/BA_Proj/data
[2025-12-27 17:31:23] Output Dir: /Users/Sayu/Desktop/BA_Proj/data
[2025-12-27 17:31:23] Input File: /Users/Sayu/Desktop/BA_Proj/data/vqa_input.json
[2025-12-27 17:31:23] Input File: /Users/Sayu/Desktop/BA_Proj/data/vqa_input.json
[2025-12-27 17:31:23] ==============================================================
[2025-12-27 17:31:23] ==============================================================
[2025-12-27 17:31:23] ➡️ Stage: TEST
[2025-12-27 17:31:23] ➡️ Stage: TEST
[2025-12-27 17:31:23] Running: python /Users/Sayu/Desktop/BA_Proj/src/VQA/TEST1.py --in-file /Users/Sayu/Desktop/BA_Proj/data/vqa_input.json --out-file /Users/Sayu/Desktop/BA_Proj/data/vqa_output.json --numqbits 8
[2025-12-27 17:31:23] Running: python /Users/Sayu/Desktop/BA_Proj/src/VQA/TEST1.py --in-file /Users/Sayu/Desktop/BA_Proj/data/vqa_input.json --out-file /Users/Sayu/Desktop/BA_Proj/data/vqa_output.json --numqbits 8
--- [VQA WORKER] Démarrage ---
✅ Input Lu avec succès.
   -> Theta_h: 2 angles
   -> Theta_v: 2 angles
⚙️  Génération de 1000 shots pour 8 qubits...
📊 Résultat Counts (Extrait): [('10101010', 239), ('01101000', 301), ('11001001', 152)] ...
💾 Probabilités sauvegardées dans: /Users/Sayu/Desktop/BA_Proj/data/vqa_output.json
💾 Counts bruts sauvegardés dans : /Users/Sayu/Desktop/BA_Proj/data/debug_counts.json
--- [VQA WORKER] Démarrage ---
✅ Input Lu avec succès.
   -> Theta_h: 2 angles
   -> Theta_v: 2 angles
⚙️  Génération de 1000 shots pour 8 qubits...
📊 Résultat Counts (Extrait): [('10101010', 239), ('01101000', 301), ('11001001', 152)] ...
💾 Probabilités sauvegardées dans: /Users/Sayu/Desktop/BA_Proj/data/vqa_output.json
💾 Counts bruts sauvegardés dans : /Users/Sayu/Desktop/BA_Proj/data/debug_counts.json
[2025-12-27 17:31:23] ✅ Stage 'TEST' completed successfully.
[2025-12-27 17:31:23] ✅ Stage 'TEST' completed successfully.
[2025-12-27 17:31:23] ==============================================================
[2025-12-27 17:31:23] ==============================================================
[2025-12-27 17:31:23] 🎉 Q-HAS Variational pipeline completed successfully!
[2025-12-27 17:31:23] 🎉 Q-HAS Variational pipeline completed successfully!
[2025-12-27 17:31:23] Results saved in: /Users/Sayu/Desktop/BA_Proj/data
[2025-12-27 17:31:23] Results saved in: /Users/Sayu/Desktop/BA_Proj/data
[2025-12-27 17:31:23] Full log: /Users/Sayu/Desktop/BA_Proj/data/../logs/pipeline[2025-12-27_17-31-20].log
[2025-12-27 17:31:23] Full log: /Users/Sayu/Desktop/BA_Proj/data/../logs/pipeline[2025-12-27_17-31-20].log
[2025-12-27 17:31:23] ==============================================================
[2025-12-27 17:31:23] ==============================================================
🔹 Detected Conda environment: qiskit-project
🔹 Detected Conda environment: qiskit-project
[2025-12-27 17:31:25] ==============================================================
[2025-12-27 17:31:25] ==============================================================
[2025-12-27 17:31:25] 🚀 Starting Quantum Pipeline
[2025-12-27 17:31:25] 🚀 Starting Quantum Pipeline
[2025-12-27 17:31:25] Mode: simulator | Backend: aer | Shots: 100000 | Method: COBYLA
[2025-12-27 17:31:25] Mode: simulator | Backend: aer | Shots: 100000 | Method: COBYLA
[2025-12-27 17:31:25] Script Path: /Users/Sayu/Desktop/BA_Proj/src/VQA
[2025-12-27 17:31:25] Script Path: /Users/Sayu/Desktop/BA_Proj/src/VQA
[2025-12-27 17:31:25] Output Dir: /Users/Sayu/Desktop/BA_Proj/data
[2025-12-27 17:31:25] Output Dir: /Users/Sayu/Desktop/BA_Proj/data
[2025-12-27 17:31:25] Input File: /Users/Sayu/Desktop/BA_Proj/data/vqa_input.json
[2025-12-27 17:31:25] Input File: /Users/Sayu/Desktop/BA_Proj/data/vqa_input.json
[2025-12-27 17:31:25] ==============================================================
[2025-12-27 17:31:25] ==============================================================
[2025-12-27 17:31:25] ➡️ Stage: TEST
[2025-12-27 17:31:25] ➡️ Stage: TEST
[2025-12-27 17:31:25] Running: python /Users/Sayu/Desktop/BA_Proj/src/VQA/TEST1.py --in-file /Users/Sayu/Desktop/BA_Proj/data/vqa_input.json --out-file /Users/Sayu/Desktop/BA_Proj/data/vqa_output.json --numqbits 8
[2025-12-27 17:31:25] Running: python /Users/Sayu/Desktop/BA_Proj/src/VQA/TEST1.py --in-file /Users/Sayu/Desktop/BA_Proj/data/vqa_input.json --out-file /Users/Sayu/Desktop/BA_Proj/data/vqa_output.json --numqbits 8
--- [VQA WORKER] Démarrage ---
✅ Input Lu avec succès.
   -> Theta_h: 2 angles
   -> Theta_v: 2 angles
⚙️  Génération de 1000 shots pour 8 qubits...
📊 Résultat Counts (Extrait): [('00010011', 190), ('01100000', 167), ('11100010', 213)] ...
💾 Probabilités sauvegardées dans: /Users/Sayu/Desktop/BA_Proj/data/vqa_output.json
💾 Counts bruts sauvegardés dans : /Users/Sayu/Desktop/BA_Proj/data/debug_counts.json
--- [VQA WORKER] Démarrage ---
✅ Input Lu avec succès.
   -> Theta_h: 2 angles
   -> Theta_v: 2 angles
⚙️  Génération de 1000 shots pour 8 qubits...
📊 Résultat Counts (Extrait): [('00010011', 190), ('01100000', 167), ('11100010', 213)] ...
💾 Probabilités sauvegardées dans: /Users/Sayu/Desktop/BA_Proj/data/vqa_output.json
💾 Counts bruts sauvegardés dans : /Users/Sayu/Desktop/BA_Proj/data/debug_counts.json
[2025-12-27 17:31:25] ✅ Stage 'TEST' completed successfully.
[2025-12-27 17:31:25] ✅ Stage 'TEST' completed successfully.
[2025-12-27 17:31:25] ==============================================================
[2025-12-27 17:31:25] ==============================================================
[2025-12-27 17:31:25] 🎉 Q-HAS Variational pipeline completed successfully!
[2025-12-27 17:31:25] 🎉 Q-HAS Variational pipeline completed successfully!
[2025-12-27 17:31:25] Results saved in: /Users/Sayu/Desktop/BA_Proj/data
[2025-12-27 17:31:25] Results saved in: /Users/Sayu/Desktop/BA_Proj/data
[2025-12-27 17:31:25] Full log: /Users/Sayu/Desktop/BA_Proj/data/../logs/pipeline[2025-12-27_17-31-23].log
[2025-12-27 17:31:25] Full log: /Users/Sayu/Desktop/BA_Proj/data/../logs/pipeline[2025-12-27_17-31-23].log
[2025-12-27 17:31:25] ==============================================================
[2025-12-27 17:31:25] ==============================================================
🔹 Detected Conda environment: qiskit-project
🔹 Detected Conda environment: qiskit-project
[2025-12-27 17:31:28] ==============================================================
[2025-12-27 17:31:28] ==============================================================
[2025-12-27 17:31:28] 🚀 Starting Quantum Pipeline
[2025-12-27 17:31:28] 🚀 Starting Quantum Pipeline
[2025-12-27 17:31:28] Mode: simulator | Backend: aer | Shots: 100000 | Method: COBYLA
[2025-12-27 17:31:28] Mode: simulator | Backend: aer | Shots: 100000 | Method: COBYLA
[2025-12-27 17:31:28] Script Path: /Users/Sayu/Desktop/BA_Proj/src/VQA
[2025-12-27 17:31:28] Script Path: /Users/Sayu/Desktop/BA_Proj/src/VQA
[2025-12-27 17:31:28] Output Dir: /Users/Sayu/Desktop/BA_Proj/data
[2025-12-27 17:31:28] Output Dir: /Users/Sayu/Desktop/BA_Proj/data
[2025-12-27 17:31:28] Input File: /Users/Sayu/Desktop/BA_Proj/data/vqa_input.json
[2025-12-27 17:31:28] Input File: /Users/Sayu/Desktop/BA_Proj/data/vqa_input.json
[2025-12-27 17:31:28] ==============================================================
[2025-12-27 17:31:28] ==============================================================
[2025-12-27 17:31:28] ➡️ Stage: TEST
[2025-12-27 17:31:28] ➡️ Stage: TEST
[2025-12-27 17:31:28] Running: python /Users/Sayu/Desktop/BA_Proj/src/VQA/TEST1.py --in-file /Users/Sayu/Desktop/BA_Proj/data/vqa_input.json --out-file /Users/Sayu/Desktop/BA_Proj/data/vqa_output.json --numqbits 8
[2025-12-27 17:31:28] Running: python /Users/Sayu/Desktop/BA_Proj/src/VQA/TEST1.py --in-file /Users/Sayu/Desktop/BA_Proj/data/vqa_input.json --out-file /Users/Sayu/Desktop/BA_Proj/data/vqa_output.json --numqbits 8
--- [VQA WORKER] Démarrage ---
✅ Input Lu avec succès.
   -> Theta_h: 2 angles
   -> Theta_v: 2 angles
⚙️  Génération de 1000 shots pour 8 qubits...
📊 Résultat Counts (Extrait): [('01110111', 241), ('00011111', 344), ('01011011', 179)] ...
💾 Probabilités sauvegardées dans: /Users/Sayu/Desktop/BA_Proj/data/vqa_output.json
💾 Counts bruts sauvegardés dans : /Users/Sayu/Desktop/BA_Proj/data/debug_counts.json
--- [VQA WORKER] Démarrage ---
✅ Input Lu avec succès.
   -> Theta_h: 2 angles
   -> Theta_v: 2 angles
⚙️  Génération de 1000 shots pour 8 qubits...
📊 Résultat Counts (Extrait): [('01110111', 241), ('00011111', 344), ('01011011', 179)] ...
💾 Probabilités sauvegardées dans: /Users/Sayu/Desktop/BA_Proj/data/vqa_output.json
💾 Counts bruts sauvegardés dans : /Users/Sayu/Desktop/BA_Proj/data/debug_counts.json
[2025-12-27 17:31:28] ✅ Stage 'TEST' completed successfully.
[2025-12-27 17:31:28] ✅ Stage 'TEST' completed successfully.
[2025-12-27 17:31:28] ==============================================================
[2025-12-27 17:31:28] ==============================================================
[2025-12-27 17:31:28] 🎉 Q-HAS Variational pipeline completed successfully!
[2025-12-27 17:31:28] 🎉 Q-HAS Variational pipeline completed successfully!
[2025-12-27 17:31:28] Results saved in: /Users/Sayu/Desktop/BA_Proj/data
[2025-12-27 17:31:28] Results saved in: /Users/Sayu/Desktop/BA_Proj/data
[2025-12-27 17:31:28] Full log: /Users/Sayu/Desktop/BA_Proj/data/../logs/pipeline[2025-12-27_17-31-25].log
[2025-12-27 17:31:28] Full log: /Users/Sayu/Desktop/BA_Proj/data/../logs/pipeline[2025-12-27_17-31-25].log
[2025-12-27 17:31:28] ==============================================================
[2025-12-27 17:31:28] ==============================================================
🔹 Detected Conda environment: qiskit-project
🔹 Detected Conda environment: qiskit-project
[2025-12-27 17:31:30] ==============================================================
[2025-12-27 17:31:30] ==============================================================
[2025-12-27 17:31:30] 🚀 Starting Quantum Pipeline
[2025-12-27 17:31:30] 🚀 Starting Quantum Pipeline
[2025-12-27 17:31:30] Mode: simulator | Backend: aer | Shots: 100000 | Method: COBYLA
[2025-12-27 17:31:30] Mode: simulator | Backend: aer | Shots: 100000 | Method: COBYLA
[2025-12-27 17:31:30] Script Path: /Users/Sayu/Desktop/BA_Proj/src/VQA
[2025-12-27 17:31:30] Script Path: /Users/Sayu/Desktop/BA_Proj/src/VQA
[2025-12-27 17:31:30] Output Dir: /Users/Sayu/Desktop/BA_Proj/data
[2025-12-27 17:31:30] Output Dir: /Users/Sayu/Desktop/BA_Proj/data
[2025-12-27 17:31:30] Input File: /Users/Sayu/Desktop/BA_Proj/data/vqa_input.json
[2025-12-27 17:31:30] Input File: /Users/Sayu/Desktop/BA_Proj/data/vqa_input.json
[2025-12-27 17:31:30] ==============================================================
[2025-12-27 17:31:30] ==============================================================
[2025-12-27 17:31:30] ➡️ Stage: TEST
[2025-12-27 17:31:30] ➡️ Stage: TEST
[2025-12-27 17:31:30] Running: python /Users/Sayu/Desktop/BA_Proj/src/VQA/TEST1.py --in-file /Users/Sayu/Desktop/BA_Proj/data/vqa_input.json --out-file /Users/Sayu/Desktop/BA_Proj/data/vqa_output.json --numqbits 8
[2025-12-27 17:31:30] Running: python /Users/Sayu/Desktop/BA_Proj/src/VQA/TEST1.py --in-file /Users/Sayu/Desktop/BA_Proj/data/vqa_input.json --out-file /Users/Sayu/Desktop/BA_Proj/data/vqa_output.json --numqbits 8
--- [VQA WORKER] Démarrage ---
✅ Input Lu avec succès.
   -> Theta_h: 2 angles
   -> Theta_v: 2 angles
⚙️  Génération de 1000 shots pour 8 qubits...
📊 Résultat Counts (Extrait): [('00101010', 96), ('11100101', 306), ('00100110', 120)] ...
💾 Probabilités sauvegardées dans: /Users/Sayu/Desktop/BA_Proj/data/vqa_output.json
💾 Counts bruts sauvegardés dans : /Users/Sayu/Desktop/BA_Proj/data/debug_counts.json
--- [VQA WORKER] Démarrage ---
✅ Input Lu avec succès.
   -> Theta_h: 2 angles
   -> Theta_v: 2 angles
⚙️  Génération de 1000 shots pour 8 qubits...
📊 Résultat Counts (Extrait): [('00101010', 96), ('11100101', 306), ('00100110', 120)] ...
💾 Probabilités sauvegardées dans: /Users/Sayu/Desktop/BA_Proj/data/vqa_output.json
💾 Counts bruts sauvegardés dans : /Users/Sayu/Desktop/BA_Proj/data/debug_counts.json
[2025-12-27 17:31:30] ✅ Stage 'TEST' completed successfully.
[2025-12-27 17:31:30] ✅ Stage 'TEST' completed successfully.
[2025-12-27 17:31:30] ==============================================================
[2025-12-27 17:31:30] ==============================================================
[2025-12-27 17:31:30] 🎉 Q-HAS Variational pipeline completed successfully!
[2025-12-27 17:31:30] 🎉 Q-HAS Variational pipeline completed successfully!
[2025-12-27 17:31:30] Results saved in: /Users/Sayu/Desktop/BA_Proj/data
[2025-12-27 17:31:30] Results saved in: /Users/Sayu/Desktop/BA_Proj/data
[2025-12-27 17:31:30] Full log: /Users/Sayu/Desktop/BA_Proj/data/../logs/pipeline[2025-12-27_17-31-28].log
[2025-12-27 17:31:30] Full log: /Users/Sayu/Desktop/BA_Proj/data/../logs/pipeline[2025-12-27_17-31-28].log
[2025-12-27 17:31:30] ==============================================================
[2025-12-27 17:31:30] ==============================================================
Initialisation Orszag-Tang (Grille 2x2)...
Lancement pour 100 pas de temps...
Step 0/100 (t=0.00) - Max Jz: 0.0000
Step 1/100 (t=0.01) - Max Jz: 0.0000
Step 2/100 (t=0.02) - Max Jz: 0.0000
Step 3/100 (t=0.03) - Max Jz: 0.0000
Step 4/100 (t=0.04) - Max Jz: 0.0000
Step 5/100 (t=0.05) - Max Jz: 0.0000
Step 6/100 (t=0.06) - Max Jz: 0.0000
Step 7/100 (t=0.07) - Max Jz: 0.0000
Step 8/100 (t=0.08) - Max Jz: 0.0000
Step 9/100 (t=0.09) - Max Jz: 0.0000
Step 10/100 (t=0.10) - Max Jz: 0.0000
Step 11/100 (t=0.11) - Max Jz: 0.0000
Step 12/100 (t=0.12) - Max Jz: 0.0000
Step 13/100 (t=0.13) - Max Jz: 0.0000
Step 14/100 (t=0.14) - Max Jz: 0.0000
Step 15/100 (t=0.15) - Max Jz: 0.0000
Step 16/100 (t=0.16) - Max Jz: 0.0000
Step 17/100 (t=0.17) - Max Jz: 0.0000
Step 18/100 (t=0.18) - Max Jz: 0.0000
Step 19/100 (t=0.19) - Max Jz: 0.0000
Step 20/100 (t=0.20) - Max Jz: 0.0000
Step 21/100 (t=0.21) - Max Jz: 0.0000
Step 22/100 (t=0.22) - Max Jz: 0.0000
Step 23/100 (t=0.23) - Max Jz: 0.0000
Step 24/100 (t=0.24) - Max Jz: 0.0000
Step 25/100 (t=0.25) - Max Jz: 0.0000
Step 26/100 (t=0.26) - Max Jz: 0.0000
Step 27/100 (t=0.27) - Max Jz: 0.0000
Step 28/100 (t=0.28) - Max Jz: 0.0000
Step 29/100 (t=0.29) - Max Jz: 0.0000
Step 30/100 (t=0.30) - Max Jz: 0.0000
Step 31/100 (t=0.31) - Max Jz: 0.0000
Step 32/100 (t=0.32) - Max Jz: 0.0000
Step 33/100 (t=0.33) - Max Jz: 0.0000
Step 34/100 (t=0.34) - Max Jz: 0.0000
Step 35/100 (t=0.35) - Max Jz: 0.0000
Step 36/100 (t=0.36) - Max Jz: 0.0000
Step 37/100 (t=0.37) - Max Jz: 0.0000
Step 38/100 (t=0.38) - Max Jz: 0.0000
Step 39/100 (t=0.39) - Max Jz: 0.0000
Step 40/100 (t=0.40) - Max Jz: 0.0000
Step 41/100 (t=0.41) - Max Jz: 0.0000
Step 42/100 (t=0.42) - Max Jz: 0.0000
Step 43/100 (t=0.43) - Max Jz: 0.0000
Step 44/100 (t=0.44) - Max Jz: 0.0000
Step 45/100 (t=0.45) - Max Jz: 0.0000
Step 46/100 (t=0.46) - Max Jz: 0.0000
Step 47/100 (t=0.47) - Max Jz: 0.0000
Step 48/100 (t=0.48) - Max Jz: 0.0000
Step 49/100 (t=0.49) - Max Jz: 0.0000
Step 50/100 (t=0.50) - Max Jz: 0.0000
Step 51/100 (t=0.51) - Max Jz: 0.0000
Step 52/100 (t=0.52) - Max Jz: 0.0000
Step 53/100 (t=0.53) - Max Jz: 0.0000
Step 54/100 (t=0.54) - Max Jz: 0.0000
Step 55/100 (t=0.55) - Max Jz: 0.0000
Step 56/100 (t=0.56) - Max Jz: 0.0000
Step 57/100 (t=0.57) - Max Jz: 0.0000
Step 58/100 (t=0.58) - Max Jz: 0.0000
Step 59/100 (t=0.59) - Max Jz: 0.0000
Step 60/100 (t=0.60) - Max Jz: 0.0000
Step 61/100 (t=0.61) - Max Jz: 0.0000
Step 62/100 (t=0.62) - Max Jz: 0.0000
Step 63/100 (t=0.63) - Max Jz: 0.0000
Step 64/100 (t=0.64) - Max Jz: 0.0000
Step 65/100 (t=0.65) - Max Jz: 0.0000
Step 66/100 (t=0.66) - Max Jz: 0.0000
Step 67/100 (t=0.67) - Max Jz: 0.0000
Step 68/100 (t=0.68) - Max Jz: 0.0000
Step 69/100 (t=0.69) - Max Jz: 0.0000
Step 70/100 (t=0.70) - Max Jz: 0.0000
Step 71/100 (t=0.71) - Max Jz: 0.0000
Step 72/100 (t=0.72) - Max Jz: 0.0000
Step 73/100 (t=0.73) - Max Jz: 0.0000
Step 74/100 (t=0.74) - Max Jz: 0.0000
Step 75/100 (t=0.75) - Max Jz: 0.0000
Step 76/100 (t=0.76) - Max Jz: 0.0000
Step 77/100 (t=0.77) - Max Jz: 0.0000
Step 78/100 (t=0.78) - Max Jz: 0.0000
Step 79/100 (t=0.79) - Max Jz: 0.0000
Step 80/100 (t=0.80) - Max Jz: 0.0000
Step 81/100 (t=0.81) - Max Jz: 0.0000
Step 82/100 (t=0.82) - Max Jz: 0.0000
Step 83/100 (t=0.83) - Max Jz: 0.0000
Step 84/100 (t=0.84) - Max Jz: 0.0000
Step 85/100 (t=0.85) - Max Jz: 0.0000
Step 86/100 (t=0.86) - Max Jz: 0.0000
Step 87/100 (t=0.87) - Max Jz: 0.0000
Step 88/100 (t=0.88) - Max Jz: 0.0000
Step 89/100 (t=0.89) - Max Jz: 0.0000
Step 90/100 (t=0.90) - Max Jz: 0.0000
Step 91/100 (t=0.91) - Max Jz: 0.0000
Step 92/100 (t=0.92) - Max Jz: 0.0000
Step 93/100 (t=0.93) - Max Jz: 0.0000
Step 94/100 (t=0.94) - Max Jz: 0.0000
Step 95/100 (t=0.95) - Max Jz: 0.0000
Step 96/100 (t=0.96) - Max Jz: 0.0000
Step 97/100 (t=0.97) - Max Jz: 0.0000
Step 98/100 (t=0.98) - Max Jz: 0.0000
Step 99/100 (t=0.99) - Max Jz: 0.0000
Simulation terminée. Génération du plot...
Initialisation Orszag-Tang (Grille 2x2)...
Lancement pour 100 pas de temps...
Step 0/100 (t=0.00) - Max Jz: 0.0000
Step 1/100 (t=0.01) - Max Jz: 0.0000
Step 2/100 (t=0.02) - Max Jz: 0.0000
Step 3/100 (t=0.03) - Max Jz: 0.0000
Step 4/100 (t=0.04) - Max Jz: 0.0000
Step 5/100 (t=0.05) - Max Jz: 0.0000
Step 6/100 (t=0.06) - Max Jz: 0.0000
Step 7/100 (t=0.07) - Max Jz: 0.0000
Step 8/100 (t=0.08) - Max Jz: 0.0000
Step 9/100 (t=0.09) - Max Jz: 0.0000
Step 10/100 (t=0.10) - Max Jz: 0.0000
Step 11/100 (t=0.11) - Max Jz: 0.0000
Step 12/100 (t=0.12) - Max Jz: 0.0000
Step 13/100 (t=0.13) - Max Jz: 0.0000
Step 14/100 (t=0.14) - Max Jz: 0.0000
Step 15/100 (t=0.15) - Max Jz: 0.0000
Step 16/100 (t=0.16) - Max Jz: 0.0000
Step 17/100 (t=0.17) - Max Jz: 0.0000
Step 18/100 (t=0.18) - Max Jz: 0.0000
Step 19/100 (t=0.19) - Max Jz: 0.0000
Step 20/100 (t=0.20) - Max Jz: 0.0000
Step 21/100 (t=0.21) - Max Jz: 0.0000
Step 22/100 (t=0.22) - Max Jz: 0.0000
Step 23/100 (t=0.23) - Max Jz: 0.0000
Step 24/100 (t=0.24) - Max Jz: 0.0000
Step 25/100 (t=0.25) - Max Jz: 0.0000
Step 26/100 (t=0.26) - Max Jz: 0.0000
Step 27/100 (t=0.27) - Max Jz: 0.0000
Step 28/100 (t=0.28) - Max Jz: 0.0000
Step 29/100 (t=0.29) - Max Jz: 0.0000
Step 30/100 (t=0.30) - Max Jz: 0.0000
Step 31/100 (t=0.31) - Max Jz: 0.0000
Step 32/100 (t=0.32) - Max Jz: 0.0000
Step 33/100 (t=0.33) - Max Jz: 0.0000
Step 34/100 (t=0.34) - Max Jz: 0.0000
Step 35/100 (t=0.35) - Max Jz: 0.0000
Step 36/100 (t=0.36) - Max Jz: 0.0000
Step 37/100 (t=0.37) - Max Jz: 0.0000
Step 38/100 (t=0.38) - Max Jz: 0.0000
Step 39/100 (t=0.39) - Max Jz: 0.0000
Step 40/100 (t=0.40) - Max Jz: 0.0000
Step 41/100 (t=0.41) - Max Jz: 0.0000
Step 42/100 (t=0.42) - Max Jz: 0.0000
Step 43/100 (t=0.43) - Max Jz: 0.0000
Step 44/100 (t=0.44) - Max Jz: 0.0000
Step 45/100 (t=0.45) - Max Jz: 0.0000
Step 46/100 (t=0.46) - Max Jz: 0.0000
Step 47/100 (t=0.47) - Max Jz: 0.0000
Step 48/100 (t=0.48) - Max Jz: 0.0000
Step 49/100 (t=0.49) - Max Jz: 0.0000
Step 50/100 (t=0.50) - Max Jz: 0.0000
Step 51/100 (t=0.51) - Max Jz: 0.0000
Step 52/100 (t=0.52) - Max Jz: 0.0000
Step 53/100 (t=0.53) - Max Jz: 0.0000
Step 54/100 (t=0.54) - Max Jz: 0.0000
Step 55/100 (t=0.55) - Max Jz: 0.0000
Step 56/100 (t=0.56) - Max Jz: 0.0000
Step 57/100 (t=0.57) - Max Jz: 0.0000
Step 58/100 (t=0.58) - Max Jz: 0.0000
Step 59/100 (t=0.59) - Max Jz: 0.0000
Step 60/100 (t=0.60) - Max Jz: 0.0000
Step 61/100 (t=0.61) - Max Jz: 0.0000
Step 62/100 (t=0.62) - Max Jz: 0.0000
Step 63/100 (t=0.63) - Max Jz: 0.0000
Step 64/100 (t=0.64) - Max Jz: 0.0000
Step 65/100 (t=0.65) - Max Jz: 0.0000
Step 66/100 (t=0.66) - Max Jz: 0.0000
Step 67/100 (t=0.67) - Max Jz: 0.0000
Step 68/100 (t=0.68) - Max Jz: 0.0000
Step 69/100 (t=0.69) - Max Jz: 0.0000
Step 70/100 (t=0.70) - Max Jz: 0.0000
Step 71/100 (t=0.71) - Max Jz: 0.0000
Step 72/100 (t=0.72) - Max Jz: 0.0000
Step 73/100 (t=0.73) - Max Jz: 0.0000
Step 74/100 (t=0.74) - Max Jz: 0.0000
Step 75/100 (t=0.75) - Max Jz: 0.0000
Step 76/100 (t=0.76) - Max Jz: 0.0000
Step 77/100 (t=0.77) - Max Jz: 0.0000
Step 78/100 (t=0.78) - Max Jz: 0.0000
Step 79/100 (t=0.79) - Max Jz: 0.0000
Step 80/100 (t=0.80) - Max Jz: 0.0000
Step 81/100 (t=0.81) - Max Jz: 0.0000
Step 82/100 (t=0.82) - Max Jz: 0.0000
Step 83/100 (t=0.83) - Max Jz: 0.0000
Step 84/100 (t=0.84) - Max Jz: 0.0000
Step 85/100 (t=0.85) - Max Jz: 0.0000
Step 86/100 (t=0.86) - Max Jz: 0.0000
Step 87/100 (t=0.87) - Max Jz: 0.0000
Step 88/100 (t=0.88) - Max Jz: 0.0000
Step 89/100 (t=0.89) - Max Jz: 0.0000
Step 90/100 (t=0.90) - Max Jz: 0.0000
Step 91/100 (t=0.91) - Max Jz: 0.0000
Step 92/100 (t=0.92) - Max Jz: 0.0000
Step 93/100 (t=0.93) - Max Jz: 0.0000
Step 94/100 (t=0.94) - Max Jz: 0.0000
Step 95/100 (t=0.95) - Max Jz: 0.0000
Step 96/100 (t=0.96) - Max Jz: 0.0000
Step 97/100 (t=0.97) - Max Jz: 0.0000
Step 98/100 (t=0.98) - Max Jz: 0.0000
Step 99/100 (t=0.99) - Max Jz: 0.0000
Simulation terminée. Génération du plot...
[2025-12-27 17:32:04] ✅ Stage 'Main Pipeline' completed successfully.
[2025-12-27 17:32:04] ✅ Stage 'Main Pipeline' completed successfully.
[2025-12-27 17:32:04] ==============================================================
[2025-12-27 17:32:04] 🎉 Q-HAS completed successfully!
[2025-12-27 17:32:04] Full log: /Users/Sayu/Desktop/BA_Proj/data/../logs/pipeline[2025-12-27_17-30-59].log
[2025-12-27 17:32:04] ==============================================================
