[2026-01-13 13:23:41] ==============================================================
[2026-01-13 13:23:41] 🚀 Starting Q-HAS: Quantum-Hierarchical Adaptive Steering Pipeline - Variational Workflow
[2026-01-13 13:23:41] Mode: simulator | Backend: aer | Shots: 1000 | Method: COBYLA
[2026-01-13 13:23:41] Script Path: /Users/Sayu/Desktop/BA_Proj/src
[2026-01-13 13:23:41] Output Dir: /Users/Sayu/Desktop/BA_Proj/data
[2026-01-13 13:23:41] Input File: /Users/Sayu/Desktop/BA_Proj/input/mapping_input.json
[2026-01-13 13:23:41] ==============================================================
[2026-01-13 13:23:41] 🧹 Cleaning previous results...
[2026-01-13 13:23:41] ➡️ Stage: Main Pipeline
[2026-01-13 13:23:41] ➡️ Stage: Main Pipeline
[2026-01-13 13:23:41] Running: python /Users/Sayu/Desktop/BA_Proj/src/pipeline.py --out-dir /Users/Sayu/Desktop/BA_Proj/data --mode simulator --grid-size 2 --dns-resolution 256 --t-max 9e-4 --dt 1e-4 --hybrid-dt 4e-4 --depth 1 --backend aer --shots 1000 --method COBYLA --opt-level 1 --verbose
[2026-01-13 13:23:41] Running: python /Users/Sayu/Desktop/BA_Proj/src/pipeline.py --out-dir /Users/Sayu/Desktop/BA_Proj/data --mode simulator --grid-size 2 --dns-resolution 256 --t-max 9e-4 --dt 1e-4 --hybrid-dt 4e-4 --depth 1 --backend aer --shots 1000 --method COBYLA --opt-level 1 --verbose
Initialisation Orszag-Tang (Grille 256x256) avec pas de temps 0.0001 et hybrid every 4 steps pour un temp total de 0.0009 (9 steps)...
Initialisation Orszag-Tang (Grille 256x256) avec pas de temps 0.0001 et hybrid every 4 steps pour un temp total de 0.0009 (9 steps)...
--- START RECURSIVE VQA SCAN (Budget: 256 patches) ---
--- START RECURSIVE VQA SCAN (Budget: 256 patches) ---
Average Phi: 0.016376005390003508 Average Phi Dev: None
Average Phi: 0.016376005390003508 Average Phi Dev: None
Optimization Level:  1
Optimization Level:  1
  IIIIIIIZ: (-121.95311942356825+0j)
  IIIZIIII: (-121.88433172303978+0j)
  IIIIIIZZ: (0.2768974582432649+0j)
  IZIZIIII: (0.2768921854075623+0j)
  IIIIIIZI: (-121.8152981411996+0j)
  IIZIIIII: (-121.88427744820542+0j)
  IIIIIIZZ: (0.27688280322878095+0j)
  ZIZIIIII: (0.27687342284769373+0j)
  IIIIIZII: (-121.95319339377441+0j)
  IZIIIIII: (-121.88433172303981+0j)
  IIIIZZII: (0.27689745562708706+0j)
  IZIZIIII: (0.2768921854075624+0j)
  IIIIZIII: (-121.81537213746854+0j)
  ZIIIIIII: (-121.88427744820557+0j)
  IIIIZZII: (0.2768828050264749+0j)
  ZIZIIIII: (0.2768734228476939+0j)

 

  IIIIIIIZ: (-121.95311942356825+0j)
  IIIZIIII: (-121.88433172303978+0j)
  IIIIIIZZ: (0.2768974582432649+0j)
  IZIZIIII: (0.2768921854075623+0j)
  IIIIIIZI: (-121.8152981411996+0j)
  IIZIIIII: (-121.88427744820542+0j)
  IIIIIIZZ: (0.27688280322878095+0j)
  ZIZIIIII: (0.27687342284769373+0j)
  IIIIIZII: (-121.95319339377441+0j)
  IZIIIIII: (-121.88433172303981+0j)
  IIIIZZII: (0.27689745562708706+0j)
  IZIZIIII: (0.2768921854075624+0j)
  IIIIZIII: (-121.81537213746854+0j)
  ZIIIIIII: (-121.88427744820557+0j)
  IIIIZZII: (0.2768828050264749+0j)
  ZIZIIIII: (0.2768734228476939+0j)

 

Information about the circuit: 
Number of qubits: 8
 Depth : 11
Information about the circuit: 
Number of qubits: 8
 Depth : 11

--- Starting Optimization Loop ---

--- Starting Optimization Loop ---
Iter 10: Cost = -942.0726272107656
Iter 10: Cost = -942.0726272107656
Iter 20: Cost = -926.5495379577267
Iter 20: Cost = -926.5495379577267
Optimization success: True
Optimization success: True
Optimal Params: [1.57088908 1.48448465 4.11873493 3.19024024]

--- Final Sampling ---
Optimal Params: [1.57088908 1.48448465 4.11873493 3.19024024]

--- Final Sampling ---
Marginals: [0.004, 0.0, 0.003, 0.001, 0.003, 0.001, 0.006, 0.001]
Marginals: [0.004, 0.0, 0.003, 0.001, 0.003, 0.001, 0.006, 0.001]
Optimization Level:  1
Optimization Level:  1
  IIIIIIIZ: (-121.69679675202744+0j)
  IIIZIIII: (-121.88427254345804+0j)
  IIIIIIZZ: (0.27688672332366027+0j)
  IZIZIIII: (0.2768738041116892+0j)
  IIIIIIIZ: (0.272928122604101+0j)
  IIIZIIII: (0.2760766008616625+0j)
  IIIIIIZI: (-122.07174939774869+0j)
  IIIIIIIZ: (-121.69679675202744+0j)
  IIZIIIII: (-121.88430214256553+0j)
  IIIIIIZI: (0.27467196724848075+0j)
  ZIZIIIII: (0.2768996407377551+0j)
  IIIZIIII: (-121.88427254345804+0j)
  IIIIIIZZ: (0.27688672332366027+0j)
  IZIZIIII: (0.2768738041116892+0j)
  IIIIIIIZ: (0.272928122604101+0j)
  IIIZIIII: (0.2760766008616625+0j)
  IIIIIIZI: (-122.07174939774869+0j)
  IIZIIIII: (0.27496506758961553+0j)
  IIIIIZII: (-121.69672274992779+0j)
  IZIIIIII: (-121.88427254345804+0j)
  IIIIZZII: (0.2768867215257841+0j)
  IZIIIIII: (0.27607621295341345+0j)
  IIIIIZII: (0.2761872264052158+0j)
  IIIIZIII: (-122.07167539727892+0j)
  ZIIIIIII: (-121.88430214256553+0j)
  IIIIZIII: (0.27467390653847923+0j)
  ZIIIIIII: (0.2743515071907746+0j)

 

  IIZIIIII: (-121.88430214256553+0j)
  IIIIIIZI: (0.27467196724848075+0j)
  ZIZIIIII: (0.2768996407377551+0j)
  IIZIIIII: (0.27496506758961553+0j)
  IIIIIZII: (-121.69672274992779+0j)
  IZIIIIII: (-121.88427254345804+0j)
  IIIIZZII: (0.2768867215257841+0j)
  IZIIIIII: (0.27607621295341345+0j)
  IIIIIZII: (0.2761872264052158+0j)
  IIIIZIII: (-122.07167539727892+0j)
  ZIIIIIII: (-121.88430214256553+0j)
  IIIIZIII: (0.27467390653847923+0j)
  ZIIIIIII: (0.2743515071907746+0j)

 

Information about the circuit: 
Number of qubits: 8
 Depth : 10
Information about the circuit: 
Number of qubits: 8
 Depth : 10

--- Starting Optimization Loop ---

--- Starting Optimization Loop ---
Iter 10: Cost = -946.3003013162883
Iter 10: Cost = -946.3003013162883
Iter 20: Cost = -949.6967845397018
Iter 20: Cost = -949.6967845397018
Optimization success: True
Optimization success: True
Optimal Params: [1.58395342 1.57238612 4.14942323 3.14406555]

--- Final Sampling ---
Optimal Params: [1.58395342 1.57238612 4.14942323 3.14406555]

--- Final Sampling ---
Marginals: [0.012, 0.004, 0.016, 0.002, 0.018000000000000002, 0.006, 0.016, 0.002]
Marginals: [0.012, 0.004, 0.016, 0.002, 0.018000000000000002, 0.006, 0.016, 0.002]
Optimization Level:  1
Optimization Level:  1
  IIIIIIIZ: (-121.90179321838349+0j)
  IIIZIIII: (-121.88435940975361+0j)
  IIIIIIZZ: (0.22691342390669744+0j)
  IZIZIIII: (0.22690837510674738+0j)
  IIIIIIIZ: (-121.90179321838349+0j)
  IIIIIIIZ: (0.2253275883927189+0j)
  IIIZIIII: (0.22508200369645073+0j)
  IIIIIIZI: (-121.8668560652966+0j)
  IIZIIIII: (-121.88442212637926+0j)
  IIIIIIZI: (0.2262705904721601+0j)
  IIIZIIII: (-121.88435940975361+0j)
  IIIIIIZZ: (0.22691342390669744+0j)
  IZIZIIII: (0.22690837510674738+0j)
  IIIIIIIZ: (0.2253275883927189+0j)
  IIIZIIII: (0.22508200369645073+0j)
  IIIIIIZI: (-121.8668560652966+0j)
  IIZIIIII: (-121.88442212637926+0j)
  IIIIIIZI: (0.2262705904721601+0j)
  ZIZIIIII: (0.22691847131800646+0j)
  IIZIIIII: (0.2236749601479431+0j)
  IIIIIZII: (-121.90171923372304+0j)
  IZIIIIII: (-121.88435940975361+0j)
  IIIIZZII: (0.22691342251805638+0j)
  ZIZIIIII: (0.22691847131800646+0j)
  IIZIIIII: (0.2236749601479431+0j)
  IZIIIIII: (0.2250814743716163+0j)
  IIIIIZII: (0.2248269763772367+0j)
  IIIIIZII: (-121.90171923372304+0j)
  IZIIIIII: (-121.88435940975361+0j)
  IIIIZZII: (0.22691342251805638+0j)
  IIIIZIII: (-121.8667820803499+0j)
  ZIIIIIII: (-121.88442212637926+0j)
  IZIIIIII: (0.2250814743716163+0j)
  IIIIIZII: (0.2248269763772367+0j)
  IIIIZIII: (0.2262715456535469+0j)
  IIIIZIII: (-121.8667820803499+0j)
  ZIIIIIII: (-121.88442212637926+0j)
  ZIIIIIII: (0.22634431688976583+0j)

  IIIIZIII: (0.2262715456535469+0j)
 

  ZIIIIIII: (0.22634431688976583+0j)

 

Information about the circuit: 
Number of qubits: 8
 Depth : 10
Information about the circuit: 
Number of qubits: 8
 Depth : 10

--- Starting Optimization Loop ---

--- Starting Optimization Loop ---
Iter 10: Cost = -940.3350855503878
Iter 10: Cost = -940.3350855503878
Iter 20: Cost = -952.4634738435174
Iter 20: Cost = -952.4634738435174
Optimization success: True
Optimization success: True
Optimal Params: [1.48892409 1.50169743 4.2669345  3.15093032]

--- Final Sampling ---
Optimal Params: [1.48892409 1.50169743 4.2669345  3.15093032]

--- Final Sampling ---
Marginals: [0.003, 0.0, 0.01, 0.005, 0.001, 0.003, 0.007, 0.006]
Marginals: [0.003, 0.0, 0.01, 0.005, 0.001, 0.003, 0.007, 0.006]
Optimization Level:  1
Optimization Level:  1
  IIIIIIIZ: (-122.09088610619193+0j)
  IIIZIIII: (-121.88442048160503+0j)
  IIIIIIZZ: (0.276901375156382+0j)
  IZIZIIII: (0.27690311219137564+0j)
  IIIIIIIZ: (0.2762007528147607+0j)
  IIIZIIII: (0.2761065998657379+0j)
  IIIIIIZI: (-122.07174939774869+0j)
  IIIIIIIZ: (-122.09088610619193+0j)
  IIZIIIII: (-121.88445008518464+0j)
  IIIIIIZI: (0.2746574333816294+0j)
  ZIZIIIII: (0.2768996407377551+0j)
  IIIZIIII: (-121.88442048160503+0j)
  IIIIIIZZ: (0.276901375156382+0j)
  IZIZIIII: (0.27690311219137564+0j)
  IIIIIIIZ: (0.2762007528147607+0j)
  IIIZIIII: (0.2761065998657379+0j)
  IIIIIIZI: (-122.07174939774869+0j)
  IIZIIIII: (0.2743535763383885+0j)
  IIIIIZII: (-122.09081215297151+0j)
  IZIIIIII: (-121.88427254345804+0j)
  IIIIZZII: (0.27690137777274876+0j)
  IZIIIIII: (0.276105436605231+0j)
  IIIIIZII: (0.2729434244752704+0j)
  IIIIZIII: (-122.07167539727892+0j)
  ZIIIIIII: (-121.88430214256553+0j)
  IIZIIIII: (-121.88445008518464+0j)
  IIIIIIZI: (0.2746574333816294+0j)
  ZIZIIIII: (0.2768996407377551+0j)
  IIZIIIII: (0.2743535763383885+0j)
  IIIIIZII: (-122.09081215297151+0j)
  IZIIIIII: (-121.88427254345804+0j)
  IIIIZZII: (0.27690137777274876+0j)
  IZIIIIII: (0.276105436605231+0j)
  IIIIIZII: (0.2729434244752704+0j)
  IIIIZIII: (-122.07167539727892+0j)
  ZIIIIIII: (-121.88430214256553+0j)
  IIIIZIII: (0.2746580775110025+0j)
  IIIIZIII: (0.2746580775110025+0j)
  ZIIIIIII: (0.2749644653015482+0j)

 

  ZIIIIIII: (0.2749644653015482+0j)

 

Information about the circuit: 
Number of qubits: 8
 Depth : 10
Information about the circuit: 
Number of qubits: 8
 Depth : 10

--- Starting Optimization Loop ---

--- Starting Optimization Loop ---
Iter 10: Cost = -952.6613744930094
Iter 10: Cost = -952.6613744930094
Iter 20: Cost = -966.9720708916668
Iter 20: Cost = -966.9720708916668
Optimization success: True
Optimization success: True
Optimal Params: [1.52948823 1.50265118 4.0801471  4.19736314]

--- Final Sampling ---
Optimal Params: [1.52948823 1.50265118 4.0801471  4.19736314]

--- Final Sampling ---
Marginals: [0.005, 0.006, 0.006, 0.002, 0.0, 0.0, 0.002, 0.0]
Marginals: [0.005, 0.006, 0.006, 0.002, 0.0, 0.0, 0.002, 0.0]
Optimization Level:  1
Optimization Level:  1
  IIIIIIIZ: (-121.83161763162906+0j)
  IIIZIIII: (-121.88450729557708+0j)
  IIIIIIZZ: (0.22692429192802904+0j)
  IZIZIIII: (0.2269301144236707+0j)
  IIIIIIIZ: (0.22483605013997185+0j)
  IIIIIIIZ: (-121.83161763162906+0j)
  IIIZIIII: (0.2251046258467122+0j)
  IIIIIIZI: (-121.8668560652966+0j)
  IIZIIIII: (-121.88456999672462+0j)
  IIIIIIZI: (0.2262597537583686+0j)
  ZIZIIIII: (0.22691847131800646+0j)
  IIZIIIII: (0.22634521030144678+0j)
  IIIZIIII: (-121.88450729557708+0j)
  IIIIIIZZ: (0.22692429192802904+0j)
  IZIZIIII: (0.2269301144236707+0j)
  IIIIIIIZ: (0.22483605013997185+0j)
  IIIZIIII: (0.2251046258467122+0j)
  IIIIIIZI: (-121.8668560652966+0j)
  IIIIIZII: (-121.831543618389+0j)
  IZIIIIII: (-121.88435940975361+0j)
  IIZIIIII: (-121.88456999672462+0j)
  IIIIIIZI: (0.2262597537583686+0j)
  ZIZIIIII: (0.22691847131800646+0j)
  IIZIIIII: (0.22634521030144678+0j)
  IIIIZZII: (0.2269242938136481+0j)
  IZIIIIII: (0.22510303865941583+0j)
  IIIIIZII: (-121.831543618389+0j)
  IZIIIIII: (-121.88435940975361+0j)
  IIIIIZII: (0.2253388759189092+0j)
  IIIIZIII: (-121.8667820803499+0j)
  ZIIIIIII: (-121.88442212637926+0j)
  IIIIZZII: (0.2269242938136481+0j)
  IZIIIIII: (0.22510303865941583+0j)
  IIIIZIII: (0.22626007028602974+0j)
  ZIIIIIII: (0.2236742578972325+0j)
  IIIIIZII: (0.2253388759189092+0j)
  IIIIZIII: (-121.8667820803499+0j)
  ZIIIIIII: (-121.88442212637926+0j)

 

  IIIIZIII: (0.22626007028602974+0j)
  ZIIIIIII: (0.2236742578972325+0j)

 

Information about the circuit: 
Number of qubits: 8
 Depth : 10
Information about the circuit: 
Number of qubits: 8
 Depth : 10

--- Starting Optimization Loop ---

--- Starting Optimization Loop ---
Iter 10: Cost = -941.4121932374906
Iter 10: Cost = -941.4121932374906
Iter 20: Cost = -835.3951989643315
Iter 20: Cost = -835.3951989643315
Optimization success: True
Optimization success: True
Optimal Params: [1.5099278  1.71090068 3.0708483  3.1556464 ]

--- Final Sampling ---
Optimal Params: [1.5099278  1.71090068 3.0708483  3.1556464 ]

--- Final Sampling ---
Marginals: [0.001, 0.004, 0.019, 0.004, 0.004, 0.006, 0.013, 0.001]
Marginals: [0.001, 0.004, 0.019, 0.004, 0.004, 0.006, 0.013, 0.001]
--- SCAN COMPLETE: 16 Active Zones Identified ---
--- SCAN COMPLETE: 16 Active Zones Identified ---
[{'bounds': (0, 64, 0, 64), 'depth': 1, 'score': np.float64(0.018000000000000002), 'type': 'coarse_leaf'}, {'bounds': (0, 64, 64, 128), 'depth': 1, 'score': np.float64(0.006), 'type': 'coarse_leaf'}, {'bounds': (64, 128, 0, 64), 'depth': 1, 'score': np.float64(0.016), 'type': 'coarse_leaf'}, {'bounds': (64, 128, 64, 128), 'depth': 1, 'score': np.float64(0.002), 'type': 'coarse_leaf'}, {'bounds': (0, 64, 128, 192), 'depth': 1, 'score': np.float64(0.003), 'type': 'coarse_leaf'}, {'bounds': (0, 64, 192, 256), 'depth': 1, 'score': np.float64(0.003), 'type': 'coarse_leaf'}, {'bounds': (64, 128, 128, 192), 'depth': 1, 'score': np.float64(0.01), 'type': 'coarse_leaf'}, {'bounds': (64, 128, 192, 256), 'depth': 1, 'score': np.float64(0.006), 'type': 'coarse_leaf'}, {'bounds': (128, 192, 0, 64), 'depth': 1, 'score': np.float64(0.005), 'type': 'coarse_leaf'}, {'bounds': (128, 192, 64, 128), 'depth': 1, 'score': np.float64(0.006), 'type': 'coarse_leaf'}, {'bounds': (192, 256, 0, 64), 'depth': 1, 'score': np.float64(0.006), 'type': 'coarse_leaf'}, {'bounds': (192, 256, 64, 128), 'depth': 1, 'score': np.float64(0.002), 'type': 'coarse_leaf'}, {'bounds': (128, 192, 128, 192), 'depth': 1, 'score': np.float64(0.004), 'type': 'coarse_leaf'}, {'bounds': (128, 192, 192, 256), 'depth': 1, 'score': np.float64(0.006), 'type': 'coarse_leaf'}, {'bounds': (192, 256, 128, 192), 'depth': 1, 'score': np.float64(0.019), 'type': 'coarse_leaf'}, {'bounds': (192, 256, 192, 256), 'depth': 1, 'score': np.float64(0.004), 'type': 'coarse_leaf'}]
[{'bounds': (0, 64, 0, 64), 'depth': 1, 'score': np.float64(0.018000000000000002), 'type': 'coarse_leaf'}, {'bounds': (0, 64, 64, 128), 'depth': 1, 'score': np.float64(0.006), 'type': 'coarse_leaf'}, {'bounds': (64, 128, 0, 64), 'depth': 1, 'score': np.float64(0.016), 'type': 'coarse_leaf'}, {'bounds': (64, 128, 64, 128), 'depth': 1, 'score': np.float64(0.002), 'type': 'coarse_leaf'}, {'bounds': (0, 64, 128, 192), 'depth': 1, 'score': np.float64(0.003), 'type': 'coarse_leaf'}, {'bounds': (0, 64, 192, 256), 'depth': 1, 'score': np.float64(0.003), 'type': 'coarse_leaf'}, {'bounds': (64, 128, 128, 192), 'depth': 1, 'score': np.float64(0.01), 'type': 'coarse_leaf'}, {'bounds': (64, 128, 192, 256), 'depth': 1, 'score': np.float64(0.006), 'type': 'coarse_leaf'}, {'bounds': (128, 192, 0, 64), 'depth': 1, 'score': np.float64(0.005), 'type': 'coarse_leaf'}, {'bounds': (128, 192, 64, 128), 'depth': 1, 'score': np.float64(0.006), 'type': 'coarse_leaf'}, {'bounds': (192, 256, 0, 64), 'depth': 1, 'score': np.float64(0.006), 'type': 'coarse_leaf'}, {'bounds': (192, 256, 64, 128), 'depth': 1, 'score': np.float64(0.002), 'type': 'coarse_leaf'}, {'bounds': (128, 192, 128, 192), 'depth': 1, 'score': np.float64(0.004), 'type': 'coarse_leaf'}, {'bounds': (128, 192, 192, 256), 'depth': 1, 'score': np.float64(0.006), 'type': 'coarse_leaf'}, {'bounds': (192, 256, 128, 192), 'depth': 1, 'score': np.float64(0.019), 'type': 'coarse_leaf'}, {'bounds': (192, 256, 192, 256), 'depth': 1, 'score': np.float64(0.004), 'type': 'coarse_leaf'}]
Step 0/9 (t=0.0000) - Max Jz: 0.0000
Step 0/9 (t=0.0000) - Max Jz: 0.0000
Step 1/9 (t=0.0001) - Max Jz: 0.0000
Step 1/9 (t=0.0001) - Max Jz: 0.0000
Step 2/9 (t=0.0002) - Max Jz: 0.0000
Step 2/9 (t=0.0002) - Max Jz: 0.0000
Step 3/9 (t=0.0003) - Max Jz: 0.0000
Step 3/9 (t=0.0003) - Max Jz: 0.0000
--- START RECURSIVE VQA SCAN (Budget: 256 patches) ---
Average Phi: 0.023443029823674758 Average Phi Dev: 2.00427687223398e-06
--- START RECURSIVE VQA SCAN (Budget: 256 patches) ---
Average Phi: 0.023443029823674758 Average Phi Dev: 2.00427687223398e-06
Optimization Level:  1
Optimization Level:  1
  IIIIIIIZ: (-83.81000416234866+0j)
  IIIZIIII: (-80.84899730314494+0j)
  IIIIIIZZ: (0.2765319364016597+0j)
  IZIZIIII: (0.27653946488016873+0j)
  IIZZIZIZ: (1.0941743642946159e-05+0j)
  IIIIIIZI: (-81.87938420074306+0j)
  IIZIIIII: (-80.84964508380112+0j)
  IIIIIIZZ: (0.27640951816040404+0j)
  ZIZIIIII: (0.27627886999476364+0j)
  IIZZZIZI: (1.3888682473002592e-05+0j)
  IIIIIZII: (-83.79947522537803+0j)
  IZIIIIII: (-80.82740927154333+0j)
  IIIIZZII: (0.2765313585792613+0j)
  IZIZIIII: (0.2765397372221388+0j)
  IIIIIIIZ: (-83.81000416234866+0j)
  IIIZIIII: (-80.84899730314494+0j)
  IIIIIIZZ: (0.2765319364016597+0j)
  IZIZIIII: (0.27653946488016873+0j)
  IIZZIZIZ: (1.0941743642946159e-05+0j)
  IIIIIIZI: (-81.87938420074306+0j)
  ZZIIIZIZ: (1.0942025624719297e-05+0j)
  IIIIZIII: (-81.87114071606155+0j)
  ZIIIIIII: (-80.82809466545233+0j)
  IIIIZZII: (0.276409135022314+0j)
  ZIZIIIII: (0.2762789159605789+0j)
  ZZIIZIZI: (1.3888648752677821e-05+0j)

  IIZIIIII: (-80.84964508380112+0j)
  IIIIIIZZ: (0.27640951816040404+0j)
  ZIZIIIII: (0.27627886999476364+0j)
  IIZZZIZI: (1.3888682473002592e-05+0j)
  IIIIIZII: (-83.79947522537803+0j)
  IZIIIIII: (-80.82740927154333+0j)
  IIIIZZII: (0.2765313585792613+0j)
  IZIZIIII: (0.2765397372221388+0j)
  ZZIIIZIZ: (1.0942025624719297e-05+0j)
  IIIIZIII: (-81.87114071606155+0j)
  ZIIIIIII: (-80.82809466545233+0j)
 

  IIIIZZII: (0.276409135022314+0j)
  ZIZIIIII: (0.2762789159605789+0j)
  ZZIIZIZI: (1.3888648752677821e-05+0j)

 

Information about the circuit: 
Number of qubits: 8
 Depth : 72
Information about the circuit: 
Number of qubits: 8
 Depth : 72

--- Starting Optimization Loop ---

--- Starting Optimization Loop ---
Iter 10: Cost = -285.71083288655944
Iter 10: Cost = -285.71083288655944
Iter 20: Cost = -361.55518261787836
Iter 20: Cost = -361.55518261787836
Optimization success: True
Optimization success: True
Optimal Params: [2.63676704 1.70913834 3.94156435 4.1390197 ]
Optimal Params: [2.63676704 1.70913834 3.94156435 4.1390197 ]

--- Final Sampling ---

--- Final Sampling ---
Marginals: [0.23200000000000004, 0.16600000000000006, 0.25600000000000006, 0.1970000000000001, 0.3520000000000001, 0.08100000000000003, 0.3190000000000001, 0.07200000000000002]
Marginals: [0.23200000000000004, 0.16600000000000006, 0.25600000000000006, 0.1970000000000001, 0.3520000000000001, 0.08100000000000003, 0.3190000000000001, 0.07200000000000002]
Optimization Level:  1
Optimization Level:  1
  IIIIIIIZ: (-81.90084931458031+0j)
  IIIZIIII: (-80.71052665180393+0j)
  IIIIIIZZ: (0.27652149686597594+0j)
  IZIZIIII: (0.2763762300933199+0j)
  IIIIIIIZ: (0.0025594218208775874+0j)
  IIIIIIIZ: (-81.90084931458031+0j)
  IIIZIIII: (0.1354278478240276+0j)
  IIIZIIII: (-80.71052665180393+0j)
  IIIIIIZZ: (0.27652149686597594+0j)
  IZIZIIII: (0.2763762300933199+0j)
  IIIIIIIZ: (0.0025594218208775874+0j)
  IIIZIIII: (0.1354278478240276+0j)
  IIZZIZIZ: (1.7737803534006433e-05+0j)
  IIIIIIZI: (-85.23646503909919+0j)
  IIZIIIII: (-80.70963316730355+0j)
  IIIIIIZI: (-0.08725704696281189+0j)
  ZIZIIIII: (0.27666716314227946+0j)
  IIZIIIII: (0.009821449230232211+0j)
  IIZIZIZI: (-3.7396043318005375e-06+0j)
  IIIIIZII: (-81.89783585283902+0j)
  IZIIIIII: (-80.8022800679117+0j)
  IIIIZZII: (0.27652189636962354+0j)
  IZIIIIII: (0.00977074425040819+0j)
  IIIIIZII: (0.14155583181499223+0j)
  IIZZIZIZ: (1.7737803534006433e-05+0j)
  IIIIIIZI: (-85.23646503909919+0j)
  IIZIIIII: (-80.70963316730355+0j)
  IIIIIIZI: (-0.08725704696281189+0j)
  ZIZIIIII: (0.27666716314227946+0j)
  IIZIIIII: (0.009821449230232211+0j)
  IIZIZIZI: (-3.7396043318005375e-06+0j)
  IIIIIZII: (-81.89783585283902+0j)
  ZZIIIZII: (6.27086213735133e-07+0j)
  IZIIIIII: (-80.8022800679117+0j)
  IIIIZZII: (0.27652189636962354+0j)
  IZIIIIII: (0.00977074425040819+0j)
  IIIIIZII: (0.14155583181499223+0j)
  IIIIZIII: (-85.30100078763331+0j)
  ZIIIIIII: (-80.80150229600471+0j)
  IIIIZIII: (0.004280210914515654+0j)
  ZZIIIZII: (6.27086213735133e-07+0j)
  ZIIIIIII: (-0.0948517571054665+0j)
  ZIIIZIII: (-6.289689514929148e-08+0j)

 

  IIIIZIII: (-85.30100078763331+0j)
  ZIIIIIII: (-80.80150229600471+0j)
  IIIIZIII: (0.004280210914515654+0j)
  ZIIIIIII: (-0.0948517571054665+0j)
  ZIIIZIII: (-6.289689514929148e-08+0j)

 

Information about the circuit: 
Number of qubits: 8
 Depth : 53
Information about the circuit: 
Number of qubits: 8
 Depth : 53

--- Starting Optimization Loop ---

--- Starting Optimization Loop ---
Iter 10: Cost = -349.50894930172467
Iter 10: Cost = -349.50894930172467
Iter 20: Cost = -480.1629995629826
Iter 20: Cost = -480.1629995629826
Optimization success: True
Optimization success: True
Optimal Params: [3.46631386 1.2096461  2.89287223 3.14011014]

--- Final Sampling ---
Optimal Params: [3.46631386 1.2096461  2.89287223 3.14011014]

--- Final Sampling ---
Marginals: [0.16800000000000004, 0.02600000000000001, 0.045000000000000005, 0.169, 0.12300000000000003, 0.006, 0.35400000000000004, 0.116]
Marginals: [0.16800000000000004, 0.02600000000000001, 0.045000000000000005, 0.169, 0.12300000000000003, 0.006, 0.35400000000000004, 0.116]
Optimization Level:  1
Optimization Level:  1
  IIIIIIIZ: (-82.19463123961923+0j)
  IIIZIIII: (-80.71090476526531+0j)
  IIIIIIZZ: (0.22731068300593868+0j)
  IZIZIIII: (0.22721171885244748+0j)
  IIIIIIIZ: (0.010692175632216762+0j)
  IIIZIIII: (-0.07331633477306672+0j)
  IIZZIZIZ: (1.7746795547557348e-05+0j)
  IIIIIIIZ: (-82.19463123961923+0j)
  IIIIIIZI: (-78.73696303958828+0j)
  IIZIIIII: (-80.71001518882889+0j)
  IIIIIIZI: (0.11731654519830301+0j)
  ZIZIIIII: (0.2274098940356639+0j)
  IIIZIIII: (-80.71090476526531+0j)
  IIIIIIZZ: (0.22731068300593868+0j)
  IZIZIIII: (0.22721171885244748+0j)
  IIIIIIIZ: (0.010692175632216762+0j)
  IIIZIIII: (-0.07331633477306672+0j)
  IIZZIZIZ: (1.7746795547557348e-05+0j)
  IIIIIIZI: (-78.73696303958828+0j)
  IIZIIIII: (-80.71001518882889+0j)
  IIZIIIII: (-0.00042693724715173973+0j)
  IIZIZIZI: (6.231721313008109e-06+0j)
  IIIIIIZI: (0.11731654519830301+0j)
  ZIZIIIII: (0.2274098940356639+0j)
  IIIIIZII: (-82.19161793855227+0j)
  IZIIIIII: (-80.80264510126443+0j)
  IIZIIIII: (-0.00042693724715173973+0j)
  IIZIZIZI: (6.231721313008109e-06+0j)
  IIIIZZII: (0.2273109298821727+0j)
  IZIIIIII: (-0.00041881838526757305+0j)
  IIIIIZII: (-82.19161793855227+0j)
  IZIIIIII: (-80.80264510126443+0j)
  IIIIIZII: (-0.07551086410810644+0j)
  ZZIIIZII: (-3.2712548749740074e-08+0j)
  IIIIZZII: (0.2273109298821727+0j)
  IZIIIIII: (-0.00041881838526757305+0j)
  IIIIZIII: (-78.73486263534032+0j)
  IIIIIZII: (-0.07551086410810644+0j)
  ZZIIIZII: (-3.2712548749740074e-08+0j)
  ZIIIIIII: (-80.80187561674903+0j)
  IIIIZIII: (0.012131882390624115+0j)
  IIIIZIII: (-78.73486263534032+0j)
  ZIIIIIII: (0.11385596635635305+0j)
  ZIIIZIII: (3.226064208851975e-07+0j)
  ZIIIIIII: (-80.80187561674903+0j)
  IIIIZIII: (0.012131882390624115+0j)

 

  ZIIIIIII: (0.11385596635635305+0j)
  ZIIIZIII: (3.226064208851975e-07+0j)

 

Information about the circuit: 
Number of qubits: 8
 Depth : 53
Information about the circuit: 
Number of qubits: 8
 Depth : 53

--- Starting Optimization Loop ---
--- Starting Optimization Loop ---

Iter 10: Cost = -254.85057903636536
Iter 10: Cost = -254.85057903636536
Iter 20: Cost = -392.2100182702044
Iter 20: Cost = -392.2100182702044
Optimization success: True
Optimization success: True
Optimal Params: [2.57876004 1.62153968 3.02714555 4.19113684]

--- Final Sampling ---
Optimal Params: [2.57876004 1.62153968 3.02714555 4.19113684]

--- Final Sampling ---
Marginals: [0.001, 0.2960000000000001, 0.21600000000000008, 0.2890000000000001, 0.07900000000000001, 0.24900000000000008, 0.281, 0.10900000000000004]
Marginals: [0.001, 0.2960000000000001, 0.21600000000000008, 0.2890000000000001, 0.07900000000000001, 0.24900000000000008, 0.281, 0.10900000000000004]
Optimization Level:  1
Optimization Level:  1
  IIIIIIIZ: (-85.23597752764478+0j)
  IIIZIIII: (-80.84501436403444+0j)
  IIIIIIZZ: (0.27636523324871765+0j)
  IZIZIIII: (0.27649811744854985+0j)
  IIIIIIIZ: (0.13836638272964333+0j)
  IIIZIIII: (0.01473706789876513+0j)
  IIZZIZIZ: (1.780902218661454e-05+0j)
  IIIIIIIZ: (-85.23597752764478+0j)
  IIIIIIZI: (-82.19778365706331+0j)
  IIZIIIII: (-80.84423695186797+0j)
  IIIIIIZI: (-0.0005086624438317213+0j)
  ZIZIIIII: (0.2762327145265361+0j)
  IIZIIIII: (-0.09176228780392887+0j)
  IIZIZIZI: (-2.2363505647741836e-08+0j)
  IIIIIZII: (-85.30117226813095+0j)
  IZIIIIII: (-80.71052976108838+0j)
  IIIIZZII: (0.27636559872636823+0j)
  IZIIIIII: (0.1425092900563591+0j)
  IIIIIZII: (-0.0005188462376627022+0j)
  ZZIIIZII: (9.17889334787591e-06+0j)
  IIIIZIII: (-82.19477022577517+0j)
  ZIIIIIII: (-80.70963625376561+0j)
  IIIZIIII: (-80.84501436403444+0j)
  IIIIIIZZ: (0.27636523324871765+0j)
  IZIZIIII: (0.27649811744854985+0j)
  IIIIIIIZ: (0.13836638272964333+0j)
  IIIZIIII: (0.01473706789876513+0j)
  IIZZIZIZ: (1.780902218661454e-05+0j)
  IIIIZIII: (-0.08904405073943567+0j)
  ZIIIIIII: (0.012993388797146751+0j)
  ZIIIZIII: (-1.8412425822724586e-07+0j)

 

  IIIIIIZI: (-82.19778365706331+0j)
  IIZIIIII: (-80.84423695186797+0j)
  IIIIIIZI: (-0.0005086624438317213+0j)
  ZIZIIIII: (0.2762327145265361+0j)
  IIZIIIII: (-0.09176228780392887+0j)
  IIZIZIZI: (-2.2363505647741836e-08+0j)
  IIIIIZII: (-85.30117226813095+0j)
  IZIIIIII: (-80.71052976108838+0j)
  IIIIZZII: (0.27636559872636823+0j)
  IZIIIIII: (0.1425092900563591+0j)
  IIIIIZII: (-0.0005188462376627022+0j)
  ZZIIIZII: (9.17889334787591e-06+0j)
  IIIIZIII: (-82.19477022577517+0j)
  ZIIIIIII: (-80.70963625376561+0j)
  IIIIZIII: (-0.08904405073943567+0j)
  ZIIIIIII: (0.012993388797146751+0j)
  ZIIIZIII: (-1.8412425822724586e-07+0j)

 

Information about the circuit: 
Number of qubits: 8
 Depth : 53
Information about the circuit: 
Number of qubits: 8
 Depth : 53

--- Starting Optimization Loop ---

--- Starting Optimization Loop ---
Iter 10: Cost = -259.1810317512431
Iter 10: Cost = -259.1810317512431
Iter 20: Cost = -267.41587428347015
Iter 20: Cost = -267.41587428347015
Optimization success: True
Optimization success: True
Optimal Params: [3.58348256 1.28639193 3.04669368 3.17752266]

--- Final Sampling ---
Optimal Params: [3.58348256 1.28639193 3.04669368 3.17752266]

--- Final Sampling ---
Marginals: [0.06000000000000002, 0.04300000000000001, 0.08300000000000002, 0.03900000000000002, 0.16900000000000004, 0.7720000000000002, 0.25600000000000006, 0.31500000000000006]
Marginals: [0.06000000000000002, 0.04300000000000001, 0.08300000000000002, 0.03900000000000002, 0.16900000000000004, 0.7720000000000002, 0.25600000000000006, 0.31500000000000006]
Optimization Level:  1
Optimization Level:  1
  IIIIIIIZ: (-82.53157704083418+0j)
  IIIZIIII: (-79.93286261961855+0j)
  IIIIIIZZ: (0.25046226611348765+0j)
  IZIZIIII: (0.2505616828386193+0j)
  IIIIIIIZ: (-0.001824656064064823+0j)
  IIIZIIII: (-0.0026922943446977127+0j)
  IIIIIIIZ: (-82.53157704083418+0j)
  IIIIIIZI: (-82.61030124967908+0j)
  IIZIIIII: (-79.9296808528528+0j)
  IIIIIIZI: (-0.00046129417670615086+0j)
  ZIZIIIII: (0.25036323073654876+0j)
  IIIZIIII: (-79.93286261961855+0j)
  IIIIIIZZ: (0.25046226611348765+0j)
  IZIZIIII: (0.2505616828386193+0j)
  IIIIIIIZ: (-0.001824656064064823+0j)
  IIIZIIII: (-0.0026922943446977127+0j)
  IIIIIIZI: (-82.61030124967908+0j)
  IIZIIIII: (-79.9296808528528+0j)
  IIIIIIZI: (-0.00046129417670615086+0j)
  ZIZIIIII: (0.25036323073654876+0j)
  IIZIIIII: (-0.08316865319064758+0j)
  IIIIIZII: (-82.53517139089058+0j)
  IZIIIIII: (-80.03274274967785+0j)
  IIIIZZII: (0.2504626474616804+0j)
  IZIIIIII: (0.0657862917218219+0j)
  IIZIIIII: (-0.08316865319064758+0j)
  IIIIIZII: (-82.53517139089058+0j)
  IIIIIZII: (0.04635565434756915+0j)
  IIIIZIII: (-82.6133198967556+0j)
  IZIIIIII: (-80.03274274967785+0j)
  IIIIZZII: (0.2504626474616804+0j)
  IZIIIIII: (0.0657862917218219+0j)
  ZIIIIIII: (-80.02971129231314+0j)
  IIIIZIII: (0.03481937759052259+0j)
  ZIIIIIII: (0.029653943008045712+0j)
  IIIIIZII: (0.04635565434756915+0j)
  IIIIZIII: (-82.6133198967556+0j)
  ZIIIIIII: (-80.02971129231314+0j)

 

  IIIIZIII: (0.03481937759052259+0j)
  ZIIIIIII: (0.029653943008045712+0j)

 

Information about the circuit: 
Number of qubits: 8
 Depth : 10
Information about the circuit: 
Number of qubits: 8
 Depth : 10

--- Starting Optimization Loop ---

--- Starting Optimization Loop ---
Iter 10: Cost = -385.5383351924828
Iter 10: Cost = -385.5383351924828
Iter 20: Cost = -462.57591971182376
Iter 20: Cost = -462.57591971182376
Optimization success: True
Optimization success: True
Optimal Params: [3.30424764 1.28298944 4.37406648 4.1233143 ]

--- Final Sampling ---
Optimal Params: [3.30424764 1.28298944 4.37406648 4.1233143 ]

--- Final Sampling ---
Marginals: [0.16200000000000006, 0.28300000000000003, 0.09900000000000003, 0.11700000000000005, 0.08800000000000002, 0.02700000000000001, 0.19900000000000007, 0.13500000000000004]
Marginals: [0.16200000000000006, 0.28300000000000003, 0.09900000000000003, 0.11700000000000005, 0.08800000000000002, 0.02700000000000001, 0.19900000000000007, 0.13500000000000004]
Optimization Level:  1
Optimization Level:  1
  IIIIIIIZ: (-78.48183637289881+0j)
  IIIZIIII: (-80.84537609094738+0j)
  IIIIIIZZ: (0.22719406092961641+0j)
  IZIZIIII: (0.22730238539549505+0j)
  IIIIIIIZ: (-0.07789068596219002+0j)
  IIIZIIII: (0.0035170725448771673+0j)
  IIZZIZIZ: (1.7675513950718778e-05+0j)
  IIIIIIIZ: (-78.48183637289881+0j)
  IIIIIIZI: (-81.90464423731262+0j)
  IIZIIIII: (-80.84460676215295+0j)
  IIIZIIII: (-80.84537609094738+0j)
  IIIIIIZZ: (0.22719406092961641+0j)
  IZIZIIII: (0.22730238539549505+0j)
  IIIIIIIZ: (-0.07789068596219002+0j)
  IIIZIIII: (0.0035170725448771673+0j)
  IIZZIZIZ: (1.7675513950718778e-05+0j)
  IIIIIIZI: (0.008029344558668059+0j)
  ZIZIIIII: (0.2270859580096919+0j)
  IIZIIIII: (0.11624881104025858+0j)
  IIZIZIZI: (4.1765248746948686e-07+0j)
  IIIIIZII: (-78.4797310828488+0j)
  IZIIIIII: (-80.71090787304959+0j)
  IIIIZZII: (0.22719428247557052+0j)
  IZIIIIII: (-0.07169978069431698+0j)
  IIIIIIZI: (-81.90464423731262+0j)
  IIZIIIII: (-80.84460676215295+0j)
  IIIIIZII: (0.00806520399959911+0j)
  ZZIIIZII: (-5.575531074564961e-06+0j)
  IIIIIIZI: (0.008029344558668059+0j)
  ZIZIIIII: (0.2270859580096919+0j)
  IIZIIIII: (0.11624881104025858+0j)
  IIZIZIZI: (4.1765248746948686e-07+0j)
  IIIIIZII: (-78.4797310828488+0j)
  IZIIIIII: (-80.71090787304959+0j)
  IIIIZZII: (0.22719428247557052+0j)
  IZIIIIII: (-0.07169978069431698+0j)
  IIIIZIII: (-81.90163096399378+0j)
  ZIIIIIII: (-80.71001827359575+0j)
  IIIIIZII: (0.00806520399959911+0j)
  ZZIIIZII: (-5.575531074564961e-06+0j)
  IIIIZIII: (0.11129113561858522+0j)
  ZIIIIIII: (0.002101862058189488+0j)
  IIIIZIII: (-81.90163096399378+0j)
  ZIIIIIII: (-80.71001827359575+0j)
  ZIIIZIII: (5.358706247821912e-08+0j)

 
  IIIIZIII: (0.11129113561858522+0j)
  ZIIIIIII: (0.002101862058189488+0j)

  ZIIIZIII: (5.358706247821912e-08+0j)

 

Information about the circuit: 
Number of qubits: 8
 Depth : 53
Information about the circuit: 
Number of qubits: 8
 Depth : 53

--- Starting Optimization Loop ---

--- Starting Optimization Loop ---
Iter 10: Cost = -383.11912231055726
Iter 10: Cost = -383.11912231055726
Iter 20: Cost = -323.8342119374053
Iter 20: Cost = -323.8342119374053
Optimization success: True
Optimization success: True
Optimal Params: [3.54390707 1.20136976 3.19230559 4.30185574]

--- Final Sampling ---
Optimal Params: [3.54390707 1.20136976 3.19230559 4.30185574]

--- Final Sampling ---
Marginals: [0.14800000000000005, 0.18700000000000006, 0.13500000000000004, 0.17200000000000007, 0.32100000000000006, 0.32300000000000006, 0.06900000000000002, 0.06600000000000002]
Marginals: [0.14800000000000005, 0.18700000000000006, 0.13500000000000004, 0.17200000000000007, 0.32100000000000006, 0.32300000000000006, 0.06900000000000002, 0.06600000000000002]
--- SCAN COMPLETE: 19 Active Zones Identified ---
--- SCAN COMPLETE: 19 Active Zones Identified ---
[{'bounds': (0, 64, 0, 64), 'depth': 1, 'score': np.float64(0.16800000000000004), 'type': 'coarse_leaf'}, {'bounds': (0, 64, 64, 128), 'depth': 1, 'score': np.float64(0.02600000000000001), 'type': 'coarse_leaf'}, {'bounds': (64, 128, 0, 64), 'depth': 1, 'score': np.float64(0.35400000000000004), 'type': 'coarse_leaf'}, {'bounds': (64, 128, 64, 128), 'depth': 1, 'score': np.float64(0.169), 'type': 'coarse_leaf'}, {'bounds': (0, 64, 128, 192), 'depth': 1, 'score': np.float64(0.07900000000000001), 'type': 'coarse_leaf'}, {'bounds': (0, 64, 192, 256), 'depth': 1, 'score': np.float64(0.2960000000000001), 'type': 'coarse_leaf'}, {'bounds': (64, 128, 128, 192), 'depth': 1, 'score': np.float64(0.281), 'type': 'coarse_leaf'}, {'bounds': (64, 128, 192, 256), 'depth': 1, 'score': np.float64(0.2890000000000001), 'type': 'coarse_leaf'}, {'bounds': (128, 192, 0, 64), 'depth': 1, 'score': np.float64(0.16900000000000004), 'type': 'coarse_leaf'}, {'bounds': (128, 160, 64, 96), 'depth': 2, 'score': np.float64(0.16200000000000006), 'type': 'coarse_leaf'}, {'bounds': (128, 160, 96, 128), 'depth': 2, 'score': np.float64(0.28300000000000003), 'type': 'coarse_leaf'}, {'bounds': (160, 192, 64, 96), 'depth': 2, 'score': np.float64(0.19900000000000007), 'type': 'coarse_leaf'}, {'bounds': (160, 192, 96, 128), 'depth': 2, 'score': np.float64(0.13500000000000004), 'type': 'coarse_leaf'}, {'bounds': (192, 256, 0, 64), 'depth': 1, 'score': np.float64(0.25600000000000006), 'type': 'coarse_leaf'}, {'bounds': (192, 256, 64, 128), 'depth': 1, 'score': np.float64(0.31500000000000006), 'type': 'coarse_leaf'}, {'bounds': (128, 192, 128, 192), 'depth': 1, 'score': np.float64(0.32100000000000006), 'type': 'coarse_leaf'}, {'bounds': (128, 192, 192, 256), 'depth': 1, 'score': np.float64(0.32300000000000006), 'type': 'coarse_leaf'}, {'bounds': (192, 256, 128, 192), 'depth': 1, 'score': np.float64(0.13500000000000004), 'type': 'coarse_leaf'}, {'bounds': (192, 256, 192, 256), 'depth': 1, 'score': np.float64(0.17200000000000007), 'type': 'coarse_leaf'}]
[{'bounds': (0, 64, 0, 64), 'depth': 1, 'score': np.float64(0.16800000000000004), 'type': 'coarse_leaf'}, {'bounds': (0, 64, 64, 128), 'depth': 1, 'score': np.float64(0.02600000000000001), 'type': 'coarse_leaf'}, {'bounds': (64, 128, 0, 64), 'depth': 1, 'score': np.float64(0.35400000000000004), 'type': 'coarse_leaf'}, {'bounds': (64, 128, 64, 128), 'depth': 1, 'score': np.float64(0.169), 'type': 'coarse_leaf'}, {'bounds': (0, 64, 128, 192), 'depth': 1, 'score': np.float64(0.07900000000000001), 'type': 'coarse_leaf'}, {'bounds': (0, 64, 192, 256), 'depth': 1, 'score': np.float64(0.2960000000000001), 'type': 'coarse_leaf'}, {'bounds': (64, 128, 128, 192), 'depth': 1, 'score': np.float64(0.281), 'type': 'coarse_leaf'}, {'bounds': (64, 128, 192, 256), 'depth': 1, 'score': np.float64(0.2890000000000001), 'type': 'coarse_leaf'}, {'bounds': (128, 192, 0, 64), 'depth': 1, 'score': np.float64(0.16900000000000004), 'type': 'coarse_leaf'}, {'bounds': (128, 160, 64, 96), 'depth': 2, 'score': np.float64(0.16200000000000006), 'type': 'coarse_leaf'}, {'bounds': (128, 160, 96, 128), 'depth': 2, 'score': np.float64(0.28300000000000003), 'type': 'coarse_leaf'}, {'bounds': (160, 192, 64, 96), 'depth': 2, 'score': np.float64(0.19900000000000007), 'type': 'coarse_leaf'}, {'bounds': (160, 192, 96, 128), 'depth': 2, 'score': np.float64(0.13500000000000004), 'type': 'coarse_leaf'}, {'bounds': (192, 256, 0, 64), 'depth': 1, 'score': np.float64(0.25600000000000006), 'type': 'coarse_leaf'}, {'bounds': (192, 256, 64, 128), 'depth': 1, 'score': np.float64(0.31500000000000006), 'type': 'coarse_leaf'}, {'bounds': (128, 192, 128, 192), 'depth': 1, 'score': np.float64(0.32100000000000006), 'type': 'coarse_leaf'}, {'bounds': (128, 192, 192, 256), 'depth': 1, 'score': np.float64(0.32300000000000006), 'type': 'coarse_leaf'}, {'bounds': (192, 256, 128, 192), 'depth': 1, 'score': np.float64(0.13500000000000004), 'type': 'coarse_leaf'}, {'bounds': (192, 256, 192, 256), 'depth': 1, 'score': np.float64(0.17200000000000007), 'type': 'coarse_leaf'}]
Step 4/9 (t=0.0004) - Max Jz: 0.0000
Step 4/9 (t=0.0004) - Max Jz: 0.0000
Step 5/9 (t=0.0005) - Max Jz: 0.0000
Step 5/9 (t=0.0005) - Max Jz: 0.0000
Step 6/9 (t=0.0006) - Max Jz: 0.0000
Step 6/9 (t=0.0006) - Max Jz: 0.0000
Step 7/9 (t=0.0007) - Max Jz: 0.0000
Step 7/9 (t=0.0007) - Max Jz: 0.0000
--- START RECURSIVE VQA SCAN (Budget: 256 patches) ---
Average Phi: 0.1283286174327543 Average Phi Dev: 1.0505215525196779e-05
--- START RECURSIVE VQA SCAN (Budget: 256 patches) ---
Average Phi: 0.1283286174327543 Average Phi Dev: 1.0505215525196779e-05
Optimization Level:  1
Optimization Level:  1
  IIIIIIIZ: (-11.818536319268198+0j)
  IIIZIIII: (-8.040026150100353+0j)
  IIIIIIZZ: (0.2785257078588494+0j)
  IZIZIIII: (0.27761174089717305+0j)
  IIZZIZIZ: (1.3018449636224752e-05+0j)
  IIIIIIIZ: (-11.818536319268198+0j)
  IIIZIIII: (-8.040026150100353+0j)
  IIIIIIZI: (-10.96450894667749+0j)
  IIZIIIII: (-8.038617102765318+0j)
  IIIIIIZZ: (0.2765631745719979+0j)
  ZIZIIIII: (0.27546249931034367+0j)
  IIZZZIZI: (1.54029436925998e-05+0j)
  IIIIIZII: (-11.81780131090369+0j)
  IZIIIIII: (-8.003937008988833+0j)
  IIIIIIZZ: (0.2785257078588494+0j)
  IZIZIIII: (0.27761174089717305+0j)
  IIZZIZIZ: (1.3018449636224752e-05+0j)
  IIIIIIZI: (-10.96450894667749+0j)
  IIZIIIII: (-8.038617102765318+0j)
  IIIIIIZZ: (0.2765631745719979+0j)
  IIIIZZII: (0.2785226289979296+0j)
  IZIZIIII: (0.2776380339442209+0j)
  ZIZIIIII: (0.27546249931034367+0j)
  IIZZZIZI: (1.54029436925998e-05+0j)
  IIIIIZII: (-11.81780131090369+0j)
  IZIIIIII: (-8.003937008988833+0j)
  ZZIIIZIZ: (1.2993138844854317e-05+0j)
  IIIIZIII: (-10.965774093866052+0j)
  IIIIZZII: (0.2785226289979296+0j)
  IZIZIIII: (0.2776380339442209+0j)
  ZIIIIIII: (-8.002433241601668+0j)
  IIIIZZII: (0.2765604873182627+0j)
  ZZIIIZIZ: (1.2993138844854317e-05+0j)
  IIIIZIII: (-10.965774093866052+0j)
  ZIZIIIII: (0.2754856279460402+0j)
  ZIIIIIII: (-8.002433241601668+0j)
  IIIIZZII: (0.2765604873182627+0j)
  ZZIIZIZI: (1.5370422520648413e-05+0j)

  ZIZIIIII: (0.2754856279460402+0j)
 

  ZZIIZIZI: (1.5370422520648413e-05+0j)

 

Information about the circuit: 
Number of qubits: 8
 Depth : 72
Information about the circuit: 
Number of qubits: 8
 Depth : 72

--- Starting Optimization Loop ---

--- Starting Optimization Loop ---
Iter 10: Cost = -55.63154715401993
Iter 10: Cost = -55.63154715401993
Iter 20: Cost = -64.6782659952963
Iter 20: Cost = -64.6782659952963
Optimization success: True
Optimization success: True
Optimal Params: [2.66441155 1.51749951 4.1421883  4.19053426]
Optimal Params: [2.66441155 1.51749951 4.1421883  4.19053426]

--- Final Sampling ---

--- Final Sampling ---
Marginals: [0.07700000000000003, 0.049000000000000016, 0.07700000000000001, 0.03300000000000001, 0.08800000000000002, 0.07900000000000001, 0.08200000000000003, 0.07700000000000003]
Marginals: [0.07700000000000003, 0.049000000000000016, 0.07700000000000001, 0.03300000000000001, 0.08800000000000002, 0.07900000000000001, 0.08200000000000003, 0.07700000000000003]
Optimization Level:  1
Optimization Level:  1
  IIIIIIIZ: (-10.420030002564918+0j)
  IIIZIIII: (-7.816303010026074+0j)
  IIIIIIZZ: (0.2766840706888164+0j)
  IZIZIIII: (0.2754793186161625+0j)
  IIIIIIIZ: (-0.12105232581506459+0j)
  IIIIIIIZ: (-10.420030002564918+0j)
  IIIZIIII: (-0.09369169559245216+0j)
  IIZZIZIZ: (1.9442567868903625e-05+0j)
  IIIIIIZI: (-11.951921325164067+0j)
  IIZIIIII: (-7.817614847091792+0j)
  IIIIIIZI: (-0.1262853928674228+0j)
  ZIZIIIII: (0.27789167967768746+0j)
  IIZIIIII: (-0.1301995249927015+0j)
  IIIZIIII: (-7.816303010026074+0j)
  IIIIIIZZ: (0.2766840706888164+0j)
  IZIZIIII: (0.2754793186161625+0j)
  IIIIIIIZ: (-0.12105232581506459+0j)
  IIIZIIII: (-0.09369169559245216+0j)
  IIZIZIZI: (-6.252466957461392e-06+0j)
  IIIIIZII: (-10.416856626343268+0j)
  IIZZIZIZ: (1.9442567868903625e-05+0j)
  IIIIIIZI: (-11.951921325164067+0j)
  IIZIIIII: (-7.817614847091792+0j)
  IIIIIIZI: (-0.1262853928674228+0j)
  ZIZIIIII: (0.27789167967768746+0j)
  IIZIIIII: (-0.1301995249927015+0j)
  IZIIIIII: (-7.964061833654955+0j)
  IIIIZZII: (0.27668692760503355+0j)
  IZIIIIII: (-0.12168551691416966+0j)
  IIZIZIZI: (-6.252466957461392e-06+0j)
  IIIIIZII: (-10.416856626343268+0j)
  IIIIIZII: (-0.08827060399774947+0j)
  ZZIIIZII: (-8.605524506849626e-06+0j)
  IZIIIIII: (-7.964061833654955+0j)
  IIIIZZII: (0.27668692760503355+0j)
  IZIIIIII: (-0.12168551691416966+0j)
  IIIIZIII: (-11.952041207050272+0j)
  ZIIIIIII: (-7.965336813049942+0j)
  IIIIIZII: (-0.08827060399774947+0j)
  ZZIIIZII: (-8.605524506849626e-06+0j)
  IIIIZIII: (-0.12496874006990628+0j)
  ZIIIIIII: (-0.16939093189364374+0j)
  IIIIZIII: (-11.952041207050272+0j)
  ZIIIIIII: (-7.965336813049942+0j)
  IIIIZIII: (-0.12496874006990628+0j)
  ZIIIIIII: (-0.16939093189364374+0j)
  ZIIIZIII: (3.7835598402447185e-06+0j)

 

  ZIIIZIII: (3.7835598402447185e-06+0j)

 

Information about the circuit: 
Number of qubits: 8
 Depth : 53
Information about the circuit: 
Number of qubits: 8
 Depth : 53

--- Starting Optimization Loop ---

--- Starting Optimization Loop ---
Iter 10: Cost = -43.920152768981445
Iter 10: Cost = -43.920152768981445
Iter 20: Cost = -60.027915239314716
Iter 20: Cost = -60.027915239314716
Optimization success: True
Optimization success: True
Optimal Params: [2.66770671 1.60084578 3.87388074 4.0965214 ]

--- Final Sampling ---
Optimal Params: [2.66770671 1.60084578 3.87388074 4.0965214 ]

--- Final Sampling ---
Marginals: [0.163, 0.06600000000000002, 0.11400000000000002, 0.17900000000000002, 0.066, 0.09300000000000003, 0.04400000000000001, 0.09300000000000003]
Marginals: [0.163, 0.06600000000000002, 0.11400000000000002, 0.17900000000000002, 0.066, 0.09300000000000003, 0.04400000000000001, 0.09300000000000003]
Optimization Level:  1
Optimization Level:  1
  IIIIIIIZ: (-10.283872096908711+0j)
  IIIZIIII: (-7.587995399034636+0j)
  IIIIIIZZ: (0.22560334378470842+0j)
  IZIZIIII: (0.22470907068223447+0j)
  IIIIIIIZ: (-0.10334006318212556+0j)
  IIIZIIII: (-0.10417340928502858+0j)
  IIZZIZIZ: (1.9797743755143052e-05+0j)
  IIIIIIZI: (-10.367135490260072+0j)
  IIZIIIII: (-7.588285000501586+0j)
  IIIIIIZI: (-0.07471062079065523+0j)
  ZIZIIIII: (0.2265312819191132+0j)
  IIZIIIII: (-0.10115895221349389+0j)
  IIIIIIIZ: (-10.283872096908711+0j)
  IIZIZIZI: (-4.3310837613645475e-06+0j)
  IIIZIIII: (-7.587995399034636+0j)
  IIIIIIZZ: (0.22560334378470842+0j)
  IZIZIIII: (0.22470907068223447+0j)
  IIIIIIIZ: (-0.10334006318212556+0j)
  IIIZIIII: (-0.10417340928502858+0j)
  IIZZIZIZ: (1.9797743755143052e-05+0j)
  IIIIIIZI: (-10.367135490260072+0j)
  IIZIIIII: (-7.588285000501586+0j)
  IIIIIIZI: (-0.07471062079065523+0j)
  ZIZIIIII: (0.2265312819191132+0j)
  IIZIIIII: (-0.10115895221349389+0j)
  IIIIIZII: (-10.283728824379118+0j)
  IZIIIIII: (-7.764171484741367+0j)
  IIIIZZII: (0.22563700881663926+0j)
  IZIIIIII: (-0.12220723247064443+0j)
  IIIIIZII: (-0.10198060046458594+0j)
  ZZIIIZII: (-1.0709147593692693e-05+0j)
  IIZIZIZI: (-4.3310837613645475e-06+0j)
  IIIIZIII: (-10.367801823876476+0j)
  ZIIIIIII: (-7.762884163067442+0j)
  IIIIZIII: (-0.09735498277143606+0j)
  ZIIIIIII: (-0.07618659829677318+0j)
  ZIIIZIII: (1.881190606401606e-06+0j)

 

  IIIIIZII: (-10.283728824379118+0j)
  IZIIIIII: (-7.764171484741367+0j)
  IIIIZZII: (0.22563700881663926+0j)
  IZIIIIII: (-0.12220723247064443+0j)
  IIIIIZII: (-0.10198060046458594+0j)
  ZZIIIZII: (-1.0709147593692693e-05+0j)
  IIIIZIII: (-10.367801823876476+0j)
  ZIIIIIII: (-7.762884163067442+0j)
  IIIIZIII: (-0.09735498277143606+0j)
  ZIIIIIII: (-0.07618659829677318+0j)
  ZIIIZIII: (1.881190606401606e-06+0j)

 

Information about the circuit: 
Number of qubits: 8
 Depth : 53
Information about the circuit: 
Number of qubits: 8
 Depth : 53

--- Starting Optimization Loop ---

--- Starting Optimization Loop ---
Iter 10: Cost = -28.892064724178674
Iter 10: Cost = -28.892064724178674
Iter 20: Cost = -49.185851039665295
Iter 20: Cost = -49.185851039665295
Optimization success: True
Optimization success: True
Optimal Params: [3.39597467 1.17579217 4.63709692 4.00036356]
Optimal Params: [3.39597467 1.17579217 4.63709692 4.00036356]

--- Final Sampling ---

--- Final Sampling ---
Marginals: [0.07800000000000001, 0.08000000000000002, 0.3050000000000001, 0.2860000000000001, 0.15100000000000002, 0.14000000000000004, 0.06500000000000003, 0.16900000000000004]
Marginals: [0.07800000000000001, 0.08000000000000002, 0.3050000000000001, 0.2860000000000001, 0.15100000000000002, 0.14000000000000004, 0.06500000000000003, 0.16900000000000004]
Optimization Level:  1
Optimization Level:  1
  IIIIIIIZ: (-11.994051671352045+0j)
  IIIZIIII: (-8.041907667473748+0j)
  IIIIIIZZ: (0.2754657646825205+0j)
  IZIZIIII: (0.2766641200283819+0j)
  IIIIIIIZ: (-0.0926391554745551+0j)
  IIIZIIII: (-0.1184167742062347+0j)
  IIIIIIIZ: (-11.994051671352045+0j)
  IIZZIZIZ: (1.9130213257904366e-05+0j)
  IIIIIIZI: (-10.486949629707716+0j)
  IIZIIIII: (-8.042511502934499+0j)
  IIIIIIZI: (-0.14853646912191998+0j)
  ZIZIIIII: (0.27429903746628903+0j)
  IIZIIIII: (-0.1239742571237599+0j)
  IIZIZIZI: (-6.8428248344271986e-06+0j)
  IIIZIIII: (-8.041907667473748+0j)
  IIIIIIZZ: (0.2754657646825205+0j)
  IZIZIIII: (0.2766641200283819+0j)
  IIIIIIIZ: (-0.0926391554745551+0j)
  IIIZIIII: (-0.1184167742062347+0j)
  IIIIIZII: (-11.990592213064968+0j)
  IZIIIIII: (-7.827810075003861+0j)
  IIIIZZII: (0.27549739281215047+0j)
  IZIIIIII: (-0.09089020888366733+0j)
  IIIIIZII: (-0.12302507343942717+0j)
  ZZIIIZII: (-6.261387585310926e-06+0j)
  IIZZIZIZ: (1.9130213257904366e-05+0j)
  IIIIIIZI: (-10.486949629707716+0j)
  IIZIIIII: (-8.042511502934499+0j)
  IIIIIIZI: (-0.14853646912191998+0j)
  ZIZIIIII: (0.27429903746628903+0j)
  IIZIIIII: (-0.1239742571237599+0j)
  IIZIZIZI: (-6.8428248344271986e-06+0j)
  IIIIZIII: (-10.483054802702302+0j)
  ZIIIIIII: (-7.830316928718733+0j)
  IIIIIZII: (-11.990592213064968+0j)
  IZIIIIII: (-7.827810075003861+0j)
  IIIIZZII: (0.27549739281215047+0j)
  IZIIIIII: (-0.09089020888366733+0j)
  IIIIIZII: (-0.12302507343942717+0j)
  ZZIIIZII: (-6.261387585310926e-06+0j)
  IIIIZIII: (-0.12663983747642865+0j)
  ZIIIIIII: (-0.12565183773211316+0j)
  IIIIZIII: (-10.483054802702302+0j)
  ZIIIIIII: (-7.830316928718733+0j)
  ZIIIZIII: (2.6579279929869656e-06+0j)
  IIIIZIII: (-0.12663983747642865+0j)
  ZIIIIIII: (-0.12565183773211316+0j)

 

  ZIIIZIII: (2.6579279929869656e-06+0j)

 

Information about the circuit: 
Number of qubits: 8
 Depth : 53
Information about the circuit: 
Number of qubits: 8
 Depth : 53

--- Starting Optimization Loop ---

--- Starting Optimization Loop ---
Iter 10: Cost = -39.13946760363644
Iter 10: Cost = -39.13946760363644
Iter 20: Cost = -41.41988278239489
Iter 20: Cost = -41.41988278239489
Optimization success: True
Optimization success: True
Optimal Params: [2.58454382 1.55692775 4.1370552  3.10466806]

--- Final Sampling ---
Optimal Params: [2.58454382 1.55692775 4.1370552  3.10466806]

--- Final Sampling ---
Marginals: [0.5420000000000001, 0.5780000000000002, 0.17000000000000004, 0.15000000000000008, 0.09500000000000003, 0.12400000000000005, 0.2340000000000001, 0.16700000000000007]
Marginals: [0.5420000000000001, 0.5780000000000002, 0.17000000000000004, 0.15000000000000008, 0.09500000000000003, 0.12400000000000005, 0.2340000000000001, 0.16700000000000007]
Optimization Level:  1
Optimization Level:  1
  IIIIIIIZ: (-11.994051671352045+0j)
  IIIZIIII: (-8.041907667473748+0j)
  IIIIIIZZ: (0.2754657646825205+0j)
  IZIZIIII: (0.2766641200283819+0j)
  IIIIIIIZ: (-0.0926391554745551+0j)
  IIIZIIII: (-0.1184167742062347+0j)
  IIZZIZIZ: (1.9130213257904366e-05+0j)
  IIIIIIIZ: (-11.994051671352045+0j)
  IIIIIIZI: (-10.486949629707716+0j)
  IIZIIIII: (-8.042511502934499+0j)
  IIIZIIII: (-8.041907667473748+0j)
  IIIIIIZZ: (0.2754657646825205+0j)
  IZIZIIII: (0.2766641200283819+0j)
  IIIIIIIZ: (-0.0926391554745551+0j)
  IIIZIIII: (-0.1184167742062347+0j)
  IIZZIZIZ: (1.9130213257904366e-05+0j)
  IIIIIIZI: (-0.1601736583627379+0j)
  ZIZIIIII: (0.27429903746628903+0j)
  IIZIIIII: (-0.12179056133857519+0j)
  IIZIZIZI: (-7.378930532985549e-06+0j)
  IIIIIZII: (-11.990592213064968+0j)
  IZIIIIII: (-7.827810075003861+0j)
  IIIIIIZI: (-10.486949629707716+0j)
  IIZIIIII: (-8.042511502934499+0j)
  IIIIZZII: (0.27549739281215047+0j)
  IZIIIIII: (-0.029918160271889965+0j)
  IIIIIIZI: (-0.1601736583627379+0j)
  ZIZIIIII: (0.27429903746628903+0j)
  IIZIIIII: (-0.12179056133857519+0j)
  IIZIZIZI: (-7.378930532985549e-06+0j)
  IIIIIZII: (-11.990592213064968+0j)
  IZIIIIII: (-7.827810075003861+0j)
  IIIIIZII: (-0.030381609333796012+0j)
  IIIIZZII: (0.27549739281215047+0j)
  IZIIIIII: (-0.029918160271889965+0j)
  ZZIIIZII: (-2.061049254948041e-06+0j)
  IIIIZIII: (-10.483054802702302+0j)
  IIIIIZII: (-0.030381609333796012+0j)
  ZIIIIIII: (-7.830316928718733+0j)
  IIIIZIII: (0.067774469896965+0j)
  ZIIIIIII: (0.02863768476056807+0j)
  ZIIIZIII: (3.2419630100419703e-07+0j)

 

  ZZIIIZII: (-2.061049254948041e-06+0j)
  IIIIZIII: (-10.483054802702302+0j)
  ZIIIIIII: (-7.830316928718733+0j)
  IIIIZIII: (0.067774469896965+0j)
  ZIIIIIII: (0.02863768476056807+0j)
  ZIIIZIII: (3.2419630100419703e-07+0j)

 

Information about the circuit: 
Number of qubits: 8
 Depth : 53
Information about the circuit: 
Number of qubits: 8
 Depth : 53

--- Starting Optimization Loop ---

--- Starting Optimization Loop ---
Iter 10: Cost = -43.62208353036333
Iter 10: Cost = -43.62208353036333
Iter 20: Cost = -50.29796779805918
Iter 20: Cost = -50.29796779805918
Optimization success: True
Optimization success: True
Optimal Params: [2.68116783 1.53645423 4.13693781 3.08986621]
Optimal Params: [2.68116783 1.53645423 4.13693781 3.08986621]

--- Final Sampling ---

--- Final Sampling ---
Marginals: [0.17800000000000005, 0.2890000000000001, 0.16900000000000007, 0.14100000000000001, 0.15300000000000005, 0.14300000000000004, 0.17500000000000004, 0.10800000000000004]
Marginals: [0.17800000000000005, 0.2890000000000001, 0.16900000000000007, 0.14100000000000001, 0.15300000000000005, 0.14300000000000004, 0.17500000000000004, 0.10800000000000004]
Optimization Level:  1
Optimization Level:  1
  IIIIIIIZ: (-11.038911459211763+0j)
  IIIZIIII: (-7.238488674599107+0j)
  IIIIIIZZ: (0.25223744325160335+0j)
  IZIZIIII: (0.2517487689019827+0j)
  IIIIIIIZ: (-0.13148355426778313+0j)
  IIIIIIIZ: (-11.038911459211763+0j)
  IIIZIIII: (-0.10980000144181458+0j)
  IIZZIZIZ: (6.954933843452951e-06+0j)
  IIIIIIZI: (-11.650636653807284+0j)
  IIZIIIII: (-6.751788423480795+0j)
  IIIIIIZI: (-0.1380934152963546+0j)
  IIIZIIII: (-7.238488674599107+0j)
  IIIIIIZZ: (0.25223744325160335+0j)
  IZIZIIII: (0.2517487689019827+0j)
  IIIIIIIZ: (-0.13148355426778313+0j)
  IIIZIIII: (-0.10980000144181458+0j)
  IIZZIZIZ: (6.954933843452951e-06+0j)
  IIIIIIZI: (-11.650636653807284+0j)
  ZIZIIIII: (0.2537623167054608+0j)
  IIZIIIII: (-0.11469232626611085+0j)
  IIZIIIII: (-6.751788423480795+0j)
  IIIIIIZI: (-0.1380934152963546+0j)
  IIZIZIZI: (-2.3150344445220585e-06+0j)
  IIIIIZII: (-10.07845795039332+0j)
  ZIZIIIII: (0.2537623167054608+0j)
  IIZIIIII: (-0.11469232626611085+0j)
  IZIIIIII: (-6.830609711504687+0j)
  IIIIZZII: (0.2532736423558401+0j)
  IIZIZIZI: (-2.3150344445220585e-06+0j)
  IIIIIZII: (-10.07845795039332+0j)
  IZIIIIII: (0.03702764227547637+0j)
  IIIIIZII: (0.03435871891774021+0j)
  IZIIIIII: (-6.830609711504687+0j)
  IIIIZZII: (0.2532736423558401+0j)
  ZZIIIZII: (1.8530047115000403e-06+0j)
  IZIIIIII: (0.03702764227547637+0j)
  IIIIIZII: (0.03435871891774021+0j)
  IIIIZIII: (-9.742498265041336+0j)
  ZIIIIIII: (-5.759479600609971+0j)
  ZZIIIZII: (1.8530047115000403e-06+0j)
  IIIIZIII: (-0.035762634460108425+0j)
  ZIIIIIII: (-0.045122174158693865+0j)
  IIIIZIII: (-9.742498265041336+0j)
  ZIIIIIII: (-5.759479600609971+0j)
  ZIIIZIII: (1.9820911165688994e-07+0j)

  IIIIZIII: (-0.035762634460108425+0j)
  ZIIIIIII: (-0.045122174158693865+0j)
 

  ZIIIZIII: (1.9820911165688994e-07+0j)

 

Information about the circuit: 
Number of qubits: 8
 Depth : 53
Information about the circuit: 
Number of qubits: 8
 Depth : 53

--- Starting Optimization Loop ---

--- Starting Optimization Loop ---
Iter 10: Cost = -20.415315334955647
Iter 10: Cost = -20.415315334955647
Iter 20: Cost = -44.04056370853178
Iter 20: Cost = -44.04056370853178
Iter 30: Cost = -42.75312524835699
Iter 30: Cost = -42.75312524835699
Optimization success: True
Optimization success: True
Optimal Params: [2.9003234  1.47848127 4.20976824 4.18981553]

--- Final Sampling ---
Optimal Params: [2.9003234  1.47848127 4.20976824 4.18981553]

--- Final Sampling ---
Marginals: [0.069, 0.11100000000000004, 0.42500000000000004, 0.132, 0.05200000000000001, 0.068, 0.2690000000000001, 0.2890000000000001]
Marginals: [0.069, 0.11100000000000004, 0.42500000000000004, 0.132, 0.05200000000000001, 0.068, 0.2690000000000001, 0.2890000000000001]
Optimization Level:  1
Optimization Level:  1
  IIIIIIIZ: (-9.95349833809811+0j)
  IIIZIIII: (-8.194850031692702+0j)
  IIIIIIZZ: (0.22929385505189576+0j)
  IZIZIIII: (0.23078569107821426+0j)
  IIIIIIIZ: (-0.13978265311554697+0j)
  IIIZIIII: (-0.10346506706480316+0j)
  IIZZIZIZ: (2.6576831107099392e-05+0j)
  IIIIIIIZ: (-9.95349833809811+0j)
  IIIIIIZI: (-10.05433120855851+0j)
  IIZIIIII: (-8.153502374628605+0j)
  IIIIIIZI: (-0.10058749315129693+0j)
  ZIZIIIII: (0.2286880362551178+0j)
  IIIZIIII: (-8.194850031692702+0j)
  IIIIIIZZ: (0.22929385505189576+0j)
  IZIZIIII: (0.23078569107821426+0j)
  IIIIIIIZ: (-0.13978265311554697+0j)
  IIIZIIII: (-0.10346506706480316+0j)
  IIZZIZIZ: (2.6576831107099392e-05+0j)
  IIIIIIZI: (-10.05433120855851+0j)
  IIZIIIII: (-0.0729576610721353+0j)
  IIZIZIZI: (-8.275941181825936e-06+0j)
  IIZIIIII: (-8.153502374628605+0j)
  IIIIIIZI: (-0.10058749315129693+0j)
  ZIZIIIII: (0.2286880362551178+0j)
  IIIIIZII: (-8.042423899335713+0j)
  IIZIIIII: (-0.0729576610721353+0j)
  IIZIZIZI: (-8.275941181825936e-06+0j)
  IZIIIIII: (-6.882935018074527+0j)
  IIIIZZII: (0.23017987228143633+0j)
  IZIIIIII: (-0.10497018479489115+0j)
  IIIIIZII: (-8.042423899335713+0j)
  IIIIIZII: (-0.10784529449994183+0j)
  IZIIIIII: (-6.882935018074527+0j)
  IIIIZZII: (0.23017987228143633+0j)
  IZIIIIII: (-0.10497018479489115+0j)
  ZZIIIZII: (-1.4599869151002075e-05+0j)
  IIIIIZII: (-0.10784529449994183+0j)
  IIIIZIII: (-9.084100550131497+0j)
  ZZIIIZII: (-1.4599869151002075e-05+0j)
  ZIIIIIII: (-7.3691297323185765+0j)
  IIIIZIII: (-0.07765883809035494+0j)
  IIIIZIII: (-9.084100550131497+0j)
  ZIIIIIII: (-0.10031814612219123+0j)
  ZIIIZIII: (3.335692248503494e-06+0j)
  ZIIIIIII: (-7.3691297323185765+0j)
  IIIIZIII: (-0.07765883809035494+0j)

 
  ZIIIIIII: (-0.10031814612219123+0j)
  ZIIIZIII: (3.335692248503494e-06+0j)


 

Information about the circuit: 
Number of qubits: 8
 Depth : 53
Information about the circuit: 
Number of qubits: 8
 Depth : 53

--- Starting Optimization Loop ---

--- Starting Optimization Loop ---
Iter 10: Cost = -20.340008963441647
Iter 10: Cost = -20.340008963441647
Iter 20: Cost = -36.94823388390125
Iter 20: Cost = -36.94823388390125
Optimization success: True
Optimization success: True
Optimal Params: [2.51900913 1.64489967 3.42799898 4.54062051]

--- Final Sampling ---
Optimal Params: [2.51900913 1.64489967 3.42799898 4.54062051]

--- Final Sampling ---
Marginals: [0.13400000000000006, 0.5860000000000002, 0.2350000000000001, 0.18600000000000005, 0.22000000000000008, 0.2350000000000001, 0.20400000000000007, 0.06700000000000002]
Marginals: [0.13400000000000006, 0.5860000000000002, 0.2350000000000001, 0.18600000000000005, 0.22000000000000008, 0.2350000000000001, 0.20400000000000007, 0.06700000000000002]
Optimization Level:  1
Optimization Level:  1
  IIIIIIIZ: (-9.500685695162135+0j)
  IIIZIIII: (-7.696952271050102+0j)
  IIIIIIZZ: (0.24875685364680405+0j)
  IZIZIIII: (0.24755862759903846+0j)
  IIIIIIIZ: (-0.1240682235545374+0j)
  IIIZIIII: (-0.11461513275823838+0j)
  IIIIIIZI: (-10.27274743379459+0j)
  IIZIIIII: (-7.692942842026104+0j)
  IIIIIIZI: (-0.11089929083734755+0j)
  IIIIIIIZ: (-9.500685695162135+0j)
  ZIZIIIII: (0.24998081066074312+0j)
  IIZIIIII: (-0.07975063128522526+0j)
  IIZIZIZI: (-4.970744752846571e-07+0j)
  IIIIIZII: (-9.496826145576112+0j)
  IZIIIIII: (-7.839744590607341+0j)
  IIIZIIII: (-7.696952271050102+0j)
  IIIIIIZZ: (0.24875685364680405+0j)
  IZIZIIII: (0.24755862759903846+0j)
  IIIIIIIZ: (-0.1240682235545374+0j)
  IIIZIIII: (-0.11461513275823838+0j)
  IIIIIIZI: (-10.27274743379459+0j)
  IIZIIIII: (-7.692942842026104+0j)
  IIIIIIZI: (-0.11089929083734755+0j)
  ZIZIIIII: (0.24998081066074312+0j)
  IIZIIIII: (-0.07975063128522526+0j)
  IIIIZZII: (0.24878258461297753+0j)
  IZIIIIII: (0.07536742116120454+0j)
  IIZIZIZI: (-4.970744752846571e-07+0j)
  IIIIIZII: (-9.496826145576112+0j)
  IZIIIIII: (-7.839744590607341+0j)
  IIIIIZII: (0.06923594973527457+0j)
  ZZIIIZII: (3.198073129719876e-07+0j)
  IIIIZZII: (0.24878258461297753+0j)
  IZIIIIII: (0.07536742116120454+0j)
  IIIIZIII: (-10.26873438197656+0j)
  ZIIIIIII: (-7.8343276733265945+0j)
  IIIIIZII: (0.06923594973527457+0j)
  ZZIIIZII: (3.198073129719876e-07+0j)
  IIIIZIII: (-0.03134762025231824+0j)
  ZIIIIIII: (-0.02326946067287715+0j)
  ZIIIZIII: (1.3143814773836935e-08+0j)

 

  IIIIZIII: (-10.26873438197656+0j)
  ZIIIIIII: (-7.8343276733265945+0j)
  IIIIZIII: (-0.03134762025231824+0j)
  ZIIIIIII: (-0.02326946067287715+0j)
  ZIIIZIII: (1.3143814773836935e-08+0j)

 

Information about the circuit: 
Number of qubits: 8
 Depth : 36
Information about the circuit: 
Number of qubits: 8
 Depth : 36

--- Starting Optimization Loop ---

--- Starting Optimization Loop ---
Iter 10: Cost = -27.235919035780423
Iter 10: Cost = -27.235919035780423
Iter 20: Cost = -55.14421340817823
Iter 20: Cost = -55.14421340817823
Optimization success: True
Optimization success: True
Optimal Params: [3.38432137 1.3505126  3.03989034 4.1312826 ]

--- Final Sampling ---
Optimal Params: [3.38432137 1.3505126  3.03989034 4.1312826 ]

--- Final Sampling ---
Marginals: [0.11200000000000004, 0.31600000000000006, 0.027000000000000003, 0.034, 0.06900000000000002, 0.005, 0.08400000000000002, 0.20500000000000002]
Marginals: [0.11200000000000004, 0.31600000000000006, 0.027000000000000003, 0.034, 0.06900000000000002, 0.005, 0.08400000000000002, 0.20500000000000002]
--- SCAN COMPLETE: 25 Active Zones Identified ---
--- SCAN COMPLETE: 25 Active Zones Identified ---
[{'bounds': (0, 64, 0, 64), 'depth': 1, 'score': np.float64(0.163), 'type': 'coarse_leaf'}, {'bounds': (0, 64, 64, 128), 'depth': 1, 'score': np.float64(0.09300000000000003), 'type': 'coarse_leaf'}, {'bounds': (64, 128, 0, 64), 'depth': 1, 'score': np.float64(0.11400000000000002), 'type': 'coarse_leaf'}, {'bounds': (64, 128, 64, 128), 'depth': 1, 'score': np.float64(0.17900000000000002), 'type': 'coarse_leaf'}, {'bounds': (0, 64, 128, 192), 'depth': 1, 'score': np.float64(0.15100000000000002), 'type': 'coarse_leaf'}, {'bounds': (0, 64, 192, 256), 'depth': 1, 'score': np.float64(0.14000000000000004), 'type': 'coarse_leaf'}, {'bounds': (64, 128, 128, 192), 'depth': 1, 'score': np.float64(0.3050000000000001), 'type': 'coarse_leaf'}, {'bounds': (64, 128, 192, 256), 'depth': 1, 'score': np.float64(0.2860000000000001), 'type': 'coarse_leaf'}, {'bounds': (128, 160, 0, 32), 'depth': 2, 'score': np.float64(0.17800000000000005), 'type': 'coarse_leaf'}, {'bounds': (128, 160, 32, 64), 'depth': 2, 'score': np.float64(0.2890000000000001), 'type': 'coarse_leaf'}, {'bounds': (160, 192, 0, 32), 'depth': 2, 'score': np.float64(0.17500000000000004), 'type': 'coarse_leaf'}, {'bounds': (160, 192, 32, 64), 'depth': 2, 'score': np.float64(0.14100000000000001), 'type': 'coarse_leaf'}, {'bounds': (128, 160, 64, 96), 'depth': 2, 'score': np.float64(0.069), 'type': 'coarse_leaf'}, {'bounds': (128, 160, 96, 128), 'depth': 2, 'score': np.float64(0.11100000000000004), 'type': 'coarse_leaf'}, {'bounds': (160, 192, 64, 96), 'depth': 2, 'score': np.float64(0.42500000000000004), 'type': 'coarse_leaf'}, {'bounds': (160, 192, 96, 128), 'depth': 2, 'score': np.float64(0.2890000000000001), 'type': 'coarse_leaf'}, {'bounds': (192, 256, 0, 64), 'depth': 1, 'score': np.float64(0.2340000000000001), 'type': 'coarse_leaf'}, {'bounds': (192, 256, 64, 128), 'depth': 1, 'score': np.float64(0.16700000000000007), 'type': 'coarse_leaf'}, {'bounds': (128, 192, 128, 192), 'depth': 1, 'score': np.float64(0.22000000000000008), 'type': 'coarse_leaf'}, {'bounds': (128, 160, 192, 224), 'depth': 2, 'score': np.float64(0.11200000000000004), 'type': 'coarse_leaf'}, {'bounds': (128, 160, 224, 256), 'depth': 2, 'score': np.float64(0.31600000000000006), 'type': 'coarse_leaf'}, {'bounds': (160, 192, 192, 224), 'depth': 2, 'score': np.float64(0.08400000000000002), 'type': 'coarse_leaf'}, {'bounds': (160, 192, 224, 256), 'depth': 2, 'score': np.float64(0.20500000000000002), 'type': 'coarse_leaf'}, {'bounds': (192, 256, 128, 192), 'depth': 1, 'score': np.float64(0.2350000000000001), 'type': 'coarse_leaf'}, {'bounds': (192, 256, 192, 256), 'depth': 1, 'score': np.float64(0.18600000000000005), 'type': 'coarse_leaf'}]
[{'bounds': (0, 64, 0, 64), 'depth': 1, 'score': np.float64(0.163), 'type': 'coarse_leaf'}, {'bounds': (0, 64, 64, 128), 'depth': 1, 'score': np.float64(0.09300000000000003), 'type': 'coarse_leaf'}, {'bounds': (64, 128, 0, 64), 'depth': 1, 'score': np.float64(0.11400000000000002), 'type': 'coarse_leaf'}, {'bounds': (64, 128, 64, 128), 'depth': 1, 'score': np.float64(0.17900000000000002), 'type': 'coarse_leaf'}, {'bounds': (0, 64, 128, 192), 'depth': 1, 'score': np.float64(0.15100000000000002), 'type': 'coarse_leaf'}, {'bounds': (0, 64, 192, 256), 'depth': 1, 'score': np.float64(0.14000000000000004), 'type': 'coarse_leaf'}, {'bounds': (64, 128, 128, 192), 'depth': 1, 'score': np.float64(0.3050000000000001), 'type': 'coarse_leaf'}, {'bounds': (64, 128, 192, 256), 'depth': 1, 'score': np.float64(0.2860000000000001), 'type': 'coarse_leaf'}, {'bounds': (128, 160, 0, 32), 'depth': 2, 'score': np.float64(0.17800000000000005), 'type': 'coarse_leaf'}, {'bounds': (128, 160, 32, 64), 'depth': 2, 'score': np.float64(0.2890000000000001), 'type': 'coarse_leaf'}, {'bounds': (160, 192, 0, 32), 'depth': 2, 'score': np.float64(0.17500000000000004), 'type': 'coarse_leaf'}, {'bounds': (160, 192, 32, 64), 'depth': 2, 'score': np.float64(0.14100000000000001), 'type': 'coarse_leaf'}, {'bounds': (128, 160, 64, 96), 'depth': 2, 'score': np.float64(0.069), 'type': 'coarse_leaf'}, {'bounds': (128, 160, 96, 128), 'depth': 2, 'score': np.float64(0.11100000000000004), 'type': 'coarse_leaf'}, {'bounds': (160, 192, 64, 96), 'depth': 2, 'score': np.float64(0.42500000000000004), 'type': 'coarse_leaf'}, {'bounds': (160, 192, 96, 128), 'depth': 2, 'score': np.float64(0.2890000000000001), 'type': 'coarse_leaf'}, {'bounds': (192, 256, 0, 64), 'depth': 1, 'score': np.float64(0.2340000000000001), 'type': 'coarse_leaf'}, {'bounds': (192, 256, 64, 128), 'depth': 1, 'score': np.float64(0.16700000000000007), 'type': 'coarse_leaf'}, {'bounds': (128, 192, 128, 192), 'depth': 1, 'score': np.float64(0.22000000000000008), 'type': 'coarse_leaf'}, {'bounds': (128, 160, 192, 224), 'depth': 2, 'score': np.float64(0.11200000000000004), 'type': 'coarse_leaf'}, {'bounds': (128, 160, 224, 256), 'depth': 2, 'score': np.float64(0.31600000000000006), 'type': 'coarse_leaf'}, {'bounds': (160, 192, 192, 224), 'depth': 2, 'score': np.float64(0.08400000000000002), 'type': 'coarse_leaf'}, {'bounds': (160, 192, 224, 256), 'depth': 2, 'score': np.float64(0.20500000000000002), 'type': 'coarse_leaf'}, {'bounds': (192, 256, 128, 192), 'depth': 1, 'score': np.float64(0.2350000000000001), 'type': 'coarse_leaf'}, {'bounds': (192, 256, 192, 256), 'depth': 1, 'score': np.float64(0.18600000000000005), 'type': 'coarse_leaf'}]
Step 8/9 (t=0.0008) - Max Jz: 0.0000
Step 8/9 (t=0.0008) - Max Jz: 0.0000
SCORE :  0.730019523246002
SCORE :  0.730019523246002
[2026-01-13 13:25:11] ✅ Stage 'Main Pipeline' completed successfully.
[2026-01-13 13:25:11] ✅ Stage 'Main Pipeline' completed successfully.
[2026-01-13 13:25:11] ==============================================================
[2026-01-13 13:25:11] 🎉 Q-HAS completed successfully!
[2026-01-13 13:25:11] Full log: /Users/Sayu/Desktop/BA_Proj/data/../logs/pipeline[2026-01-13_13-23-39].log
[2026-01-13 13:25:11] ==============================================================
