[2025-12-27 18:30:32] ==============================================================
[2025-12-27 18:30:32] 🚀 Starting Q-HAS: Quantum-Hierarchical Adaptive Steering Pipeline - Variational Workflow
[2025-12-27 18:30:32] Mode: simulator | Backend: aer | Shots: 100000 | Method: COBYLA
[2025-12-27 18:30:32] Script Path: /Users/Sayu/Desktop/BA_Proj/src
[2025-12-27 18:30:32] Output Dir: /Users/Sayu/Desktop/BA_Proj/data
[2025-12-27 18:30:32] Input File: /Users/Sayu/Desktop/BA_Proj/input/mapping_input.json
[2025-12-27 18:30:32] ==============================================================
[2025-12-27 18:30:32] 🧹 Cleaning previous results...
[2025-12-27 18:30:32] ➡️ Stage: Main Pipeline
[2025-12-27 18:30:32] ➡️ Stage: Main Pipeline
[2025-12-27 18:30:32] Running: python /Users/Sayu/Desktop/BA_Proj/src/pipeline.py --out-dir /Users/Sayu/Desktop/BA_Proj/data --mode simulator --grid-size 8 --dns-resolution 256 --t-max 1.0 --dt 0.01 --hybrid-dt 0.1 --depth 1 --backend aer --shots 100000 --method COBYLA
[2025-12-27 18:30:32] Running: python /Users/Sayu/Desktop/BA_Proj/src/pipeline.py --out-dir /Users/Sayu/Desktop/BA_Proj/data --mode simulator --grid-size 8 --dns-resolution 256 --t-max 1.0 --dt 0.01 --hybrid-dt 0.1 --depth 1 --backend aer --shots 100000 --method COBYLA
Initialisation Orszag-Tang (Grille 8x8)...
Initialisation Orszag-Tang (Grille 8x8)...
Lancement pour 100 pas de temps...
Lancement pour 100 pas de temps...
🔹 Detected Conda environment: qiskit-project
🔹 Detected Conda environment: qiskit-project
[2025-12-27 18:30:35] ==============================================================
[2025-12-27 18:30:35] ==============================================================
[2025-12-27 18:30:35] 🚀 Starting Quantum Pipeline
[2025-12-27 18:30:35] 🚀 Starting Quantum Pipeline
[2025-12-27 18:30:35] Mode: simulator | Backend: aer | Shots: 100000 | Method: COBYLA
[2025-12-27 18:30:35] Mode: simulator | Backend: aer | Shots: 100000 | Method: COBYLA
[2025-12-27 18:30:35] Script Path: /Users/Sayu/Desktop/BA_Proj/src/VQA
[2025-12-27 18:30:35] Script Path: /Users/Sayu/Desktop/BA_Proj/src/VQA
[2025-12-27 18:30:35] Output Dir: /Users/Sayu/Desktop/BA_Proj/data
[2025-12-27 18:30:35] Output Dir: /Users/Sayu/Desktop/BA_Proj/data
[2025-12-27 18:30:35] Input File: /Users/Sayu/Desktop/BA_Proj/data/vqa_input.json
[2025-12-27 18:30:35] Input File: /Users/Sayu/Desktop/BA_Proj/data/vqa_input.json
[2025-12-27 18:30:35] ==============================================================
[2025-12-27 18:30:35] ==============================================================
[2025-12-27 18:30:35] ➡️ Stage: TEST
[2025-12-27 18:30:35] ➡️ Stage: TEST
[2025-12-27 18:30:35] Running: python /Users/Sayu/Desktop/BA_Proj/src/VQA/TEST1.py --in-file /Users/Sayu/Desktop/BA_Proj/data/vqa_input.json --out-file /Users/Sayu/Desktop/BA_Proj/data/vqa_output.json --numqbits 128
[2025-12-27 18:30:35] Running: python /Users/Sayu/Desktop/BA_Proj/src/VQA/TEST1.py --in-file /Users/Sayu/Desktop/BA_Proj/data/vqa_input.json --out-file /Users/Sayu/Desktop/BA_Proj/data/vqa_output.json --numqbits 128
--- [VQA WORKER] Démarrage ---
✅ Input Lu avec succès.
   -> Theta_h: 8 angles
   -> Theta_v: 8 angles
⚙️  Génération de 1000 shots pour 128 qubits...
📊 Résultat Counts (Extrait): [('01000011011010101111101111101101110001111100110100011011101001011101101110100110000100111010111100101100100000100100111110000010', 84), ('00010000010001100001111010111011010101101100100101010101010001100010110011111110111101100101001001110101110100111110011100001000', 275), ('10010001001011010010101010100010101001111010110110101110000110010011100101000000110101100100100111100010011100000001010000011001', 105)] ...
💾 Probabilités sauvegardées dans: /Users/Sayu/Desktop/BA_Proj/data/vqa_output.json
💾 Counts bruts sauvegardés dans : /Users/Sayu/Desktop/BA_Proj/data/debug_counts.json
--- [VQA WORKER] Démarrage ---
✅ Input Lu avec succès.
   -> Theta_h: 8 angles
   -> Theta_v: 8 angles
⚙️  Génération de 1000 shots pour 128 qubits...
📊 Résultat Counts (Extrait): [('01000011011010101111101111101101110001111100110100011011101001011101101110100110000100111010111100101100100000100100111110000010', 84), ('00010000010001100001111010111011010101101100100101010101010001100010110011111110111101100101001001110101110100111110011100001000', 275), ('10010001001011010010101010100010101001111010110110101110000110010011100101000000110101100100100111100010011100000001010000011001', 105)] ...
💾 Probabilités sauvegardées dans: /Users/Sayu/Desktop/BA_Proj/data/vqa_output.json
💾 Counts bruts sauvegardés dans : /Users/Sayu/Desktop/BA_Proj/data/debug_counts.json
[2025-12-27 18:30:36] ✅ Stage 'TEST' completed successfully.
[2025-12-27 18:30:36] ✅ Stage 'TEST' completed successfully.
[2025-12-27 18:30:36] ==============================================================
[2025-12-27 18:30:36] ==============================================================
[2025-12-27 18:30:36] 🎉 Q-HAS Variational pipeline completed successfully!
[2025-12-27 18:30:36] 🎉 Q-HAS Variational pipeline completed successfully!
[2025-12-27 18:30:36] Results saved in: /Users/Sayu/Desktop/BA_Proj/data
[2025-12-27 18:30:36] Results saved in: /Users/Sayu/Desktop/BA_Proj/data
[2025-12-27 18:30:36] Full log: /Users/Sayu/Desktop/BA_Proj/data/../logs/pipeline[2025-12-27_18-30-33].log
[2025-12-27 18:30:36] Full log: /Users/Sayu/Desktop/BA_Proj/data/../logs/pipeline[2025-12-27_18-30-33].log
[2025-12-27 18:30:36] ==============================================================
[2025-12-27 18:30:36] ==============================================================
VQA Probabilities: [0.95  0.85  0.034 0.663 0.447 0.303 0.269 0.587 0.282 0.482 0.673 0.26
 0.297 0.592 0.713 0.348 0.317 0.381 0.267 0.779 0.686 0.53  0.497 0.52
 0.848 0.498 0.699 0.545 0.613 0.127 0.509 0.519 0.455 0.752 0.387 0.53
 0.294 0.775 0.555 0.605 0.718 0.4   0.349 0.234 0.709 0.469 0.201 0.874
 0.571 0.636 0.418 0.641 0.334 0.646 0.5   0.576 0.22  0.598 0.181 0.264
 0.593 0.723 0.381 0.446 0.528 0.281 0.861 0.368 0.78  0.547 0.141 0.602
 0.455 0.566 0.498 0.435 0.503 0.63  0.656 0.106 0.683 0.709 0.498 0.68
 0.504 0.666 0.791 0.535 0.381 0.514 0.314 0.375 0.602 0.355 0.847 0.643
 0.494 0.492 0.915 0.561 0.521 0.428 0.132 0.589 0.765 0.82  0.581 0.772
 0.101 0.465 0.769 0.552 0.371 0.831 0.388 0.383 0.361 0.753 0.553 0.703
 0.318 0.274 0.171 0.399 0.793 0.431 0.521 0.206]
VQA Probabilities: [0.95  0.85  0.034 0.663 0.447 0.303 0.269 0.587 0.282 0.482 0.673 0.26
 0.297 0.592 0.713 0.348 0.317 0.381 0.267 0.779 0.686 0.53  0.497 0.52
 0.848 0.498 0.699 0.545 0.613 0.127 0.509 0.519 0.455 0.752 0.387 0.53
 0.294 0.775 0.555 0.605 0.718 0.4   0.349 0.234 0.709 0.469 0.201 0.874
 0.571 0.636 0.418 0.641 0.334 0.646 0.5   0.576 0.22  0.598 0.181 0.264
 0.593 0.723 0.381 0.446 0.528 0.281 0.861 0.368 0.78  0.547 0.141 0.602
 0.455 0.566 0.498 0.435 0.503 0.63  0.656 0.106 0.683 0.709 0.498 0.68
 0.504 0.666 0.791 0.535 0.381 0.514 0.314 0.375 0.602 0.355 0.847 0.643
 0.494 0.492 0.915 0.561 0.521 0.428 0.132 0.589 0.765 0.82  0.581 0.772
 0.101 0.465 0.769 0.552 0.371 0.831 0.388 0.383 0.361 0.753 0.553 0.703
 0.318 0.274 0.171 0.399 0.793 0.431 0.521 0.206]
Step 0/100 (t=0.00) - Max Jz: 2.1735
Step 0/100 (t=0.00) - Max Jz: 2.1735
Step 1/100 (t=0.01) - Max Jz: 2.1735
Step 1/100 (t=0.01) - Max Jz: 2.1735
Step 2/100 (t=0.02) - Max Jz: 2.1735
Step 2/100 (t=0.02) - Max Jz: 2.1735
Step 3/100 (t=0.03) - Max Jz: 2.1735
Step 3/100 (t=0.03) - Max Jz: 2.1735
Step 4/100 (t=0.04) - Max Jz: 2.1735
Step 4/100 (t=0.04) - Max Jz: 2.1735
Step 5/100 (t=0.05) - Max Jz: 2.1735
Step 5/100 (t=0.05) - Max Jz: 2.1735
Step 6/100 (t=0.06) - Max Jz: 2.1735
Step 6/100 (t=0.06) - Max Jz: 2.1735
Step 7/100 (t=0.07) - Max Jz: 2.1735
Step 7/100 (t=0.07) - Max Jz: 2.1735
Step 8/100 (t=0.08) - Max Jz: 2.1735
Step 8/100 (t=0.08) - Max Jz: 2.1735
Step 9/100 (t=0.09) - Max Jz: 2.1735
Step 9/100 (t=0.09) - Max Jz: 2.1735
🔹 Detected Conda environment: qiskit-project
🔹 Detected Conda environment: qiskit-project
[2025-12-27 18:30:53] ==============================================================
[2025-12-27 18:30:53] ==============================================================
[2025-12-27 18:30:53] 🚀 Starting Quantum Pipeline
[2025-12-27 18:30:53] 🚀 Starting Quantum Pipeline
[2025-12-27 18:30:53] Mode: simulator | Backend: aer | Shots: 100000 | Method: COBYLA
[2025-12-27 18:30:53] Mode: simulator | Backend: aer | Shots: 100000 | Method: COBYLA
[2025-12-27 18:30:53] Script Path: /Users/Sayu/Desktop/BA_Proj/src/VQA
[2025-12-27 18:30:53] Script Path: /Users/Sayu/Desktop/BA_Proj/src/VQA
[2025-12-27 18:30:53] Output Dir: /Users/Sayu/Desktop/BA_Proj/data
[2025-12-27 18:30:53] Output Dir: /Users/Sayu/Desktop/BA_Proj/data
[2025-12-27 18:30:53] Input File: /Users/Sayu/Desktop/BA_Proj/data/vqa_input.json
[2025-12-27 18:30:53] Input File: /Users/Sayu/Desktop/BA_Proj/data/vqa_input.json
[2025-12-27 18:30:53] ==============================================================
[2025-12-27 18:30:53] ==============================================================
[2025-12-27 18:30:53] ➡️ Stage: TEST
[2025-12-27 18:30:53] ➡️ Stage: TEST
[2025-12-27 18:30:53] Running: python /Users/Sayu/Desktop/BA_Proj/src/VQA/TEST1.py --in-file /Users/Sayu/Desktop/BA_Proj/data/vqa_input.json --out-file /Users/Sayu/Desktop/BA_Proj/data/vqa_output.json --numqbits 128
[2025-12-27 18:30:53] Running: python /Users/Sayu/Desktop/BA_Proj/src/VQA/TEST1.py --in-file /Users/Sayu/Desktop/BA_Proj/data/vqa_input.json --out-file /Users/Sayu/Desktop/BA_Proj/data/vqa_output.json --numqbits 128
--- [VQA WORKER] Démarrage ---
✅ Input Lu avec succès.
   -> Theta_h: 8 angles
   -> Theta_v: 8 angles
⚙️  Génération de 1000 shots pour 128 qubits...
📊 Résultat Counts (Extrait): [('00100100101110010100000100010100010001010100101010001000101111111000101000100101000111100100111010001000110100101000011011110011', 208), ('10000001000000001011110001011101100010100111010001100100100100010011000010111111000110100101010101010010111011000111010000000110', 111), ('10111011110011110010100110111100010001000111100110000111000111111101110100001110000101110001010101000011010111001101100001010010', 295)] ...
💾 Probabilités sauvegardées dans: /Users/Sayu/Desktop/BA_Proj/data/vqa_output.json
💾 Counts bruts sauvegardés dans : /Users/Sayu/Desktop/BA_Proj/data/debug_counts.json
--- [VQA WORKER] Démarrage ---
✅ Input Lu avec succès.
   -> Theta_h: 8 angles
   -> Theta_v: 8 angles
⚙️  Génération de 1000 shots pour 128 qubits...
📊 Résultat Counts (Extrait): [('00100100101110010100000100010100010001010100101010001000101111111000101000100101000111100100111010001000110100101000011011110011', 208), ('10000001000000001011110001011101100010100111010001100100100100010011000010111111000110100101010101010010111011000111010000000110', 111), ('10111011110011110010100110111100010001000111100110000111000111111101110100001110000101110001010101000011010111001101100001010010', 295)] ...
💾 Probabilités sauvegardées dans: /Users/Sayu/Desktop/BA_Proj/data/vqa_output.json
💾 Counts bruts sauvegardés dans : /Users/Sayu/Desktop/BA_Proj/data/debug_counts.json
[2025-12-27 18:30:53] ✅ Stage 'TEST' completed successfully.
[2025-12-27 18:30:53] ✅ Stage 'TEST' completed successfully.
[2025-12-27 18:30:53] ==============================================================
[2025-12-27 18:30:53] ==============================================================
[2025-12-27 18:30:53] 🎉 Q-HAS Variational pipeline completed successfully!
[2025-12-27 18:30:53] 🎉 Q-HAS Variational pipeline completed successfully!
[2025-12-27 18:30:53] Results saved in: /Users/Sayu/Desktop/BA_Proj/data
[2025-12-27 18:30:53] Results saved in: /Users/Sayu/Desktop/BA_Proj/data
[2025-12-27 18:30:53] Full log: /Users/Sayu/Desktop/BA_Proj/data/../logs/pipeline[2025-12-27_18-30-50].log
[2025-12-27 18:30:53] Full log: /Users/Sayu/Desktop/BA_Proj/data/../logs/pipeline[2025-12-27_18-30-50].log
[2025-12-27 18:30:53] ==============================================================
[2025-12-27 18:30:53] ==============================================================
VQA Probabilities: [0.95  0.85  0.704 0.34  0.546 0.402 0.556 0.683 0.765 0.499 0.416 0.27
 0.863 0.517 0.386 0.591 0.272 0.398 0.62  0.368 0.63  0.441 0.108 0.698
 0.636 0.304 0.493 0.782 0.605 0.842 0.171 0.218 0.417 0.684 0.14  0.227
 0.217 0.715 0.332 0.367 0.297 0.758 0.621 0.716 0.736 0.252 0.357 0.465
 0.685 0.285 0.347 0.118 0.382 0.535 0.501 0.595 0.434 0.368 0.263 0.791
 0.75  0.651 0.72  0.839 0.733 0.555 0.243 0.519 0.787 0.401 0.283 0.528
 0.346 0.152 0.627 0.171 0.565 0.852 0.598 0.49  0.207 0.191 0.12  0.857
 0.503 0.765 0.877 0.613 0.212 0.625 0.219 0.654 0.362 0.72  0.382 0.57
 0.288 0.698 0.126 0.153 0.438 0.213 0.556 0.387 0.572 0.783 0.206 0.702
 0.613 0.57  0.543 0.149 0.595 0.649 0.283 0.576 0.361 0.406 0.392 0.282
 0.372 0.705 0.338 0.663 0.048 0.261 0.819 0.357]
VQA Probabilities: [0.95  0.85  0.704 0.34  0.546 0.402 0.556 0.683 0.765 0.499 0.416 0.27
 0.863 0.517 0.386 0.591 0.272 0.398 0.62  0.368 0.63  0.441 0.108 0.698
 0.636 0.304 0.493 0.782 0.605 0.842 0.171 0.218 0.417 0.684 0.14  0.227
 0.217 0.715 0.332 0.367 0.297 0.758 0.621 0.716 0.736 0.252 0.357 0.465
 0.685 0.285 0.347 0.118 0.382 0.535 0.501 0.595 0.434 0.368 0.263 0.791
 0.75  0.651 0.72  0.839 0.733 0.555 0.243 0.519 0.787 0.401 0.283 0.528
 0.346 0.152 0.627 0.171 0.565 0.852 0.598 0.49  0.207 0.191 0.12  0.857
 0.503 0.765 0.877 0.613 0.212 0.625 0.219 0.654 0.362 0.72  0.382 0.57
 0.288 0.698 0.126 0.153 0.438 0.213 0.556 0.387 0.572 0.783 0.206 0.702
 0.613 0.57  0.543 0.149 0.595 0.649 0.283 0.576 0.361 0.406 0.392 0.282
 0.372 0.705 0.338 0.663 0.048 0.261 0.819 0.357]
Step 10/100 (t=0.10) - Max Jz: 2.1918
Step 10/100 (t=0.10) - Max Jz: 2.1918
Step 11/100 (t=0.11) - Max Jz: 2.1918
Step 11/100 (t=0.11) - Max Jz: 2.1918
Step 12/100 (t=0.12) - Max Jz: 2.1918
Step 12/100 (t=0.12) - Max Jz: 2.1918
Step 13/100 (t=0.13) - Max Jz: 2.1918
Step 13/100 (t=0.13) - Max Jz: 2.1918
Step 14/100 (t=0.14) - Max Jz: 2.1918
Step 14/100 (t=0.14) - Max Jz: 2.1918
Step 15/100 (t=0.15) - Max Jz: 2.1918
Step 15/100 (t=0.15) - Max Jz: 2.1918
Step 16/100 (t=0.16) - Max Jz: 2.1918
Step 16/100 (t=0.16) - Max Jz: 2.1918
Step 17/100 (t=0.17) - Max Jz: 2.1918
Step 17/100 (t=0.17) - Max Jz: 2.1918
Step 18/100 (t=0.18) - Max Jz: 2.1918
Step 18/100 (t=0.18) - Max Jz: 2.1918
Step 19/100 (t=0.19) - Max Jz: 2.1918
Step 19/100 (t=0.19) - Max Jz: 2.1918
🔹 Detected Conda environment: qiskit-project
🔹 Detected Conda environment: qiskit-project
[2025-12-27 18:31:02] ==============================================================
[2025-12-27 18:31:02] ==============================================================
[2025-12-27 18:31:02] 🚀 Starting Quantum Pipeline
[2025-12-27 18:31:02] 🚀 Starting Quantum Pipeline
[2025-12-27 18:31:02] Mode: simulator | Backend: aer | Shots: 100000 | Method: COBYLA
[2025-12-27 18:31:02] Mode: simulator | Backend: aer | Shots: 100000 | Method: COBYLA
[2025-12-27 18:31:02] Script Path: /Users/Sayu/Desktop/BA_Proj/src/VQA
[2025-12-27 18:31:02] Script Path: /Users/Sayu/Desktop/BA_Proj/src/VQA
[2025-12-27 18:31:02] Output Dir: /Users/Sayu/Desktop/BA_Proj/data
[2025-12-27 18:31:02] Output Dir: /Users/Sayu/Desktop/BA_Proj/data
[2025-12-27 18:31:02] Input File: /Users/Sayu/Desktop/BA_Proj/data/vqa_input.json
[2025-12-27 18:31:02] Input File: /Users/Sayu/Desktop/BA_Proj/data/vqa_input.json
[2025-12-27 18:31:02] ==============================================================
[2025-12-27 18:31:02] ==============================================================
[2025-12-27 18:31:02] ➡️ Stage: TEST
[2025-12-27 18:31:02] ➡️ Stage: TEST
[2025-12-27 18:31:02] Running: python /Users/Sayu/Desktop/BA_Proj/src/VQA/TEST1.py --in-file /Users/Sayu/Desktop/BA_Proj/data/vqa_input.json --out-file /Users/Sayu/Desktop/BA_Proj/data/vqa_output.json --numqbits 128
[2025-12-27 18:31:02] Running: python /Users/Sayu/Desktop/BA_Proj/src/VQA/TEST1.py --in-file /Users/Sayu/Desktop/BA_Proj/data/vqa_input.json --out-file /Users/Sayu/Desktop/BA_Proj/data/vqa_output.json --numqbits 128
--- [VQA WORKER] Démarrage ---
✅ Input Lu avec succès.
   -> Theta_h: 8 angles
   -> Theta_v: 8 angles
⚙️  Génération de 1000 shots pour 128 qubits...
📊 Résultat Counts (Extrait): [('00100101010001111000011110110110111111111010010000011111101000011000011101011110110001010000001101111101010100110101000011000101', 204), ('00110011011100011110100101111001010001000010111110000001001111101000101110010001001110011100111001010110100011011111010000011001', 272), ('01000100101010000111110001011111100100010110010101100100111100110000011001011111111101111001101101000110100001111101110011001001', 169)] ...
💾 Probabilités sauvegardées dans: /Users/Sayu/Desktop/BA_Proj/data/vqa_output.json
💾 Counts bruts sauvegardés dans : /Users/Sayu/Desktop/BA_Proj/data/debug_counts.json
--- [VQA WORKER] Démarrage ---
✅ Input Lu avec succès.
   -> Theta_h: 8 angles
   -> Theta_v: 8 angles
⚙️  Génération de 1000 shots pour 128 qubits...
📊 Résultat Counts (Extrait): [('00100101010001111000011110110110111111111010010000011111101000011000011101011110110001010000001101111101010100110101000011000101', 204), ('00110011011100011110100101111001010001000010111110000001001111101000101110010001001110011100111001010110100011011111010000011001', 272), ('01000100101010000111110001011111100100010110010101100100111100110000011001011111111101111001101101000110100001111101110011001001', 169)] ...
💾 Probabilités sauvegardées dans: /Users/Sayu/Desktop/BA_Proj/data/vqa_output.json
💾 Counts bruts sauvegardés dans : /Users/Sayu/Desktop/BA_Proj/data/debug_counts.json
[2025-12-27 18:31:02] ✅ Stage 'TEST' completed successfully.
[2025-12-27 18:31:02] ✅ Stage 'TEST' completed successfully.
[2025-12-27 18:31:02] ==============================================================
[2025-12-27 18:31:02] ==============================================================
[2025-12-27 18:31:02] 🎉 Q-HAS Variational pipeline completed successfully!
[2025-12-27 18:31:02] 🎉 Q-HAS Variational pipeline completed successfully!
[2025-12-27 18:31:02] Results saved in: /Users/Sayu/Desktop/BA_Proj/data
[2025-12-27 18:31:02] Results saved in: /Users/Sayu/Desktop/BA_Proj/data
[2025-12-27 18:31:02] Full log: /Users/Sayu/Desktop/BA_Proj/data/../logs/pipeline[2025-12-27_18-31-00].log
[2025-12-27 18:31:02] Full log: /Users/Sayu/Desktop/BA_Proj/data/../logs/pipeline[2025-12-27_18-31-00].log
[2025-12-27 18:31:02] ==============================================================
[2025-12-27 18:31:02] ==============================================================
VQA Probabilities: [0.95  0.85  0.793 0.488 0.241 0.509 0.469 0.684 0.509 0.752 0.53  0.483
 0.286 0.45  0.396 0.61  0.675 0.575 0.631 0.337 0.632 0.614 0.49  0.513
 0.399 0.684 0.711 0.965 0.7   0.616 0.423 0.556 0.44  0.719 0.378 0.379
 0.33  0.607 0.27  0.455 0.315 0.372 0.859 0.219 0.479 0.712 0.321 0.601
 0.48  0.307 0.325 0.339 0.381 0.542 0.446 0.7   0.494 0.348 0.865 0.625
 0.531 0.432 0.499 0.545 0.599 0.147 0.07  0.221 0.326 0.555 0.959 0.645
 0.432 0.588 0.18  0.733 0.63  0.607 0.564 0.7   0.527 0.593 0.519 0.635
 0.318 0.584 0.397 0.776 0.795 0.534 0.164 0.311 0.516 0.559 0.998 0.545
 0.253 0.857 0.443 0.629 0.325 0.821 0.703 0.339 0.717 0.452 0.102 0.377
 0.509 0.523 0.571 0.802 0.601 0.877 0.507 0.964 0.299 0.482 0.191 0.038
 0.491 0.573 0.182 0.354 0.76  0.385 0.137 0.919]
VQA Probabilities: [0.95  0.85  0.793 0.488 0.241 0.509 0.469 0.684 0.509 0.752 0.53  0.483
 0.286 0.45  0.396 0.61  0.675 0.575 0.631 0.337 0.632 0.614 0.49  0.513
 0.399 0.684 0.711 0.965 0.7   0.616 0.423 0.556 0.44  0.719 0.378 0.379
 0.33  0.607 0.27  0.455 0.315 0.372 0.859 0.219 0.479 0.712 0.321 0.601
 0.48  0.307 0.325 0.339 0.381 0.542 0.446 0.7   0.494 0.348 0.865 0.625
 0.531 0.432 0.499 0.545 0.599 0.147 0.07  0.221 0.326 0.555 0.959 0.645
 0.432 0.588 0.18  0.733 0.63  0.607 0.564 0.7   0.527 0.593 0.519 0.635
 0.318 0.584 0.397 0.776 0.795 0.534 0.164 0.311 0.516 0.559 0.998 0.545
 0.253 0.857 0.443 0.629 0.325 0.821 0.703 0.339 0.717 0.452 0.102 0.377
 0.509 0.523 0.571 0.802 0.601 0.877 0.507 0.964 0.299 0.482 0.191 0.038
 0.491 0.573 0.182 0.354 0.76  0.385 0.137 0.919]
Step 20/100 (t=0.20) - Max Jz: 2.2444
Step 20/100 (t=0.20) - Max Jz: 2.2444
Step 21/100 (t=0.21) - Max Jz: 2.2444
Step 21/100 (t=0.21) - Max Jz: 2.2444
Step 22/100 (t=0.22) - Max Jz: 2.2444
Step 22/100 (t=0.22) - Max Jz: 2.2444
Step 23/100 (t=0.23) - Max Jz: 2.2444
Step 23/100 (t=0.23) - Max Jz: 2.2444
Step 24/100 (t=0.24) - Max Jz: 2.2444
Step 24/100 (t=0.24) - Max Jz: 2.2444
Step 25/100 (t=0.25) - Max Jz: 2.2444
Step 25/100 (t=0.25) - Max Jz: 2.2444
Step 26/100 (t=0.26) - Max Jz: 2.2444
Step 26/100 (t=0.26) - Max Jz: 2.2444
Step 27/100 (t=0.27) - Max Jz: 2.2444
Step 27/100 (t=0.27) - Max Jz: 2.2444
Step 28/100 (t=0.28) - Max Jz: 2.2444
Step 28/100 (t=0.28) - Max Jz: 2.2444
Step 29/100 (t=0.29) - Max Jz: 2.2444
Step 29/100 (t=0.29) - Max Jz: 2.2444
🔹 Detected Conda environment: qiskit-project
🔹 Detected Conda environment: qiskit-project
[2025-12-27 18:31:12] ==============================================================
[2025-12-27 18:31:12] ==============================================================
[2025-12-27 18:31:12] 🚀 Starting Quantum Pipeline
[2025-12-27 18:31:12] 🚀 Starting Quantum Pipeline
[2025-12-27 18:31:12] Mode: simulator | Backend: aer | Shots: 100000 | Method: COBYLA
[2025-12-27 18:31:12] Mode: simulator | Backend: aer | Shots: 100000 | Method: COBYLA
[2025-12-27 18:31:12] Script Path: /Users/Sayu/Desktop/BA_Proj/src/VQA
[2025-12-27 18:31:12] Script Path: /Users/Sayu/Desktop/BA_Proj/src/VQA
[2025-12-27 18:31:12] Output Dir: /Users/Sayu/Desktop/BA_Proj/data
[2025-12-27 18:31:12] Output Dir: /Users/Sayu/Desktop/BA_Proj/data
[2025-12-27 18:31:12] Input File: /Users/Sayu/Desktop/BA_Proj/data/vqa_input.json
[2025-12-27 18:31:12] Input File: /Users/Sayu/Desktop/BA_Proj/data/vqa_input.json
[2025-12-27 18:31:12] ==============================================================
[2025-12-27 18:31:12] ==============================================================
[2025-12-27 18:31:12] ➡️ Stage: TEST
[2025-12-27 18:31:12] ➡️ Stage: TEST
[2025-12-27 18:31:12] Running: python /Users/Sayu/Desktop/BA_Proj/src/VQA/TEST1.py --in-file /Users/Sayu/Desktop/BA_Proj/data/vqa_input.json --out-file /Users/Sayu/Desktop/BA_Proj/data/vqa_output.json --numqbits 128
[2025-12-27 18:31:12] Running: python /Users/Sayu/Desktop/BA_Proj/src/VQA/TEST1.py --in-file /Users/Sayu/Desktop/BA_Proj/data/vqa_input.json --out-file /Users/Sayu/Desktop/BA_Proj/data/vqa_output.json --numqbits 128
--- [VQA WORKER] Démarrage ---
✅ Input Lu avec succès.
   -> Theta_h: 8 angles
   -> Theta_v: 8 angles
⚙️  Génération de 1000 shots pour 128 qubits...
📊 Résultat Counts (Extrait): [('01011010000000001100001110110001100110100111110000011010110010010101110110001001100101110110110110011111100110111001000110010100', 433), ('10000001011100001100001110000011111100010111101011011101000101010111100000110100111111101110000111011111110100011001100101111101', 71), ('10101101000100010000000001010011100100111111110011101000011011111000101110000101101110100000100100000010000011101110111110001101', 95)] ...
💾 Probabilités sauvegardées dans: /Users/Sayu/Desktop/BA_Proj/data/vqa_output.json
💾 Counts bruts sauvegardés dans : /Users/Sayu/Desktop/BA_Proj/data/debug_counts.json
--- [VQA WORKER] Démarrage ---
✅ Input Lu avec succès.
   -> Theta_h: 8 angles
   -> Theta_v: 8 angles
⚙️  Génération de 1000 shots pour 128 qubits...
📊 Résultat Counts (Extrait): [('01011010000000001100001110110001100110100111110000011010110010010101110110001001100101110110110110011111100110111001000110010100', 433), ('10000001011100001100001110000011111100010111101011011101000101010111100000110100111111101110000111011111110100011001100101111101', 71), ('10101101000100010000000001010011100100111111110011101000011011111000101110000101101110100000100100000010000011101110111110001101', 95)] ...
💾 Probabilités sauvegardées dans: /Users/Sayu/Desktop/BA_Proj/data/vqa_output.json
💾 Counts bruts sauvegardés dans : /Users/Sayu/Desktop/BA_Proj/data/debug_counts.json
[2025-12-27 18:31:12] ✅ Stage 'TEST' completed successfully.
[2025-12-27 18:31:12] ✅ Stage 'TEST' completed successfully.
[2025-12-27 18:31:12] ==============================================================
[2025-12-27 18:31:12] ==============================================================
[2025-12-27 18:31:12] 🎉 Q-HAS Variational pipeline completed successfully!
[2025-12-27 18:31:12] 🎉 Q-HAS Variational pipeline completed successfully!
[2025-12-27 18:31:12] Results saved in: /Users/Sayu/Desktop/BA_Proj/data
[2025-12-27 18:31:12] Results saved in: /Users/Sayu/Desktop/BA_Proj/data
[2025-12-27 18:31:12] Full log: /Users/Sayu/Desktop/BA_Proj/data/../logs/pipeline[2025-12-27_18-31-10].log
[2025-12-27 18:31:12] Full log: /Users/Sayu/Desktop/BA_Proj/data/../logs/pipeline[2025-12-27_18-31-10].log
[2025-12-27 18:31:12] ==============================================================
[2025-12-27 18:31:12] ==============================================================
VQA Probabilities: [0.95  0.85  0.243 0.647 0.713 0.164 0.677 0.28  0.19  0.121 0.408 0.53
 0.133 0.297 0.353 0.435 0.613 0.676 0.352 0.259 0.055 0.28  0.662 0.605
 0.69  0.154 0.583 0.645 0.39  0.063 0.364 0.954 0.8   0.141 0.181 0.828
 0.577 0.372 0.826 0.369 0.298 0.789 0.707 0.936 0.93  0.785 0.364 0.041
 0.496 0.377 0.263 0.53  0.834 0.252 0.628 0.278 0.806 0.807 0.269 0.191
 0.642 0.332 0.365 0.803 0.277 0.669 0.32  0.794 0.624 0.6   0.275 0.873
 0.634 0.242 0.452 0.432 0.657 0.388 0.022 0.85  0.954 0.251 0.369 0.925
 0.524 0.66  0.739 0.468 0.118 0.757 0.559 0.183 0.78  0.656 0.256 0.898
 0.647 0.243 0.147 0.665 0.81  0.784 0.605 0.733 0.709 0.241 0.183 0.797
 0.735 0.117 0.651 0.616 0.834 0.378 0.287 0.633 0.324 0.305 0.163 0.662
 0.812 0.273 0.257 0.655 0.404 0.614 0.307 0.174]
VQA Probabilities: [0.95  0.85  0.243 0.647 0.713 0.164 0.677 0.28  0.19  0.121 0.408 0.53
 0.133 0.297 0.353 0.435 0.613 0.676 0.352 0.259 0.055 0.28  0.662 0.605
 0.69  0.154 0.583 0.645 0.39  0.063 0.364 0.954 0.8   0.141 0.181 0.828
 0.577 0.372 0.826 0.369 0.298 0.789 0.707 0.936 0.93  0.785 0.364 0.041
 0.496 0.377 0.263 0.53  0.834 0.252 0.628 0.278 0.806 0.807 0.269 0.191
 0.642 0.332 0.365 0.803 0.277 0.669 0.32  0.794 0.624 0.6   0.275 0.873
 0.634 0.242 0.452 0.432 0.657 0.388 0.022 0.85  0.954 0.251 0.369 0.925
 0.524 0.66  0.739 0.468 0.118 0.757 0.559 0.183 0.78  0.656 0.256 0.898
 0.647 0.243 0.147 0.665 0.81  0.784 0.605 0.733 0.709 0.241 0.183 0.797
 0.735 0.117 0.651 0.616 0.834 0.378 0.287 0.633 0.324 0.305 0.163 0.662
 0.812 0.273 0.257 0.655 0.404 0.614 0.307 0.174]
