[2025-12-27 18:59:53] ==============================================================
[2025-12-27 18:59:53] 🚀 Starting Q-HAS: Quantum-Hierarchical Adaptive Steering Pipeline - Variational Workflow
[2025-12-27 18:59:53] Mode: simulator | Backend: aer | Shots: 100000 | Method: COBYLA
[2025-12-27 18:59:53] Script Path: /Users/Sayu/Desktop/BA_Proj/src
[2025-12-27 18:59:53] Output Dir: /Users/Sayu/Desktop/BA_Proj/data
[2025-12-27 18:59:53] Input File: /Users/Sayu/Desktop/BA_Proj/input/mapping_input.json
[2025-12-27 18:59:53] ==============================================================
[2025-12-27 18:59:53] 🧹 Cleaning previous results...
[2025-12-27 18:59:53] ➡️ Stage: Main Pipeline
[2025-12-27 18:59:53] ➡️ Stage: Main Pipeline
[2025-12-27 18:59:53] Running: python /Users/Sayu/Desktop/BA_Proj/src/pipeline.py --out-dir /Users/Sayu/Desktop/BA_Proj/data --mode simulator --grid-size 4 --dns-resolution 256 --t-max 1.0 --dt 0.01 --hybrid-dt 0.1 --depth 1 --backend aer --shots 100000 --method COBYLA
[2025-12-27 18:59:53] Running: python /Users/Sayu/Desktop/BA_Proj/src/pipeline.py --out-dir /Users/Sayu/Desktop/BA_Proj/data --mode simulator --grid-size 4 --dns-resolution 256 --t-max 1.0 --dt 0.01 --hybrid-dt 0.1 --depth 1 --backend aer --shots 100000 --method COBYLA
Initialisation Orszag-Tang (Grille 4x4)...
Initialisation Orszag-Tang (Grille 4x4)...
--- Step 0: Quantum Risk Assessment (Recursion) ---
Traceback (most recent call last):
  File "/Users/Sayu/Desktop/BA_Proj/src/pipeline.py", line 113, in <module>
--- Step 0: Quantum Risk Assessment (Recursion) ---
Traceback (most recent call last):
  File "/Users/Sayu/Desktop/BA_Proj/src/pipeline.py", line 113, in <module>
    main()
    main()
  File "/Users/Sayu/Desktop/BA_Proj/src/pipeline.py", line 81, in main
  File "/Users/Sayu/Desktop/BA_Proj/src/pipeline.py", line 81, in main
    fine_solvers = recursive_vqa_check(
                   ^^^^^^^^^^^^^^^^^^^^
  File "/Users/Sayu/Desktop/BA_Proj/src/Simulation/refinement.py", line 126, in recursive_vqa_check
    fine_solvers = recursive_vqa_check(
                   ^^^^^^^^^^^^^^^^^^^^
  File "/Users/Sayu/Desktop/BA_Proj/src/Simulation/refinement.py", line 126, in recursive_vqa_check
    Phi = mapper.compute_stress_flux(sim_data)
    Phi = mapper.compute_stress_flux(sim_data)
          ^^^^^^^^^^^^^^^^^^^^^^^^^^^^^^^^^^^^
  File "/Users/Sayu/Desktop/BA_Proj/src/Simulation/PhysToAngle.py", line 30, in compute_stress_flux
          ^^^^^^^^^^^^^^^^^^^^^^^^^^^^^^^^^^^^
  File "/Users/Sayu/Desktop/BA_Proj/src/Simulation/PhysToAngle.py", line 30, in compute_stress_flux
    vx = physics_state['vx'] / self.v0
         ~~~~~~~~~~~~~^^^^^^
    vx = physics_state['vx'] / self.v0
TypeError: list indices must be integers or slices, not str
         ~~~~~~~~~~~~~^^^^^^
TypeError: list indices must be integers or slices, not str
