[2026-01-13 13:25:23] ==============================================================
[2026-01-13 13:25:23] 🚀 Starting Training Q-HAS' Hyper Parameters: Quantum-Hierarchical Adaptive Steering Pipeline - Variational Workflow
[2026-01-13 13:25:23] Mode: simulator | Backend: aer | Shots: 100000 | Method: COBYLA
[2026-01-13 13:25:23] Script Path: /Users/Sayu/Desktop/BA_Proj/src
[2026-01-13 13:25:23] Output Dir: /Users/Sayu/Desktop/BA_Proj/data
[2026-01-13 13:25:23] Input File: /Users/Sayu/Desktop/BA_Proj/input/mapping_input.json
[2026-01-13 13:25:23] ==============================================================
[2026-01-13 13:25:23] 🧹 Cleaning previous results...
[2026-01-13 13:25:23] ➡️ Stage: Training Hyperparameters
[2026-01-13 13:25:23] ➡️ Stage: Training Hyperparameters
[2026-01-13 13:25:23] Running: python /Users/Sayu/Desktop/BA_Proj/src/TrainHyperParam.py
[2026-01-13 13:25:23] Running: python /Users/Sayu/Desktop/BA_Proj/src/TrainHyperParam.py
[I 2026-01-13 13:25:29,567] A new study created in memory with name: no-name-b7da6bdd-18b8-4426-ba8b-9f260c2cbb63
[I 2026-01-13 13:25:29,567] A new study created in memory with name: no-name-b7da6bdd-18b8-4426-ba8b-9f260c2cbb63
Injecting initial known parameters...
Starting Optimization...
Testing with :
Bias=4.00
Alpha=1.00
Threshold=0.50
Bias=4.00
gamma1=1.00
gamma2=2.00
Rm_crit=1000.00
delta_shock=5.00
d_kink=2.00
epsilon=0.00
-----
Initialisation Orszag-Tang (Grille 256x256) avec pas de temps 0.0001 et hybrid every 4 steps pour un temp total de 0.004 (40 steps)...
--- START RECURSIVE VQA SCAN (Budget: 256 patches) ---
Average Phi: 0.016376005390003508 Average Phi Dev: None
Optimization Level:  1
  IIIIIIIZ: (-121.95311942356825+0j)
  IIIZIIII: (-121.88433172303978+0j)
  IIIIIIZZ: (0.2768974582432649+0j)
  IZIZIIII: (0.2768921854075623+0j)
  IIIIIIZI: (-121.8152981411996+0j)
  IIZIIIII: (-121.88427744820542+0j)
  IIIIIIZZ: (0.27688280322878095+0j)
  ZIZIIIII: (0.27687342284769373+0j)
  IIIIIZII: (-121.95319339377441+0j)
  IZIIIIII: (-121.88433172303981+0j)
  IIIIZZII: (0.27689745562708706+0j)
  IZIZIIII: (0.2768921854075624+0j)
  IIIIZIII: (-121.81537213746854+0j)
  ZIIIIIII: (-121.88427744820557+0j)
  IIIIZZII: (0.2768828050264749+0j)
  ZIZIIIII: (0.2768734228476939+0j)

 

Information about the circuit: 
Number of qubits: 8
 Depth : 11

--- Starting Optimization Loop ---
Iter 10: Cost = -939.4056099087322
Iter 20: Cost = -955.8886982626739
Optimization success: True
Optimal Params: [1.55378822 1.55779355 3.12418433 4.12973828]

--- Final Sampling ---
Marginals: [0.012, 0.006, 0.016, 0.008, 0.013, 0.004, 0.012, 0.008]
Optimization Level:  1
  IIIIIIIZ: (-121.69679675202744+0j)
  IIIZIIII: (-121.88427254345804+0j)
  IIIIIIZZ: (0.27688672332366027+0j)
  IZIZIIII: (0.2768738041116892+0j)
  IIIIIIIZ: (0.272928122604101+0j)
  IIIZIIII: (0.2760766008616625+0j)
  IIIIIIZI: (-122.07174939774869+0j)
  IIZIIIII: (-121.88430214256553+0j)
  IIIIIIZI: (0.27467196724848075+0j)
  ZIZIIIII: (0.2768996407377551+0j)
  IIZIIIII: (0.27496506758961553+0j)
  IIIIIZII: (-121.69672274992779+0j)
  IZIIIIII: (-121.88427254345804+0j)
  IIIIZZII: (0.2768867215257841+0j)
  IZIIIIII: (0.27607621295341345+0j)
  IIIIIZII: (0.2761872264052158+0j)
  IIIIZIII: (-122.07167539727892+0j)
  ZIIIIIII: (-121.88430214256553+0j)
  IIIIZIII: (0.27467390653847923+0j)
  ZIIIIIII: (0.2743515071907746+0j)

 

Information about the circuit: 
Number of qubits: 8
 Depth : 10

--- Starting Optimization Loop ---
Iter 10: Cost = -951.1546924138522
Iter 20: Cost = -946.5486725470028
Optimization success: True
Optimal Params: [1.57079633 1.57079633 4.14159265 4.14159265]

--- Final Sampling ---
Marginals: [0.019, 0.006, 0.01, 0.009000000000000001, 0.015, 0.011, 0.020999999999999998, 0.006]
Optimization Level:  1
  IIIIIIIZ: (-121.90179321838349+0j)
  IIIZIIII: (-121.88435940975361+0j)
  IIIIIIZZ: (0.22691342390669744+0j)
  IZIZIIII: (0.22690837510674738+0j)
  IIIIIIIZ: (0.2253275883927189+0j)
  IIIZIIII: (0.22508200369645073+0j)
  IIIIIIZI: (-121.8668560652966+0j)
  IIZIIIII: (-121.88442212637926+0j)
  IIIIIIZI: (0.2262705904721601+0j)
  ZIZIIIII: (0.22691847131800646+0j)
  IIZIIIII: (0.2236749601479431+0j)
  IIIIIZII: (-121.90171923372304+0j)
  IZIIIIII: (-121.88435940975361+0j)
  IIIIZZII: (0.22691342251805638+0j)
  IZIIIIII: (0.2250814743716163+0j)
  IIIIIZII: (0.2248269763772367+0j)
  IIIIZIII: (-121.8667820803499+0j)
  ZIIIIIII: (-121.88442212637926+0j)
  IIIIZIII: (0.2262715456535469+0j)
  ZIIIIIII: (0.22634431688976583+0j)

 

Information about the circuit: 
Number of qubits: 8
 Depth : 10

--- Starting Optimization Loop ---
Iter 10: Cost = -921.6512428738524
Iter 20: Cost = -967.0230629646608
Optimization success: True
Optimal Params: [1.68151496 1.62873259 4.14330488 3.08654714]

--- Final Sampling ---
Marginals: [0.004, 0.0, 0.002, 0.0, 0.003, 0.001, 0.004, 0.001]
Optimization Level:  1
  IIIIIIIZ: (-122.09088610619193+0j)
  IIIZIIII: (-121.88442048160503+0j)
  IIIIIIZZ: (0.276901375156382+0j)
  IZIZIIII: (0.27690311219137564+0j)
  IIIIIIIZ: (0.2762007528147607+0j)
  IIIZIIII: (0.2761065998657379+0j)
  IIIIIIZI: (-122.07174939774869+0j)
  IIZIIIII: (-121.88445008518464+0j)
  IIIIIIZI: (0.2746574333816294+0j)
  ZIZIIIII: (0.2768996407377551+0j)
  IIZIIIII: (0.2743535763383885+0j)
  IIIIIZII: (-122.09081215297151+0j)
  IZIIIIII: (-121.88427254345804+0j)
  IIIIZZII: (0.27690137777274876+0j)
  IZIIIIII: (0.276105436605231+0j)
  IIIIIZII: (0.2729434244752704+0j)
  IIIIZIII: (-122.07167539727892+0j)
  ZIIIIIII: (-121.88430214256553+0j)
  IIIIZIII: (0.2746580775110025+0j)
  ZIIIIIII: (0.2749644653015482+0j)

 

Information about the circuit: 
Number of qubits: 8
 Depth : 10

--- Starting Optimization Loop ---
Iter 10: Cost = -929.8579503704948
Iter 20: Cost = -926.7014801247018
Optimization success: True
Optimal Params: [1.54284125 1.61056833 3.15302596 3.15892001]

--- Final Sampling ---
Marginals: [0.005, 0.0, 0.008, 0.001, 0.005, 0.0, 0.012, 0.003]
Optimization Level:  1
  IIIIIIIZ: (-121.83161763162906+0j)
  IIIZIIII: (-121.88450729557708+0j)
  IIIIIIZZ: (0.22692429192802904+0j)
  IZIZIIII: (0.2269301144236707+0j)
  IIIIIIIZ: (0.22483605013997185+0j)
  IIIZIIII: (0.2251046258467122+0j)
  IIIIIIZI: (-121.8668560652966+0j)
  IIZIIIII: (-121.88456999672462+0j)
  IIIIIIZI: (0.2262597537583686+0j)
  ZIZIIIII: (0.22691847131800646+0j)
  IIZIIIII: (0.22634521030144678+0j)
  IIIIIZII: (-121.831543618389+0j)
  IZIIIIII: (-121.88435940975361+0j)
  IIIIZZII: (0.2269242938136481+0j)
  IZIIIIII: (0.22510303865941583+0j)
  IIIIIZII: (0.2253388759189092+0j)
  IIIIZIII: (-121.8667820803499+0j)
  ZIIIIIII: (-121.88442212637926+0j)
  IIIIZIII: (0.22626007028602974+0j)
  ZIIIIIII: (0.2236742578972325+0j)

 

Information about the circuit: 
Number of qubits: 8
 Depth : 10

--- Starting Optimization Loop ---
Iter 10: Cost = -943.1110402219961
Iter 20: Cost = -940.4447111316572
Optimization success: True
Optimal Params: [1.57079633 1.57079633 4.14159265 3.14159265]

--- Final Sampling ---
Marginals: [0.026000000000000002, 0.022000000000000002, 0.007, 0.02, 0.022000000000000002, 0.023, 0.004, 0.014000000000000002]
--- SCAN COMPLETE: 16 Active Zones Identified ---
[{'bounds': (0, 64, 0, 64), 'depth': 1, 'score': np.float64(0.019), 'type': 'coarse_leaf'}, {'bounds': (0, 64, 64, 128), 'depth': 1, 'score': np.float64(0.011), 'type': 'coarse_leaf'}, {'bounds': (64, 128, 0, 64), 'depth': 1, 'score': np.float64(0.020999999999999998), 'type': 'coarse_leaf'}, {'bounds': (64, 128, 64, 128), 'depth': 1, 'score': np.float64(0.009000000000000001), 'type': 'coarse_leaf'}, {'bounds': (0, 64, 128, 192), 'depth': 1, 'score': np.float64(0.004), 'type': 'coarse_leaf'}, {'bounds': (0, 64, 192, 256), 'depth': 1, 'score': np.float64(0.001), 'type': 'coarse_leaf'}, {'bounds': (64, 128, 128, 192), 'depth': 1, 'score': np.float64(0.004), 'type': 'coarse_leaf'}, {'bounds': (64, 128, 192, 256), 'depth': 1, 'score': np.float64(0.001), 'type': 'coarse_leaf'}, {'bounds': (128, 192, 0, 64), 'depth': 1, 'score': np.float64(0.005), 'type': 'coarse_leaf'}, {'bounds': (128, 192, 64, 128), 'depth': 1, 'score': np.float64(0.0), 'type': 'coarse_leaf'}, {'bounds': (192, 256, 0, 64), 'depth': 1, 'score': np.float64(0.012), 'type': 'coarse_leaf'}, {'bounds': (192, 256, 64, 128), 'depth': 1, 'score': np.float64(0.003), 'type': 'coarse_leaf'}, {'bounds': (128, 192, 128, 192), 'depth': 1, 'score': np.float64(0.026000000000000002), 'type': 'coarse_leaf'}, {'bounds': (128, 192, 192, 256), 'depth': 1, 'score': np.float64(0.023), 'type': 'coarse_leaf'}, {'bounds': (192, 256, 128, 192), 'depth': 1, 'score': np.float64(0.007), 'type': 'coarse_leaf'}, {'bounds': (192, 256, 192, 256), 'depth': 1, 'score': np.float64(0.02), 'type': 'coarse_leaf'}]
Step 0/40 (t=0.0000) - Max Jz: 0.0000
Step 1/40 (t=0.0001) - Max Jz: 0.0000
Step 2/40 (t=0.0002) - Max Jz: 0.0000
Step 3/40 (t=0.0003) - Max Jz: 0.0000
--- START RECURSIVE VQA SCAN (Budget: 256 patches) ---
Average Phi: 0.023443029823674758 Average Phi Dev: 2.00427687223398e-06
Optimization Level:  1
  IIIIIIIZ: (-83.81000416234866+0j)
  IIIZIIII: (-80.84899730314494+0j)
  IIIIIIZZ: (0.2765319364016597+0j)
  IZIZIIII: (0.27653946488016873+0j)
  IIZZIZIZ: (1.0941743642946159e-05+0j)
  IIIIIIZI: (-81.87938420074306+0j)
  IIZIIIII: (-80.84964508380112+0j)
  IIIIIIZZ: (0.27640951816040404+0j)
  ZIZIIIII: (0.27627886999476364+0j)
  IIZZZIZI: (1.3888682473002592e-05+0j)Injecting initial known parameters...
Starting Optimization...
Testing with :
Bias=4.00
Alpha=1.00
Threshold=0.50
Bias=4.00
gamma1=1.00
gamma2=2.00
Rm_crit=1000.00
delta_shock=5.00
d_kink=2.00
epsilon=0.00
-----
Initialisation Orszag-Tang (Grille 256x256) avec pas de temps 0.0001 et hybrid every 4 steps pour un temp total de 0.004 (40 steps)...
--- START RECURSIVE VQA SCAN (Budget: 256 patches) ---
Average Phi: 0.016376005390003508 Average Phi Dev: None
Optimization Level:  1
  IIIIIIIZ: (-121.95311942356825+0j)
  IIIZIIII: (-121.88433172303978+0j)
  IIIIIIZZ: (0.2768974582432649+0j)
  IZIZIIII: (0.2768921854075623+0j)
  IIIIIIZI: (-121.8152981411996+0j)
  IIZIIIII: (-121.88427744820542+0j)
  IIIIIIZZ: (0.27688280322878095+0j)
  ZIZIIIII: (0.27687342284769373+0j)
  IIIIIZII: (-121.95319339377441+0j)
  IZIIIIII: (-121.88433172303981+0j)
  IIIIZZII: (0.27689745562708706+0j)
  IZIZIIII: (0.2768921854075624+0j)
  IIIIZIII: (-121.81537213746854+0j)
  ZIIIIIII: (-121.88427744820557+0j)
  IIIIZZII: (0.2768828050264749+0j)
  ZIZIIIII: (0.2768734228476939+0j)

 

Information about the circuit: 
Number of qubits: 8
 Depth : 11

--- Starting Optimization Loop ---
Iter 10: Cost = -939.4056099087322
Iter 20: Cost = -955.8886982626739
Optimization success: True
Optimal Params: [1.55378822 1.55779355 3.12418433 4.12973828]

--- Final Sampling ---
Marginals: [0.012, 0.006, 0.016, 0.008, 0.013, 0.004, 0.012, 0.008]
Optimization Level:  1
  IIIIIIIZ: (-121.69679675202744+0j)
  IIIZIIII: (-121.88427254345804+0j)
  IIIIIIZZ: (0.27688672332366027+0j)
  IZIZIIII: (0.2768738041116892+0j)
  IIIIIIIZ: (0.272928122604101+0j)
  IIIZIIII: (0.2760766008616625+0j)
  IIIIIIZI: (-122.07174939774869+0j)
  IIZIIIII: (-121.88430214256553+0j)
  IIIIIIZI: (0.27467196724848075+0j)
  ZIZIIIII: (0.2768996407377551+0j)
  IIZIIIII: (0.27496506758961553+0j)
  IIIIIZII: (-121.69672274992779+0j)
  IZIIIIII: (-121.88427254345804+0j)
  IIIIZZII: (0.2768867215257841+0j)
  IZIIIIII: (0.27607621295341345+0j)
  IIIIIZII: (0.2761872264052158+0j)
  IIIIZIII: (-122.07167539727892+0j)
  ZIIIIIII: (-121.88430214256553+0j)
  IIIIZIII: (0.27467390653847923+0j)
  ZIIIIIII: (0.2743515071907746+0j)

 

Information about the circuit: 
Number of qubits: 8
 Depth : 10

--- Starting Optimization Loop ---
Iter 10: Cost = -951.1546924138522
Iter 20: Cost = -946.5486725470028
Optimization success: True
Optimal Params: [1.57079633 1.57079633 4.14159265 4.14159265]

--- Final Sampling ---
Marginals: [0.019, 0.006, 0.01, 0.009000000000000001, 0.015, 0.011, 0.020999999999999998, 0.006]
Optimization Level:  1
  IIIIIIIZ: (-121.90179321838349+0j)
  IIIZIIII: (-121.88435940975361+0j)
  IIIIIIZZ: (0.22691342390669744+0j)
  IZIZIIII: (0.22690837510674738+0j)
  IIIIIIIZ: (0.2253275883927189+0j)
  IIIZIIII: (0.22508200369645073+0j)
  IIIIIIZI: (-121.8668560652966+0j)
  IIZIIIII: (-121.88442212637926+0j)
  IIIIIIZI: (0.2262705904721601+0j)
  ZIZIIIII: (0.22691847131800646+0j)
  IIZIIIII: (0.2236749601479431+0j)
  IIIIIZII: (-121.90171923372304+0j)
  IZIIIIII: (-121.88435940975361+0j)
  IIIIZZII: (0.22691342251805638+0j)
  IZIIIIII: (0.2250814743716163+0j)
  IIIIIZII: (0.2248269763772367+0j)
  IIIIZIII: (-121.8667820803499+0j)
  ZIIIIIII: (-121.88442212637926+0j)
  IIIIZIII: (0.2262715456535469+0j)
  ZIIIIIII: (0.22634431688976583+0j)

 

Information about the circuit: 
Number of qubits: 8
 Depth : 10

--- Starting Optimization Loop ---
Iter 10: Cost = -921.6512428738524
Iter 20: Cost = -967.0230629646608
Optimization success: True
Optimal Params: [1.68151496 1.62873259 4.14330488 3.08654714]

--- Final Sampling ---
Marginals: [0.004, 0.0, 0.002, 0.0, 0.003, 0.001, 0.004, 0.001]
Optimization Level:  1
  IIIIIIIZ: (-122.09088610619193+0j)
  IIIZIIII: (-121.88442048160503+0j)
  IIIIIIZZ: (0.276901375156382+0j)
  IZIZIIII: (0.27690311219137564+0j)
  IIIIIIIZ: (0.2762007528147607+0j)
  IIIZIIII: (0.2761065998657379+0j)
  IIIIIIZI: (-122.07174939774869+0j)
  IIZIIIII: (-121.88445008518464+0j)
  IIIIIIZI: (0.2746574333816294+0j)
  ZIZIIIII: (0.2768996407377551+0j)
  IIZIIIII: (0.2743535763383885+0j)
  IIIIIZII: (-122.09081215297151+0j)
  IZIIIIII: (-121.88427254345804+0j)
  IIIIZZII: (0.27690137777274876+0j)
  IZIIIIII: (0.276105436605231+0j)
  IIIIIZII: (0.2729434244752704+0j)
  IIIIZIII: (-122.07167539727892+0j)
  ZIIIIIII: (-121.88430214256553+0j)
  IIIIZIII: (0.2746580775110025+0j)
  ZIIIIIII: (0.2749644653015482+0j)

 

Information about the circuit: 
Number of qubits: 8
 Depth : 10

--- Starting Optimization Loop ---
Iter 10: Cost = -929.8579503704948
Iter 20: Cost = -926.7014801247018
Optimization success: True
Optimal Params: [1.54284125 1.61056833 3.15302596 3.15892001]

--- Final Sampling ---
Marginals: [0.005, 0.0, 0.008, 0.001, 0.005, 0.0, 0.012, 0.003]
Optimization Level:  1
  IIIIIIIZ: (-121.83161763162906+0j)
  IIIZIIII: (-121.88450729557708+0j)
  IIIIIIZZ: (0.22692429192802904+0j)
  IZIZIIII: (0.2269301144236707+0j)
  IIIIIIIZ: (0.22483605013997185+0j)
  IIIZIIII: (0.2251046258467122+0j)
  IIIIIIZI: (-121.8668560652966+0j)
  IIZIIIII: (-121.88456999672462+0j)
  IIIIIIZI: (0.2262597537583686+0j)
  ZIZIIIII: (0.22691847131800646+0j)
  IIZIIIII: (0.22634521030144678+0j)
  IIIIIZII: (-121.831543618389+0j)
  IZIIIIII: (-121.88435940975361+0j)
  IIIIZZII: (0.2269242938136481+0j)
  IZIIIIII: (0.22510303865941583+0j)
  IIIIIZII: (0.2253388759189092+0j)
  IIIIZIII: (-121.8667820803499+0j)
  ZIIIIIII: (-121.88442212637926+0j)
  IIIIZIII: (0.22626007028602974+0j)
  ZIIIIIII: (0.2236742578972325+0j)

 

Information about the circuit: 
Number of qubits: 8
 Depth : 10

--- Starting Optimization Loop ---
Iter 10: Cost = -943.1110402219961
Iter 20: Cost = -940.4447111316572
Optimization success: True
Optimal Params: [1.57079633 1.57079633 4.14159265 3.14159265]

--- Final Sampling ---
Marginals: [0.026000000000000002, 0.022000000000000002, 0.007, 0.02, 0.022000000000000002, 0.023, 0.004, 0.014000000000000002]
--- SCAN COMPLETE: 16 Active Zones Identified ---
[{'bounds': (0, 64, 0, 64), 'depth': 1, 'score': np.float64(0.019), 'type': 'coarse_leaf'}, {'bounds': (0, 64, 64, 128), 'depth': 1, 'score': np.float64(0.011), 'type': 'coarse_leaf'}, {'bounds': (64, 128, 0, 64), 'depth': 1, 'score': np.float64(0.020999999999999998), 'type': 'coarse_leaf'}, {'bounds': (64, 128, 64, 128), 'depth': 1, 'score': np.float64(0.009000000000000001), 'type': 'coarse_leaf'}, {'bounds': (0, 64, 128, 192), 'depth': 1, 'score': np.float64(0.004), 'type': 'coarse_leaf'}, {'bounds': (0, 64, 192, 256), 'depth': 1, 'score': np.float64(0.001), 'type': 'coarse_leaf'}, {'bounds': (64, 128, 128, 192), 'depth': 1, 'score': np.float64(0.004), 'type': 'coarse_leaf'}, {'bounds': (64, 128, 192, 256), 'depth': 1, 'score': np.float64(0.001), 'type': 'coarse_leaf'}, {'bounds': (128, 192, 0, 64), 'depth': 1, 'score': np.float64(0.005), 'type': 'coarse_leaf'}, {'bounds': (128, 192, 64, 128), 'depth': 1, 'score': np.float64(0.0), 'type': 'coarse_leaf'}, {'bounds': (192, 256, 0, 64), 'depth': 1, 'score': np.float64(0.012), 'type': 'coarse_leaf'}, {'bounds': (192, 256, 64, 128), 'depth': 1, 'score': np.float64(0.003), 'type': 'coarse_leaf'}, {'bounds': (128, 192, 128, 192), 'depth': 1, 'score': np.float64(0.026000000000000002), 'type': 'coarse_leaf'}, {'bounds': (128, 192, 192, 256), 'depth': 1, 'score': np.float64(0.023), 'type': 'coarse_leaf'}, {'bounds': (192, 256, 128, 192), 'depth': 1, 'score': np.float64(0.007), 'type': 'coarse_leaf'}, {'bounds': (192, 256, 192, 256), 'depth': 1, 'score': np.float64(0.02), 'type': 'coarse_leaf'}]
Step 0/40 (t=0.0000) - Max Jz: 0.0000
Step 1/40 (t=0.0001) - Max Jz: 0.0000
Step 2/40 (t=0.0002) - Max Jz: 0.0000
Step 3/40 (t=0.0003) - Max Jz: 0.0000
--- START RECURSIVE VQA SCAN (Budget: 256 patches) ---
Average Phi: 0.023443029823674758 Average Phi Dev: 2.00427687223398e-06
Optimization Level:  1
  IIIIIIIZ: (-83.81000416234866+0j)
  IIIZIIII: (-80.84899730314494+0j)
  IIIIIIZZ: (0.2765319364016597+0j)
  IZIZIIII: (0.27653946488016873+0j)
  IIZZIZIZ: (1.0941743642946159e-05+0j)
  IIIIIIZI: (-81.87938420074306+0j)
  IIZIIIII: (-80.84964508380112+0j)
  IIIIIIZZ: (0.27640951816040404+0j)
  ZIZIIIII: (0.27627886999476364+0j)
  IIZZZIZI: (1.3888682473002592e-05+0j)
  IIIIIZII: (-83.79947522537803+0j)
  IZIIIIII: (-80.82740927154333+0j)
  IIIIZZII: (0.2765313585792613+0j)
  IZIZIIII: (0.2765397372221388+0j)
  ZZIIIZIZ: (1.0942025624719297e-05+0j)
  IIIIZIII: (-81.87114071606155+0j)
  ZIIIIIII: (-80.82809466545233+0j)
  IIIIZZII: (0.276409135022314+0j)
  ZIZIIIII: (0.2762789159605789+0j)
  ZZIIZIZI: (1.3888648752677821e-05+0j)

 

Information about the circuit: 
Number of qubits: 8
 Depth : 72

--- Starting Optimization Loop ---
Iter 10: Cost = -279.30472407684925
Iter 20: Cost = -516.383158699096
Optimization success: True
Optimal Params: [2.64772222 1.69760026 3.94064686 3.09088426]

--- Final Sampling ---
Marginals: [0.136, 0.08800000000000001, 0.134, 0.11600000000000003, 0.17000000000000004, 0.036000000000000004, 0.16100000000000003, 0.026000000000000002]
Optimization Level:  1
  IIIIIIIZ: (-81.90084931458031+0j)
  IIIZIIII: (-80.71052665180393+0j)
  IIIIIIZZ: (0.27652149686597594+0j)
  IZIZIIII: (0.2763762300933199+0j)
  IIIIIIIZ: (0.0025594218208775874+0j)
  IIIZIIII: (0.1354278478240276+0j)
  IIZZIZIZ: (1.7737803534006433e-05+0j)
  IIIIIIZI: (-85.23646503909919+0j)
  IIZIIIII: (-80.70963316730355+0j)
  IIIIIIZI: (-0.08725704696281189+0j)
  ZIZIIIII: (0.27666716314227946+0j)
  IIZIIIII: (0.009821449230232211+0j)
  IIZIZIZI: (-3.7396043318005375e-06+0j)
  IIIIIZII: (-81.89783585283902+0j)
  IZIIIIII: (-80.8022800679117+0j)
  IIIIZZII: (0.27652189636962354+0j)
  IZIIIIII: (0.00977074425040819+0j)
  IIIIIZII: (0.14155583181499223+0j)
  ZZIIIZII: (6.27086213735133e-07+0j)
  IIIIZIII: (-85.30100078763331+0j)
  ZIIIIIII: (-80.80150229600471+0j)
  IIIIZIII: (0.004280210914515654+0j)
  ZIIIIIII: (-0.0948517571054665+0j)
  ZIIIZIII: (-6.289689514929148e-08+0j)

 

Information about the circuit: 
Number of qubits: 8
 Depth : 53

--- Starting Optimization Loop ---
Iter 10: Cost = -173.25137992003843
Iter 20: Cost = -497.1430308613153
Optimization success: True
Optimal Params: [3.51028954 1.16863687 2.88627374 4.14530088]

--- Final Sampling ---
Marginals: [0.30200000000000005, 0.08000000000000002, 0.10800000000000003, 0.08600000000000002, 0.07700000000000001, 0.22900000000000004, 0.02700000000000001, 0.08300000000000002]
Optimization Level:  1
  IIIIIIIZ: (-82.19463123961923+0j)
  IIIZIIII: (-80.71090476526531+0j)
  IIIIIIZZ: (0.22731068300593868+0j)
  IZIZIIII: (0.22721171885244748+0j)
  IIIIIIIZ: (0.010692175632216762+0j)
  IIIZIIII: (-0.07331633477306672+0j)
  IIZZIZIZ: (1.7746795547557348e-05+0j)
  IIIIIIZI: (-78.73696303958828+0j)
  IIZIIIII: (-80.71001518882889+0j)
  IIIIIIZI: (0.11731654519830301+0j)
  ZIZIIIII: (0.2274098940356639+0j)
  IIZIIIII: (-0.00042693724715173973+0j)
  IIZIZIZI: (6.231721313008109e-06+0j)
  IIIIIZII: (-82.19161793855227+0j)
  IZIIIIII: (-80.80264510126443+0j)
  IIIIZZII: (0.2273109298821727+0j)
  IZIIIIII: (-0.00041881838526757305+0j)
  IIIIIZII: (-0.07551086410810644+0j)
  ZZIIIZII: (-3.2712548749740074e-08+0j)
  IIIIZIII: (-78.73486263534032+0j)
  ZIIIIIII: (-80.80187561674903+0j)
  IIIIZIII: (0.012131882390624115+0j)
  ZIIIIIII: (0.11385596635635305+0j)
  ZIIIZIII: (3.226064208851975e-07+0j)

 

Information about the circuit: 
Number of qubits: 8
 Depth : 53

--- Starting Optimization Loop ---
Iter 10: Cost = -309.07392458947504
Iter 20: Cost = -477.50337603508774
Optimization success: True
Optimal Params: [3.49955556 1.10394295 2.96217426 4.14892523]

--- Final Sampling ---
Marginals: [0.14400000000000002, 0.19700000000000006, 0.13800000000000004, 0.13400000000000004, 0.2410000000000001, 0.04000000000000001, 0.12400000000000004, 0.11200000000000004]
Optimization Level:  1
  IIIIIIIZ: (-85.23597752764478+0j)
  IIIZIIII: (-80.84501436403444+0j)
  IIIIIIZZ: (0.27636523324871765+0j)
  IZIZIIII: (0.27649811744854985+0j)
  IIIIIIIZ: (0.13836638272964333+0j)
  IIIZIIII: (0.01473706789876513+0j)
  IIZZIZIZ: (1.780902218661454e-05+0j)
  IIIIIIZI: (-82.19778365706331+0j)
  IIZIIIII: (-80.84423695186797+0j)
  IIIIIIZI: (-0.0005086624438317213+0j)
  ZIZIIIII: (0.2762327145265361+0j)
  IIZIIIII: (-0.09176228780392887+0j)
  IIZIZIZI: (-2.2363505647741836e-08+0j)
  IIIIIZII: (-85.30117226813095+0j)
  IZIIIIII: (-80.71052976108838+0j)
  IIIIZZII: (0.27636559872636823+0j)
  IZIIIIII: (0.1425092900563591+0j)
  IIIIIZII: (-0.0005188462376627022+0j)
  ZZIIIZII: (9.17889334787591e-06+0j)
  IIIIZIII: (-82.19477022577517+0j)
  ZIIIIIII: (-80.70963625376561+0j)
  IIIIZIII: (-0.08904405073943567+0j)
  ZIIIIIII: (0.012993388797146751+0j)
  ZIIIZIII: (-1.8412425822724586e-07+0j)

 

Information about the circuit: 
Number of qubits: 8
 Depth : 53

--- Starting Optimization Loop ---
Iter 10: Cost = -407.7329341842056
Iter 20: Cost = -436.8395408025907
Optimization success: True
Optimal Params: [3.51179943 1.23797082 3.05236188 4.14794409]

--- Final Sampling ---
Marginals: [0.06600000000000003, 0.28300000000000003, 0.05400000000000002, 0.05000000000000002, 0.11000000000000003, 0.3000000000000001, 0.2750000000000001, 0.18600000000000005]
Optimization Level:  1
  IIIIIIIZ: (-78.48183637289881+0j)
  IIIZIIII: (-80.84537609094738+0j)
  IIIIIIZZ: (0.22719406092961641+0j)
  IZIZIIII: (0.22730238539549505+0j)
  IIIIIIIZ: (-0.07789068596219002+0j)
  IIIZIIII: (0.0035170725448771673+0j)
  IIZZIZIZ: (1.7675513950718778e-05+0j)
  IIIIIIZI: (-81.90464423731262+0j)
  IIZIIIII: (-80.84460676215295+0j)
  IIIIIIZI: (0.008029344558668059+0j)
  ZIZIIIII: (0.2270859580096919+0j)
  IIZIIIII: (0.11624881104025858+0j)
  IIZIZIZI: (4.1765248746948686e-07+0j)
  IIIIIZII: (-78.4797310828488+0j)
  IZIIIIII: (-80.71090787304959+0j)
  IIIIZZII: (0.22719428247557052+0j)
  IZIIIIII: (-0.07169978069431698+0j)
  IIIIIZII: (0.00806520399959911+0j)
  ZZIIIZII: (-5.575531074564961e-06+0j)
  IIIIZIII: (-81.90163096399378+0j)
  ZIIIIIII: (-80.71001827359575+0j)
  IIIIZIII: (0.11129113561858522+0j)
  ZIIIIIII: (0.002101862058189488+0j)
  ZIIIZIII: (5.358706247821912e-08+0j)

 

Information about the circuit: 
Number of qubits: 8
 Depth : 53

--- Starting Optimization Loop ---
Iter 10: Cost = -433.21977036606756
Iter 20: Cost = -348.98309041848927
Optimization success: True
Optimal Params: [3.54470653 1.21304539 3.19360867 4.06558725]

--- Final Sampling ---
Marginals: [0.2270000000000001, 0.2790000000000001, 0.07700000000000001, 0.17000000000000004, 0.14400000000000002, 0.29300000000000004, 0.09700000000000002, 0.017]
--- SCAN COMPLETE: 16 Active Zones Identified ---
[{'bounds': (0, 64, 0, 64), 'depth': 1, 'score': np.float64(0.30200000000000005), 'type': 'coarse_leaf'}, {'bounds': (0, 64, 64, 128), 'depth': 1, 'score': np.float64(0.22900000000000004), 'type': 'coarse_leaf'}, {'bounds': (64, 128, 0, 64), 'depth': 1, 'score': np.float64(0.10800000000000003), 'type': 'coarse_leaf'}, {'bounds': (64, 128, 64, 128), 'depth': 1, 'score': np.float64(0.08600000000000002), 'type': 'coarse_leaf'}, {'bounds': (0, 64, 128, 192), 'depth': 1, 'score': np.float64(0.2410000000000001), 'type': 'coarse_leaf'}, {'bounds': (0, 64, 192, 256), 'depth': 1, 'score': np.float64(0.19700000000000006), 'type': 'coarse_leaf'}, {'bounds': (64, 128, 128, 192), 'depth': 1, 'score': np.float64(0.13800000000000004), 'type': 'coarse_leaf'}, {'bounds': (64, 128, 192, 256), 'depth': 1, 'score': np.float64(0.13400000000000004), 'type': 'coarse_leaf'}, {'bounds': (128, 192, 0, 64), 'depth': 1, 'score': np.float64(0.11000000000000003), 'type': 'coarse_leaf'}, {'bounds': (128, 192, 64, 128), 'depth': 1, 'score': np.float64(0.3000000000000001), 'type': 'coarse_leaf'}, {'bounds': (192, 256, 0, 64), 'depth': 1, 'score': np.float64(0.2750000000000001), 'type': 'coarse_leaf'}, {'bounds': (192, 256, 64, 128), 'depth': 1, 'score': np.float64(0.18600000000000005), 'type': 'coarse_leaf'}, {'bounds': (128, 192, 128, 192), 'depth': 1, 'score': np.float64(0.2270000000000001), 'type': 'coarse_leaf'}, {'bounds': (128, 192, 192, 256), 'depth': 1, 'score': np.float64(0.29300000000000004), 'type': 'coarse_leaf'}, {'bounds': (192, 256, 128, 192), 'depth': 1, 'score': np.float64(0.09700000000000002), 'type': 'coarse_leaf'}, {'bounds': (192, 256, 192, 256), 'depth': 1, 'score': np.float64(0.17000000000000004), 'type': 'coarse_leaf'}]
Step 4/40 (t=0.0004) - Max Jz: 0.0000
Step 5/40 (t=0.0005) - Max Jz: 0.0000
  IIIIIZII: (-83.79947522537803+0j)
  IZIIIIII: (-80.82740927154333+0j)
  IIIIZZII: (0.2765313585792613+0j)
  IZIZIIII: (0.2765397372221388+0j)
  ZZIIIZIZ: (1.0942025624719297e-05+0j)
  IIIIZIII: (-81.87114071606155+0j)
  ZIIIIIII: (-80.82809466545233+0j)
  IIIIZZII: (0.276409135022314+0j)
  ZIZIIIII: (0.2762789159605789+0j)
  ZZIIZIZI: (1.3888648752677821e-05+0j)

 

Information about the circuit: 
Number of qubits: 8
 Depth : 72

--- Starting Optimization Loop ---
Iter 10: Cost = -279.30472407684925
Iter 20: Cost = -516.383158699096
Optimization success: True
Optimal Params: [2.64772222 1.69760026 3.94064686 3.09088426]

--- Final Sampling ---
Marginals: [0.136, 0.08800000000000001, 0.134, 0.11600000000000003, 0.17000000000000004, 0.036000000000000004, 0.16100000000000003, 0.026000000000000002]
Optimization Level:  1
  IIIIIIIZ: (-81.90084931458031+0j)
  IIIZIIII: (-80.71052665180393+0j)
  IIIIIIZZ: (0.27652149686597594+0j)
  IZIZIIII: (0.2763762300933199+0j)
  IIIIIIIZ: (0.0025594218208775874+0j)
  IIIZIIII: (0.1354278478240276+0j)
  IIZZIZIZ: (1.7737803534006433e-05+0j)
  IIIIIIZI: (-85.23646503909919+0j)
  IIZIIIII: (-80.70963316730355+0j)
  IIIIIIZI: (-0.08725704696281189+0j)
  ZIZIIIII: (0.27666716314227946+0j)
  IIZIIIII: (0.009821449230232211+0j)
  IIZIZIZI: (-3.7396043318005375e-06+0j)
  IIIIIZII: (-81.89783585283902+0j)
  IZIIIIII: (-80.8022800679117+0j)
  IIIIZZII: (0.27652189636962354+0j)
  IZIIIIII: (0.00977074425040819+0j)
  IIIIIZII: (0.14155583181499223+0j)
  ZZIIIZII: (6.27086213735133e-07+0j)
  IIIIZIII: (-85.30100078763331+0j)
  ZIIIIIII: (-80.80150229600471+0j)
  IIIIZIII: (0.004280210914515654+0j)
  ZIIIIIII: (-0.0948517571054665+0j)
  ZIIIZIII: (-6.289689514929148e-08+0j)

 

Information about the circuit: 
Number of qubits: 8
 Depth : 53

--- Starting Optimization Loop ---
Iter 10: Cost = -173.25137992003843
Iter 20: Cost = -497.1430308613153
Optimization success: True
Optimal Params: [3.51028954 1.16863687 2.88627374 4.14530088]

--- Final Sampling ---
Marginals: [0.30200000000000005, 0.08000000000000002, 0.10800000000000003, 0.08600000000000002, 0.07700000000000001, 0.22900000000000004, 0.02700000000000001, 0.08300000000000002]
Optimization Level:  1
  IIIIIIIZ: (-82.19463123961923+0j)
  IIIZIIII: (-80.71090476526531+0j)
  IIIIIIZZ: (0.22731068300593868+0j)
  IZIZIIII: (0.22721171885244748+0j)
  IIIIIIIZ: (0.010692175632216762+0j)
  IIIZIIII: (-0.07331633477306672+0j)
  IIZZIZIZ: (1.7746795547557348e-05+0j)
  IIIIIIZI: (-78.73696303958828+0j)
  IIZIIIII: (-80.71001518882889+0j)
  IIIIIIZI: (0.11731654519830301+0j)
  ZIZIIIII: (0.2274098940356639+0j)
  IIZIIIII: (-0.00042693724715173973+0j)
  IIZIZIZI: (6.231721313008109e-06+0j)
  IIIIIZII: (-82.19161793855227+0j)
  IZIIIIII: (-80.80264510126443+0j)
  IIIIZZII: (0.2273109298821727+0j)
  IZIIIIII: (-0.00041881838526757305+0j)
  IIIIIZII: (-0.07551086410810644+0j)
  ZZIIIZII: (-3.2712548749740074e-08+0j)
  IIIIZIII: (-78.73486263534032+0j)
  ZIIIIIII: (-80.80187561674903+0j)
  IIIIZIII: (0.012131882390624115+0j)
  ZIIIIIII: (0.11385596635635305+0j)
  ZIIIZIII: (3.226064208851975e-07+0j)

 

Information about the circuit: 
Number of qubits: 8
 Depth : 53

--- Starting Optimization Loop ---
Iter 10: Cost = -309.07392458947504
Iter 20: Cost = -477.50337603508774
Optimization success: True
Optimal Params: [3.49955556 1.10394295 2.96217426 4.14892523]

--- Final Sampling ---
Marginals: [0.14400000000000002, 0.19700000000000006, 0.13800000000000004, 0.13400000000000004, 0.2410000000000001, 0.04000000000000001, 0.12400000000000004, 0.11200000000000004]
Optimization Level:  1
  IIIIIIIZ: (-85.23597752764478+0j)
  IIIZIIII: (-80.84501436403444+0j)
  IIIIIIZZ: (0.27636523324871765+0j)
  IZIZIIII: (0.27649811744854985+0j)
  IIIIIIIZ: (0.13836638272964333+0j)
  IIIZIIII: (0.01473706789876513+0j)
  IIZZIZIZ: (1.780902218661454e-05+0j)
  IIIIIIZI: (-82.19778365706331+0j)
  IIZIIIII: (-80.84423695186797+0j)
  IIIIIIZI: (-0.0005086624438317213+0j)
  ZIZIIIII: (0.2762327145265361+0j)
  IIZIIIII: (-0.09176228780392887+0j)
  IIZIZIZI: (-2.2363505647741836e-08+0j)
  IIIIIZII: (-85.30117226813095+0j)
  IZIIIIII: (-80.71052976108838+0j)
  IIIIZZII: (0.27636559872636823+0j)
  IZIIIIII: (0.1425092900563591+0j)
  IIIIIZII: (-0.0005188462376627022+0j)
  ZZIIIZII: (9.17889334787591e-06+0j)
  IIIIZIII: (-82.19477022577517+0j)
  ZIIIIIII: (-80.70963625376561+0j)
  IIIIZIII: (-0.08904405073943567+0j)
  ZIIIIIII: (0.012993388797146751+0j)
  ZIIIZIII: (-1.8412425822724586e-07+0j)

 

Information about the circuit: 
Number of qubits: 8
 Depth : 53

--- Starting Optimization Loop ---
Iter 10: Cost = -407.7329341842056
Iter 20: Cost = -436.8395408025907
Optimization success: True
Optimal Params: [3.51179943 1.23797082 3.05236188 4.14794409]

--- Final Sampling ---
Marginals: [0.06600000000000003, 0.28300000000000003, 0.05400000000000002, 0.05000000000000002, 0.11000000000000003, 0.3000000000000001, 0.2750000000000001, 0.18600000000000005]
Optimization Level:  1
  IIIIIIIZ: (-78.48183637289881+0j)
  IIIZIIII: (-80.84537609094738+0j)
  IIIIIIZZ: (0.22719406092961641+0j)
  IZIZIIII: (0.22730238539549505+0j)
  IIIIIIIZ: (-0.07789068596219002+0j)
  IIIZIIII: (0.0035170725448771673+0j)
  IIZZIZIZ: (1.7675513950718778e-05+0j)
  IIIIIIZI: (-81.90464423731262+0j)
  IIZIIIII: (-80.84460676215295+0j)
  IIIIIIZI: (0.008029344558668059+0j)
  ZIZIIIII: (0.2270859580096919+0j)
  IIZIIIII: (0.11624881104025858+0j)
  IIZIZIZI: (4.1765248746948686e-07+0j)
  IIIIIZII: (-78.4797310828488+0j)
  IZIIIIII: (-80.71090787304959+0j)
  IIIIZZII: (0.22719428247557052+0j)
  IZIIIIII: (-0.07169978069431698+0j)
  IIIIIZII: (0.00806520399959911+0j)
  ZZIIIZII: (-5.575531074564961e-06+0j)
  IIIIZIII: (-81.90163096399378+0j)
  ZIIIIIII: (-80.71001827359575+0j)
  IIIIZIII: (0.11129113561858522+0j)
  ZIIIIIII: (0.002101862058189488+0j)
  ZIIIZIII: (5.358706247821912e-08+0j)

 

Information about the circuit: 
Number of qubits: 8
 Depth : 53

--- Starting Optimization Loop ---
Iter 10: Cost = -433.21977036606756
Iter 20: Cost = -348.98309041848927
Optimization success: True
Optimal Params: [3.54470653 1.21304539 3.19360867 4.06558725]

--- Final Sampling ---
Marginals: [0.2270000000000001, 0.2790000000000001, 0.07700000000000001, 0.17000000000000004, 0.14400000000000002, 0.29300000000000004, 0.09700000000000002, 0.017]
--- SCAN COMPLETE: 16 Active Zones Identified ---
[{'bounds': (0, 64, 0, 64), 'depth': 1, 'score': np.float64(0.30200000000000005), 'type': 'coarse_leaf'}, {'bounds': (0, 64, 64, 128), 'depth': 1, 'score': np.float64(0.22900000000000004), 'type': 'coarse_leaf'}, {'bounds': (64, 128, 0, 64), 'depth': 1, 'score': np.float64(0.10800000000000003), 'type': 'coarse_leaf'}, {'bounds': (64, 128, 64, 128), 'depth': 1, 'score': np.float64(0.08600000000000002), 'type': 'coarse_leaf'}, {'bounds': (0, 64, 128, 192), 'depth': 1, 'score': np.float64(0.2410000000000001), 'type': 'coarse_leaf'}, {'bounds': (0, 64, 192, 256), 'depth': 1, 'score': np.float64(0.19700000000000006), 'type': 'coarse_leaf'}, {'bounds': (64, 128, 128, 192), 'depth': 1, 'score': np.float64(0.13800000000000004), 'type': 'coarse_leaf'}, {'bounds': (64, 128, 192, 256), 'depth': 1, 'score': np.float64(0.13400000000000004), 'type': 'coarse_leaf'}, {'bounds': (128, 192, 0, 64), 'depth': 1, 'score': np.float64(0.11000000000000003), 'type': 'coarse_leaf'}, {'bounds': (128, 192, 64, 128), 'depth': 1, 'score': np.float64(0.3000000000000001), 'type': 'coarse_leaf'}, {'bounds': (192, 256, 0, 64), 'depth': 1, 'score': np.float64(0.2750000000000001), 'type': 'coarse_leaf'}, {'bounds': (192, 256, 64, 128), 'depth': 1, 'score': np.float64(0.18600000000000005), 'type': 'coarse_leaf'}, {'bounds': (128, 192, 128, 192), 'depth': 1, 'score': np.float64(0.2270000000000001), 'type': 'coarse_leaf'}, {'bounds': (128, 192, 192, 256), 'depth': 1, 'score': np.float64(0.29300000000000004), 'type': 'coarse_leaf'}, {'bounds': (192, 256, 128, 192), 'depth': 1, 'score': np.float64(0.09700000000000002), 'type': 'coarse_leaf'}, {'bounds': (192, 256, 192, 256), 'depth': 1, 'score': np.float64(0.17000000000000004), 'type': 'coarse_leaf'}]
Step 4/40 (t=0.0004) - Max Jz: 0.0000
Step 5/40 (t=0.0005) - Max Jz: 0.0000
Step 6/40 (t=0.0006) - Max Jz: 0.0000
Step 7/40 (t=0.0007) - Max Jz: 0.0000
--- START RECURSIVE VQA SCAN (Budget: 256 patches) ---
Average Phi: 0.12258244410507387 Average Phi Dev: 9.933507776390867e-06
Optimization Level:  1
  IIIIIIIZ: (-12.321365016771116+0j)
  IIIZIIII: (-8.381198234252293+0j)
  IIIIIIZZ: (0.27970194799646936+0j)
  IZIZIIII: (0.2787813238852808+0j)
  IIZZIZIZ: (1.2918116083275724e-05+0j)
  IIIIIIZI: (-11.440967097740597+0j)
  IIZIIIII: (-8.381612218001209+0j)
  IIIIIIZZ: (0.2777070064698526+0j)
  ZIZIIIII: (0.27660127334685486+0j)
  IIZZZIZI: (1.524648718555978e-05+0j)
  IIIIIZII: (-12.322859613048516+0j)
  IZIIIIII: (-8.348986059313352+0j)
  IIIIZZII: (0.2796675597356375+0j)
  IZIZIIII: (0.278781631654029+0j)
  ZZIIIZIZ: (1.2928320298502086e-05+0j)
  IIIIZIII: (-11.44390162941628+0j)
  ZIIIIIII: (-8.349423158598045+0j)
  IIIIZZII: (0.2776743065478791+0j)
  ZIZIIIII: (0.2765996813637026+0j)
  ZZIIZIZI: (1.524647140526531e-05+0j)

 

Information about the circuit: 
Number of qubits: 8
 Depth : 72

--- Starting Optimization Loop ---
Iter 10: Cost = -12.82308806912863
Iter 20: Cost = -60.31950498767363
Optimization success: True
Optimal Params: [2.55224333 2.53383206 3.12593182 3.16492006]

--- Final Sampling ---
Marginals: [0.08600000000000002, 0.09800000000000003, 0.06100000000000001, 0.07000000000000002, 0.15000000000000002, 0.12200000000000003, 0.16400000000000003, 0.12600000000000006]
Optimization Level:  1
  IIIIIIIZ: (-10.873692293700724+0j)
  IIIZIIII: (-8.154173828210991+0j)
  IIIIIIZZ: (0.2777988968342863+0j)
  IZIZIIII: (0.27659445855422016+0j)
  IIIIIIIZ: (-0.13276716548692957+0j)
  IIIZIIII: (-0.10672921710127782+0j)
  IIZZIZIZ: (1.9267145544285913e-05+0j)
  IIIIIIZI: (-12.45982835993658+0j)
  IIZIIIII: (-8.153594117617278+0j)
  IIIIIIZI: (-0.13130154601517474+0j)
  ZIZIIIII: (0.2790374169850308+0j)
  IIZIIIII: (-0.1347019965522891+0j)
  IIZIZIZI: (-6.439348178184963e-06+0j)
  IIIIIZII: (-10.868696650194256+0j)
  IZIIIIII: (-8.30225046370434+0j)
  IIIIZZII: (0.2778329787049646+0j)
  IZIIIIII: (-0.13363945656667156+0j)
  IIIIIZII: (-0.10130656949639152+0j)
  ZZIIIZII: (-9.309014717959556e-06+0j)
  IIIIZIII: (-12.457668324722246+0j)
  ZIIIIIII: (-8.301723828495794+0j)
  IIIIZIII: (-0.13239762952821563+0j)
  ZIIIIIII: (-0.13396419907741738+0j)
  ZIIIZIII: (3.116997944994217e-06+0j)

 

Information about the circuit: 
Number of qubits: 8
 Depth : 53

--- Starting Optimization Loop ---
Iter 10: Cost = 19.476890497477985
Iter 20: Cost = -20.66204482033789
Optimization success: True
Optimal Params: [2.55204977 2.56991933 3.16463184 3.15640433]

--- Final Sampling ---
Marginals: [0.6470000000000004, 0.6130000000000003, 0.3290000000000001, 0.33400000000000013, 0.16700000000000007, 0.40600000000000025, 0.15900000000000009, 0.4330000000000002]
Optimization Level:  1
  IIIIIIIZ: (-10.873692293700724+0j)
  IIIZIIII: (-8.154173828210991+0j)
  IIIIIIZZ: (0.2777988968342863+0j)
  IZIZIIII: (0.27659445855422016+0j)
  IIIIIIIZ: (-0.13276716548692957+0j)
  IIIZIIII: (-0.10672921710127782+0j)
  IIZZIZIZ: (1.9267145544285913e-05+0j)
  IIIIIIZI: (-12.45982835993658+0j)
  IIZIIIII: (-8.153594117617278+0j)
  IIIIIIZI: (-0.1523560150869704+0j)
  ZIZIIIII: (0.2790374169850308+0j)
  IIZIIIII: (-0.13586699161788351+0j)
  IIZIZIZI: (-7.47191071209793e-06+0j)
  IIIIIZII: (-10.868696650194256+0j)
  IZIIIIII: (-8.30225046370434+0j)
  IIIIZZII: (0.2778329787049646+0j)
  IZIIIIII: (0.07177584997860736+0j)
  IIIIIZII: (0.0725277406367286+0j)
  ZZIIIZII: (4.999739306120065e-06+0j)
  IIIIZIII: (-12.457668324722246+0j)
  ZIIIIIII: (-8.301723828495794+0j)
  IIIIZIII: (-0.04734770317529267+0j)
  ZIIIIIII: (-0.04378532497882186+0j)
  ZIIIZIII: (3.6433009605215723e-07+0j)

 

Information about the circuit: 
Number of qubits: 8
 Depth : 53

--- Starting Optimization Loop ---
Iter 10: Cost = -30.401066957609558
Iter 20: Cost = -33.06907061526804
Iter 30: Cost = -53.014475479492575
Optimization success: True
Optimal Params: [3.46239643 1.14698317 4.32876064 4.13942666]

--- Final Sampling ---
Marginals: [0.2760000000000001, 0.11100000000000002, 0.09100000000000001, 0.21500000000000005, 0.035, 0.20700000000000007, 0.38000000000000006, 0.03500000000000001]
Optimization Level:  1
  IIIIIIIZ: (-10.768801121467995+0j)
  IIIZIIII: (-8.243545605198044+0j)
  IIIIIIZZ: (0.25238278656326796+0j)
  IZIZIIII: (0.25364434994428964+0j)
  IIIIIIIZ: (-0.1261299933386934+0j)
  IIIZIIII: (-0.1351640100313213+0j)
  IIIIIIZI: (-9.89615489710577+0j)
  IIZIIIII: (-8.242734506876676+0j)
  IIIIIIZI: (-0.11730821151559871+0j)
  ZIZIIIII: (0.2511490313788535+0j)
  IIZIIIII: (-0.12123920986811572+0j)
  IIZIZIZI: (-4.6965853105373366e-07+0j)
  IIIIIZII: (-10.766033069359143+0j)
  IZIIIIII: (-8.013153746999386+0j)
  IIIIZZII: (0.2524105947598752+0j)
  IZIIIIII: (-0.037587708887603696+0j)
  IIIIIZII: (-0.046308596484231954+0j)
  IIIIZIII: (-9.891160140821329+0j)
  ZIIIIIII: (-8.01217837388924+0j)
  IIIIZIII: (0.060982095446290754+0j)
  ZIIIIIII: (0.06494553961161945+0j)

 

Information about the circuit: 
Number of qubits: 8
 Depth : 22

--- Starting Optimization Loop ---
Iter 10: Cost = -27.339507288234234
Iter 20: Cost = -45.148888767752894
Iter 30: Cost = -49.720271899297934
Optimization success: True
Optimal Params: [2.97750283 1.71100711 3.00494224 3.99812173]

--- Final Sampling ---
Marginals: [0.05800000000000002, 0.14800000000000002, 0.19600000000000006, 0.29700000000000004, 0.03700000000000001, 0.012000000000000004, 0.21600000000000003, 0.28600000000000003]
Optimization Level:  1
  IIIIIIIZ: (-10.931619377397132+0j)
  IIIZIIII: (-8.154856066534071+0j)
  IIIIIIZZ: (0.22893682069394478+0j)
  IZIZIIII: (0.22804323394072992+0j)
  IIIIIIIZ: (-0.10864258421866783+0j)
  IIIZIIII: (-0.10890026731799995+0j)
  IIZZIZIZ: (1.9412037727022613e-05+0j)
  IIIIIIZI: (-11.023367673620523+0j)
  IIZIIIII: (-8.154262092085968+0j)
  IIIIIIZI: (-0.08662400111671954+0j)
  ZIZIIIII: (0.22985144251407136+0j)
  IIZIIIII: (-0.11171763801703295+0j)
  IIZIZIZI: (-4.8313695562579776e-06+0j)
  IIIIIZII: (-10.926624007326355+0j)
  IZIIIIII: (-8.302910086201212+0j)
  IIIIZZII: (0.2289578557608565+0j)
  IZIIIIII: (-0.11089967300800677+0j)
  IIIIIZII: (-0.10684962402199981+0j)
  ZZIIIZII: (-9.4403697472347e-06+0j)
  IIIIZIII: (-11.02065424031633+0j)
  ZIIIIIII: (-8.302376594536344+0j)
  IIIIZIII: (-0.10838963898305545+0j)
  ZIIIIIII: (-0.08766889705897075+0j)
  ZIIIZIII: (2.3055571663147924e-06+0j)

 

Information about the circuit: 
Number of qubits: 8
 Depth : 53

--- Starting Optimization Loop ---
Iter 10: Cost = -49.451834683335235
Iter 20: Cost = -51.43197779524765
Optimization success: True
Optimal Params: [2.81197179 1.52100818 3.10173172 3.14133449]

--- Final Sampling ---
Marginals: [0.16500000000000004, 0.2400000000000001, 0.16200000000000003, 0.19300000000000006, 0.12100000000000002, 0.15800000000000003, 0.17300000000000004, 0.18900000000000006]
Optimization Level:  1
  IIIIIIIZ: (-12.523727441716627+0j)
  IIIZIIII: (-8.383132962702907+0j)
  IIIIIIZZ: (0.27415569477862595+0j)
  IZIZIIII: (0.27535688826239435+0j)
  IIIIIIIZ: (-0.10456911130398916+0j)
  IIIZIIII: (-0.1293360803030456+0j)
  IIZZIZIZ: (1.9475349676909006e-05+0j)
  IIIIIIZI: (-10.930309445030794+0j)
  IIZIIIII: (-8.382593370836775+0j)
  IIIIIIZI: (-0.13219038867277658+0j)
  ZIZIIIII: (0.27298673703732074+0j)
  IIZIIIII: (-0.12739694001107524+0j)
  IIZIZIZI: (-6.27893258182756e-06+0j)
  IIIIIZII: (-12.521615184660904+0j)
  IZIIIIII: (-8.154304932726474+0j)
  IIIIZZII: (0.27418793052108914+0j)
  IZIIIIII: (-0.10338028358760458+0j)
  IIIIIZII: (-0.13326706865770124+0j)
  ZZIIIZII: (-7.3114817764403624e-06+0j)
  IIIIZIII: (-10.925314524006579+0j)
  ZIIIIIII: (-8.153724138431919+0j)
  IIIIZIII: (-0.12982051964648156+0j)
  ZIIIIIII: (-0.12955629455242879+0j)
  ZIIIZIII: (2.925899981543323e-06+0j)

 

Information about the circuit: 
Number of qubits: 8
 Depth : 53

--- Starting Optimization Loop ---
Iter 10: Cost = -10.62336661758069
Iter 20: Cost = -52.96329467721466
Optimization success: True
Optimal Params: [2.04064835 2.62423645 2.94389786 3.01430266]

--- Final Sampling ---
Marginals: [0.17800000000000005, 0.16300000000000003, 0.2580000000000001, 0.2460000000000001, 0.13100000000000003, 0.11900000000000005, 0.152, 0.12900000000000003]
Step 6/40 (t=0.0006) - Max Jz: 0.0000
Step 7/40 (t=0.0007) - Max Jz: 0.0000
--- START RECURSIVE VQA SCAN (Budget: 256 patches) ---
Average Phi: 0.12258244410507387 Average Phi Dev: 9.933507776390867e-06
Optimization Level:  1
  IIIIIIIZ: (-12.321365016771116+0j)
  IIIZIIII: (-8.381198234252293+0j)
  IIIIIIZZ: (0.27970194799646936+0j)
  IZIZIIII: (0.2787813238852808+0j)
  IIZZIZIZ: (1.2918116083275724e-05+0j)
  IIIIIIZI: (-11.440967097740597+0j)
  IIZIIIII: (-8.381612218001209+0j)
  IIIIIIZZ: (0.2777070064698526+0j)
  ZIZIIIII: (0.27660127334685486+0j)
  IIZZZIZI: (1.524648718555978e-05+0j)
  IIIIIZII: (-12.322859613048516+0j)
  IZIIIIII: (-8.348986059313352+0j)
  IIIIZZII: (0.2796675597356375+0j)
  IZIZIIII: (0.278781631654029+0j)
  ZZIIIZIZ: (1.2928320298502086e-05+0j)
  IIIIZIII: (-11.44390162941628+0j)
  ZIIIIIII: (-8.349423158598045+0j)
  IIIIZZII: (0.2776743065478791+0j)
  ZIZIIIII: (0.2765996813637026+0j)
  ZZIIZIZI: (1.524647140526531e-05+0j)

 

Information about the circuit: 
Number of qubits: 8
 Depth : 72

--- Starting Optimization Loop ---
Iter 10: Cost = -12.82308806912863
Iter 20: Cost = -60.31950498767363
Optimization success: True
Optimal Params: [2.55224333 2.53383206 3.12593182 3.16492006]

--- Final Sampling ---
Marginals: [0.08600000000000002, 0.09800000000000003, 0.06100000000000001, 0.07000000000000002, 0.15000000000000002, 0.12200000000000003, 0.16400000000000003, 0.12600000000000006]
Optimization Level:  1
  IIIIIIIZ: (-10.873692293700724+0j)
  IIIZIIII: (-8.154173828210991+0j)
  IIIIIIZZ: (0.2777988968342863+0j)
  IZIZIIII: (0.27659445855422016+0j)
  IIIIIIIZ: (-0.13276716548692957+0j)
  IIIZIIII: (-0.10672921710127782+0j)
  IIZZIZIZ: (1.9267145544285913e-05+0j)
  IIIIIIZI: (-12.45982835993658+0j)
  IIZIIIII: (-8.153594117617278+0j)
  IIIIIIZI: (-0.13130154601517474+0j)
  ZIZIIIII: (0.2790374169850308+0j)
  IIZIIIII: (-0.1347019965522891+0j)
  IIZIZIZI: (-6.439348178184963e-06+0j)
  IIIIIZII: (-10.868696650194256+0j)
  IZIIIIII: (-8.30225046370434+0j)
  IIIIZZII: (0.2778329787049646+0j)
  IZIIIIII: (-0.13363945656667156+0j)
  IIIIIZII: (-0.10130656949639152+0j)
  ZZIIIZII: (-9.309014717959556e-06+0j)
  IIIIZIII: (-12.457668324722246+0j)
  ZIIIIIII: (-8.301723828495794+0j)
  IIIIZIII: (-0.13239762952821563+0j)
  ZIIIIIII: (-0.13396419907741738+0j)
  ZIIIZIII: (3.116997944994217e-06+0j)

 

Information about the circuit: 
Number of qubits: 8
 Depth : 53

--- Starting Optimization Loop ---
Iter 10: Cost = 19.476890497477985
Iter 20: Cost = -20.66204482033789
Optimization success: True
Optimal Params: [2.55204977 2.56991933 3.16463184 3.15640433]

--- Final Sampling ---
Marginals: [0.6470000000000004, 0.6130000000000003, 0.3290000000000001, 0.33400000000000013, 0.16700000000000007, 0.40600000000000025, 0.15900000000000009, 0.4330000000000002]
Optimization Level:  1
  IIIIIIIZ: (-10.873692293700724+0j)
  IIIZIIII: (-8.154173828210991+0j)
  IIIIIIZZ: (0.2777988968342863+0j)
  IZIZIIII: (0.27659445855422016+0j)
  IIIIIIIZ: (-0.13276716548692957+0j)
  IIIZIIII: (-0.10672921710127782+0j)
  IIZZIZIZ: (1.9267145544285913e-05+0j)
  IIIIIIZI: (-12.45982835993658+0j)
  IIZIIIII: (-8.153594117617278+0j)
  IIIIIIZI: (-0.1523560150869704+0j)
  ZIZIIIII: (0.2790374169850308+0j)
  IIZIIIII: (-0.13586699161788351+0j)
  IIZIZIZI: (-7.47191071209793e-06+0j)
  IIIIIZII: (-10.868696650194256+0j)
  IZIIIIII: (-8.30225046370434+0j)
  IIIIZZII: (0.2778329787049646+0j)
  IZIIIIII: (0.07177584997860736+0j)
  IIIIIZII: (0.0725277406367286+0j)
  ZZIIIZII: (4.999739306120065e-06+0j)
  IIIIZIII: (-12.457668324722246+0j)
  ZIIIIIII: (-8.301723828495794+0j)
  IIIIZIII: (-0.04734770317529267+0j)
  ZIIIIIII: (-0.04378532497882186+0j)
  ZIIIZIII: (3.6433009605215723e-07+0j)

 

Information about the circuit: 
Number of qubits: 8
 Depth : 53

--- Starting Optimization Loop ---
Iter 10: Cost = -30.401066957609558
Iter 20: Cost = -33.06907061526804
Iter 30: Cost = -53.014475479492575
Optimization success: True
Optimal Params: [3.46239643 1.14698317 4.32876064 4.13942666]

--- Final Sampling ---
Marginals: [0.2760000000000001, 0.11100000000000002, 0.09100000000000001, 0.21500000000000005, 0.035, 0.20700000000000007, 0.38000000000000006, 0.03500000000000001]
Optimization Level:  1
  IIIIIIIZ: (-10.768801121467995+0j)
  IIIZIIII: (-8.243545605198044+0j)
  IIIIIIZZ: (0.25238278656326796+0j)
  IZIZIIII: (0.25364434994428964+0j)
  IIIIIIIZ: (-0.1261299933386934+0j)
  IIIZIIII: (-0.1351640100313213+0j)
  IIIIIIZI: (-9.89615489710577+0j)
  IIZIIIII: (-8.242734506876676+0j)
  IIIIIIZI: (-0.11730821151559871+0j)
  ZIZIIIII: (0.2511490313788535+0j)
  IIZIIIII: (-0.12123920986811572+0j)
  IIZIZIZI: (-4.6965853105373366e-07+0j)
  IIIIIZII: (-10.766033069359143+0j)
  IZIIIIII: (-8.013153746999386+0j)
  IIIIZZII: (0.2524105947598752+0j)
  IZIIIIII: (-0.037587708887603696+0j)
  IIIIIZII: (-0.046308596484231954+0j)
  IIIIZIII: (-9.891160140821329+0j)
  ZIIIIIII: (-8.01217837388924+0j)
  IIIIZIII: (0.060982095446290754+0j)
  ZIIIIIII: (0.06494553961161945+0j)

 

Information about the circuit: 
Number of qubits: 8
 Depth : 22

--- Starting Optimization Loop ---
Iter 10: Cost = -27.339507288234234
Iter 20: Cost = -45.148888767752894
Iter 30: Cost = -49.720271899297934
Optimization success: True
Optimal Params: [2.97750283 1.71100711 3.00494224 3.99812173]

--- Final Sampling ---
Marginals: [0.05800000000000002, 0.14800000000000002, 0.19600000000000006, 0.29700000000000004, 0.03700000000000001, 0.012000000000000004, 0.21600000000000003, 0.28600000000000003]
Optimization Level:  1
  IIIIIIIZ: (-10.931619377397132+0j)
  IIIZIIII: (-8.154856066534071+0j)
  IIIIIIZZ: (0.22893682069394478+0j)
  IZIZIIII: (0.22804323394072992+0j)
  IIIIIIIZ: (-0.10864258421866783+0j)
  IIIZIIII: (-0.10890026731799995+0j)
  IIZZIZIZ: (1.9412037727022613e-05+0j)
  IIIIIIZI: (-11.023367673620523+0j)
  IIZIIIII: (-8.154262092085968+0j)
  IIIIIIZI: (-0.08662400111671954+0j)
  ZIZIIIII: (0.22985144251407136+0j)
  IIZIIIII: (-0.11171763801703295+0j)
  IIZIZIZI: (-4.8313695562579776e-06+0j)
  IIIIIZII: (-10.926624007326355+0j)
  IZIIIIII: (-8.302910086201212+0j)
  IIIIZZII: (0.2289578557608565+0j)
  IZIIIIII: (-0.11089967300800677+0j)
  IIIIIZII: (-0.10684962402199981+0j)
  ZZIIIZII: (-9.4403697472347e-06+0j)
  IIIIZIII: (-11.02065424031633+0j)
  ZIIIIIII: (-8.302376594536344+0j)
  IIIIZIII: (-0.10838963898305545+0j)
  ZIIIIIII: (-0.08766889705897075+0j)
  ZIIIZIII: (2.3055571663147924e-06+0j)

 

Information about the circuit: 
Number of qubits: 8
 Depth : 53

--- Starting Optimization Loop ---
Iter 10: Cost = -49.451834683335235
Iter 20: Cost = -51.43197779524765
Optimization success: True
Optimal Params: [2.81197179 1.52100818 3.10173172 3.14133449]

--- Final Sampling ---
Marginals: [0.16500000000000004, 0.2400000000000001, 0.16200000000000003, 0.19300000000000006, 0.12100000000000002, 0.15800000000000003, 0.17300000000000004, 0.18900000000000006]
Optimization Level:  1
  IIIIIIIZ: (-12.523727441716627+0j)
  IIIZIIII: (-8.383132962702907+0j)
  IIIIIIZZ: (0.27415569477862595+0j)
  IZIZIIII: (0.27535688826239435+0j)
  IIIIIIIZ: (-0.10456911130398916+0j)
  IIIZIIII: (-0.1293360803030456+0j)
  IIZZIZIZ: (1.9475349676909006e-05+0j)
  IIIIIIZI: (-10.930309445030794+0j)
  IIZIIIII: (-8.382593370836775+0j)
  IIIIIIZI: (-0.13219038867277658+0j)
  ZIZIIIII: (0.27298673703732074+0j)
  IIZIIIII: (-0.12739694001107524+0j)
  IIZIZIZI: (-6.27893258182756e-06+0j)
  IIIIIZII: (-12.521615184660904+0j)
  IZIIIIII: (-8.154304932726474+0j)
  IIIIZZII: (0.27418793052108914+0j)
  IZIIIIII: (-0.10338028358760458+0j)
  IIIIIZII: (-0.13326706865770124+0j)
  ZZIIIZII: (-7.3114817764403624e-06+0j)
  IIIIZIII: (-10.925314524006579+0j)
  ZIIIIIII: (-8.153724138431919+0j)
  IIIIZIII: (-0.12982051964648156+0j)
  ZIIIIIII: (-0.12955629455242879+0j)
  ZIIIZIII: (2.925899981543323e-06+0j)

 

Information about the circuit: 
Number of qubits: 8
 Depth : 53

--- Starting Optimization Loop ---
Iter 10: Cost = -10.62336661758069
Iter 20: Cost = -52.96329467721466
Optimization success: True
Optimal Params: [2.04064835 2.62423645 2.94389786 3.01430266]

--- Final Sampling ---
Marginals: [0.17800000000000005, 0.16300000000000003, 0.2580000000000001, 0.2460000000000001, 0.13100000000000003, 0.11900000000000005, 0.152, 0.12900000000000003]
Optimization Level:  1
  IIIIIIIZ: (-10.980619387511716+0j)
  IIIZIIII: (-8.383787093159464+0j)
  IIIIIIZZ: (0.22620762082003398+0j)
  IZIZIIII: (0.2271150990909692+0j)
  IIIIIIIZ: (-0.10860248805770481+0j)
  IIIZIIII: (-0.10741765054109241+0j)
  IIZZIZIZ: (1.9201883380413454e-05+0j)
  IIIIIIZI: (-10.873688809010115+0j)
  IIZIIIII: (-8.383240603367582+0j)
  IIIIIIZI: (-0.1085571007996481+0j)
  ZIZIIIII: (0.22532002945143043+0j)
  IIZIIIII: (-0.0821587103480255+0j)
  IIZIZIZI: (-6.611054882283617e-06+0j)
  IIIIIZII: (-10.977904494935471+0j)
  IZIIIIII: (-8.154987146031099+0j)
  IIIIZZII: (0.22622750772236563+0j)
  IZIIIIII: (-0.10654716390320033+0j)
  IIIIIZII: (-0.10920864052753833+0j)
  ZZIIIZII: (-9.007723888255483e-06+0j)
  IIIIZIII: (-10.868694161327662+0j)
  ZIIIIIII: (-8.154392087345352+0j)
  IIIIZIII: (-0.08670455471810624+0j)
  ZIIIIIII: (-0.10769299704335664+0j)
  ZIIIZIII: (2.523414058023907e-06+0j)

 

Information about the circuit: 
Number of qubits: 8
 Depth : 53

--- Starting Optimization Loop ---
Iter 10: Cost = -41.963468442514035
Iter 20: Cost = -10.031774632055402
Optimization success: True
Optimal Params: [2.66082292 1.80577376 3.4334434  3.91704471]

--- Final Sampling ---
Marginals: [0.09800000000000002, 0.125, 0.29200000000000004, 0.3400000000000001, 0.07800000000000003, 0.07500000000000002, 0.06100000000000001, 0.048000000000000015]
--- SCAN COMPLETE: 22 Active Zones Identified ---
[{'bounds': (0, 32, 0, 32), 'depth': 2, 'score': np.float64(0.2760000000000001), 'type': 'coarse_leaf'}, {'bounds': (0, 32, 32, 64), 'depth': 2, 'score': np.float64(0.20700000000000007), 'type': 'coarse_leaf'}, {'bounds': (32, 64, 0, 32), 'depth': 2, 'score': np.float64(0.38000000000000006), 'type': 'coarse_leaf'}, {'bounds': (32, 64, 32, 64), 'depth': 2, 'score': np.float64(0.21500000000000005), 'type': 'coarse_leaf'}, {'bounds': (0, 32, 64, 96), 'depth': 2, 'score': np.float64(0.05800000000000002), 'type': 'coarse_leaf'}, {'bounds': (0, 32, 96, 128), 'depth': 2, 'score': np.float64(0.14800000000000002), 'type': 'coarse_leaf'}, {'bounds': (32, 64, 64, 96), 'depth': 2, 'score': np.float64(0.21600000000000003), 'type': 'coarse_leaf'}, {'bounds': (32, 64, 96, 128), 'depth': 2, 'score': np.float64(0.29700000000000004), 'type': 'coarse_leaf'}, {'bounds': (64, 128, 0, 64), 'depth': 1, 'score': np.float64(0.3290000000000001), 'type': 'coarse_leaf'}, {'bounds': (64, 128, 64, 128), 'depth': 1, 'score': np.float64(0.4330000000000002), 'type': 'coarse_leaf'}, {'bounds': (0, 64, 128, 192), 'depth': 1, 'score': np.float64(0.16500000000000004), 'type': 'coarse_leaf'}, {'bounds': (0, 64, 192, 256), 'depth': 1, 'score': np.float64(0.2400000000000001), 'type': 'coarse_leaf'}, {'bounds': (64, 128, 128, 192), 'depth': 1, 'score': np.float64(0.17300000000000004), 'type': 'coarse_leaf'}, {'bounds': (64, 128, 192, 256), 'depth': 1, 'score': np.float64(0.19300000000000006), 'type': 'coarse_leaf'}, {'bounds': (128, 192, 0, 64), 'depth': 1, 'score': np.float64(0.17800000000000005), 'type': 'coarse_leaf'}, {'bounds': (128, 192, 64, 128), 'depth': 1, 'score': np.float64(0.16300000000000003), 'type': 'coarse_leaf'}, {'bounds': (192, 256, 0, 64), 'depth': 1, 'score': np.float64(0.2580000000000001), 'type': 'coarse_leaf'}, {'bounds': (192, 256, 64, 128), 'depth': 1, 'score': np.float64(0.2460000000000001), 'type': 'coarse_leaf'}, {'bounds': (128, 192, 128, 192), 'depth': 1, 'score': np.float64(0.09800000000000002), 'type': 'coarse_leaf'}, {'bounds': (128, 192, 192, 256), 'depth': 1, 'score': np.float64(0.125), 'type': 'coarse_leaf'}, {'bounds': (192, 256, 128, 192), 'depth': 1, 'score': np.float64(0.29200000000000004), 'type': 'coarse_leaf'}, {'bounds': (192, 256, 192, 256), 'depth': 1, 'score': np.float64(0.3400000000000001), 'type': 'coarse_leaf'}]
Step 8/40 (t=0.0008) - Max Jz: 0.0000
Step 9/40 (t=0.0009) - Max Jz: 0.0000
Step 10/40 (t=0.0010) - Max Jz: 0.0000
Step 11/40 (t=0.0011) - Max Jz: 0.0000
--- START RECURSIVE VQA SCAN (Budget: 256 patches) ---
Average Phi: 1.1467965136311689 Average Phi Dev: 0.0001024216162635638
Optimization Level:  1
  IIIIIIIZ: (4.296525449257888+0j)
  IIIZIIII: (7.263601830362375+0j)
  IIIIIIZZ: (0.3552940098076913+0j)
  IZIZIIII: (0.35500361177423173+0j)
  IIZZIZIZ: (4.939716637980972e-05+0j)
  IIIIIIZI: (3.944258599898223+0j)
  IIZIIIII: (6.636422680998243+0j)
  IIIIIIZZ: (0.3259356631943594+0j)
  ZIZIIIII: (0.3237724016575849+0j)
  IIZZZIZI: (6.301490992342204e-05+0j)
  IIIIIZII: (3.152568239150129+0j)
  IZIIIIII: (6.51819135755158+0j)
  IIIIZZII: (0.31640575509214686+0j)
  IZIZIIII: (0.3227006420720923+0j)
  ZZIIIZIZ: (3.5813714198101806e-05+0j)
  IIIIZIII: (3.2312584554947104+0j)
  ZIIIIIII: (6.175079455053399+0j)
  IIIIZZII: (0.2973612613511336+0j)
  ZIZIIIII: (0.3005962824734015+0j)
  ZZIIZIZI: (4.113748821805792e-05+0j)

 

Information about the circuit: 
Number of qubits: 8
 Depth : 72

--- Starting Optimization Loop ---
Iter 10: Cost = -20.999902847936944
Iter 20: Cost = -24.118374185284708
Optimization success: True
Optimal Params: [1.37052664 1.71807243 3.11497915 4.22222679]

--- Final Sampling ---
Marginals: [0.9180000000000004, 0.9000000000000004, 0.8090000000000003, 0.6340000000000002, 0.9100000000000004, 0.8310000000000003, 0.7170000000000003, 0.6940000000000003]
Optimization Level:  1
  IIIIIIIZ: (3.591083732643103+0j)
  IIIZIIII: (6.280272777734269+0j)
  IIIIIIZZ: (0.29408348790457256+0j)
  IZIZIIII: (0.29804606478175205+0j)
  IIIIIIIZ: (-0.15963306269577934+0j)
  IIIZIIII: (-0.13699936697894782+0j)
  IIZZIZIZ: (4.330417571452203e-05+0j)
  IIIIIIZI: (2.913948152252352+0j)
  IIZIIIII: (6.746731269392678+0j)
  IIIIIIZI: (-0.1423534153974056+0j)
  ZIZIIIII: (0.3201495399670613+0j)
  IIZIIIII: (-0.15948070926292382+0j)
  IIZIZIZI: (-1.1847335078947059e-05+0j)
  IIIIIZII: (4.542327201411185+0j)
  IZIIIIII: (6.665765540020955+0j)
  IIIIZZII: (0.3241121168442408+0j)
  IZIIIIII: (-0.14275101065741044+0j)
  IIIIIZII: (-0.12227522552061951+0j)
  ZZIIIZII: (-4.095445687734591e-05+0j)
  IIIIZIII: (4.790199950942343+0j)
  ZIIIIIII: (7.701717490256264+0j)
  IIIIZIII: (-0.15387215803584747+0j)
  ZIIIIIII: (-0.14017920936689726+0j)
  ZIIIZIII: (8.263667491684892e-06+0j)

 

Information about the circuit: 
Number of qubits: 8
 Depth : 53

--- Starting Optimization Loop ---
Iter 10: Cost = -20.654111977320888
Iter 20: Cost = -27.521535143934713
Optimization success: True
Optimal Params: [1.52742121 1.80907258 3.07084087 3.17409882]

--- Final Sampling ---
Marginals: [0.9260000000000002, 0.9290000000000003, 0.8070000000000002, 0.8480000000000002, 0.9210000000000002, 0.9220000000000002, 0.7360000000000002, 0.7420000000000002]
Optimization Level:  1
  IIIIIIIZ: (3.591083732643103+0j)
  IIIZIIII: (6.280272777734269+0j)
  IIIIIIZZ: (0.29408348790457256+0j)
  IZIZIIII: (0.29804606478175205+0j)
  IIIIIIIZ: (-0.15963306269577934+0j)
  IIIZIIII: (-0.13699936697894782+0j)
  IIZZIZIZ: (4.330417571452203e-05+0j)
  IIIIIIZI: (2.913948152252352+0j)
  IIZIIIII: (6.746731269392678+0j)
  IIIIIIZI: (-0.20093757871752266+0j)
  ZIZIIIII: (0.3201495399670613+0j)
  IIZIIIII: (-0.13483377546500508+0j)
  IIZIZIZI: (-1.6722990582087423e-05+0j)
  IIIIIZII: (4.542327201411185+0j)
  IZIIIIII: (6.665765540020955+0j)
  IIIIZZII: (0.3241121168442408+0j)
  IZIIIIII: (0.04910281015047615+0j)
  IIIIIZII: (0.05685031653604911+0j)
  ZZIIIZII: (1.4087318272585447e-05+0j)
  IIIIZIII: (4.790199950942343+0j)
  ZIIIIIII: (7.701717490256264+0j)
  IIIIZIII: (0.00154516984652812+0j)
  ZIIIIIII: (-0.09212028541121907+0j)
  ZIIIZIII: (-5.453316227940067e-08+0j)

 

Information about the circuit: 
Number of qubits: 8
 Depth : 53

--- Starting Optimization Loop ---
Iter 10: Cost = -27.919902099784487
Iter 20: Cost = -29.685037847182684
Optimization success: True
Optimal Params: [1.64151568 1.79948387 4.06058961 3.10432149]

--- Final Sampling ---
Marginals: [0.935, 0.8990000000000001, 0.8510000000000002, 0.8010000000000002, 0.9360000000000002, 0.9910000000000002, 0.7300000000000002, 0.65]
Optimization Level:  1
  IIIIIIIZ: (3.591083732643103+0j)
  IIIZIIII: (6.280272777734269+0j)
  IIIIIIZZ: (0.29408348790457256+0j)
  IZIZIIII: (0.29804606478175205+0j)
  IIIIIIIZ: (-0.15963306269577934+0j)
Optimization Level:  1
  IIIIIIIZ: (-10.980619387511716+0j)
  IIIZIIII: (-8.383787093159464+0j)
  IIIIIIZZ: (0.22620762082003398+0j)
  IZIZIIII: (0.2271150990909692+0j)
  IIIIIIIZ: (-0.10860248805770481+0j)
  IIIZIIII: (-0.10741765054109241+0j)
  IIZZIZIZ: (1.9201883380413454e-05+0j)
  IIIIIIZI: (-10.873688809010115+0j)
  IIZIIIII: (-8.383240603367582+0j)
  IIIIIIZI: (-0.1085571007996481+0j)
  ZIZIIIII: (0.22532002945143043+0j)
  IIZIIIII: (-0.0821587103480255+0j)
  IIZIZIZI: (-6.611054882283617e-06+0j)
  IIIIIZII: (-10.977904494935471+0j)
  IZIIIIII: (-8.154987146031099+0j)
  IIIIZZII: (0.22622750772236563+0j)
  IZIIIIII: (-0.10654716390320033+0j)
  IIIIIZII: (-0.10920864052753833+0j)
  ZZIIIZII: (-9.007723888255483e-06+0j)
  IIIIZIII: (-10.868694161327662+0j)
  ZIIIIIII: (-8.154392087345352+0j)
  IIIIZIII: (-0.08670455471810624+0j)
  ZIIIIIII: (-0.10769299704335664+0j)
  ZIIIZIII: (2.523414058023907e-06+0j)

 

Information about the circuit: 
Number of qubits: 8
 Depth : 53

--- Starting Optimization Loop ---
Iter 10: Cost = -41.963468442514035
Iter 20: Cost = -10.031774632055402
Optimization success: True
Optimal Params: [2.66082292 1.80577376 3.4334434  3.91704471]

--- Final Sampling ---
Marginals: [0.09800000000000002, 0.125, 0.29200000000000004, 0.3400000000000001, 0.07800000000000003, 0.07500000000000002, 0.06100000000000001, 0.048000000000000015]
--- SCAN COMPLETE: 22 Active Zones Identified ---
[{'bounds': (0, 32, 0, 32), 'depth': 2, 'score': np.float64(0.2760000000000001), 'type': 'coarse_leaf'}, {'bounds': (0, 32, 32, 64), 'depth': 2, 'score': np.float64(0.20700000000000007), 'type': 'coarse_leaf'}, {'bounds': (32, 64, 0, 32), 'depth': 2, 'score': np.float64(0.38000000000000006), 'type': 'coarse_leaf'}, {'bounds': (32, 64, 32, 64), 'depth': 2, 'score': np.float64(0.21500000000000005), 'type': 'coarse_leaf'}, {'bounds': (0, 32, 64, 96), 'depth': 2, 'score': np.float64(0.05800000000000002), 'type': 'coarse_leaf'}, {'bounds': (0, 32, 96, 128), 'depth': 2, 'score': np.float64(0.14800000000000002), 'type': 'coarse_leaf'}, {'bounds': (32, 64, 64, 96), 'depth': 2, 'score': np.float64(0.21600000000000003), 'type': 'coarse_leaf'}, {'bounds': (32, 64, 96, 128), 'depth': 2, 'score': np.float64(0.29700000000000004), 'type': 'coarse_leaf'}, {'bounds': (64, 128, 0, 64), 'depth': 1, 'score': np.float64(0.3290000000000001), 'type': 'coarse_leaf'}, {'bounds': (64, 128, 64, 128), 'depth': 1, 'score': np.float64(0.4330000000000002), 'type': 'coarse_leaf'}, {'bounds': (0, 64, 128, 192), 'depth': 1, 'score': np.float64(0.16500000000000004), 'type': 'coarse_leaf'}, {'bounds': (0, 64, 192, 256), 'depth': 1, 'score': np.float64(0.2400000000000001), 'type': 'coarse_leaf'}, {'bounds': (64, 128, 128, 192), 'depth': 1, 'score': np.float64(0.17300000000000004), 'type': 'coarse_leaf'}, {'bounds': (64, 128, 192, 256), 'depth': 1, 'score': np.float64(0.19300000000000006), 'type': 'coarse_leaf'}, {'bounds': (128, 192, 0, 64), 'depth': 1, 'score': np.float64(0.17800000000000005), 'type': 'coarse_leaf'}, {'bounds': (128, 192, 64, 128), 'depth': 1, 'score': np.float64(0.16300000000000003), 'type': 'coarse_leaf'}, {'bounds': (192, 256, 0, 64), 'depth': 1, 'score': np.float64(0.2580000000000001), 'type': 'coarse_leaf'}, {'bounds': (192, 256, 64, 128), 'depth': 1, 'score': np.float64(0.2460000000000001), 'type': 'coarse_leaf'}, {'bounds': (128, 192, 128, 192), 'depth': 1, 'score': np.float64(0.09800000000000002), 'type': 'coarse_leaf'}, {'bounds': (128, 192, 192, 256), 'depth': 1, 'score': np.float64(0.125), 'type': 'coarse_leaf'}, {'bounds': (192, 256, 128, 192), 'depth': 1, 'score': np.float64(0.29200000000000004), 'type': 'coarse_leaf'}, {'bounds': (192, 256, 192, 256), 'depth': 1, 'score': np.float64(0.3400000000000001), 'type': 'coarse_leaf'}]
Step 8/40 (t=0.0008) - Max Jz: 0.0000
Step 9/40 (t=0.0009) - Max Jz: 0.0000
Step 10/40 (t=0.0010) - Max Jz: 0.0000
Step 11/40 (t=0.0011) - Max Jz: 0.0000
--- START RECURSIVE VQA SCAN (Budget: 256 patches) ---
Average Phi: 1.1467965136311689 Average Phi Dev: 0.0001024216162635638
Optimization Level:  1
  IIIIIIIZ: (4.296525449257888+0j)
  IIIZIIII: (7.263601830362375+0j)
  IIIIIIZZ: (0.3552940098076913+0j)
  IZIZIIII: (0.35500361177423173+0j)
  IIZZIZIZ: (4.939716637980972e-05+0j)
  IIIIIIZI: (3.944258599898223+0j)
  IIZIIIII: (6.636422680998243+0j)
  IIIIIIZZ: (0.3259356631943594+0j)
  ZIZIIIII: (0.3237724016575849+0j)
  IIZZZIZI: (6.301490992342204e-05+0j)
  IIIIIZII: (3.152568239150129+0j)
  IZIIIIII: (6.51819135755158+0j)
  IIIIZZII: (0.31640575509214686+0j)
  IZIZIIII: (0.3227006420720923+0j)
  ZZIIIZIZ: (3.5813714198101806e-05+0j)
  IIIIZIII: (3.2312584554947104+0j)
  ZIIIIIII: (6.175079455053399+0j)
  IIIIZZII: (0.2973612613511336+0j)
  ZIZIIIII: (0.3005962824734015+0j)
  ZZIIZIZI: (4.113748821805792e-05+0j)

 

Information about the circuit: 
Number of qubits: 8
 Depth : 72

--- Starting Optimization Loop ---
Iter 10: Cost = -20.999902847936944
Iter 20: Cost = -24.118374185284708
Optimization success: True
Optimal Params: [1.37052664 1.71807243 3.11497915 4.22222679]

--- Final Sampling ---
Marginals: [0.9180000000000004, 0.9000000000000004, 0.8090000000000003, 0.6340000000000002, 0.9100000000000004, 0.8310000000000003, 0.7170000000000003, 0.6940000000000003]
Optimization Level:  1
  IIIIIIIZ: (3.591083732643103+0j)
  IIIZIIII: (6.280272777734269+0j)
  IIIIIIZZ: (0.29408348790457256+0j)
  IZIZIIII: (0.29804606478175205+0j)
  IIIIIIIZ: (-0.15963306269577934+0j)
  IIIZIIII: (-0.13699936697894782+0j)
  IIZZIZIZ: (4.330417571452203e-05+0j)
  IIIIIIZI: (2.913948152252352+0j)
  IIZIIIII: (6.746731269392678+0j)
  IIIIIIZI: (-0.1423534153974056+0j)
  ZIZIIIII: (0.3201495399670613+0j)
  IIZIIIII: (-0.15948070926292382+0j)
  IIZIZIZI: (-1.1847335078947059e-05+0j)
  IIIIIZII: (4.542327201411185+0j)
  IZIIIIII: (6.665765540020955+0j)
  IIIIZZII: (0.3241121168442408+0j)
  IZIIIIII: (-0.14275101065741044+0j)
  IIIIIZII: (-0.12227522552061951+0j)
  ZZIIIZII: (-4.095445687734591e-05+0j)
  IIIIZIII: (4.790199950942343+0j)
  ZIIIIIII: (7.701717490256264+0j)
  IIIIZIII: (-0.15387215803584747+0j)
  ZIIIIIII: (-0.14017920936689726+0j)
  ZIIIZIII: (8.263667491684892e-06+0j)

 

Information about the circuit: 
Number of qubits: 8
 Depth : 53

--- Starting Optimization Loop ---
Iter 10: Cost = -20.654111977320888
Iter 20: Cost = -27.521535143934713
Optimization success: True
Optimal Params: [1.52742121 1.80907258 3.07084087 3.17409882]

--- Final Sampling ---
Marginals: [0.9260000000000002, 0.9290000000000003, 0.8070000000000002, 0.8480000000000002, 0.9210000000000002, 0.9220000000000002, 0.7360000000000002, 0.7420000000000002]
Optimization Level:  1
  IIIIIIIZ: (3.591083732643103+0j)
  IIIZIIII: (6.280272777734269+0j)
  IIIIIIZZ: (0.29408348790457256+0j)
  IZIZIIII: (0.29804606478175205+0j)
  IIIIIIIZ: (-0.15963306269577934+0j)
  IIIZIIII: (-0.13699936697894782+0j)
  IIZZIZIZ: (4.330417571452203e-05+0j)
  IIIIIIZI: (2.913948152252352+0j)
  IIZIIIII: (6.746731269392678+0j)
  IIIIIIZI: (-0.20093757871752266+0j)
  ZIZIIIII: (0.3201495399670613+0j)
  IIZIIIII: (-0.13483377546500508+0j)
  IIZIZIZI: (-1.6722990582087423e-05+0j)
  IIIIIZII: (4.542327201411185+0j)
  IZIIIIII: (6.665765540020955+0j)
  IIIIZZII: (0.3241121168442408+0j)
  IZIIIIII: (0.04910281015047615+0j)
  IIIIIZII: (0.05685031653604911+0j)
  ZZIIIZII: (1.4087318272585447e-05+0j)
  IIIIZIII: (4.790199950942343+0j)
  ZIIIIIII: (7.701717490256264+0j)
  IIIIZIII: (0.00154516984652812+0j)
  ZIIIIIII: (-0.09212028541121907+0j)
  ZIIIZIII: (-5.453316227940067e-08+0j)

 

Information about the circuit: 
Number of qubits: 8
 Depth : 53

--- Starting Optimization Loop ---
Iter 10: Cost = -27.919902099784487
Iter 20: Cost = -29.685037847182684
Optimization success: True
Optimal Params: [1.64151568 1.79948387 4.06058961 3.10432149]

--- Final Sampling ---
Marginals: [0.935, 0.8990000000000001, 0.8510000000000002, 0.8010000000000002, 0.9360000000000002, 0.9910000000000002, 0.7300000000000002, 0.65]
Optimization Level:  1
  IIIIIIIZ: (3.591083732643103+0j)
  IIIZIIII: (6.280272777734269+0j)
  IIIIIIZZ: (0.29408348790457256+0j)
  IZIZIIII: (0.29804606478175205+0j)
  IIIIIIIZ: (-0.15963306269577934+0j)