[2025-12-27 18:36:47] ==============================================================
[2025-12-27 18:36:47] 🚀 Starting Q-HAS: Quantum-Hierarchical Adaptive Steering Pipeline - Variational Workflow
[2025-12-27 18:36:47] Mode: simulator | Backend: aer | Shots: 100000 | Method: COBYLA
[2025-12-27 18:36:47] Script Path: /Users/Sayu/Desktop/BA_Proj/src
[2025-12-27 18:36:47] Output Dir: /Users/Sayu/Desktop/BA_Proj/data
[2025-12-27 18:36:47] Input File: /Users/Sayu/Desktop/BA_Proj/input/mapping_input.json
[2025-12-27 18:36:47] ==============================================================
[2025-12-27 18:36:47] 🧹 Cleaning previous results...
[2025-12-27 18:36:47] ➡️ Stage: Main Pipeline
[2025-12-27 18:36:47] ➡️ Stage: Main Pipeline
[2025-12-27 18:36:47] Running: python /Users/Sayu/Desktop/BA_Proj/src/pipeline.py --out-dir /Users/Sayu/Desktop/BA_Proj/data --mode simulator --grid-size 4 --dns-resolution 256 --t-max 1.0 --dt 0.01 --hybrid-dt 0.1 --depth 1 --backend aer --shots 100000 --method COBYLA
[2025-12-27 18:36:47] Running: python /Users/Sayu/Desktop/BA_Proj/src/pipeline.py --out-dir /Users/Sayu/Desktop/BA_Proj/data --mode simulator --grid-size 4 --dns-resolution 256 --t-max 1.0 --dt 0.01 --hybrid-dt 0.1 --depth 1 --backend aer --shots 100000 --method COBYLA
Initialisation Orszag-Tang (Grille 4x4)...
Initialisation Orszag-Tang (Grille 4x4)...
Lancement pour 100 pas de temps...
Lancement pour 100 pas de temps...
🔹 Detected Conda environment: qiskit-project
🔹 Detected Conda environment: qiskit-project
[2025-12-27 18:36:51] ==============================================================
[2025-12-27 18:36:51] ==============================================================
[2025-12-27 18:36:51] 🚀 Starting Quantum Pipeline
[2025-12-27 18:36:51] 🚀 Starting Quantum Pipeline
[2025-12-27 18:36:51] Mode: simulator | Backend: aer | Shots: 100000 | Method: COBYLA
[2025-12-27 18:36:51] Mode: simulator | Backend: aer | Shots: 100000 | Method: COBYLA
[2025-12-27 18:36:51] Script Path: /Users/Sayu/Desktop/BA_Proj/src/VQA
[2025-12-27 18:36:51] Script Path: /Users/Sayu/Desktop/BA_Proj/src/VQA
[2025-12-27 18:36:51] Output Dir: /Users/Sayu/Desktop/BA_Proj/data
[2025-12-27 18:36:51] Output Dir: /Users/Sayu/Desktop/BA_Proj/data
[2025-12-27 18:36:51] Input File: /Users/Sayu/Desktop/BA_Proj/data/vqa_input.json
[2025-12-27 18:36:51] Input File: /Users/Sayu/Desktop/BA_Proj/data/vqa_input.json
[2025-12-27 18:36:51] ==============================================================
[2025-12-27 18:36:51] ==============================================================
[2025-12-27 18:36:51] ➡️ Stage: TEST
[2025-12-27 18:36:51] ➡️ Stage: TEST
[2025-12-27 18:36:51] Running: python /Users/Sayu/Desktop/BA_Proj/src/VQA/TEST1.py --in-file /Users/Sayu/Desktop/BA_Proj/data/vqa_input.json --out-file /Users/Sayu/Desktop/BA_Proj/data/vqa_output.json --numqbits 32
[2025-12-27 18:36:51] Running: python /Users/Sayu/Desktop/BA_Proj/src/VQA/TEST1.py --in-file /Users/Sayu/Desktop/BA_Proj/data/vqa_input.json --out-file /Users/Sayu/Desktop/BA_Proj/data/vqa_output.json --numqbits 32
--- [VQA WORKER] Démarrage ---
✅ Input Lu avec succès.
   -> Theta_h: 4 angles
   -> Theta_v: 4 angles
⚙️  Génération de 1000 shots pour 32 qubits...
📊 Résultat Counts (Extrait): [('00000000100010001001101000000011', 496), ('11111100100110111110101001111101', 109), ('01011100101111011011101010100011', 152)] ...
💾 Probabilités sauvegardées dans: /Users/Sayu/Desktop/BA_Proj/data/vqa_output.json
💾 Counts bruts sauvegardés dans : /Users/Sayu/Desktop/BA_Proj/data/debug_counts.json
--- [VQA WORKER] Démarrage ---
✅ Input Lu avec succès.
   -> Theta_h: 4 angles
   -> Theta_v: 4 angles
⚙️  Génération de 1000 shots pour 32 qubits...
📊 Résultat Counts (Extrait): [('00000000100010001001101000000011', 496), ('11111100100110111110101001111101', 109), ('01011100101111011011101010100011', 152)] ...
💾 Probabilités sauvegardées dans: /Users/Sayu/Desktop/BA_Proj/data/vqa_output.json
💾 Counts bruts sauvegardés dans : /Users/Sayu/Desktop/BA_Proj/data/debug_counts.json
[2025-12-27 18:36:52] ✅ Stage 'TEST' completed successfully.
[2025-12-27 18:36:52] ✅ Stage 'TEST' completed successfully.
[2025-12-27 18:36:52] ==============================================================
[2025-12-27 18:36:52] ==============================================================
[2025-12-27 18:36:52] 🎉 Q-HAS Variational pipeline completed successfully!
[2025-12-27 18:36:52] 🎉 Q-HAS Variational pipeline completed successfully!
[2025-12-27 18:36:52] Results saved in: /Users/Sayu/Desktop/BA_Proj/data
[2025-12-27 18:36:52] Results saved in: /Users/Sayu/Desktop/BA_Proj/data
[2025-12-27 18:36:52] Full log: /Users/Sayu/Desktop/BA_Proj/data/../logs/pipeline[2025-12-27_18-36-49].log
[2025-12-27 18:36:52] Full log: /Users/Sayu/Desktop/BA_Proj/data/../logs/pipeline[2025-12-27_18-36-49].log
[2025-12-27 18:36:52] ==============================================================
[2025-12-27 18:36:52] ==============================================================
VQA Probabilities: [0.95  0.85  0.228 0.393 0.291 0.385 0.23  0.119 0.826 0.189 0.24  0.345
 0.776 0.308 0.209 0.43  0.814 0.159 0.366 0.752 0.835 0.031 0.804 0.065
 0.239 0.273 0.325 0.194 0.142 0.311 0.681 0.869]
VQA Probabilities: [0.95  0.85  0.228 0.393 0.291 0.385 0.23  0.119 0.826 0.189 0.24  0.345
 0.776 0.308 0.209 0.43  0.814 0.159 0.366 0.752 0.835 0.031 0.804 0.065
 0.239 0.273 0.325 0.194 0.142 0.311 0.681 0.869]
Step 0/100 (t=0.00) - Max Jz: 0.6366
Step 0/100 (t=0.00) - Max Jz: 0.6366
Step 1/100 (t=0.01) - Max Jz: 0.6366
Step 1/100 (t=0.01) - Max Jz: 0.6366
Step 2/100 (t=0.02) - Max Jz: 0.6366
Step 2/100 (t=0.02) - Max Jz: 0.6366
Step 3/100 (t=0.03) - Max Jz: 0.6366
Step 3/100 (t=0.03) - Max Jz: 0.6366
Step 4/100 (t=0.04) - Max Jz: 0.6366
Step 4/100 (t=0.04) - Max Jz: 0.6366
Step 5/100 (t=0.05) - Max Jz: 0.6366
Step 5/100 (t=0.05) - Max Jz: 0.6366
Step 6/100 (t=0.06) - Max Jz: 0.6366
Step 6/100 (t=0.06) - Max Jz: 0.6366
Step 7/100 (t=0.07) - Max Jz: 0.6366
Step 7/100 (t=0.07) - Max Jz: 0.6366
Step 8/100 (t=0.08) - Max Jz: 0.6366
Step 8/100 (t=0.08) - Max Jz: 0.6366
Step 9/100 (t=0.09) - Max Jz: 0.6366
Step 9/100 (t=0.09) - Max Jz: 0.6366
🔹 Detected Conda environment: qiskit-project
🔹 Detected Conda environment: qiskit-project
[2025-12-27 18:36:59] ==============================================================
[2025-12-27 18:36:59] ==============================================================
[2025-12-27 18:36:59] 🚀 Starting Quantum Pipeline
[2025-12-27 18:36:59] 🚀 Starting Quantum Pipeline
[2025-12-27 18:36:59] Mode: simulator | Backend: aer | Shots: 100000 | Method: COBYLA
[2025-12-27 18:36:59] Mode: simulator | Backend: aer | Shots: 100000 | Method: COBYLA
[2025-12-27 18:36:59] Script Path: /Users/Sayu/Desktop/BA_Proj/src/VQA
[2025-12-27 18:36:59] Script Path: /Users/Sayu/Desktop/BA_Proj/src/VQA
[2025-12-27 18:36:59] Output Dir: /Users/Sayu/Desktop/BA_Proj/data
[2025-12-27 18:36:59] Output Dir: /Users/Sayu/Desktop/BA_Proj/data
[2025-12-27 18:36:59] Input File: /Users/Sayu/Desktop/BA_Proj/data/vqa_input.json
[2025-12-27 18:36:59] Input File: /Users/Sayu/Desktop/BA_Proj/data/vqa_input.json
[2025-12-27 18:36:59] ==============================================================
[2025-12-27 18:36:59] ==============================================================
[2025-12-27 18:36:59] ➡️ Stage: TEST
[2025-12-27 18:36:59] ➡️ Stage: TEST
[2025-12-27 18:36:59] Running: python /Users/Sayu/Desktop/BA_Proj/src/VQA/TEST1.py --in-file /Users/Sayu/Desktop/BA_Proj/data/vqa_input.json --out-file /Users/Sayu/Desktop/BA_Proj/data/vqa_output.json --numqbits 32
[2025-12-27 18:36:59] Running: python /Users/Sayu/Desktop/BA_Proj/src/VQA/TEST1.py --in-file /Users/Sayu/Desktop/BA_Proj/data/vqa_input.json --out-file /Users/Sayu/Desktop/BA_Proj/data/vqa_output.json --numqbits 32
--- [VQA WORKER] Démarrage ---
✅ Input Lu avec succès.
   -> Theta_h: 4 angles
   -> Theta_v: 4 angles
⚙️  Génération de 1000 shots pour 32 qubits...
📊 Résultat Counts (Extrait): [('00100000101011001000001000001110', 485), ('10101010011111011011001111101010', 61), ('00111001110110011011010110001011', 184)] ...
💾 Probabilités sauvegardées dans: /Users/Sayu/Desktop/BA_Proj/data/vqa_output.json
💾 Counts bruts sauvegardés dans : /Users/Sayu/Desktop/BA_Proj/data/debug_counts.json
--- [VQA WORKER] Démarrage ---
✅ Input Lu avec succès.
   -> Theta_h: 4 angles
   -> Theta_v: 4 angles
⚙️  Génération de 1000 shots pour 32 qubits...
📊 Résultat Counts (Extrait): [('00100000101011001000001000001110', 485), ('10101010011111011011001111101010', 61), ('00111001110110011011010110001011', 184)] ...
💾 Probabilités sauvegardées dans: /Users/Sayu/Desktop/BA_Proj/data/vqa_output.json
💾 Counts bruts sauvegardés dans : /Users/Sayu/Desktop/BA_Proj/data/debug_counts.json
[2025-12-27 18:36:59] ✅ Stage 'TEST' completed successfully.
[2025-12-27 18:36:59] ✅ Stage 'TEST' completed successfully.
[2025-12-27 18:36:59] ==============================================================
[2025-12-27 18:36:59] ==============================================================
[2025-12-27 18:36:59] 🎉 Q-HAS Variational pipeline completed successfully!
[2025-12-27 18:36:59] 🎉 Q-HAS Variational pipeline completed successfully!
[2025-12-27 18:36:59] Results saved in: /Users/Sayu/Desktop/BA_Proj/data
[2025-12-27 18:36:59] Results saved in: /Users/Sayu/Desktop/BA_Proj/data
[2025-12-27 18:36:59] Full log: /Users/Sayu/Desktop/BA_Proj/data/../logs/pipeline[2025-12-27_18-36-56].log
[2025-12-27 18:36:59] Full log: /Users/Sayu/Desktop/BA_Proj/data/../logs/pipeline[2025-12-27_18-36-56].log
[2025-12-27 18:36:59] ==============================================================
[2025-12-27 18:36:59] ==============================================================
VQA Probabilities: [0.95  0.85  0.839 0.417 0.366 0.162 0.243 0.406 0.863 0.331 0.726 0.358
 0.778 0.64  0.201 0.428 0.828 0.044 0.485 0.382 0.221 0.341 0.72  0.345
 0.44  0.24  0.155 0.166 0.911 0.732 0.976 0.324]
VQA Probabilities: [0.95  0.85  0.839 0.417 0.366 0.162 0.243 0.406 0.863 0.331 0.726 0.358
 0.778 0.64  0.201 0.428 0.828 0.044 0.485 0.382 0.221 0.341 0.72  0.345
 0.44  0.24  0.155 0.166 0.911 0.732 0.976 0.324]
Step 10/100 (t=0.10) - Max Jz: 0.6365
Step 10/100 (t=0.10) - Max Jz: 0.6365
Step 11/100 (t=0.11) - Max Jz: 0.6365
Step 11/100 (t=0.11) - Max Jz: 0.6365
Step 12/100 (t=0.12) - Max Jz: 0.6365
Step 12/100 (t=0.12) - Max Jz: 0.6365
Step 13/100 (t=0.13) - Max Jz: 0.6365
Step 13/100 (t=0.13) - Max Jz: 0.6365
Step 14/100 (t=0.14) - Max Jz: 0.6365
Step 14/100 (t=0.14) - Max Jz: 0.6365
Step 15/100 (t=0.15) - Max Jz: 0.6365
Step 15/100 (t=0.15) - Max Jz: 0.6365
Step 16/100 (t=0.16) - Max Jz: 0.6365
Step 16/100 (t=0.16) - Max Jz: 0.6365
Step 17/100 (t=0.17) - Max Jz: 0.6365
Step 17/100 (t=0.17) - Max Jz: 0.6365
Step 18/100 (t=0.18) - Max Jz: 0.6365
Step 18/100 (t=0.18) - Max Jz: 0.6365
Step 19/100 (t=0.19) - Max Jz: 0.6365
Step 19/100 (t=0.19) - Max Jz: 0.6365
🔹 Detected Conda environment: qiskit-project
🔹 Detected Conda environment: qiskit-project
[2025-12-27 18:37:05] ==============================================================
[2025-12-27 18:37:05] ==============================================================
[2025-12-27 18:37:05] 🚀 Starting Quantum Pipeline
[2025-12-27 18:37:05] 🚀 Starting Quantum Pipeline
[2025-12-27 18:37:05] Mode: simulator | Backend: aer | Shots: 100000 | Method: COBYLA
[2025-12-27 18:37:05] Mode: simulator | Backend: aer | Shots: 100000 | Method: COBYLA
[2025-12-27 18:37:05] Script Path: /Users/Sayu/Desktop/BA_Proj/src/VQA
[2025-12-27 18:37:05] Script Path: /Users/Sayu/Desktop/BA_Proj/src/VQA
[2025-12-27 18:37:05] Output Dir: /Users/Sayu/Desktop/BA_Proj/data
[2025-12-27 18:37:05] Output Dir: /Users/Sayu/Desktop/BA_Proj/data
[2025-12-27 18:37:05] Input File: /Users/Sayu/Desktop/BA_Proj/data/vqa_input.json
[2025-12-27 18:37:05] Input File: /Users/Sayu/Desktop/BA_Proj/data/vqa_input.json
[2025-12-27 18:37:05] ==============================================================
[2025-12-27 18:37:05] ==============================================================
[2025-12-27 18:37:05] ➡️ Stage: TEST
[2025-12-27 18:37:05] ➡️ Stage: TEST
[2025-12-27 18:37:05] Running: python /Users/Sayu/Desktop/BA_Proj/src/VQA/TEST1.py --in-file /Users/Sayu/Desktop/BA_Proj/data/vqa_input.json --out-file /Users/Sayu/Desktop/BA_Proj/data/vqa_output.json --numqbits 32
[2025-12-27 18:37:05] Running: python /Users/Sayu/Desktop/BA_Proj/src/VQA/TEST1.py --in-file /Users/Sayu/Desktop/BA_Proj/data/vqa_input.json --out-file /Users/Sayu/Desktop/BA_Proj/data/vqa_output.json --numqbits 32
--- [VQA WORKER] Démarrage ---
✅ Input Lu avec succès.
   -> Theta_h: 4 angles
   -> Theta_v: 4 angles
⚙️  Génération de 1000 shots pour 32 qubits...
📊 Résultat Counts (Extrait): [('00101001101000010111010100000111', 34), ('11110010000100111100010100110000', 9), ('01010100001111011010101000110011', 98)] ...
💾 Probabilités sauvegardées dans: /Users/Sayu/Desktop/BA_Proj/data/vqa_output.json
💾 Counts bruts sauvegardés dans : /Users/Sayu/Desktop/BA_Proj/data/debug_counts.json
--- [VQA WORKER] Démarrage ---
✅ Input Lu avec succès.
   -> Theta_h: 4 angles
   -> Theta_v: 4 angles
⚙️  Génération de 1000 shots pour 32 qubits...
📊 Résultat Counts (Extrait): [('00101001101000010111010100000111', 34), ('11110010000100111100010100110000', 9), ('01010100001111011010101000110011', 98)] ...
💾 Probabilités sauvegardées dans: /Users/Sayu/Desktop/BA_Proj/data/vqa_output.json
💾 Counts bruts sauvegardés dans : /Users/Sayu/Desktop/BA_Proj/data/debug_counts.json
[2025-12-27 18:37:05] ✅ Stage 'TEST' completed successfully.
[2025-12-27 18:37:05] ✅ Stage 'TEST' completed successfully.
[2025-12-27 18:37:05] ==============================================================
[2025-12-27 18:37:05] ==============================================================
[2025-12-27 18:37:05] 🎉 Q-HAS Variational pipeline completed successfully!
[2025-12-27 18:37:05] 🎉 Q-HAS Variational pipeline completed successfully!
[2025-12-27 18:37:05] Results saved in: /Users/Sayu/Desktop/BA_Proj/data
[2025-12-27 18:37:05] Results saved in: /Users/Sayu/Desktop/BA_Proj/data
[2025-12-27 18:37:05] Full log: /Users/Sayu/Desktop/BA_Proj/data/../logs/pipeline[2025-12-27_18-37-03].log
[2025-12-27 18:37:05] Full log: /Users/Sayu/Desktop/BA_Proj/data/../logs/pipeline[2025-12-27_18-37-03].log
[2025-12-27 18:37:05] ==============================================================
[2025-12-27 18:37:05] ==============================================================
VQA Probabilities: [0.95  0.85  0.742 0.665 0.783 0.468 0.487 0.196 0.512 0.514 0.788 0.783
 0.464 0.19  0.405 0.241 0.815 0.838 0.252 0.255 0.559 0.3   0.746 0.701
 0.436 0.374 0.581 0.793 0.474 0.499 0.782 0.899]
VQA Probabilities: [0.95  0.85  0.742 0.665 0.783 0.468 0.487 0.196 0.512 0.514 0.788 0.783
 0.464 0.19  0.405 0.241 0.815 0.838 0.252 0.255 0.559 0.3   0.746 0.701
 0.436 0.374 0.581 0.793 0.474 0.499 0.782 0.899]
Step 20/100 (t=0.20) - Max Jz: 0.6364
Step 20/100 (t=0.20) - Max Jz: 0.6364
Step 21/100 (t=0.21) - Max Jz: 0.6364
Step 21/100 (t=0.21) - Max Jz: 0.6364
Step 22/100 (t=0.22) - Max Jz: 0.6364
Step 22/100 (t=0.22) - Max Jz: 0.6364
Step 23/100 (t=0.23) - Max Jz: 0.6364
Step 23/100 (t=0.23) - Max Jz: 0.6364
Step 24/100 (t=0.24) - Max Jz: 0.6364
Step 24/100 (t=0.24) - Max Jz: 0.6364
Step 25/100 (t=0.25) - Max Jz: 0.6364
Step 25/100 (t=0.25) - Max Jz: 0.6364
Step 26/100 (t=0.26) - Max Jz: 0.6364
Step 26/100 (t=0.26) - Max Jz: 0.6364
Step 27/100 (t=0.27) - Max Jz: 0.6364
Step 27/100 (t=0.27) - Max Jz: 0.6364
Step 28/100 (t=0.28) - Max Jz: 0.6364
Step 28/100 (t=0.28) - Max Jz: 0.6364
Step 29/100 (t=0.29) - Max Jz: 0.6364
Step 29/100 (t=0.29) - Max Jz: 0.6364
🔹 Detected Conda environment: qiskit-project
🔹 Detected Conda environment: qiskit-project
[2025-12-27 18:37:09] ==============================================================
[2025-12-27 18:37:09] ==============================================================
[2025-12-27 18:37:09] 🚀 Starting Quantum Pipeline
[2025-12-27 18:37:09] 🚀 Starting Quantum Pipeline
[2025-12-27 18:37:09] Mode: simulator | Backend: aer | Shots: 100000 | Method: COBYLA
[2025-12-27 18:37:09] Mode: simulator | Backend: aer | Shots: 100000 | Method: COBYLA
[2025-12-27 18:37:09] Script Path: /Users/Sayu/Desktop/BA_Proj/src/VQA
[2025-12-27 18:37:09] Script Path: /Users/Sayu/Desktop/BA_Proj/src/VQA
[2025-12-27 18:37:09] Output Dir: /Users/Sayu/Desktop/BA_Proj/data
[2025-12-27 18:37:09] Output Dir: /Users/Sayu/Desktop/BA_Proj/data
[2025-12-27 18:37:09] Input File: /Users/Sayu/Desktop/BA_Proj/data/vqa_input.json
[2025-12-27 18:37:09] Input File: /Users/Sayu/Desktop/BA_Proj/data/vqa_input.json
[2025-12-27 18:37:09] ==============================================================
[2025-12-27 18:37:09] ==============================================================
[2025-12-27 18:37:09] ➡️ Stage: TEST
[2025-12-27 18:37:09] ➡️ Stage: TEST
[2025-12-27 18:37:09] Running: python /Users/Sayu/Desktop/BA_Proj/src/VQA/TEST1.py --in-file /Users/Sayu/Desktop/BA_Proj/data/vqa_input.json --out-file /Users/Sayu/Desktop/BA_Proj/data/vqa_output.json --numqbits 32
[2025-12-27 18:37:09] Running: python /Users/Sayu/Desktop/BA_Proj/src/VQA/TEST1.py --in-file /Users/Sayu/Desktop/BA_Proj/data/vqa_input.json --out-file /Users/Sayu/Desktop/BA_Proj/data/vqa_output.json --numqbits 32
--- [VQA WORKER] Démarrage ---
✅ Input Lu avec succès.
   -> Theta_h: 4 angles
   -> Theta_v: 4 angles
⚙️  Génération de 1000 shots pour 32 qubits...
📊 Résultat Counts (Extrait): [('10100001000010111001011100011010', 36), ('01101001111110001100001101000000', 171), ('00111011011111101101110000111110', 150)] ...
💾 Probabilités sauvegardées dans: /Users/Sayu/Desktop/BA_Proj/data/vqa_output.json
💾 Counts bruts sauvegardés dans : /Users/Sayu/Desktop/BA_Proj/data/debug_counts.json
--- [VQA WORKER] Démarrage ---
✅ Input Lu avec succès.
   -> Theta_h: 4 angles
   -> Theta_v: 4 angles
⚙️  Génération de 1000 shots pour 32 qubits...
📊 Résultat Counts (Extrait): [('10100001000010111001011100011010', 36), ('01101001111110001100001101000000', 171), ('00111011011111101101110000111110', 150)] ...
💾 Probabilités sauvegardées dans: /Users/Sayu/Desktop/BA_Proj/data/vqa_output.json
💾 Counts bruts sauvegardés dans : /Users/Sayu/Desktop/BA_Proj/data/debug_counts.json
[2025-12-27 18:37:09] ✅ Stage 'TEST' completed successfully.
[2025-12-27 18:37:09] ✅ Stage 'TEST' completed successfully.
[2025-12-27 18:37:09] ==============================================================
[2025-12-27 18:37:09] ==============================================================
[2025-12-27 18:37:09] 🎉 Q-HAS Variational pipeline completed successfully!
[2025-12-27 18:37:09] 🎉 Q-HAS Variational pipeline completed successfully!
[2025-12-27 18:37:09] Results saved in: /Users/Sayu/Desktop/BA_Proj/data
[2025-12-27 18:37:09] Results saved in: /Users/Sayu/Desktop/BA_Proj/data
[2025-12-27 18:37:09] Full log: /Users/Sayu/Desktop/BA_Proj/data/../logs/pipeline[2025-12-27_18-37-07].log
[2025-12-27 18:37:09] Full log: /Users/Sayu/Desktop/BA_Proj/data/../logs/pipeline[2025-12-27_18-37-07].log
[2025-12-27 18:37:09] ==============================================================
[2025-12-27 18:37:09] ==============================================================
VQA Probabilities: [0.95  0.85  0.73  0.472 0.467 0.012 0.427 0.719 0.49  0.462 0.351 0.546
 0.583 0.576 0.554 0.445 0.936 0.724 0.314 0.285 0.271 0.45  0.57  0.386
 0.167 0.229 0.554 0.306 0.701 0.603 0.2   0.276]
VQA Probabilities: [0.95  0.85  0.73  0.472 0.467 0.012 0.427 0.719 0.49  0.462 0.351 0.546
 0.583 0.576 0.554 0.445 0.936 0.724 0.314 0.285 0.271 0.45  0.57  0.386
 0.167 0.229 0.554 0.306 0.701 0.603 0.2   0.276]
Step 30/100 (t=0.30) - Max Jz: 0.6363
Step 30/100 (t=0.30) - Max Jz: 0.6363
Step 31/100 (t=0.31) - Max Jz: 0.6363
Step 31/100 (t=0.31) - Max Jz: 0.6363
Step 32/100 (t=0.32) - Max Jz: 0.6363
Step 32/100 (t=0.32) - Max Jz: 0.6363
Step 33/100 (t=0.33) - Max Jz: 0.6363
Step 33/100 (t=0.33) - Max Jz: 0.6363
Step 34/100 (t=0.34) - Max Jz: 0.6363
Step 34/100 (t=0.34) - Max Jz: 0.6363
Step 35/100 (t=0.35) - Max Jz: 0.6363
Step 35/100 (t=0.35) - Max Jz: 0.6363
Step 36/100 (t=0.36) - Max Jz: 0.6363
Step 36/100 (t=0.36) - Max Jz: 0.6363
Step 37/100 (t=0.37) - Max Jz: 0.6363
Step 37/100 (t=0.37) - Max Jz: 0.6363
Step 38/100 (t=0.38) - Max Jz: 0.6363
Step 38/100 (t=0.38) - Max Jz: 0.6363
Step 39/100 (t=0.39) - Max Jz: 0.6363
Step 39/100 (t=0.39) - Max Jz: 0.6363
🔹 Detected Conda environment: qiskit-project
🔹 Detected Conda environment: qiskit-project
[2025-12-27 18:37:16] ==============================================================
[2025-12-27 18:37:16] ==============================================================
[2025-12-27 18:37:16] 🚀 Starting Quantum Pipeline
[2025-12-27 18:37:16] 🚀 Starting Quantum Pipeline
[2025-12-27 18:37:16] Mode: simulator | Backend: aer | Shots: 100000 | Method: COBYLA
[2025-12-27 18:37:16] Mode: simulator | Backend: aer | Shots: 100000 | Method: COBYLA
[2025-12-27 18:37:16] Script Path: /Users/Sayu/Desktop/BA_Proj/src/VQA
[2025-12-27 18:37:16] Script Path: /Users/Sayu/Desktop/BA_Proj/src/VQA
[2025-12-27 18:37:16] Output Dir: /Users/Sayu/Desktop/BA_Proj/data
[2025-12-27 18:37:16] Output Dir: /Users/Sayu/Desktop/BA_Proj/data
[2025-12-27 18:37:16] Input File: /Users/Sayu/Desktop/BA_Proj/data/vqa_input.json
[2025-12-27 18:37:16] Input File: /Users/Sayu/Desktop/BA_Proj/data/vqa_input.json
[2025-12-27 18:37:16] ==============================================================
[2025-12-27 18:37:16] ==============================================================
[2025-12-27 18:37:17] ➡️ Stage: TEST
[2025-12-27 18:37:17] ➡️ Stage: TEST
[2025-12-27 18:37:17] Running: python /Users/Sayu/Desktop/BA_Proj/src/VQA/TEST1.py --in-file /Users/Sayu/Desktop/BA_Proj/data/vqa_input.json --out-file /Users/Sayu/Desktop/BA_Proj/data/vqa_output.json --numqbits 32
[2025-12-27 18:37:17] Running: python /Users/Sayu/Desktop/BA_Proj/src/VQA/TEST1.py --in-file /Users/Sayu/Desktop/BA_Proj/data/vqa_input.json --out-file /Users/Sayu/Desktop/BA_Proj/data/vqa_output.json --numqbits 32
--- [VQA WORKER] Démarrage ---
✅ Input Lu avec succès.
   -> Theta_h: 4 angles
   -> Theta_v: 4 angles
⚙️  Génération de 1000 shots pour 32 qubits...
📊 Résultat Counts (Extrait): [('11000000110101001011110011101101', 210), ('01101000001111010010110010101011', 115), ('10101001100101010100011010000101', 228)] ...
💾 Probabilités sauvegardées dans: /Users/Sayu/Desktop/BA_Proj/data/vqa_output.json
💾 Counts bruts sauvegardés dans : /Users/Sayu/Desktop/BA_Proj/data/debug_counts.json
--- [VQA WORKER] Démarrage ---
✅ Input Lu avec succès.
   -> Theta_h: 4 angles
   -> Theta_v: 4 angles
⚙️  Génération de 1000 shots pour 32 qubits...
📊 Résultat Counts (Extrait): [('11000000110101001011110011101101', 210), ('01101000001111010010110010101011', 115), ('10101001100101010100011010000101', 228)] ...
💾 Probabilités sauvegardées dans: /Users/Sayu/Desktop/BA_Proj/data/vqa_output.json
💾 Counts bruts sauvegardés dans : /Users/Sayu/Desktop/BA_Proj/data/debug_counts.json
[2025-12-27 18:37:17] ✅ Stage 'TEST' completed successfully.
[2025-12-27 18:37:17] ✅ Stage 'TEST' completed successfully.
[2025-12-27 18:37:17] ==============================================================
[2025-12-27 18:37:17] ==============================================================
[2025-12-27 18:37:17] 🎉 Q-HAS Variational pipeline completed successfully!
[2025-12-27 18:37:17] 🎉 Q-HAS Variational pipeline completed successfully!
[2025-12-27 18:37:17] Results saved in: /Users/Sayu/Desktop/BA_Proj/data
[2025-12-27 18:37:17] Results saved in: /Users/Sayu/Desktop/BA_Proj/data
[2025-12-27 18:37:17] Full log: /Users/Sayu/Desktop/BA_Proj/data/../logs/pipeline[2025-12-27_18-37-14].log
[2025-12-27 18:37:17] Full log: /Users/Sayu/Desktop/BA_Proj/data/../logs/pipeline[2025-12-27_18-37-14].log
[2025-12-27 18:37:17] ==============================================================
[2025-12-27 18:37:17] ==============================================================
VQA Probabilities: [0.95  0.85  0.466 0.043 0.527 0.286 0.311 0.389 0.607 0.544 0.442 0.729
 0.27  0.744 0.036 0.413 0.384 0.327 0.384 0.447 0.603 0.592 0.415 0.379
 0.734 0.295 0.37  0.255 0.519 0.866 0.185 0.698]
VQA Probabilities: [0.95  0.85  0.466 0.043 0.527 0.286 0.311 0.389 0.607 0.544 0.442 0.729
 0.27  0.744 0.036 0.413 0.384 0.327 0.384 0.447 0.603 0.592 0.415 0.379
 0.734 0.295 0.37  0.255 0.519 0.866 0.185 0.698]
Step 40/100 (t=0.40) - Max Jz: 0.6362
Step 40/100 (t=0.40) - Max Jz: 0.6362
Step 41/100 (t=0.41) - Max Jz: 0.6362
Step 41/100 (t=0.41) - Max Jz: 0.6362
Step 42/100 (t=0.42) - Max Jz: 0.6362
Step 42/100 (t=0.42) - Max Jz: 0.6362
Step 43/100 (t=0.43) - Max Jz: 0.6362
Step 43/100 (t=0.43) - Max Jz: 0.6362
Step 44/100 (t=0.44) - Max Jz: 0.6362
Step 44/100 (t=0.44) - Max Jz: 0.6362
Step 45/100 (t=0.45) - Max Jz: 0.6362
Step 45/100 (t=0.45) - Max Jz: 0.6362
Step 46/100 (t=0.46) - Max Jz: 0.6362
Step 46/100 (t=0.46) - Max Jz: 0.6362
Step 47/100 (t=0.47) - Max Jz: 0.6362
Step 47/100 (t=0.47) - Max Jz: 0.6362
Step 48/100 (t=0.48) - Max Jz: 0.6362
Step 48/100 (t=0.48) - Max Jz: 0.6362
Step 49/100 (t=0.49) - Max Jz: 0.6362
Step 49/100 (t=0.49) - Max Jz: 0.6362
🔹 Detected Conda environment: qiskit-project
🔹 Detected Conda environment: qiskit-project
[2025-12-27 18:37:20] ==============================================================
[2025-12-27 18:37:20] ==============================================================
[2025-12-27 18:37:20] 🚀 Starting Quantum Pipeline
[2025-12-27 18:37:20] 🚀 Starting Quantum Pipeline
[2025-12-27 18:37:20] Mode: simulator | Backend: aer | Shots: 100000 | Method: COBYLA
[2025-12-27 18:37:20] Mode: simulator | Backend: aer | Shots: 100000 | Method: COBYLA
[2025-12-27 18:37:20] Script Path: /Users/Sayu/Desktop/BA_Proj/src/VQA
[2025-12-27 18:37:20] Script Path: /Users/Sayu/Desktop/BA_Proj/src/VQA
[2025-12-27 18:37:20] Output Dir: /Users/Sayu/Desktop/BA_Proj/data
[2025-12-27 18:37:20] Output Dir: /Users/Sayu/Desktop/BA_Proj/data
[2025-12-27 18:37:20] Input File: /Users/Sayu/Desktop/BA_Proj/data/vqa_input.json
[2025-12-27 18:37:20] Input File: /Users/Sayu/Desktop/BA_Proj/data/vqa_input.json
[2025-12-27 18:37:20] ==============================================================
[2025-12-27 18:37:20] ==============================================================
[2025-12-27 18:37:20] ➡️ Stage: TEST
[2025-12-27 18:37:20] ➡️ Stage: TEST
[2025-12-27 18:37:20] Running: python /Users/Sayu/Desktop/BA_Proj/src/VQA/TEST1.py --in-file /Users/Sayu/Desktop/BA_Proj/data/vqa_input.json --out-file /Users/Sayu/Desktop/BA_Proj/data/vqa_output.json --numqbits 32
[2025-12-27 18:37:20] Running: python /Users/Sayu/Desktop/BA_Proj/src/VQA/TEST1.py --in-file /Users/Sayu/Desktop/BA_Proj/data/vqa_input.json --out-file /Users/Sayu/Desktop/BA_Proj/data/vqa_output.json --numqbits 32
--- [VQA WORKER] Démarrage ---
✅ Input Lu avec succès.
   -> Theta_h: 4 angles
   -> Theta_v: 4 angles
⚙️  Génération de 1000 shots pour 32 qubits...
📊 Résultat Counts (Extrait): [('11010110111100100000000001111110', 294), ('01011011111110110001011010110010', 203), ('10000001011111000010001001111001', 96)] ...
💾 Probabilités sauvegardées dans: /Users/Sayu/Desktop/BA_Proj/data/vqa_output.json
💾 Counts bruts sauvegardés dans : /Users/Sayu/Desktop/BA_Proj/data/debug_counts.json
--- [VQA WORKER] Démarrage ---
✅ Input Lu avec succès.
   -> Theta_h: 4 angles
   -> Theta_v: 4 angles
⚙️  Génération de 1000 shots pour 32 qubits...
📊 Résultat Counts (Extrait): [('11010110111100100000000001111110', 294), ('01011011111110110001011010110010', 203), ('10000001011111000010001001111001', 96)] ...
💾 Probabilités sauvegardées dans: /Users/Sayu/Desktop/BA_Proj/data/vqa_output.json
💾 Counts bruts sauvegardés dans : /Users/Sayu/Desktop/BA_Proj/data/debug_counts.json
[2025-12-27 18:37:20] ✅ Stage 'TEST' completed successfully.
[2025-12-27 18:37:20] ✅ Stage 'TEST' completed successfully.
[2025-12-27 18:37:20] ==============================================================
[2025-12-27 18:37:20] ==============================================================
[2025-12-27 18:37:20] 🎉 Q-HAS Variational pipeline completed successfully!
[2025-12-27 18:37:20] 🎉 Q-HAS Variational pipeline completed successfully!
[2025-12-27 18:37:20] Results saved in: /Users/Sayu/Desktop/BA_Proj/data
[2025-12-27 18:37:20] Results saved in: /Users/Sayu/Desktop/BA_Proj/data
[2025-12-27 18:37:20] Full log: /Users/Sayu/Desktop/BA_Proj/data/../logs/pipeline[2025-12-27_18-37-18].log
[2025-12-27 18:37:20] Full log: /Users/Sayu/Desktop/BA_Proj/data/../logs/pipeline[2025-12-27_18-37-18].log
[2025-12-27 18:37:20] ==============================================================
[2025-12-27 18:37:20] ==============================================================
VQA Probabilities: [0.95  0.85  0.275 0.797 0.238 0.471 0.901 0.537 0.574 0.875 0.716 0.808
 0.483 0.189 0.528 0.57  0.343 0.329 0.471 0.313 0.181 0.52  0.496 0.287
 0.48  0.574 0.683 0.834 0.725 0.343 0.791 0.284]
VQA Probabilities: [0.95  0.85  0.275 0.797 0.238 0.471 0.901 0.537 0.574 0.875 0.716 0.808
 0.483 0.189 0.528 0.57  0.343 0.329 0.471 0.313 0.181 0.52  0.496 0.287
 0.48  0.574 0.683 0.834 0.725 0.343 0.791 0.284]
Step 50/100 (t=0.50) - Max Jz: 0.6361
Step 50/100 (t=0.50) - Max Jz: 0.6361
Step 51/100 (t=0.51) - Max Jz: 0.6361
Step 51/100 (t=0.51) - Max Jz: 0.6361
Step 52/100 (t=0.52) - Max Jz: 0.6361
Step 52/100 (t=0.52) - Max Jz: 0.6361
Step 53/100 (t=0.53) - Max Jz: 0.6361
Step 53/100 (t=0.53) - Max Jz: 0.6361
Step 54/100 (t=0.54) - Max Jz: 0.6361
Step 54/100 (t=0.54) - Max Jz: 0.6361
Step 55/100 (t=0.55) - Max Jz: 0.6361
Step 55/100 (t=0.55) - Max Jz: 0.6361
Step 56/100 (t=0.56) - Max Jz: 0.6361
Step 56/100 (t=0.56) - Max Jz: 0.6361
Step 57/100 (t=0.57) - Max Jz: 0.6361
Step 57/100 (t=0.57) - Max Jz: 0.6361
Step 58/100 (t=0.58) - Max Jz: 0.6361
Step 58/100 (t=0.58) - Max Jz: 0.6361
Step 59/100 (t=0.59) - Max Jz: 0.6361
Step 59/100 (t=0.59) - Max Jz: 0.6361
🔹 Detected Conda environment: qiskit-project
🔹 Detected Conda environment: qiskit-project
[2025-12-27 18:37:34] ==============================================================
[2025-12-27 18:37:34] ==============================================================
[2025-12-27 18:37:34] 🚀 Starting Quantum Pipeline
[2025-12-27 18:37:34] 🚀 Starting Quantum Pipeline
[2025-12-27 18:37:34] Mode: simulator | Backend: aer | Shots: 100000 | Method: COBYLA
[2025-12-27 18:37:34] Mode: simulator | Backend: aer | Shots: 100000 | Method: COBYLA
[2025-12-27 18:37:34] Script Path: /Users/Sayu/Desktop/BA_Proj/src/VQA
[2025-12-27 18:37:34] Script Path: /Users/Sayu/Desktop/BA_Proj/src/VQA
[2025-12-27 18:37:34] Output Dir: /Users/Sayu/Desktop/BA_Proj/data
[2025-12-27 18:37:34] Output Dir: /Users/Sayu/Desktop/BA_Proj/data
[2025-12-27 18:37:34] Input File: /Users/Sayu/Desktop/BA_Proj/data/vqa_input.json
[2025-12-27 18:37:34] Input File: /Users/Sayu/Desktop/BA_Proj/data/vqa_input.json
[2025-12-27 18:37:34] ==============================================================
[2025-12-27 18:37:34] ==============================================================
[2025-12-27 18:37:34] ➡️ Stage: TEST
[2025-12-27 18:37:34] ➡️ Stage: TEST
[2025-12-27 18:37:34] Running: python /Users/Sayu/Desktop/BA_Proj/src/VQA/TEST1.py --in-file /Users/Sayu/Desktop/BA_Proj/data/vqa_input.json --out-file /Users/Sayu/Desktop/BA_Proj/data/vqa_output.json --numqbits 32
[2025-12-27 18:37:34] Running: python /Users/Sayu/Desktop/BA_Proj/src/VQA/TEST1.py --in-file /Users/Sayu/Desktop/BA_Proj/data/vqa_input.json --out-file /Users/Sayu/Desktop/BA_Proj/data/vqa_output.json --numqbits 32
--- [VQA WORKER] Démarrage ---
✅ Input Lu avec succès.
   -> Theta_h: 4 angles
   -> Theta_v: 4 angles
⚙️  Génération de 1000 shots pour 32 qubits...
📊 Résultat Counts (Extrait): [('01000001000101100110111111010001', 176), ('01110110101010001001010110011010', 180), ('00101010101001101100001110100011', 217)] ...
💾 Probabilités sauvegardées dans: /Users/Sayu/Desktop/BA_Proj/data/vqa_output.json
💾 Counts bruts sauvegardés dans : /Users/Sayu/Desktop/BA_Proj/data/debug_counts.json
--- [VQA WORKER] Démarrage ---
✅ Input Lu avec succès.
   -> Theta_h: 4 angles
   -> Theta_v: 4 angles
⚙️  Génération de 1000 shots pour 32 qubits...
📊 Résultat Counts (Extrait): [('01000001000101100110111111010001', 176), ('01110110101010001001010110011010', 180), ('00101010101001101100001110100011', 217)] ...
💾 Probabilités sauvegardées dans: /Users/Sayu/Desktop/BA_Proj/data/vqa_output.json
💾 Counts bruts sauvegardés dans : /Users/Sayu/Desktop/BA_Proj/data/debug_counts.json
[2025-12-27 18:37:35] ✅ Stage 'TEST' completed successfully.
[2025-12-27 18:37:35] ✅ Stage 'TEST' completed successfully.
[2025-12-27 18:37:35] ==============================================================
[2025-12-27 18:37:35] ==============================================================
[2025-12-27 18:37:35] 🎉 Q-HAS Variational pipeline completed successfully!
[2025-12-27 18:37:35] 🎉 Q-HAS Variational pipeline completed successfully!
[2025-12-27 18:37:35] Results saved in: /Users/Sayu/Desktop/BA_Proj/data
[2025-12-27 18:37:35] Results saved in: /Users/Sayu/Desktop/BA_Proj/data
[2025-12-27 18:37:35] Full log: /Users/Sayu/Desktop/BA_Proj/data/../logs/pipeline[2025-12-27_18-37-31].log
[2025-12-27 18:37:35] Full log: /Users/Sayu/Desktop/BA_Proj/data/../logs/pipeline[2025-12-27_18-37-31].log
[2025-12-27 18:37:35] ==============================================================
[2025-12-27 18:37:35] ==============================================================
VQA Probabilities: [0.95  0.85  0.73  0.426 0.571 0.24  0.469 0.527 0.633 0.314 0.672 0.473
 0.435 0.622 0.708 0.247 0.519 0.633 0.31  0.48  0.425 0.487 0.759 0.88
 0.771 0.344 0.532 0.595 0.381 0.202 0.61  0.692]
VQA Probabilities: [0.95  0.85  0.73  0.426 0.571 0.24  0.469 0.527 0.633 0.314 0.672 0.473
 0.435 0.622 0.708 0.247 0.519 0.633 0.31  0.48  0.425 0.487 0.759 0.88
 0.771 0.344 0.532 0.595 0.381 0.202 0.61  0.692]
Step 60/100 (t=0.60) - Max Jz: 0.6360
Step 60/100 (t=0.60) - Max Jz: 0.6360
Step 61/100 (t=0.61) - Max Jz: 0.6360
Step 61/100 (t=0.61) - Max Jz: 0.6360
Step 62/100 (t=0.62) - Max Jz: 0.6360
Step 62/100 (t=0.62) - Max Jz: 0.6360
Step 63/100 (t=0.63) - Max Jz: 0.6360
Step 63/100 (t=0.63) - Max Jz: 0.6360
Step 64/100 (t=0.64) - Max Jz: 0.6360
Step 64/100 (t=0.64) - Max Jz: 0.6360
Step 65/100 (t=0.65) - Max Jz: 0.6360
Step 65/100 (t=0.65) - Max Jz: 0.6360
Step 66/100 (t=0.66) - Max Jz: 0.6360
Step 66/100 (t=0.66) - Max Jz: 0.6360
Step 67/100 (t=0.67) - Max Jz: 0.6360
Step 67/100 (t=0.67) - Max Jz: 0.6360
Step 68/100 (t=0.68) - Max Jz: 0.6360
Step 68/100 (t=0.68) - Max Jz: 0.6360
Step 69/100 (t=0.69) - Max Jz: 0.6360
Step 69/100 (t=0.69) - Max Jz: 0.6360
🔹 Detected Conda environment: qiskit-project
🔹 Detected Conda environment: qiskit-project
[2025-12-27 18:37:40] ==============================================================
[2025-12-27 18:37:40] ==============================================================
[2025-12-27 18:37:40] 🚀 Starting Quantum Pipeline
[2025-12-27 18:37:40] 🚀 Starting Quantum Pipeline
[2025-12-27 18:37:40] Mode: simulator | Backend: aer | Shots: 100000 | Method: COBYLA
[2025-12-27 18:37:40] Mode: simulator | Backend: aer | Shots: 100000 | Method: COBYLA
[2025-12-27 18:37:40] Script Path: /Users/Sayu/Desktop/BA_Proj/src/VQA
[2025-12-27 18:37:40] Script Path: /Users/Sayu/Desktop/BA_Proj/src/VQA
[2025-12-27 18:37:40] Output Dir: /Users/Sayu/Desktop/BA_Proj/data
[2025-12-27 18:37:40] Output Dir: /Users/Sayu/Desktop/BA_Proj/data
[2025-12-27 18:37:40] Input File: /Users/Sayu/Desktop/BA_Proj/data/vqa_input.json
[2025-12-27 18:37:40] Input File: /Users/Sayu/Desktop/BA_Proj/data/vqa_input.json
[2025-12-27 18:37:40] ==============================================================
[2025-12-27 18:37:40] ==============================================================
[2025-12-27 18:37:40] ➡️ Stage: TEST
[2025-12-27 18:37:40] ➡️ Stage: TEST
[2025-12-27 18:37:40] Running: python /Users/Sayu/Desktop/BA_Proj/src/VQA/TEST1.py --in-file /Users/Sayu/Desktop/BA_Proj/data/vqa_input.json --out-file /Users/Sayu/Desktop/BA_Proj/data/vqa_output.json --numqbits 32
[2025-12-27 18:37:40] Running: python /Users/Sayu/Desktop/BA_Proj/src/VQA/TEST1.py --in-file /Users/Sayu/Desktop/BA_Proj/data/vqa_input.json --out-file /Users/Sayu/Desktop/BA_Proj/data/vqa_output.json --numqbits 32
--- [VQA WORKER] Démarrage ---
✅ Input Lu avec succès.
   -> Theta_h: 4 angles
   -> Theta_v: 4 angles
⚙️  Génération de 1000 shots pour 32 qubits...
📊 Résultat Counts (Extrait): [('11001010001110110110000101001100', 210), ('10100101000011010010101101110110', 281), ('01001011100101000011000100100001', 183)] ...
💾 Probabilités sauvegardées dans: /Users/Sayu/Desktop/BA_Proj/data/vqa_output.json
💾 Counts bruts sauvegardés dans : /Users/Sayu/Desktop/BA_Proj/data/debug_counts.json
--- [VQA WORKER] Démarrage ---
✅ Input Lu avec succès.
   -> Theta_h: 4 angles
   -> Theta_v: 4 angles
⚙️  Génération de 1000 shots pour 32 qubits...
📊 Résultat Counts (Extrait): [('11001010001110110110000101001100', 210), ('10100101000011010010101101110110', 281), ('01001011100101000011000100100001', 183)] ...
💾 Probabilités sauvegardées dans: /Users/Sayu/Desktop/BA_Proj/data/vqa_output.json
💾 Counts bruts sauvegardés dans : /Users/Sayu/Desktop/BA_Proj/data/debug_counts.json
[2025-12-27 18:37:40] ✅ Stage 'TEST' completed successfully.
[2025-12-27 18:37:40] ✅ Stage 'TEST' completed successfully.
[2025-12-27 18:37:40] ==============================================================
[2025-12-27 18:37:40] ==============================================================
[2025-12-27 18:37:40] 🎉 Q-HAS Variational pipeline completed successfully!
[2025-12-27 18:37:40] 🎉 Q-HAS Variational pipeline completed successfully!
[2025-12-27 18:37:40] Results saved in: /Users/Sayu/Desktop/BA_Proj/data
[2025-12-27 18:37:40] Results saved in: /Users/Sayu/Desktop/BA_Proj/data
[2025-12-27 18:37:40] Full log: /Users/Sayu/Desktop/BA_Proj/data/../logs/pipeline[2025-12-27_18-37-38].log
[2025-12-27 18:37:40] Full log: /Users/Sayu/Desktop/BA_Proj/data/../logs/pipeline[2025-12-27_18-37-38].log
[2025-12-27 18:37:40] ==============================================================
[2025-12-27 18:37:40] ==============================================================
VQA Probabilities: [0.95  0.85  0.537 0.136 0.567 0.534 0.46  0.72  0.23  0.088 0.259 0.644
 0.592 0.686 0.269 0.542 0.103 0.385 0.78  0.301 0.496 0.277 0.481 0.776
 0.226 0.629 0.726 0.435 0.313 0.576 0.473 0.31 ]
VQA Probabilities: [0.95  0.85  0.537 0.136 0.567 0.534 0.46  0.72  0.23  0.088 0.259 0.644
 0.592 0.686 0.269 0.542 0.103 0.385 0.78  0.301 0.496 0.277 0.481 0.776
 0.226 0.629 0.726 0.435 0.313 0.576 0.473 0.31 ]
Step 70/100 (t=0.70) - Max Jz: 0.6359
Step 70/100 (t=0.70) - Max Jz: 0.6359
Step 71/100 (t=0.71) - Max Jz: 0.6359
Step 71/100 (t=0.71) - Max Jz: 0.6359
Step 72/100 (t=0.72) - Max Jz: 0.6359
Step 72/100 (t=0.72) - Max Jz: 0.6359
Step 73/100 (t=0.73) - Max Jz: 0.6359
Step 73/100 (t=0.73) - Max Jz: 0.6359
Step 74/100 (t=0.74) - Max Jz: 0.6359
Step 74/100 (t=0.74) - Max Jz: 0.6359
Step 75/100 (t=0.75) - Max Jz: 0.6359
Step 75/100 (t=0.75) - Max Jz: 0.6359
Step 76/100 (t=0.76) - Max Jz: 0.6359
Step 76/100 (t=0.76) - Max Jz: 0.6359
Step 77/100 (t=0.77) - Max Jz: 0.6359
Step 77/100 (t=0.77) - Max Jz: 0.6359
Step 78/100 (t=0.78) - Max Jz: 0.6359
Step 78/100 (t=0.78) - Max Jz: 0.6359
Step 79/100 (t=0.79) - Max Jz: 0.6359
Step 79/100 (t=0.79) - Max Jz: 0.6359
🔹 Detected Conda environment: qiskit-project
🔹 Detected Conda environment: qiskit-project
[2025-12-27 18:37:49] ==============================================================
[2025-12-27 18:37:49] ==============================================================
[2025-12-27 18:37:49] 🚀 Starting Quantum Pipeline
[2025-12-27 18:37:49] 🚀 Starting Quantum Pipeline
[2025-12-27 18:37:49] Mode: simulator | Backend: aer | Shots: 100000 | Method: COBYLA
[2025-12-27 18:37:49] Mode: simulator | Backend: aer | Shots: 100000 | Method: COBYLA
[2025-12-27 18:37:49] Script Path: /Users/Sayu/Desktop/BA_Proj/src/VQA
[2025-12-27 18:37:49] Script Path: /Users/Sayu/Desktop/BA_Proj/src/VQA
[2025-12-27 18:37:49] Output Dir: /Users/Sayu/Desktop/BA_Proj/data
[2025-12-27 18:37:49] Output Dir: /Users/Sayu/Desktop/BA_Proj/data
[2025-12-27 18:37:49] Input File: /Users/Sayu/Desktop/BA_Proj/data/vqa_input.json
[2025-12-27 18:37:49] Input File: /Users/Sayu/Desktop/BA_Proj/data/vqa_input.json
[2025-12-27 18:37:49] ==============================================================
[2025-12-27 18:37:49] ==============================================================
[2025-12-27 18:37:49] ➡️ Stage: TEST
[2025-12-27 18:37:49] ➡️ Stage: TEST
[2025-12-27 18:37:49] Running: python /Users/Sayu/Desktop/BA_Proj/src/VQA/TEST1.py --in-file /Users/Sayu/Desktop/BA_Proj/data/vqa_input.json --out-file /Users/Sayu/Desktop/BA_Proj/data/vqa_output.json --numqbits 32
[2025-12-27 18:37:49] Running: python /Users/Sayu/Desktop/BA_Proj/src/VQA/TEST1.py --in-file /Users/Sayu/Desktop/BA_Proj/data/vqa_input.json --out-file /Users/Sayu/Desktop/BA_Proj/data/vqa_output.json --numqbits 32
--- [VQA WORKER] Démarrage ---
✅ Input Lu avec succès.
   -> Theta_h: 4 angles
   -> Theta_v: 4 angles
⚙️  Génération de 1000 shots pour 32 qubits...
📊 Résultat Counts (Extrait): [('10001111011101100101010010011000', 494), ('11101000100101110111110000111101', 180), ('01000010111001001011011100111010', 65)] ...
💾 Probabilités sauvegardées dans: /Users/Sayu/Desktop/BA_Proj/data/vqa_output.json
💾 Counts bruts sauvegardés dans : /Users/Sayu/Desktop/BA_Proj/data/debug_counts.json
--- [VQA WORKER] Démarrage ---
✅ Input Lu avec succès.
   -> Theta_h: 4 angles
   -> Theta_v: 4 angles
⚙️  Génération de 1000 shots pour 32 qubits...
📊 Résultat Counts (Extrait): [('10001111011101100101010010011000', 494), ('11101000100101110111110000111101', 180), ('01000010111001001011011100111010', 65)] ...
💾 Probabilités sauvegardées dans: /Users/Sayu/Desktop/BA_Proj/data/vqa_output.json
💾 Counts bruts sauvegardés dans : /Users/Sayu/Desktop/BA_Proj/data/debug_counts.json
[2025-12-27 18:37:49] ✅ Stage 'TEST' completed successfully.
[2025-12-27 18:37:49] ✅ Stage 'TEST' completed successfully.
[2025-12-27 18:37:49] ==============================================================
[2025-12-27 18:37:49] ==============================================================
[2025-12-27 18:37:49] 🎉 Q-HAS Variational pipeline completed successfully!
[2025-12-27 18:37:49] 🎉 Q-HAS Variational pipeline completed successfully!
[2025-12-27 18:37:49] Results saved in: /Users/Sayu/Desktop/BA_Proj/data
[2025-12-27 18:37:49] Results saved in: /Users/Sayu/Desktop/BA_Proj/data
[2025-12-27 18:37:49] Full log: /Users/Sayu/Desktop/BA_Proj/data/../logs/pipeline[2025-12-27_18-37-47].log
[2025-12-27 18:37:49] Full log: /Users/Sayu/Desktop/BA_Proj/data/../logs/pipeline[2025-12-27_18-37-47].log
[2025-12-27 18:37:49] ==============================================================
[2025-12-27 18:37:49] ==============================================================
VQA Probabilities: [0.95  0.85  0.311 0.1   0.79  0.586 0.666 0.594 0.39  0.665 0.675 0.846
 0.196 0.817 0.714 0.361 0.134 0.845 0.365 0.959 0.287 0.771 0.217 0.258
 0.646 0.086 0.403 0.868 0.887 0.275 0.196 0.327]
VQA Probabilities: [0.95  0.85  0.311 0.1   0.79  0.586 0.666 0.594 0.39  0.665 0.675 0.846
 0.196 0.817 0.714 0.361 0.134 0.845 0.365 0.959 0.287 0.771 0.217 0.258
 0.646 0.086 0.403 0.868 0.887 0.275 0.196 0.327]
Step 80/100 (t=0.80) - Max Jz: 0.6358
Step 80/100 (t=0.80) - Max Jz: 0.6358
Step 81/100 (t=0.81) - Max Jz: 0.6358
Step 81/100 (t=0.81) - Max Jz: 0.6358
Step 82/100 (t=0.82) - Max Jz: 0.6358
Step 82/100 (t=0.82) - Max Jz: 0.6358
Step 83/100 (t=0.83) - Max Jz: 0.6358
Step 83/100 (t=0.83) - Max Jz: 0.6358
Step 84/100 (t=0.84) - Max Jz: 0.6358
Step 84/100 (t=0.84) - Max Jz: 0.6358
Step 85/100 (t=0.85) - Max Jz: 0.6358
Step 85/100 (t=0.85) - Max Jz: 0.6358
Step 86/100 (t=0.86) - Max Jz: 0.6358
Step 86/100 (t=0.86) - Max Jz: 0.6358
Step 87/100 (t=0.87) - Max Jz: 0.6358
Step 87/100 (t=0.87) - Max Jz: 0.6358
Step 88/100 (t=0.88) - Max Jz: 0.6358
Step 88/100 (t=0.88) - Max Jz: 0.6358
Step 89/100 (t=0.89) - Max Jz: 0.6358
Step 89/100 (t=0.89) - Max Jz: 0.6358
🔹 Detected Conda environment: qiskit-project
🔹 Detected Conda environment: qiskit-project
[2025-12-27 18:37:57] ==============================================================
[2025-12-27 18:37:57] ==============================================================
[2025-12-27 18:37:57] 🚀 Starting Quantum Pipeline
[2025-12-27 18:37:57] 🚀 Starting Quantum Pipeline
[2025-12-27 18:37:57] Mode: simulator | Backend: aer | Shots: 100000 | Method: COBYLA
[2025-12-27 18:37:57] Mode: simulator | Backend: aer | Shots: 100000 | Method: COBYLA
[2025-12-27 18:37:57] Script Path: /Users/Sayu/Desktop/BA_Proj/src/VQA
[2025-12-27 18:37:57] Script Path: /Users/Sayu/Desktop/BA_Proj/src/VQA
[2025-12-27 18:37:57] Output Dir: /Users/Sayu/Desktop/BA_Proj/data
[2025-12-27 18:37:57] Output Dir: /Users/Sayu/Desktop/BA_Proj/data
[2025-12-27 18:37:57] Input File: /Users/Sayu/Desktop/BA_Proj/data/vqa_input.json
[2025-12-27 18:37:57] Input File: /Users/Sayu/Desktop/BA_Proj/data/vqa_input.json
[2025-12-27 18:37:57] ==============================================================
[2025-12-27 18:37:57] ==============================================================
[2025-12-27 18:37:57] ➡️ Stage: TEST
[2025-12-27 18:37:57] ➡️ Stage: TEST
[2025-12-27 18:37:57] Running: python /Users/Sayu/Desktop/BA_Proj/src/VQA/TEST1.py --in-file /Users/Sayu/Desktop/BA_Proj/data/vqa_input.json --out-file /Users/Sayu/Desktop/BA_Proj/data/vqa_output.json --numqbits 32
[2025-12-27 18:37:57] Running: python /Users/Sayu/Desktop/BA_Proj/src/VQA/TEST1.py --in-file /Users/Sayu/Desktop/BA_Proj/data/vqa_input.json --out-file /Users/Sayu/Desktop/BA_Proj/data/vqa_output.json --numqbits 32
--- [VQA WORKER] Démarrage ---
✅ Input Lu avec succès.
   -> Theta_h: 4 angles
   -> Theta_v: 4 angles
⚙️  Génération de 1000 shots pour 32 qubits...
📊 Résultat Counts (Extrait): [('10110111101110100100111011010000', 132), ('00011011001000010100100101001100', 317), ('11111111110010010001100101001001', 207)] ...
💾 Probabilités sauvegardées dans: /Users/Sayu/Desktop/BA_Proj/data/vqa_output.json
💾 Counts bruts sauvegardés dans : /Users/Sayu/Desktop/BA_Proj/data/debug_counts.json
--- [VQA WORKER] Démarrage ---
✅ Input Lu avec succès.
   -> Theta_h: 4 angles
   -> Theta_v: 4 angles
⚙️  Génération de 1000 shots pour 32 qubits...
📊 Résultat Counts (Extrait): [('10110111101110100100111011010000', 132), ('00011011001000010100100101001100', 317), ('11111111110010010001100101001001', 207)] ...
💾 Probabilités sauvegardées dans: /Users/Sayu/Desktop/BA_Proj/data/vqa_output.json
💾 Counts bruts sauvegardés dans : /Users/Sayu/Desktop/BA_Proj/data/debug_counts.json
[2025-12-27 18:37:57] ✅ Stage 'TEST' completed successfully.
[2025-12-27 18:37:57] ✅ Stage 'TEST' completed successfully.
[2025-12-27 18:37:57] ==============================================================
[2025-12-27 18:37:57] ==============================================================
[2025-12-27 18:37:57] 🎉 Q-HAS Variational pipeline completed successfully!
[2025-12-27 18:37:57] 🎉 Q-HAS Variational pipeline completed successfully!
[2025-12-27 18:37:57] Results saved in: /Users/Sayu/Desktop/BA_Proj/data
[2025-12-27 18:37:57] Results saved in: /Users/Sayu/Desktop/BA_Proj/data
[2025-12-27 18:37:57] Full log: /Users/Sayu/Desktop/BA_Proj/data/../logs/pipeline[2025-12-27_18-37-55].log
[2025-12-27 18:37:57] Full log: /Users/Sayu/Desktop/BA_Proj/data/../logs/pipeline[2025-12-27_18-37-55].log
[2025-12-27 18:37:57] ==============================================================
[2025-12-27 18:37:57] ==============================================================
VQA Probabilities: [0.95  0.85  0.458 0.794 0.762 0.621 0.862 0.817 0.492 0.389 0.652 0.287
 0.624 0.186 0.397 0.586 0.128 0.608 0.164 0.27  0.789 0.221 0.235 0.725
 0.34  0.928 0.171 0.255 0.64  0.428 0.2   0.505]
VQA Probabilities: [0.95  0.85  0.458 0.794 0.762 0.621 0.862 0.817 0.492 0.389 0.652 0.287
 0.624 0.186 0.397 0.586 0.128 0.608 0.164 0.27  0.789 0.221 0.235 0.725
 0.34  0.928 0.171 0.255 0.64  0.428 0.2   0.505]
Step 90/100 (t=0.90) - Max Jz: 0.6475
Step 90/100 (t=0.90) - Max Jz: 0.6475
Step 91/100 (t=0.91) - Max Jz: 0.6475
Step 91/100 (t=0.91) - Max Jz: 0.6475
Step 92/100 (t=0.92) - Max Jz: 0.6475
Step 92/100 (t=0.92) - Max Jz: 0.6475
Step 93/100 (t=0.93) - Max Jz: 0.6475
Step 93/100 (t=0.93) - Max Jz: 0.6475
Step 94/100 (t=0.94) - Max Jz: 0.6475
Step 94/100 (t=0.94) - Max Jz: 0.6475
Step 95/100 (t=0.95) - Max Jz: 0.6475
Step 95/100 (t=0.95) - Max Jz: 0.6475
Step 96/100 (t=0.96) - Max Jz: 0.6475
Step 96/100 (t=0.96) - Max Jz: 0.6475
Step 97/100 (t=0.97) - Max Jz: 0.6475
Step 97/100 (t=0.97) - Max Jz: 0.6475
Step 98/100 (t=0.98) - Max Jz: 0.6475
Step 98/100 (t=0.98) - Max Jz: 0.6475
Step 99/100 (t=0.99) - Max Jz: 0.6475
Simulation terminée. Génération du plot...
Step 99/100 (t=0.99) - Max Jz: 0.6475
Simulation terminée. Génération du plot...
