[2025-12-27 17:40:51] ==============================================================
[2025-12-27 17:40:51] 🚀 Starting Q-HAS: Quantum-Hierarchical Adaptive Steering Pipeline - Variational Workflow
[2025-12-27 17:40:51] Mode: simulator | Backend: aer | Shots: 100000 | Method: COBYLA
[2025-12-27 17:40:51] Script Path: /Users/Sayu/Desktop/BA_Proj/src
[2025-12-27 17:40:51] Output Dir: /Users/Sayu/Desktop/BA_Proj/data
[2025-12-27 17:40:51] Input File: /Users/Sayu/Desktop/BA_Proj/input/mapping_input.json
[2025-12-27 17:40:51] ==============================================================
[2025-12-27 17:40:51] 🧹 Cleaning previous results...
[2025-12-27 17:40:51] ➡️ Stage: Main Pipeline
[2025-12-27 17:40:51] ➡️ Stage: Main Pipeline
[2025-12-27 17:40:51] Running: python /Users/Sayu/Desktop/BA_Proj/src/pipeline.py --out-dir /Users/Sayu/Desktop/BA_Proj/data --mode simulator --grid-size 2 --dns-resolution 256 --t-max 1.0 --dt 0.01 --hybrid-dt 0.1 --depth 1 --backend aer --shots 100000 --method COBYLA
[2025-12-27 17:40:51] Running: python /Users/Sayu/Desktop/BA_Proj/src/pipeline.py --out-dir /Users/Sayu/Desktop/BA_Proj/data --mode simulator --grid-size 2 --dns-resolution 256 --t-max 1.0 --dt 0.01 --hybrid-dt 0.1 --depth 1 --backend aer --shots 100000 --method COBYLA
Initialisation Orszag-Tang (Grille 2x2)...
Initialisation Orszag-Tang (Grille 2x2)...
Lancement pour 100 pas de temps...
Lancement pour 100 pas de temps...
🔹 Detected Conda environment: qiskit-project
🔹 Detected Conda environment: qiskit-project
[2025-12-27 17:40:58] ==============================================================
[2025-12-27 17:40:58] ==============================================================
[2025-12-27 17:40:58] 🚀 Starting Quantum Pipeline
[2025-12-27 17:40:58] 🚀 Starting Quantum Pipeline
[2025-12-27 17:40:58] Mode: simulator | Backend: aer | Shots: 100000 | Method: COBYLA
[2025-12-27 17:40:58] Mode: simulator | Backend: aer | Shots: 100000 | Method: COBYLA
[2025-12-27 17:40:58] Script Path: /Users/Sayu/Desktop/BA_Proj/src/VQA
[2025-12-27 17:40:58] Script Path: /Users/Sayu/Desktop/BA_Proj/src/VQA
[2025-12-27 17:40:58] Output Dir: /Users/Sayu/Desktop/BA_Proj/data
[2025-12-27 17:40:58] Output Dir: /Users/Sayu/Desktop/BA_Proj/data
[2025-12-27 17:40:58] Input File: /Users/Sayu/Desktop/BA_Proj/data/vqa_input.json
[2025-12-27 17:40:58] Input File: /Users/Sayu/Desktop/BA_Proj/data/vqa_input.json
[2025-12-27 17:40:58] ==============================================================
[2025-12-27 17:40:58] ==============================================================
[2025-12-27 17:40:58] ➡️ Stage: TEST
[2025-12-27 17:40:58] ➡️ Stage: TEST
[2025-12-27 17:40:58] Running: python /Users/Sayu/Desktop/BA_Proj/src/VQA/TEST1.py --in-file /Users/Sayu/Desktop/BA_Proj/data/vqa_input.json --out-file /Users/Sayu/Desktop/BA_Proj/data/vqa_output.json --numqbits 8
[2025-12-27 17:40:58] Running: python /Users/Sayu/Desktop/BA_Proj/src/VQA/TEST1.py --in-file /Users/Sayu/Desktop/BA_Proj/data/vqa_input.json --out-file /Users/Sayu/Desktop/BA_Proj/data/vqa_output.json --numqbits 8
--- [VQA WORKER] Démarrage ---
✅ Input Lu avec succès.
   -> Theta_h: 2 angles
   -> Theta_v: 2 angles
⚙️  Génération de 1000 shots pour 8 qubits...
📊 Résultat Counts (Extrait): [('00001001', 38), ('10011010', 296), ('11101010', 170)] ...
💾 Probabilités sauvegardées dans: /Users/Sayu/Desktop/BA_Proj/data/vqa_output.json
💾 Counts bruts sauvegardés dans : /Users/Sayu/Desktop/BA_Proj/data/debug_counts.json
--- [VQA WORKER] Démarrage ---
✅ Input Lu avec succès.
   -> Theta_h: 2 angles
   -> Theta_v: 2 angles
⚙️  Génération de 1000 shots pour 8 qubits...
📊 Résultat Counts (Extrait): [('00001001', 38), ('10011010', 296), ('11101010', 170)] ...
💾 Probabilités sauvegardées dans: /Users/Sayu/Desktop/BA_Proj/data/vqa_output.json
💾 Counts bruts sauvegardés dans : /Users/Sayu/Desktop/BA_Proj/data/debug_counts.json
[2025-12-27 17:40:58] ✅ Stage 'TEST' completed successfully.
[2025-12-27 17:40:58] ✅ Stage 'TEST' completed successfully.
[2025-12-27 17:40:59] ==============================================================
[2025-12-27 17:40:59] ==============================================================
[2025-12-27 17:40:59] 🎉 Q-HAS Variational pipeline completed successfully!
[2025-12-27 17:40:59] 🎉 Q-HAS Variational pipeline completed successfully!
[2025-12-27 17:40:59] Results saved in: /Users/Sayu/Desktop/BA_Proj/data
[2025-12-27 17:40:59] Results saved in: /Users/Sayu/Desktop/BA_Proj/data
[2025-12-27 17:40:59] Full log: /Users/Sayu/Desktop/BA_Proj/data/../logs/pipeline[2025-12-27_17-40-54].log
[2025-12-27 17:40:59] Full log: /Users/Sayu/Desktop/BA_Proj/data/../logs/pipeline[2025-12-27_17-40-54].log
[2025-12-27 17:40:59] ==============================================================
[2025-12-27 17:40:59] ==============================================================
VQA Probabilities: [0.95  0.85  0.506 0.373 0.857 0.203 0.647 0.276]
VQA Probabilities: [0.95  0.85  0.506 0.373 0.857 0.203 0.647 0.276]
Step 0/100 (t=0.00) - Max Jz: 0.0000
Step 0/100 (t=0.00) - Max Jz: 0.0000
Step 1/100 (t=0.01) - Max Jz: 0.0000
Step 1/100 (t=0.01) - Max Jz: 0.0000
Step 2/100 (t=0.02) - Max Jz: 0.0000
Step 2/100 (t=0.02) - Max Jz: 0.0000
Step 3/100 (t=0.03) - Max Jz: 0.0000
Step 3/100 (t=0.03) - Max Jz: 0.0000
Step 4/100 (t=0.04) - Max Jz: 0.0000
Step 4/100 (t=0.04) - Max Jz: 0.0000
Step 5/100 (t=0.05) - Max Jz: 0.0000
Step 5/100 (t=0.05) - Max Jz: 0.0000
Step 6/100 (t=0.06) - Max Jz: 0.0000
Step 6/100 (t=0.06) - Max Jz: 0.0000
Step 7/100 (t=0.07) - Max Jz: 0.0000
Step 7/100 (t=0.07) - Max Jz: 0.0000
Step 8/100 (t=0.08) - Max Jz: 0.0000
Step 9/100 (t=0.09) - Max Jz: 0.0000
Step 8/100 (t=0.08) - Max Jz: 0.0000
Step 9/100 (t=0.09) - Max Jz: 0.0000
🔹 Detected Conda environment: qiskit-project
🔹 Detected Conda environment: qiskit-project
[2025-12-27 17:41:04] ==============================================================
[2025-12-27 17:41:04] ==============================================================
[2025-12-27 17:41:04] 🚀 Starting Quantum Pipeline
[2025-12-27 17:41:04] 🚀 Starting Quantum Pipeline
[2025-12-27 17:41:04] Mode: simulator | Backend: aer | Shots: 100000 | Method: COBYLA
[2025-12-27 17:41:04] Mode: simulator | Backend: aer | Shots: 100000 | Method: COBYLA
[2025-12-27 17:41:04] Script Path: /Users/Sayu/Desktop/BA_Proj/src/VQA
[2025-12-27 17:41:04] Script Path: /Users/Sayu/Desktop/BA_Proj/src/VQA
[2025-12-27 17:41:04] Output Dir: /Users/Sayu/Desktop/BA_Proj/data
[2025-12-27 17:41:04] Output Dir: /Users/Sayu/Desktop/BA_Proj/data
[2025-12-27 17:41:04] Input File: /Users/Sayu/Desktop/BA_Proj/data/vqa_input.json
[2025-12-27 17:41:04] Input File: /Users/Sayu/Desktop/BA_Proj/data/vqa_input.json
[2025-12-27 17:41:04] ==============================================================
[2025-12-27 17:41:04] ==============================================================
[2025-12-27 17:41:04] ➡️ Stage: TEST
[2025-12-27 17:41:04] ➡️ Stage: TEST
[2025-12-27 17:41:04] Running: python /Users/Sayu/Desktop/BA_Proj/src/VQA/TEST1.py --in-file /Users/Sayu/Desktop/BA_Proj/data/vqa_input.json --out-file /Users/Sayu/Desktop/BA_Proj/data/vqa_output.json --numqbits 8
[2025-12-27 17:41:04] Running: python /Users/Sayu/Desktop/BA_Proj/src/VQA/TEST1.py --in-file /Users/Sayu/Desktop/BA_Proj/data/vqa_input.json --out-file /Users/Sayu/Desktop/BA_Proj/data/vqa_output.json --numqbits 8
--- [VQA WORKER] Démarrage ---
✅ Input Lu avec succès.
   -> Theta_h: 2 angles
   -> Theta_v: 2 angles
⚙️  Génération de 1000 shots pour 8 qubits...
📊 Résultat Counts (Extrait): [('00001000', 89), ('10101011', 242), ('01010000', 223)] ...
💾 Probabilités sauvegardées dans: /Users/Sayu/Desktop/BA_Proj/data/vqa_output.json
💾 Counts bruts sauvegardés dans : /Users/Sayu/Desktop/BA_Proj/data/debug_counts.json
--- [VQA WORKER] Démarrage ---
✅ Input Lu avec succès.
   -> Theta_h: 2 angles
   -> Theta_v: 2 angles
⚙️  Génération de 1000 shots pour 8 qubits...
📊 Résultat Counts (Extrait): [('00001000', 89), ('10101011', 242), ('01010000', 223)] ...
💾 Probabilités sauvegardées dans: /Users/Sayu/Desktop/BA_Proj/data/vqa_output.json
💾 Counts bruts sauvegardés dans : /Users/Sayu/Desktop/BA_Proj/data/debug_counts.json
[2025-12-27 17:41:04] ✅ Stage 'TEST' completed successfully.
[2025-12-27 17:41:04] ✅ Stage 'TEST' completed successfully.
[2025-12-27 17:41:04] ==============================================================
[2025-12-27 17:41:04] ==============================================================
[2025-12-27 17:41:04] 🎉 Q-HAS Variational pipeline completed successfully!
[2025-12-27 17:41:04] 🎉 Q-HAS Variational pipeline completed successfully!
[2025-12-27 17:41:04] Results saved in: /Users/Sayu/Desktop/BA_Proj/data
[2025-12-27 17:41:04] Results saved in: /Users/Sayu/Desktop/BA_Proj/data
[2025-12-27 17:41:04] Full log: /Users/Sayu/Desktop/BA_Proj/data/../logs/pipeline[2025-12-27_17-40-59].log
[2025-12-27 17:41:04] Full log: /Users/Sayu/Desktop/BA_Proj/data/../logs/pipeline[2025-12-27_17-40-59].log
[2025-12-27 17:41:04] ==============================================================
[2025-12-27 17:41:04] ==============================================================
VQA Probabilities: [0.95  0.85  0.612 0.518 0.376 0.363 0.452 0.468]
VQA Probabilities: [0.95  0.85  0.612 0.518 0.376 0.363 0.452 0.468]
Step 10/100 (t=0.10) - Max Jz: 0.0000
Step 10/100 (t=0.10) - Max Jz: 0.0000
Step 11/100 (t=0.11) - Max Jz: 0.0000
Step 11/100 (t=0.11) - Max Jz: 0.0000
Step 12/100 (t=0.12) - Max Jz: 0.0000
Step 12/100 (t=0.12) - Max Jz: 0.0000
Step 13/100 (t=0.13) - Max Jz: 0.0000
Step 13/100 (t=0.13) - Max Jz: 0.0000
Step 14/100 (t=0.14) - Max Jz: 0.0000
Step 14/100 (t=0.14) - Max Jz: 0.0000
Step 15/100 (t=0.15) - Max Jz: 0.0000
Step 15/100 (t=0.15) - Max Jz: 0.0000
Step 16/100 (t=0.16) - Max Jz: 0.0000
Step 16/100 (t=0.16) - Max Jz: 0.0000
Step 17/100 (t=0.17) - Max Jz: 0.0000
Step 17/100 (t=0.17) - Max Jz: 0.0000
Step 18/100 (t=0.18) - Max Jz: 0.0000
Step 18/100 (t=0.18) - Max Jz: 0.0000
Step 19/100 (t=0.19) - Max Jz: 0.0000
Step 19/100 (t=0.19) - Max Jz: 0.0000
🔹 Detected Conda environment: qiskit-project
🔹 Detected Conda environment: qiskit-project
[2025-12-27 17:41:07] ==============================================================
[2025-12-27 17:41:07] ==============================================================
[2025-12-27 17:41:07] 🚀 Starting Quantum Pipeline
[2025-12-27 17:41:07] 🚀 Starting Quantum Pipeline
[2025-12-27 17:41:07] Mode: simulator | Backend: aer | Shots: 100000 | Method: COBYLA
[2025-12-27 17:41:07] Mode: simulator | Backend: aer | Shots: 100000 | Method: COBYLA
[2025-12-27 17:41:07] Script Path: /Users/Sayu/Desktop/BA_Proj/src/VQA
[2025-12-27 17:41:07] Script Path: /Users/Sayu/Desktop/BA_Proj/src/VQA
[2025-12-27 17:41:07] Output Dir: /Users/Sayu/Desktop/BA_Proj/data
[2025-12-27 17:41:07] Output Dir: /Users/Sayu/Desktop/BA_Proj/data
[2025-12-27 17:41:07] Input File: /Users/Sayu/Desktop/BA_Proj/data/vqa_input.json
[2025-12-27 17:41:07] Input File: /Users/Sayu/Desktop/BA_Proj/data/vqa_input.json
[2025-12-27 17:41:07] ==============================================================
[2025-12-27 17:41:07] ==============================================================
[2025-12-27 17:41:07] ➡️ Stage: TEST
[2025-12-27 17:41:07] ➡️ Stage: TEST
[2025-12-27 17:41:07] Running: python /Users/Sayu/Desktop/BA_Proj/src/VQA/TEST1.py --in-file /Users/Sayu/Desktop/BA_Proj/data/vqa_input.json --out-file /Users/Sayu/Desktop/BA_Proj/data/vqa_output.json --numqbits 8
[2025-12-27 17:41:07] Running: python /Users/Sayu/Desktop/BA_Proj/src/VQA/TEST1.py --in-file /Users/Sayu/Desktop/BA_Proj/data/vqa_input.json --out-file /Users/Sayu/Desktop/BA_Proj/data/vqa_output.json --numqbits 8
--- [VQA WORKER] Démarrage ---
✅ Input Lu avec succès.
   -> Theta_h: 2 angles
   -> Theta_v: 2 angles
⚙️  Génération de 1000 shots pour 8 qubits...
📊 Résultat Counts (Extrait): [('11100001', 449), ('10001011', 222), ('10111100', 112)] ...
💾 Probabilités sauvegardées dans: /Users/Sayu/Desktop/BA_Proj/data/vqa_output.json
💾 Counts bruts sauvegardés dans : /Users/Sayu/Desktop/BA_Proj/data/debug_counts.json
--- [VQA WORKER] Démarrage ---
✅ Input Lu avec succès.
   -> Theta_h: 2 angles
   -> Theta_v: 2 angles
⚙️  Génération de 1000 shots pour 8 qubits...
📊 Résultat Counts (Extrait): [('11100001', 449), ('10001011', 222), ('10111100', 112)] ...
💾 Probabilités sauvegardées dans: /Users/Sayu/Desktop/BA_Proj/data/vqa_output.json
💾 Counts bruts sauvegardés dans : /Users/Sayu/Desktop/BA_Proj/data/debug_counts.json
[2025-12-27 17:41:07] ✅ Stage 'TEST' completed successfully.
[2025-12-27 17:41:07] ✅ Stage 'TEST' completed successfully.
[2025-12-27 17:41:07] ==============================================================
[2025-12-27 17:41:07] ==============================================================
[2025-12-27 17:41:07] 🎉 Q-HAS Variational pipeline completed successfully!
[2025-12-27 17:41:07] 🎉 Q-HAS Variational pipeline completed successfully!
[2025-12-27 17:41:07] Results saved in: /Users/Sayu/Desktop/BA_Proj/data
[2025-12-27 17:41:07] Results saved in: /Users/Sayu/Desktop/BA_Proj/data
[2025-12-27 17:41:07] Full log: /Users/Sayu/Desktop/BA_Proj/data/../logs/pipeline[2025-12-27_17-41-04].log
[2025-12-27 17:41:07] Full log: /Users/Sayu/Desktop/BA_Proj/data/../logs/pipeline[2025-12-27_17-41-04].log
[2025-12-27 17:41:07] ==============================================================
[2025-12-27 17:41:07] ==============================================================
VQA Probabilities: [0.95  0.85  0.736 0.31  0.347 0.29  0.426 0.776]
VQA Probabilities: [0.95  0.85  0.736 0.31  0.347 0.29  0.426 0.776]
Step 20/100 (t=0.20) - Max Jz: 0.0000
Step 20/100 (t=0.20) - Max Jz: 0.0000
Step 21/100 (t=0.21) - Max Jz: 0.0000
Step 21/100 (t=0.21) - Max Jz: 0.0000
Step 22/100 (t=0.22) - Max Jz: 0.0000
Step 22/100 (t=0.22) - Max Jz: 0.0000
Step 23/100 (t=0.23) - Max Jz: 0.0000
Step 23/100 (t=0.23) - Max Jz: 0.0000
Step 24/100 (t=0.24) - Max Jz: 0.0000
Step 24/100 (t=0.24) - Max Jz: 0.0000
Step 25/100 (t=0.25) - Max Jz: 0.0000
Step 25/100 (t=0.25) - Max Jz: 0.0000
Step 26/100 (t=0.26) - Max Jz: 0.0000
Step 26/100 (t=0.26) - Max Jz: 0.0000
Step 27/100 (t=0.27) - Max Jz: 0.0000
Step 27/100 (t=0.27) - Max Jz: 0.0000
Step 28/100 (t=0.28) - Max Jz: 0.0000
Step 28/100 (t=0.28) - Max Jz: 0.0000
Step 29/100 (t=0.29) - Max Jz: 0.0000
Step 29/100 (t=0.29) - Max Jz: 0.0000
🔹 Detected Conda environment: qiskit-project
🔹 Detected Conda environment: qiskit-project
[2025-12-27 17:41:10] ==============================================================
[2025-12-27 17:41:10] ==============================================================
[2025-12-27 17:41:10] 🚀 Starting Quantum Pipeline
[2025-12-27 17:41:10] 🚀 Starting Quantum Pipeline
[2025-12-27 17:41:10] Mode: simulator | Backend: aer | Shots: 100000 | Method: COBYLA
[2025-12-27 17:41:10] Mode: simulator | Backend: aer | Shots: 100000 | Method: COBYLA
[2025-12-27 17:41:10] Script Path: /Users/Sayu/Desktop/BA_Proj/src/VQA
[2025-12-27 17:41:10] Script Path: /Users/Sayu/Desktop/BA_Proj/src/VQA
[2025-12-27 17:41:10] Output Dir: /Users/Sayu/Desktop/BA_Proj/data
[2025-12-27 17:41:10] Output Dir: /Users/Sayu/Desktop/BA_Proj/data
[2025-12-27 17:41:10] Input File: /Users/Sayu/Desktop/BA_Proj/data/vqa_input.json
[2025-12-27 17:41:10] Input File: /Users/Sayu/Desktop/BA_Proj/data/vqa_input.json
[2025-12-27 17:41:10] ==============================================================
[2025-12-27 17:41:10] ==============================================================
[2025-12-27 17:41:10] ➡️ Stage: TEST
[2025-12-27 17:41:10] ➡️ Stage: TEST
[2025-12-27 17:41:10] Running: python /Users/Sayu/Desktop/BA_Proj/src/VQA/TEST1.py --in-file /Users/Sayu/Desktop/BA_Proj/data/vqa_input.json --out-file /Users/Sayu/Desktop/BA_Proj/data/vqa_output.json --numqbits 8
[2025-12-27 17:41:10] Running: python /Users/Sayu/Desktop/BA_Proj/src/VQA/TEST1.py --in-file /Users/Sayu/Desktop/BA_Proj/data/vqa_input.json --out-file /Users/Sayu/Desktop/BA_Proj/data/vqa_output.json --numqbits 8
--- [VQA WORKER] Démarrage ---
✅ Input Lu avec succès.
   -> Theta_h: 2 angles
   -> Theta_v: 2 angles
⚙️  Génération de 1000 shots pour 8 qubits...
📊 Résultat Counts (Extrait): [('00011011', 397), ('01000001', 99), ('01000110', 177)] ...
💾 Probabilités sauvegardées dans: /Users/Sayu/Desktop/BA_Proj/data/vqa_output.json
💾 Counts bruts sauvegardés dans : /Users/Sayu/Desktop/BA_Proj/data/debug_counts.json
--- [VQA WORKER] Démarrage ---
✅ Input Lu avec succès.
   -> Theta_h: 2 angles
   -> Theta_v: 2 angles
⚙️  Génération de 1000 shots pour 8 qubits...
📊 Résultat Counts (Extrait): [('00011011', 397), ('01000001', 99), ('01000110', 177)] ...
💾 Probabilités sauvegardées dans: /Users/Sayu/Desktop/BA_Proj/data/vqa_output.json
💾 Counts bruts sauvegardés dans : /Users/Sayu/Desktop/BA_Proj/data/debug_counts.json
[2025-12-27 17:41:10] ✅ Stage 'TEST' completed successfully.
[2025-12-27 17:41:10] ✅ Stage 'TEST' completed successfully.
[2025-12-27 17:41:10] ==============================================================
[2025-12-27 17:41:10] ==============================================================
[2025-12-27 17:41:10] 🎉 Q-HAS Variational pipeline completed successfully!
[2025-12-27 17:41:10] 🎉 Q-HAS Variational pipeline completed successfully!
[2025-12-27 17:41:10] Results saved in: /Users/Sayu/Desktop/BA_Proj/data
[2025-12-27 17:41:10] Results saved in: /Users/Sayu/Desktop/BA_Proj/data
[2025-12-27 17:41:10] Full log: /Users/Sayu/Desktop/BA_Proj/data/../logs/pipeline[2025-12-27_17-41-07].log
[2025-12-27 17:41:10] Full log: /Users/Sayu/Desktop/BA_Proj/data/../logs/pipeline[2025-12-27_17-41-07].log
[2025-12-27 17:41:10] ==============================================================
[2025-12-27 17:41:10] ==============================================================
VQA Probabilities: [0.95  0.85  0.118 0.544 0.632 0.346 0.892 0.553]
VQA Probabilities: [0.95  0.85  0.118 0.544 0.632 0.346 0.892 0.553]
Step 30/100 (t=0.30) - Max Jz: 0.0000
Step 30/100 (t=0.30) - Max Jz: 0.0000
Step 31/100 (t=0.31) - Max Jz: 0.0000
Step 31/100 (t=0.31) - Max Jz: 0.0000
Step 32/100 (t=0.32) - Max Jz: 0.0000
Step 32/100 (t=0.32) - Max Jz: 0.0000
Step 33/100 (t=0.33) - Max Jz: 0.0000
Step 33/100 (t=0.33) - Max Jz: 0.0000
Step 34/100 (t=0.34) - Max Jz: 0.0000
Step 34/100 (t=0.34) - Max Jz: 0.0000
Step 35/100 (t=0.35) - Max Jz: 0.0000
Step 35/100 (t=0.35) - Max Jz: 0.0000
Step 36/100 (t=0.36) - Max Jz: 0.0000
Step 36/100 (t=0.36) - Max Jz: 0.0000
Step 37/100 (t=0.37) - Max Jz: 0.0000
Step 37/100 (t=0.37) - Max Jz: 0.0000
Step 38/100 (t=0.38) - Max Jz: 0.0000
Step 38/100 (t=0.38) - Max Jz: 0.0000
Step 39/100 (t=0.39) - Max Jz: 0.0000
Step 39/100 (t=0.39) - Max Jz: 0.0000
🔹 Detected Conda environment: qiskit-project
🔹 Detected Conda environment: qiskit-project
[2025-12-27 17:41:12] ==============================================================
[2025-12-27 17:41:12] ==============================================================
[2025-12-27 17:41:12] 🚀 Starting Quantum Pipeline
[2025-12-27 17:41:12] 🚀 Starting Quantum Pipeline
[2025-12-27 17:41:12] Mode: simulator | Backend: aer | Shots: 100000 | Method: COBYLA
[2025-12-27 17:41:12] Mode: simulator | Backend: aer | Shots: 100000 | Method: COBYLA
[2025-12-27 17:41:12] Script Path: /Users/Sayu/Desktop/BA_Proj/src/VQA
[2025-12-27 17:41:12] Script Path: /Users/Sayu/Desktop/BA_Proj/src/VQA
[2025-12-27 17:41:12] Output Dir: /Users/Sayu/Desktop/BA_Proj/data
[2025-12-27 17:41:12] Output Dir: /Users/Sayu/Desktop/BA_Proj/data
[2025-12-27 17:41:12] Input File: /Users/Sayu/Desktop/BA_Proj/data/vqa_input.json
[2025-12-27 17:41:12] Input File: /Users/Sayu/Desktop/BA_Proj/data/vqa_input.json
[2025-12-27 17:41:12] ==============================================================
[2025-12-27 17:41:12] ==============================================================
[2025-12-27 17:41:12] ➡️ Stage: TEST
[2025-12-27 17:41:12] ➡️ Stage: TEST
[2025-12-27 17:41:12] Running: python /Users/Sayu/Desktop/BA_Proj/src/VQA/TEST1.py --in-file /Users/Sayu/Desktop/BA_Proj/data/vqa_input.json --out-file /Users/Sayu/Desktop/BA_Proj/data/vqa_output.json --numqbits 8
[2025-12-27 17:41:12] Running: python /Users/Sayu/Desktop/BA_Proj/src/VQA/TEST1.py --in-file /Users/Sayu/Desktop/BA_Proj/data/vqa_input.json --out-file /Users/Sayu/Desktop/BA_Proj/data/vqa_output.json --numqbits 8
--- [VQA WORKER] Démarrage ---
✅ Input Lu avec succès.
   -> Theta_h: 2 angles
   -> Theta_v: 2 angles
⚙️  Génération de 1000 shots pour 8 qubits...
📊 Résultat Counts (Extrait): [('11010001', 208), ('11000011', 1), ('11010101', 77)] ...
💾 Probabilités sauvegardées dans: /Users/Sayu/Desktop/BA_Proj/data/vqa_output.json
💾 Counts bruts sauvegardés dans : /Users/Sayu/Desktop/BA_Proj/data/debug_counts.json
--- [VQA WORKER] Démarrage ---
✅ Input Lu avec succès.
   -> Theta_h: 2 angles
   -> Theta_v: 2 angles
⚙️  Génération de 1000 shots pour 8 qubits...
📊 Résultat Counts (Extrait): [('11010001', 208), ('11000011', 1), ('11010101', 77)] ...
💾 Probabilités sauvegardées dans: /Users/Sayu/Desktop/BA_Proj/data/vqa_output.json
💾 Counts bruts sauvegardés dans : /Users/Sayu/Desktop/BA_Proj/data/debug_counts.json
[2025-12-27 17:41:12] ✅ Stage 'TEST' completed successfully.
[2025-12-27 17:41:12] ✅ Stage 'TEST' completed successfully.
[2025-12-27 17:41:12] ==============================================================
[2025-12-27 17:41:12] ==============================================================
[2025-12-27 17:41:12] 🎉 Q-HAS Variational pipeline completed successfully!
[2025-12-27 17:41:12] 🎉 Q-HAS Variational pipeline completed successfully!
[2025-12-27 17:41:12] Results saved in: /Users/Sayu/Desktop/BA_Proj/data
[2025-12-27 17:41:12] Results saved in: /Users/Sayu/Desktop/BA_Proj/data
[2025-12-27 17:41:12] Full log: /Users/Sayu/Desktop/BA_Proj/data/../logs/pipeline[2025-12-27_17-41-10].log
[2025-12-27 17:41:12] Full log: /Users/Sayu/Desktop/BA_Proj/data/../logs/pipeline[2025-12-27_17-41-10].log
[2025-12-27 17:41:12] ==============================================================
[2025-12-27 17:41:12] ==============================================================
VQA Probabilities: [0.95  0.85  0.463 0.911 0.303 0.41  0.438 0.631]
VQA Probabilities: [0.95  0.85  0.463 0.911 0.303 0.41  0.438 0.631]
Step 40/100 (t=0.40) - Max Jz: 0.0000
Step 40/100 (t=0.40) - Max Jz: 0.0000
Step 41/100 (t=0.41) - Max Jz: 0.0000
Step 41/100 (t=0.41) - Max Jz: 0.0000
Step 42/100 (t=0.42) - Max Jz: 0.0000
Step 42/100 (t=0.42) - Max Jz: 0.0000
Step 43/100 (t=0.43) - Max Jz: 0.0000
Step 43/100 (t=0.43) - Max Jz: 0.0000
Step 44/100 (t=0.44) - Max Jz: 0.0000
Step 44/100 (t=0.44) - Max Jz: 0.0000
Step 45/100 (t=0.45) - Max Jz: 0.0000
Step 45/100 (t=0.45) - Max Jz: 0.0000
Step 46/100 (t=0.46) - Max Jz: 0.0000
Step 46/100 (t=0.46) - Max Jz: 0.0000
Step 47/100 (t=0.47) - Max Jz: 0.0000
Step 47/100 (t=0.47) - Max Jz: 0.0000
Step 48/100 (t=0.48) - Max Jz: 0.0000
Step 48/100 (t=0.48) - Max Jz: 0.0000
Step 49/100 (t=0.49) - Max Jz: 0.0000
Step 49/100 (t=0.49) - Max Jz: 0.0000
🔹 Detected Conda environment: qiskit-project
🔹 Detected Conda environment: qiskit-project
[2025-12-27 17:41:15] ==============================================================
[2025-12-27 17:41:15] ==============================================================
[2025-12-27 17:41:15] 🚀 Starting Quantum Pipeline
[2025-12-27 17:41:15] 🚀 Starting Quantum Pipeline
[2025-12-27 17:41:15] Mode: simulator | Backend: aer | Shots: 100000 | Method: COBYLA
[2025-12-27 17:41:15] Mode: simulator | Backend: aer | Shots: 100000 | Method: COBYLA
[2025-12-27 17:41:15] Script Path: /Users/Sayu/Desktop/BA_Proj/src/VQA
[2025-12-27 17:41:15] Script Path: /Users/Sayu/Desktop/BA_Proj/src/VQA
[2025-12-27 17:41:15] Output Dir: /Users/Sayu/Desktop/BA_Proj/data
[2025-12-27 17:41:15] Output Dir: /Users/Sayu/Desktop/BA_Proj/data
[2025-12-27 17:41:15] Input File: /Users/Sayu/Desktop/BA_Proj/data/vqa_input.json
[2025-12-27 17:41:15] Input File: /Users/Sayu/Desktop/BA_Proj/data/vqa_input.json
[2025-12-27 17:41:15] ==============================================================
[2025-12-27 17:41:15] ==============================================================
[2025-12-27 17:41:15] ➡️ Stage: TEST
[2025-12-27 17:41:15] ➡️ Stage: TEST
[2025-12-27 17:41:15] Running: python /Users/Sayu/Desktop/BA_Proj/src/VQA/TEST1.py --in-file /Users/Sayu/Desktop/BA_Proj/data/vqa_input.json --out-file /Users/Sayu/Desktop/BA_Proj/data/vqa_output.json --numqbits 8
[2025-12-27 17:41:15] Running: python /Users/Sayu/Desktop/BA_Proj/src/VQA/TEST1.py --in-file /Users/Sayu/Desktop/BA_Proj/data/vqa_input.json --out-file /Users/Sayu/Desktop/BA_Proj/data/vqa_output.json --numqbits 8
--- [VQA WORKER] Démarrage ---
✅ Input Lu avec succès.
   -> Theta_h: 2 angles
   -> Theta_v: 2 angles
⚙️  Génération de 1000 shots pour 8 qubits...
📊 Résultat Counts (Extrait): [('00111101', 55), ('00010101', 23), ('00110010', 192)] ...
💾 Probabilités sauvegardées dans: /Users/Sayu/Desktop/BA_Proj/data/vqa_output.json
💾 Counts bruts sauvegardés dans : /Users/Sayu/Desktop/BA_Proj/data/debug_counts.json
--- [VQA WORKER] Démarrage ---
✅ Input Lu avec succès.
   -> Theta_h: 2 angles
   -> Theta_v: 2 angles
⚙️  Génération de 1000 shots pour 8 qubits...
📊 Résultat Counts (Extrait): [('00111101', 55), ('00010101', 23), ('00110010', 192)] ...
💾 Probabilités sauvegardées dans: /Users/Sayu/Desktop/BA_Proj/data/vqa_output.json
💾 Counts bruts sauvegardés dans : /Users/Sayu/Desktop/BA_Proj/data/debug_counts.json
[2025-12-27 17:41:15] ✅ Stage 'TEST' completed successfully.
[2025-12-27 17:41:15] ✅ Stage 'TEST' completed successfully.
[2025-12-27 17:41:15] ==============================================================
[2025-12-27 17:41:15] ==============================================================
[2025-12-27 17:41:15] 🎉 Q-HAS Variational pipeline completed successfully!
[2025-12-27 17:41:15] 🎉 Q-HAS Variational pipeline completed successfully!
[2025-12-27 17:41:15] Results saved in: /Users/Sayu/Desktop/BA_Proj/data
[2025-12-27 17:41:15] Results saved in: /Users/Sayu/Desktop/BA_Proj/data
[2025-12-27 17:41:15] Full log: /Users/Sayu/Desktop/BA_Proj/data/../logs/pipeline[2025-12-27_17-41-12].log
[2025-12-27 17:41:15] Full log: /Users/Sayu/Desktop/BA_Proj/data/../logs/pipeline[2025-12-27_17-41-12].log
[2025-12-27 17:41:15] ==============================================================
[2025-12-27 17:41:15] ==============================================================
VQA Probabilities: [0.95  0.85  0.743 0.806 0.583 0.475 0.744 0.319]
VQA Probabilities: [0.95  0.85  0.743 0.806 0.583 0.475 0.744 0.319]
Step 50/100 (t=0.50) - Max Jz: 0.0000
Step 50/100 (t=0.50) - Max Jz: 0.0000
Step 51/100 (t=0.51) - Max Jz: 0.0000
Step 51/100 (t=0.51) - Max Jz: 0.0000
Step 52/100 (t=0.52) - Max Jz: 0.0000
Step 52/100 (t=0.52) - Max Jz: 0.0000
Step 53/100 (t=0.53) - Max Jz: 0.0000
Step 53/100 (t=0.53) - Max Jz: 0.0000
Step 54/100 (t=0.54) - Max Jz: 0.0000
Step 54/100 (t=0.54) - Max Jz: 0.0000
Step 55/100 (t=0.55) - Max Jz: 0.0000
Step 55/100 (t=0.55) - Max Jz: 0.0000
Step 56/100 (t=0.56) - Max Jz: 0.0000
Step 56/100 (t=0.56) - Max Jz: 0.0000
Step 57/100 (t=0.57) - Max Jz: 0.0000
Step 57/100 (t=0.57) - Max Jz: 0.0000
Step 58/100 (t=0.58) - Max Jz: 0.0000
Step 58/100 (t=0.58) - Max Jz: 0.0000
Step 59/100 (t=0.59) - Max Jz: 0.0000
Step 59/100 (t=0.59) - Max Jz: 0.0000
🔹 Detected Conda environment: qiskit-project
🔹 Detected Conda environment: qiskit-project
[2025-12-27 17:41:18] ==============================================================
[2025-12-27 17:41:18] ==============================================================
[2025-12-27 17:41:18] 🚀 Starting Quantum Pipeline
[2025-12-27 17:41:18] 🚀 Starting Quantum Pipeline
[2025-12-27 17:41:18] Mode: simulator | Backend: aer | Shots: 100000 | Method: COBYLA
[2025-12-27 17:41:18] Mode: simulator | Backend: aer | Shots: 100000 | Method: COBYLA
[2025-12-27 17:41:18] Script Path: /Users/Sayu/Desktop/BA_Proj/src/VQA
[2025-12-27 17:41:18] Script Path: /Users/Sayu/Desktop/BA_Proj/src/VQA
[2025-12-27 17:41:18] Output Dir: /Users/Sayu/Desktop/BA_Proj/data
[2025-12-27 17:41:18] Output Dir: /Users/Sayu/Desktop/BA_Proj/data
[2025-12-27 17:41:18] Input File: /Users/Sayu/Desktop/BA_Proj/data/vqa_input.json
[2025-12-27 17:41:18] Input File: /Users/Sayu/Desktop/BA_Proj/data/vqa_input.json
[2025-12-27 17:41:18] ==============================================================
[2025-12-27 17:41:18] ==============================================================
[2025-12-27 17:41:18] ➡️ Stage: TEST
[2025-12-27 17:41:18] ➡️ Stage: TEST
[2025-12-27 17:41:18] Running: python /Users/Sayu/Desktop/BA_Proj/src/VQA/TEST1.py --in-file /Users/Sayu/Desktop/BA_Proj/data/vqa_input.json --out-file /Users/Sayu/Desktop/BA_Proj/data/vqa_output.json --numqbits 8
[2025-12-27 17:41:18] Running: python /Users/Sayu/Desktop/BA_Proj/src/VQA/TEST1.py --in-file /Users/Sayu/Desktop/BA_Proj/data/vqa_input.json --out-file /Users/Sayu/Desktop/BA_Proj/data/vqa_output.json --numqbits 8
--- [VQA WORKER] Démarrage ---
✅ Input Lu avec succès.
   -> Theta_h: 2 angles
   -> Theta_v: 2 angles
⚙️  Génération de 1000 shots pour 8 qubits...
📊 Résultat Counts (Extrait): [('01000110', 241), ('10011000', 218), ('01110110', 96)] ...
💾 Probabilités sauvegardées dans: /Users/Sayu/Desktop/BA_Proj/data/vqa_output.json
💾 Counts bruts sauvegardés dans : /Users/Sayu/Desktop/BA_Proj/data/debug_counts.json
--- [VQA WORKER] Démarrage ---
✅ Input Lu avec succès.
   -> Theta_h: 2 angles
   -> Theta_v: 2 angles
⚙️  Génération de 1000 shots pour 8 qubits...
📊 Résultat Counts (Extrait): [('01000110', 241), ('10011000', 218), ('01110110', 96)] ...
💾 Probabilités sauvegardées dans: /Users/Sayu/Desktop/BA_Proj/data/vqa_output.json
💾 Counts bruts sauvegardés dans : /Users/Sayu/Desktop/BA_Proj/data/debug_counts.json
[2025-12-27 17:41:19] ✅ Stage 'TEST' completed successfully.
[2025-12-27 17:41:19] ✅ Stage 'TEST' completed successfully.
[2025-12-27 17:41:19] ==============================================================
[2025-12-27 17:41:19] ==============================================================
[2025-12-27 17:41:19] 🎉 Q-HAS Variational pipeline completed successfully!
[2025-12-27 17:41:19] 🎉 Q-HAS Variational pipeline completed successfully!
[2025-12-27 17:41:19] Results saved in: /Users/Sayu/Desktop/BA_Proj/data
[2025-12-27 17:41:19] Results saved in: /Users/Sayu/Desktop/BA_Proj/data
[2025-12-27 17:41:19] Full log: /Users/Sayu/Desktop/BA_Proj/data/../logs/pipeline[2025-12-27_17-41-15].log
[2025-12-27 17:41:19] Full log: /Users/Sayu/Desktop/BA_Proj/data/../logs/pipeline[2025-12-27_17-41-15].log
[2025-12-27 17:41:19] ==============================================================
[2025-12-27 17:41:19] ==============================================================
VQA Probabilities: [0.95  0.85  0.239 0.526 0.54  0.501 0.745 0.285]
VQA Probabilities: [0.95  0.85  0.239 0.526 0.54  0.501 0.745 0.285]
Step 60/100 (t=0.60) - Max Jz: 0.0000
Step 60/100 (t=0.60) - Max Jz: 0.0000
Step 61/100 (t=0.61) - Max Jz: 0.0000
Step 61/100 (t=0.61) - Max Jz: 0.0000
Step 62/100 (t=0.62) - Max Jz: 0.0000
Step 62/100 (t=0.62) - Max Jz: 0.0000
Step 63/100 (t=0.63) - Max Jz: 0.0000
Step 63/100 (t=0.63) - Max Jz: 0.0000
Step 64/100 (t=0.64) - Max Jz: 0.0000
Step 64/100 (t=0.64) - Max Jz: 0.0000
Step 65/100 (t=0.65) - Max Jz: 0.0000
Step 65/100 (t=0.65) - Max Jz: 0.0000
Step 66/100 (t=0.66) - Max Jz: 0.0000
Step 66/100 (t=0.66) - Max Jz: 0.0000
Step 67/100 (t=0.67) - Max Jz: 0.0000
Step 67/100 (t=0.67) - Max Jz: 0.0000
Step 68/100 (t=0.68) - Max Jz: 0.0000
Step 68/100 (t=0.68) - Max Jz: 0.0000
Step 69/100 (t=0.69) - Max Jz: 0.0000
Step 69/100 (t=0.69) - Max Jz: 0.0000
🔹 Detected Conda environment: qiskit-project
🔹 Detected Conda environment: qiskit-project
[2025-12-27 17:41:21] ==============================================================
[2025-12-27 17:41:21] ==============================================================
[2025-12-27 17:41:21] 🚀 Starting Quantum Pipeline
[2025-12-27 17:41:21] 🚀 Starting Quantum Pipeline
[2025-12-27 17:41:21] Mode: simulator | Backend: aer | Shots: 100000 | Method: COBYLA
[2025-12-27 17:41:21] Mode: simulator | Backend: aer | Shots: 100000 | Method: COBYLA
[2025-12-27 17:41:21] Script Path: /Users/Sayu/Desktop/BA_Proj/src/VQA
[2025-12-27 17:41:21] Script Path: /Users/Sayu/Desktop/BA_Proj/src/VQA
[2025-12-27 17:41:21] Output Dir: /Users/Sayu/Desktop/BA_Proj/data
[2025-12-27 17:41:21] Output Dir: /Users/Sayu/Desktop/BA_Proj/data
[2025-12-27 17:41:21] Input File: /Users/Sayu/Desktop/BA_Proj/data/vqa_input.json
[2025-12-27 17:41:21] Input File: /Users/Sayu/Desktop/BA_Proj/data/vqa_input.json
[2025-12-27 17:41:21] ==============================================================
[2025-12-27 17:41:21] ==============================================================
[2025-12-27 17:41:21] ➡️ Stage: TEST
[2025-12-27 17:41:21] ➡️ Stage: TEST
[2025-12-27 17:41:21] Running: python /Users/Sayu/Desktop/BA_Proj/src/VQA/TEST1.py --in-file /Users/Sayu/Desktop/BA_Proj/data/vqa_input.json --out-file /Users/Sayu/Desktop/BA_Proj/data/vqa_output.json --numqbits 8
[2025-12-27 17:41:21] Running: python /Users/Sayu/Desktop/BA_Proj/src/VQA/TEST1.py --in-file /Users/Sayu/Desktop/BA_Proj/data/vqa_input.json --out-file /Users/Sayu/Desktop/BA_Proj/data/vqa_output.json --numqbits 8
--- [VQA WORKER] Démarrage ---
✅ Input Lu avec succès.
   -> Theta_h: 2 angles
   -> Theta_v: 2 angles
⚙️  Génération de 1000 shots pour 8 qubits...
📊 Résultat Counts (Extrait): [('00011100', 437), ('10000110', 161), ('00010010', 162)] ...
💾 Probabilités sauvegardées dans: /Users/Sayu/Desktop/BA_Proj/data/vqa_output.json
💾 Counts bruts sauvegardés dans : /Users/Sayu/Desktop/BA_Proj/data/debug_counts.json
--- [VQA WORKER] Démarrage ---
✅ Input Lu avec succès.
   -> Theta_h: 2 angles
   -> Theta_v: 2 angles
⚙️  Génération de 1000 shots pour 8 qubits...
📊 Résultat Counts (Extrait): [('00011100', 437), ('10000110', 161), ('00010010', 162)] ...
💾 Probabilités sauvegardées dans: /Users/Sayu/Desktop/BA_Proj/data/vqa_output.json
💾 Counts bruts sauvegardés dans : /Users/Sayu/Desktop/BA_Proj/data/debug_counts.json
[2025-12-27 17:41:21] ✅ Stage 'TEST' completed successfully.
[2025-12-27 17:41:21] ✅ Stage 'TEST' completed successfully.
[2025-12-27 17:41:21] ==============================================================
[2025-12-27 17:41:21] ==============================================================
[2025-12-27 17:41:21] 🎉 Q-HAS Variational pipeline completed successfully!
[2025-12-27 17:41:21] 🎉 Q-HAS Variational pipeline completed successfully!
[2025-12-27 17:41:21] Results saved in: /Users/Sayu/Desktop/BA_Proj/data
[2025-12-27 17:41:21] Results saved in: /Users/Sayu/Desktop/BA_Proj/data
[2025-12-27 17:41:21] Full log: /Users/Sayu/Desktop/BA_Proj/data/../logs/pipeline[2025-12-27_17-41-19].log
[2025-12-27 17:41:21] Full log: /Users/Sayu/Desktop/BA_Proj/data/../logs/pipeline[2025-12-27_17-41-19].log
[2025-12-27 17:41:21] ==============================================================
[2025-12-27 17:41:21] ==============================================================
VQA Probabilities: [0.95  0.85  0.039 0.746 0.505 0.755 0.394 0.171]
VQA Probabilities: [0.95  0.85  0.039 0.746 0.505 0.755 0.394 0.171]
Step 70/100 (t=0.70) - Max Jz: 0.0000
Step 70/100 (t=0.70) - Max Jz: 0.0000
Step 71/100 (t=0.71) - Max Jz: 0.0000
Step 71/100 (t=0.71) - Max Jz: 0.0000
Step 72/100 (t=0.72) - Max Jz: 0.0000
Step 72/100 (t=0.72) - Max Jz: 0.0000
Step 73/100 (t=0.73) - Max Jz: 0.0000
Step 73/100 (t=0.73) - Max Jz: 0.0000
Step 74/100 (t=0.74) - Max Jz: 0.0000
Step 74/100 (t=0.74) - Max Jz: 0.0000
Step 75/100 (t=0.75) - Max Jz: 0.0000
Step 75/100 (t=0.75) - Max Jz: 0.0000
Step 76/100 (t=0.76) - Max Jz: 0.0000
Step 76/100 (t=0.76) - Max Jz: 0.0000
Step 77/100 (t=0.77) - Max Jz: 0.0000
Step 77/100 (t=0.77) - Max Jz: 0.0000
Step 78/100 (t=0.78) - Max Jz: 0.0000
Step 78/100 (t=0.78) - Max Jz: 0.0000
Step 79/100 (t=0.79) - Max Jz: 0.0000
Step 79/100 (t=0.79) - Max Jz: 0.0000
🔹 Detected Conda environment: qiskit-project
🔹 Detected Conda environment: qiskit-project
[2025-12-27 17:41:23] ==============================================================
[2025-12-27 17:41:23] ==============================================================
[2025-12-27 17:41:23] 🚀 Starting Quantum Pipeline
[2025-12-27 17:41:23] 🚀 Starting Quantum Pipeline
[2025-12-27 17:41:23] Mode: simulator | Backend: aer | Shots: 100000 | Method: COBYLA
[2025-12-27 17:41:23] Mode: simulator | Backend: aer | Shots: 100000 | Method: COBYLA
[2025-12-27 17:41:23] Script Path: /Users/Sayu/Desktop/BA_Proj/src/VQA
[2025-12-27 17:41:23] Script Path: /Users/Sayu/Desktop/BA_Proj/src/VQA
[2025-12-27 17:41:23] Output Dir: /Users/Sayu/Desktop/BA_Proj/data
[2025-12-27 17:41:23] Output Dir: /Users/Sayu/Desktop/BA_Proj/data
[2025-12-27 17:41:23] Input File: /Users/Sayu/Desktop/BA_Proj/data/vqa_input.json
[2025-12-27 17:41:23] Input File: /Users/Sayu/Desktop/BA_Proj/data/vqa_input.json
[2025-12-27 17:41:23] ==============================================================
[2025-12-27 17:41:23] ==============================================================
[2025-12-27 17:41:23] ➡️ Stage: TEST
[2025-12-27 17:41:23] ➡️ Stage: TEST
[2025-12-27 17:41:23] Running: python /Users/Sayu/Desktop/BA_Proj/src/VQA/TEST1.py --in-file /Users/Sayu/Desktop/BA_Proj/data/vqa_input.json --out-file /Users/Sayu/Desktop/BA_Proj/data/vqa_output.json --numqbits 8
[2025-12-27 17:41:23] Running: python /Users/Sayu/Desktop/BA_Proj/src/VQA/TEST1.py --in-file /Users/Sayu/Desktop/BA_Proj/data/vqa_input.json --out-file /Users/Sayu/Desktop/BA_Proj/data/vqa_output.json --numqbits 8
--- [VQA WORKER] Démarrage ---
✅ Input Lu avec succès.
   -> Theta_h: 2 angles
   -> Theta_v: 2 angles
⚙️  Génération de 1000 shots pour 8 qubits...
📊 Résultat Counts (Extrait): [('11111011', 301), ('11011010', 123), ('01000111', 240)] ...
💾 Probabilités sauvegardées dans: /Users/Sayu/Desktop/BA_Proj/data/vqa_output.json
💾 Counts bruts sauvegardés dans : /Users/Sayu/Desktop/BA_Proj/data/debug_counts.json
--- [VQA WORKER] Démarrage ---
✅ Input Lu avec succès.
   -> Theta_h: 2 angles
   -> Theta_v: 2 angles
⚙️  Génération de 1000 shots pour 8 qubits...
📊 Résultat Counts (Extrait): [('11111011', 301), ('11011010', 123), ('01000111', 240)] ...
💾 Probabilités sauvegardées dans: /Users/Sayu/Desktop/BA_Proj/data/vqa_output.json
💾 Counts bruts sauvegardés dans : /Users/Sayu/Desktop/BA_Proj/data/debug_counts.json
[2025-12-27 17:41:24] ✅ Stage 'TEST' completed successfully.
[2025-12-27 17:41:24] ✅ Stage 'TEST' completed successfully.
[2025-12-27 17:41:24] ==============================================================
[2025-12-27 17:41:24] ==============================================================
[2025-12-27 17:41:24] 🎉 Q-HAS Variational pipeline completed successfully!
[2025-12-27 17:41:24] 🎉 Q-HAS Variational pipeline completed successfully!
[2025-12-27 17:41:24] Results saved in: /Users/Sayu/Desktop/BA_Proj/data
[2025-12-27 17:41:24] Results saved in: /Users/Sayu/Desktop/BA_Proj/data
[2025-12-27 17:41:24] Full log: /Users/Sayu/Desktop/BA_Proj/data/../logs/pipeline[2025-12-27_17-41-21].log
[2025-12-27 17:41:24] Full log: /Users/Sayu/Desktop/BA_Proj/data/../logs/pipeline[2025-12-27_17-41-21].log
[2025-12-27 17:41:24] ==============================================================
[2025-12-27 17:41:24] ==============================================================
VQA Probabilities: [0.95  0.85  0.337 0.672 0.481 0.458 0.826 0.609]
VQA Probabilities: [0.95  0.85  0.337 0.672 0.481 0.458 0.826 0.609]
Step 80/100 (t=0.80) - Max Jz: 0.0000
Step 80/100 (t=0.80) - Max Jz: 0.0000
Step 81/100 (t=0.81) - Max Jz: 0.0000
Step 81/100 (t=0.81) - Max Jz: 0.0000
Step 82/100 (t=0.82) - Max Jz: 0.0000
Step 82/100 (t=0.82) - Max Jz: 0.0000
Step 83/100 (t=0.83) - Max Jz: 0.0000
Step 83/100 (t=0.83) - Max Jz: 0.0000
Step 84/100 (t=0.84) - Max Jz: 0.0000
Step 84/100 (t=0.84) - Max Jz: 0.0000
Step 85/100 (t=0.85) - Max Jz: 0.0000
Step 85/100 (t=0.85) - Max Jz: 0.0000
Step 86/100 (t=0.86) - Max Jz: 0.0000
Step 86/100 (t=0.86) - Max Jz: 0.0000
Step 87/100 (t=0.87) - Max Jz: 0.0000
Step 87/100 (t=0.87) - Max Jz: 0.0000
Step 88/100 (t=0.88) - Max Jz: 0.0000
Step 88/100 (t=0.88) - Max Jz: 0.0000
Step 89/100 (t=0.89) - Max Jz: 0.0000
Step 89/100 (t=0.89) - Max Jz: 0.0000
🔹 Detected Conda environment: qiskit-project
🔹 Detected Conda environment: qiskit-project
[2025-12-27 17:41:27] ==============================================================
[2025-12-27 17:41:27] ==============================================================
[2025-12-27 17:41:27] 🚀 Starting Quantum Pipeline
[2025-12-27 17:41:27] 🚀 Starting Quantum Pipeline
[2025-12-27 17:41:27] Mode: simulator | Backend: aer | Shots: 100000 | Method: COBYLA
[2025-12-27 17:41:27] Mode: simulator | Backend: aer | Shots: 100000 | Method: COBYLA
[2025-12-27 17:41:27] Script Path: /Users/Sayu/Desktop/BA_Proj/src/VQA
[2025-12-27 17:41:27] Script Path: /Users/Sayu/Desktop/BA_Proj/src/VQA
[2025-12-27 17:41:27] Output Dir: /Users/Sayu/Desktop/BA_Proj/data
[2025-12-27 17:41:27] Output Dir: /Users/Sayu/Desktop/BA_Proj/data
[2025-12-27 17:41:27] Input File: /Users/Sayu/Desktop/BA_Proj/data/vqa_input.json
[2025-12-27 17:41:27] Input File: /Users/Sayu/Desktop/BA_Proj/data/vqa_input.json
[2025-12-27 17:41:27] ==============================================================
[2025-12-27 17:41:27] ==============================================================
[2025-12-27 17:41:27] ➡️ Stage: TEST
[2025-12-27 17:41:27] ➡️ Stage: TEST
[2025-12-27 17:41:27] Running: python /Users/Sayu/Desktop/BA_Proj/src/VQA/TEST1.py --in-file /Users/Sayu/Desktop/BA_Proj/data/vqa_input.json --out-file /Users/Sayu/Desktop/BA_Proj/data/vqa_output.json --numqbits 8
[2025-12-27 17:41:27] Running: python /Users/Sayu/Desktop/BA_Proj/src/VQA/TEST1.py --in-file /Users/Sayu/Desktop/BA_Proj/data/vqa_input.json --out-file /Users/Sayu/Desktop/BA_Proj/data/vqa_output.json --numqbits 8
--- [VQA WORKER] Démarrage ---
✅ Input Lu avec succès.
   -> Theta_h: 2 angles
   -> Theta_v: 2 angles
⚙️  Génération de 1000 shots pour 8 qubits...
📊 Résultat Counts (Extrait): [('00110010', 382), ('00101011', 258), ('01011111', 173)] ...
💾 Probabilités sauvegardées dans: /Users/Sayu/Desktop/BA_Proj/data/vqa_output.json
💾 Counts bruts sauvegardés dans : /Users/Sayu/Desktop/BA_Proj/data/debug_counts.json
--- [VQA WORKER] Démarrage ---
✅ Input Lu avec succès.
   -> Theta_h: 2 angles
   -> Theta_v: 2 angles
⚙️  Génération de 1000 shots pour 8 qubits...
📊 Résultat Counts (Extrait): [('00110010', 382), ('00101011', 258), ('01011111', 173)] ...
💾 Probabilités sauvegardées dans: /Users/Sayu/Desktop/BA_Proj/data/vqa_output.json
💾 Counts bruts sauvegardés dans : /Users/Sayu/Desktop/BA_Proj/data/debug_counts.json
[2025-12-27 17:41:27] ✅ Stage 'TEST' completed successfully.
[2025-12-27 17:41:27] ✅ Stage 'TEST' completed successfully.
[2025-12-27 17:41:27] ==============================================================
[2025-12-27 17:41:27] ==============================================================
[2025-12-27 17:41:27] 🎉 Q-HAS Variational pipeline completed successfully!
[2025-12-27 17:41:27] 🎉 Q-HAS Variational pipeline completed successfully!
[2025-12-27 17:41:27] Results saved in: /Users/Sayu/Desktop/BA_Proj/data
[2025-12-27 17:41:27] Results saved in: /Users/Sayu/Desktop/BA_Proj/data
[2025-12-27 17:41:27] Full log: /Users/Sayu/Desktop/BA_Proj/data/../logs/pipeline[2025-12-27_17-41-24].log
[2025-12-27 17:41:27] Full log: /Users/Sayu/Desktop/BA_Proj/data/../logs/pipeline[2025-12-27_17-41-24].log
[2025-12-27 17:41:27] ==============================================================
[2025-12-27 17:41:27] ==============================================================
VQA Probabilities: [0.95  0.85  0.794 0.569 0.48  0.228 0.856 0.472]
VQA Probabilities: [0.95  0.85  0.794 0.569 0.48  0.228 0.856 0.472]
Step 90/100 (t=0.90) - Max Jz: 0.0000
Step 90/100 (t=0.90) - Max Jz: 0.0000
Step 91/100 (t=0.91) - Max Jz: 0.0000
Step 91/100 (t=0.91) - Max Jz: 0.0000
Step 92/100 (t=0.92) - Max Jz: 0.0000
Step 92/100 (t=0.92) - Max Jz: 0.0000
Step 93/100 (t=0.93) - Max Jz: 0.0000
Step 93/100 (t=0.93) - Max Jz: 0.0000
Step 94/100 (t=0.94) - Max Jz: 0.0000
Step 94/100 (t=0.94) - Max Jz: 0.0000
Step 95/100 (t=0.95) - Max Jz: 0.0000
Step 95/100 (t=0.95) - Max Jz: 0.0000
Step 96/100 (t=0.96) - Max Jz: 0.0000
Step 96/100 (t=0.96) - Max Jz: 0.0000
Step 97/100 (t=0.97) - Max Jz: 0.0000
Step 97/100 (t=0.97) - Max Jz: 0.0000
Step 98/100 (t=0.98) - Max Jz: 0.0000
Step 98/100 (t=0.98) - Max Jz: 0.0000
Step 99/100 (t=0.99) - Max Jz: 0.0000
Simulation terminée. Génération du plot...
Step 99/100 (t=0.99) - Max Jz: 0.0000
Simulation terminée. Génération du plot...
[2025-12-27 17:41:30] ✅ Stage 'Main Pipeline' completed successfully.
[2025-12-27 17:41:30] ✅ Stage 'Main Pipeline' completed successfully.
[2025-12-27 17:41:30] ==============================================================
[2025-12-27 17:41:30] 🎉 Q-HAS completed successfully!
[2025-12-27 17:41:30] Full log: /Users/Sayu/Desktop/BA_Proj/data/../logs/pipeline[2025-12-27_17-40-46].log
[2025-12-27 17:41:30] ==============================================================
