[2025-12-27 18:49:59] ==============================================================
[2025-12-27 18:49:59] 🚀 Starting Q-HAS: Quantum-Hierarchical Adaptive Steering Pipeline - Variational Workflow
[2025-12-27 18:49:59] Mode: simulator | Backend: aer | Shots: 100000 | Method: COBYLA
[2025-12-27 18:49:59] Script Path: /Users/Sayu/Desktop/BA_Proj/src
[2025-12-27 18:49:59] Output Dir: /Users/Sayu/Desktop/BA_Proj/data
[2025-12-27 18:49:59] Input File: /Users/Sayu/Desktop/BA_Proj/input/mapping_input.json
[2025-12-27 18:49:59] ==============================================================
[2025-12-27 18:49:59] 🧹 Cleaning previous results...
[2025-12-27 18:49:59] ➡️ Stage: Main Pipeline
[2025-12-27 18:49:59] ➡️ Stage: Main Pipeline
[2025-12-27 18:49:59] Running: python /Users/Sayu/Desktop/BA_Proj/src/pipeline.py --out-dir /Users/Sayu/Desktop/BA_Proj/data --mode simulator --grid-size 4 --dns-resolution 256 --t-max 1.0 --dt 0.01 --hybrid-dt 0.1 --depth 1 --backend aer --shots 100000 --method COBYLA
[2025-12-27 18:49:59] Running: python /Users/Sayu/Desktop/BA_Proj/src/pipeline.py --out-dir /Users/Sayu/Desktop/BA_Proj/data --mode simulator --grid-size 4 --dns-resolution 256 --t-max 1.0 --dt 0.01 --hybrid-dt 0.1 --depth 1 --backend aer --shots 100000 --method COBYLA
Traceback (most recent call last):
  File "/Users/Sayu/Desktop/BA_Proj/src/pipeline.py", line 105, in <module>
Traceback (most recent call last):
  File "/Users/Sayu/Desktop/BA_Proj/src/pipeline.py", line 105, in <module>
    main()
    main()
  File "/Users/Sayu/Desktop/BA_Proj/src/pipeline.py", line 57, in main
  File "/Users/Sayu/Desktop/BA_Proj/src/pipeline.py", line 57, in main
    sim.time_step()
    ^^^
NameError: name 'sim' is not defined. Did you mean: 'sum'?
    sim.time_step()
    ^^^
NameError: name 'sim' is not defined. Did you mean: 'sum'?
