[2025-12-27 17:32:55] ==============================================================
[2025-12-27 17:32:55] 🚀 Starting Quantum Pipeline
[2025-12-27 17:32:55] Mode: simulator | Backend: aer | Shots: 100000 | Method: COBYLA
[2025-12-27 17:32:55] Script Path: /Users/Sayu/Desktop/BA_Proj/src/VQA
[2025-12-27 17:32:55] Output Dir: /Users/Sayu/Desktop/BA_Proj/data
[2025-12-27 17:32:55] Input File: /Users/Sayu/Desktop/BA_Proj/data/vqa_input.json
[2025-12-27 17:32:55] ==============================================================
[2025-12-27 17:32:55] ➡️ Stage: TEST
[2025-12-27 17:32:55] Running: python /Users/Sayu/Desktop/BA_Proj/src/VQA/TEST1.py --in-file /Users/Sayu/Desktop/BA_Proj/data/vqa_input.json --out-file /Users/Sayu/Desktop/BA_Proj/data/vqa_output.json --numqbits 8
--- [VQA WORKER] Démarrage ---
✅ Input Lu avec succès.
   -> Theta_h: 2 angles
   -> Theta_v: 2 angles
⚙️  Génération de 1000 shots pour 8 qubits...
Traceback (most recent call last):
  File "/Users/Sayu/Desktop/BA_Proj/src/VQA/TEST1.py", line 142, in <module>
    main()
  File "/Users/Sayu/Desktop/BA_Proj/src/VQA/TEST1.py", line 112, in main
    counts = generate_random_counts(args.numqbits, args.shots)
             ^^^^^^^^^^^^^^^^^^^^^^^^^^^^^^^^^^^^^^^^^^^^^^^^^
  File "/Users/Sayu/Desktop/BA_Proj/src/VQA/TEST1.py", line 32, in generate_random_counts
    shot_chunk = random.randint(1, remaining_shots // 2)
                 ^^^^^^^^^^^^^^^^^^^^^^^^^^^^^^^^^^^^^^^
  File "/opt/miniconda3/envs/qiskit-project/lib/python3.11/random.py", line 362, in randint
    return self.randrange(a, b+1)
           ^^^^^^^^^^^^^^^^^^^^^^
  File "/opt/miniconda3/envs/qiskit-project/lib/python3.11/random.py", line 345, in randrange
    raise ValueError("empty range for randrange() (%d, %d, %d)" % (istart, istop, width))
ValueError: empty range for randrange() (1, 1, 0)
