[2025-12-27 18:51:48] ==============================================================
[2025-12-27 18:51:48] 🚀 Starting Q-HAS: Quantum-Hierarchical Adaptive Steering Pipeline - Variational Workflow
[2025-12-27 18:51:48] Mode: simulator | Backend: aer | Shots: 100000 | Method: COBYLA
[2025-12-27 18:51:48] Script Path: /Users/Sayu/Desktop/BA_Proj/src
[2025-12-27 18:51:48] Output Dir: /Users/Sayu/Desktop/BA_Proj/data
[2025-12-27 18:51:48] Input File: /Users/Sayu/Desktop/BA_Proj/input/mapping_input.json
[2025-12-27 18:51:48] ==============================================================
[2025-12-27 18:51:48] 🧹 Cleaning previous results...
[2025-12-27 18:51:48] ➡️ Stage: Main Pipeline
[2025-12-27 18:51:48] ➡️ Stage: Main Pipeline
[2025-12-27 18:51:48] Running: python /Users/Sayu/Desktop/BA_Proj/src/pipeline.py --out-dir /Users/Sayu/Desktop/BA_Proj/data --mode simulator --grid-size 4 --dns-resolution 256 --t-max 1.0 --dt 0.01 --hybrid-dt 0.1 --depth 1 --backend aer --shots 100000 --method COBYLA
[2025-12-27 18:51:48] Running: python /Users/Sayu/Desktop/BA_Proj/src/pipeline.py --out-dir /Users/Sayu/Desktop/BA_Proj/data --mode simulator --grid-size 4 --dns-resolution 256 --t-max 1.0 --dt 0.01 --hybrid-dt 0.1 --depth 1 --backend aer --shots 100000 --method COBYLA
Initialisation Orszag-Tang (Grille 4x4)...
Initialisation Orszag-Tang (Grille 4x4)...
--- Step 0: Quantum Risk Assessment (Recursion) ---
--- Step 0: Quantum Risk Assessment (Recursion) ---
Traceback (most recent call last):
  File "/Users/Sayu/Desktop/BA_Proj/src/pipeline.py", line 114, in <module>
Traceback (most recent call last):
  File "/Users/Sayu/Desktop/BA_Proj/src/pipeline.py", line 114, in <module>
    main()
    main()
  File "/Users/Sayu/Desktop/BA_Proj/src/pipeline.py", line 82, in main
  File "/Users/Sayu/Desktop/BA_Proj/src/pipeline.py", line 82, in main
    fine_solvers = recursive_vqa_check(
                   ^^^^^^^^^^^^^^^^^^^^
  File "/Users/Sayu/Desktop/BA_Proj/src/Simulation/refinement.py", line 131, in recursive_vqa_check
    fine_solvers = recursive_vqa_check(
                   ^^^^^^^^^^^^^^^^^^^^
  File "/Users/Sayu/Desktop/BA_Proj/src/Simulation/refinement.py", line 131, in recursive_vqa_check
    Phi = mapper.compute_stress_flux(physics_state_local)
    Phi = mapper.compute_stress_flux(physics_state_local)
          ^^^^^^^^^^^^^^^^^^^^^^^^^^^^^^^^^^^^^^^^^^^^^^^
  File "/Users/Sayu/Desktop/BA_Proj/src/Simulation/PhysToAngle.py", line 30, in compute_stress_flux
          ^^^^^^^^^^^^^^^^^^^^^^^^^^^^^^^^^^^^^^^^^^^^^^^
  File "/Users/Sayu/Desktop/BA_Proj/src/Simulation/PhysToAngle.py", line 30, in compute_stress_flux
    vx = physics_state['vx'] / self.v0
         ~~~~~~~~~~~~~^^^^^^
    vx = physics_state['vx'] / self.v0
KeyError: 'vx'
         ~~~~~~~~~~~~~^^^^^^
KeyError: 'vx'
