[2025-12-27 17:34:21] ==============================================================
[2025-12-27 17:34:21] 🚀 Starting Q-HAS: Quantum-Hierarchical Adaptive Steering Pipeline - Variational Workflow
[2025-12-27 17:34:21] Mode: simulator | Backend: aer | Shots: 100000 | Method: COBYLA
[2025-12-27 17:34:21] Script Path: /Users/Sayu/Desktop/BA_Proj/src
[2025-12-27 17:34:21] Output Dir: /Users/Sayu/Desktop/BA_Proj/data
[2025-12-27 17:34:21] Input File: /Users/Sayu/Desktop/BA_Proj/input/mapping_input.json
[2025-12-27 17:34:21] ==============================================================
[2025-12-27 17:34:21] 🧹 Cleaning previous results...
[2025-12-27 17:34:21] ➡️ Stage: Main Pipeline
[2025-12-27 17:34:21] ➡️ Stage: Main Pipeline
[2025-12-27 17:34:21] Running: python /Users/Sayu/Desktop/BA_Proj/src/pipeline.py --out-dir /Users/Sayu/Desktop/BA_Proj/data --mode simulator --grid-size 2 --dns-resolution 256 --t-max 1.0 --dt 0.01 --hybrid-dt 0.1 --depth 1 --backend aer --shots 100000 --method COBYLA
[2025-12-27 17:34:21] Running: python /Users/Sayu/Desktop/BA_Proj/src/pipeline.py --out-dir /Users/Sayu/Desktop/BA_Proj/data --mode simulator --grid-size 2 --dns-resolution 256 --t-max 1.0 --dt 0.01 --hybrid-dt 0.1 --depth 1 --backend aer --shots 100000 --method COBYLA
🔹 Detected Conda environment: qiskit-project
🔹 Detected Conda environment: qiskit-project
[2025-12-27 17:34:24] ==============================================================
[2025-12-27 17:34:24] ==============================================================
[2025-12-27 17:34:24] 🚀 Starting Quantum Pipeline
[2025-12-27 17:34:24] 🚀 Starting Quantum Pipeline
[2025-12-27 17:34:24] Mode: simulator | Backend: aer | Shots: 100000 | Method: COBYLA
[2025-12-27 17:34:24] Mode: simulator | Backend: aer | Shots: 100000 | Method: COBYLA
[2025-12-27 17:34:24] Script Path: /Users/Sayu/Desktop/BA_Proj/src/VQA
[2025-12-27 17:34:24] Script Path: /Users/Sayu/Desktop/BA_Proj/src/VQA
[2025-12-27 17:34:24] Output Dir: /Users/Sayu/Desktop/BA_Proj/data
[2025-12-27 17:34:24] Output Dir: /Users/Sayu/Desktop/BA_Proj/data
[2025-12-27 17:34:24] Input File: /Users/Sayu/Desktop/BA_Proj/data/vqa_input.json
[2025-12-27 17:34:24] Input File: /Users/Sayu/Desktop/BA_Proj/data/vqa_input.json
[2025-12-27 17:34:24] ==============================================================
[2025-12-27 17:34:24] ==============================================================
[2025-12-27 17:34:24] ➡️ Stage: TEST
[2025-12-27 17:34:24] ➡️ Stage: TEST
[2025-12-27 17:34:24] Running: python /Users/Sayu/Desktop/BA_Proj/src/VQA/TEST1.py --in-file /Users/Sayu/Desktop/BA_Proj/data/vqa_input.json --out-file /Users/Sayu/Desktop/BA_Proj/data/vqa_output.json --numqbits 8
[2025-12-27 17:34:24] Running: python /Users/Sayu/Desktop/BA_Proj/src/VQA/TEST1.py --in-file /Users/Sayu/Desktop/BA_Proj/data/vqa_input.json --out-file /Users/Sayu/Desktop/BA_Proj/data/vqa_output.json --numqbits 8
--- [VQA WORKER] Démarrage ---
✅ Input Lu avec succès.
   -> Theta_h: 2 angles
   -> Theta_v: 2 angles
⚙️  Génération de 1000 shots pour 8 qubits...
📊 Résultat Counts (Extrait): [('00111010', 31), ('01000010', 324), ('10100101', 225)] ...
💾 Probabilités sauvegardées dans: /Users/Sayu/Desktop/BA_Proj/data/vqa_output.json
💾 Counts bruts sauvegardés dans : /Users/Sayu/Desktop/BA_Proj/data/debug_counts.json
--- [VQA WORKER] Démarrage ---
✅ Input Lu avec succès.
   -> Theta_h: 2 angles
   -> Theta_v: 2 angles
⚙️  Génération de 1000 shots pour 8 qubits...
📊 Résultat Counts (Extrait): [('00111010', 31), ('01000010', 324), ('10100101', 225)] ...
💾 Probabilités sauvegardées dans: /Users/Sayu/Desktop/BA_Proj/data/vqa_output.json
💾 Counts bruts sauvegardés dans : /Users/Sayu/Desktop/BA_Proj/data/debug_counts.json
[2025-12-27 17:34:24] ✅ Stage 'TEST' completed successfully.
[2025-12-27 17:34:24] ✅ Stage 'TEST' completed successfully.
[2025-12-27 17:34:24] ==============================================================
[2025-12-27 17:34:24] ==============================================================
[2025-12-27 17:34:24] 🎉 Q-HAS Variational pipeline completed successfully!
[2025-12-27 17:34:24] 🎉 Q-HAS Variational pipeline completed successfully!
[2025-12-27 17:34:24] Results saved in: /Users/Sayu/Desktop/BA_Proj/data
[2025-12-27 17:34:24] Results saved in: /Users/Sayu/Desktop/BA_Proj/data
[2025-12-27 17:34:24] Full log: /Users/Sayu/Desktop/BA_Proj/data/../logs/pipeline[2025-12-27_17-34-22].log
[2025-12-27 17:34:24] Full log: /Users/Sayu/Desktop/BA_Proj/data/../logs/pipeline[2025-12-27_17-34-22].log
[2025-12-27 17:34:24] ==============================================================
[2025-12-27 17:34:24] ==============================================================
🔹 Detected Conda environment: qiskit-project
🔹 Detected Conda environment: qiskit-project
[2025-12-27 17:34:27] ==============================================================
[2025-12-27 17:34:27] ==============================================================
[2025-12-27 17:34:27] 🚀 Starting Quantum Pipeline
[2025-12-27 17:34:27] 🚀 Starting Quantum Pipeline
[2025-12-27 17:34:27] Mode: simulator | Backend: aer | Shots: 100000 | Method: COBYLA
[2025-12-27 17:34:27] Mode: simulator | Backend: aer | Shots: 100000 | Method: COBYLA
[2025-12-27 17:34:27] Script Path: /Users/Sayu/Desktop/BA_Proj/src/VQA
[2025-12-27 17:34:27] Script Path: /Users/Sayu/Desktop/BA_Proj/src/VQA
[2025-12-27 17:34:27] Output Dir: /Users/Sayu/Desktop/BA_Proj/data
[2025-12-27 17:34:27] Output Dir: /Users/Sayu/Desktop/BA_Proj/data
[2025-12-27 17:34:27] Input File: /Users/Sayu/Desktop/BA_Proj/data/vqa_input.json
[2025-12-27 17:34:27] Input File: /Users/Sayu/Desktop/BA_Proj/data/vqa_input.json
[2025-12-27 17:34:27] ==============================================================
[2025-12-27 17:34:27] ==============================================================
[2025-12-27 17:34:27] ➡️ Stage: TEST
[2025-12-27 17:34:27] ➡️ Stage: TEST
[2025-12-27 17:34:27] Running: python /Users/Sayu/Desktop/BA_Proj/src/VQA/TEST1.py --in-file /Users/Sayu/Desktop/BA_Proj/data/vqa_input.json --out-file /Users/Sayu/Desktop/BA_Proj/data/vqa_output.json --numqbits 8
[2025-12-27 17:34:27] Running: python /Users/Sayu/Desktop/BA_Proj/src/VQA/TEST1.py --in-file /Users/Sayu/Desktop/BA_Proj/data/vqa_input.json --out-file /Users/Sayu/Desktop/BA_Proj/data/vqa_output.json --numqbits 8
--- [VQA WORKER] Démarrage ---
✅ Input Lu avec succès.
   -> Theta_h: 2 angles
   -> Theta_v: 2 angles
⚙️  Génération de 1000 shots pour 8 qubits...
📊 Résultat Counts (Extrait): [('00011000', 475), ('11000010', 149), ('01000010', 67)] ...
💾 Probabilités sauvegardées dans: /Users/Sayu/Desktop/BA_Proj/data/vqa_output.json
💾 Counts bruts sauvegardés dans : /Users/Sayu/Desktop/BA_Proj/data/debug_counts.json
--- [VQA WORKER] Démarrage ---
✅ Input Lu avec succès.
   -> Theta_h: 2 angles
   -> Theta_v: 2 angles
⚙️  Génération de 1000 shots pour 8 qubits...
📊 Résultat Counts (Extrait): [('00011000', 475), ('11000010', 149), ('01000010', 67)] ...
💾 Probabilités sauvegardées dans: /Users/Sayu/Desktop/BA_Proj/data/vqa_output.json
💾 Counts bruts sauvegardés dans : /Users/Sayu/Desktop/BA_Proj/data/debug_counts.json
[2025-12-27 17:34:27] ✅ Stage 'TEST' completed successfully.
[2025-12-27 17:34:27] ✅ Stage 'TEST' completed successfully.
[2025-12-27 17:34:27] ==============================================================
[2025-12-27 17:34:27] ==============================================================
[2025-12-27 17:34:27] 🎉 Q-HAS Variational pipeline completed successfully!
[2025-12-27 17:34:27] 🎉 Q-HAS Variational pipeline completed successfully!
[2025-12-27 17:34:27] Results saved in: /Users/Sayu/Desktop/BA_Proj/data
[2025-12-27 17:34:27] Results saved in: /Users/Sayu/Desktop/BA_Proj/data
[2025-12-27 17:34:27] Full log: /Users/Sayu/Desktop/BA_Proj/data/../logs/pipeline[2025-12-27_17-34-24].log
[2025-12-27 17:34:27] Full log: /Users/Sayu/Desktop/BA_Proj/data/../logs/pipeline[2025-12-27_17-34-24].log
[2025-12-27 17:34:27] ==============================================================
[2025-12-27 17:34:27] ==============================================================
🔹 Detected Conda environment: qiskit-project
🔹 Detected Conda environment: qiskit-project
[2025-12-27 17:34:30] ==============================================================
[2025-12-27 17:34:30] ==============================================================
[2025-12-27 17:34:30] 🚀 Starting Quantum Pipeline
[2025-12-27 17:34:30] 🚀 Starting Quantum Pipeline
[2025-12-27 17:34:30] Mode: simulator | Backend: aer | Shots: 100000 | Method: COBYLA
[2025-12-27 17:34:30] Mode: simulator | Backend: aer | Shots: 100000 | Method: COBYLA
[2025-12-27 17:34:30] Script Path: /Users/Sayu/Desktop/BA_Proj/src/VQA
[2025-12-27 17:34:30] Script Path: /Users/Sayu/Desktop/BA_Proj/src/VQA
[2025-12-27 17:34:30] Output Dir: /Users/Sayu/Desktop/BA_Proj/data
[2025-12-27 17:34:30] Output Dir: /Users/Sayu/Desktop/BA_Proj/data
[2025-12-27 17:34:30] Input File: /Users/Sayu/Desktop/BA_Proj/data/vqa_input.json
[2025-12-27 17:34:30] Input File: /Users/Sayu/Desktop/BA_Proj/data/vqa_input.json
[2025-12-27 17:34:30] ==============================================================
[2025-12-27 17:34:30] ==============================================================
[2025-12-27 17:34:30] ➡️ Stage: TEST
[2025-12-27 17:34:30] ➡️ Stage: TEST
[2025-12-27 17:34:30] Running: python /Users/Sayu/Desktop/BA_Proj/src/VQA/TEST1.py --in-file /Users/Sayu/Desktop/BA_Proj/data/vqa_input.json --out-file /Users/Sayu/Desktop/BA_Proj/data/vqa_output.json --numqbits 8
[2025-12-27 17:34:30] Running: python /Users/Sayu/Desktop/BA_Proj/src/VQA/TEST1.py --in-file /Users/Sayu/Desktop/BA_Proj/data/vqa_input.json --out-file /Users/Sayu/Desktop/BA_Proj/data/vqa_output.json --numqbits 8
--- [VQA WORKER] Démarrage ---
✅ Input Lu avec succès.
   -> Theta_h: 2 angles
   -> Theta_v: 2 angles
⚙️  Génération de 1000 shots pour 8 qubits...
📊 Résultat Counts (Extrait): [('00001000', 287), ('11011000', 258), ('11111101', 193)] ...
💾 Probabilités sauvegardées dans: /Users/Sayu/Desktop/BA_Proj/data/vqa_output.json
💾 Counts bruts sauvegardés dans : /Users/Sayu/Desktop/BA_Proj/data/debug_counts.json
--- [VQA WORKER] Démarrage ---
✅ Input Lu avec succès.
   -> Theta_h: 2 angles
   -> Theta_v: 2 angles
⚙️  Génération de 1000 shots pour 8 qubits...
📊 Résultat Counts (Extrait): [('00001000', 287), ('11011000', 258), ('11111101', 193)] ...
💾 Probabilités sauvegardées dans: /Users/Sayu/Desktop/BA_Proj/data/vqa_output.json
💾 Counts bruts sauvegardés dans : /Users/Sayu/Desktop/BA_Proj/data/debug_counts.json
[2025-12-27 17:34:30] ✅ Stage 'TEST' completed successfully.
[2025-12-27 17:34:30] ✅ Stage 'TEST' completed successfully.
[2025-12-27 17:34:30] ==============================================================
[2025-12-27 17:34:30] ==============================================================
[2025-12-27 17:34:30] 🎉 Q-HAS Variational pipeline completed successfully!
[2025-12-27 17:34:30] 🎉 Q-HAS Variational pipeline completed successfully!
[2025-12-27 17:34:30] Results saved in: /Users/Sayu/Desktop/BA_Proj/data
[2025-12-27 17:34:30] Results saved in: /Users/Sayu/Desktop/BA_Proj/data
[2025-12-27 17:34:30] Full log: /Users/Sayu/Desktop/BA_Proj/data/../logs/pipeline[2025-12-27_17-34-27].log
[2025-12-27 17:34:30] Full log: /Users/Sayu/Desktop/BA_Proj/data/../logs/pipeline[2025-12-27_17-34-27].log
[2025-12-27 17:34:30] ==============================================================
[2025-12-27 17:34:30] ==============================================================
🔹 Detected Conda environment: qiskit-project
🔹 Detected Conda environment: qiskit-project
[2025-12-27 17:34:32] ==============================================================
[2025-12-27 17:34:32] ==============================================================
[2025-12-27 17:34:32] 🚀 Starting Quantum Pipeline
[2025-12-27 17:34:32] 🚀 Starting Quantum Pipeline
[2025-12-27 17:34:32] Mode: simulator | Backend: aer | Shots: 100000 | Method: COBYLA
[2025-12-27 17:34:32] Mode: simulator | Backend: aer | Shots: 100000 | Method: COBYLA
[2025-12-27 17:34:32] Script Path: /Users/Sayu/Desktop/BA_Proj/src/VQA
[2025-12-27 17:34:32] Script Path: /Users/Sayu/Desktop/BA_Proj/src/VQA
[2025-12-27 17:34:32] Output Dir: /Users/Sayu/Desktop/BA_Proj/data
[2025-12-27 17:34:32] Output Dir: /Users/Sayu/Desktop/BA_Proj/data
[2025-12-27 17:34:32] Input File: /Users/Sayu/Desktop/BA_Proj/data/vqa_input.json
[2025-12-27 17:34:32] Input File: /Users/Sayu/Desktop/BA_Proj/data/vqa_input.json
[2025-12-27 17:34:32] ==============================================================
[2025-12-27 17:34:32] ==============================================================
[2025-12-27 17:34:32] ➡️ Stage: TEST
[2025-12-27 17:34:32] ➡️ Stage: TEST
[2025-12-27 17:34:32] Running: python /Users/Sayu/Desktop/BA_Proj/src/VQA/TEST1.py --in-file /Users/Sayu/Desktop/BA_Proj/data/vqa_input.json --out-file /Users/Sayu/Desktop/BA_Proj/data/vqa_output.json --numqbits 8
[2025-12-27 17:34:32] Running: python /Users/Sayu/Desktop/BA_Proj/src/VQA/TEST1.py --in-file /Users/Sayu/Desktop/BA_Proj/data/vqa_input.json --out-file /Users/Sayu/Desktop/BA_Proj/data/vqa_output.json --numqbits 8
--- [VQA WORKER] Démarrage ---
✅ Input Lu avec succès.
   -> Theta_h: 2 angles
   -> Theta_v: 2 angles
⚙️  Génération de 1000 shots pour 8 qubits...
📊 Résultat Counts (Extrait): [('11111001', 273), ('11101101', 127), ('00110011', 86)] ...
💾 Probabilités sauvegardées dans: /Users/Sayu/Desktop/BA_Proj/data/vqa_output.json
💾 Counts bruts sauvegardés dans : /Users/Sayu/Desktop/BA_Proj/data/debug_counts.json
--- [VQA WORKER] Démarrage ---
✅ Input Lu avec succès.
   -> Theta_h: 2 angles
   -> Theta_v: 2 angles
⚙️  Génération de 1000 shots pour 8 qubits...
📊 Résultat Counts (Extrait): [('11111001', 273), ('11101101', 127), ('00110011', 86)] ...
💾 Probabilités sauvegardées dans: /Users/Sayu/Desktop/BA_Proj/data/vqa_output.json
💾 Counts bruts sauvegardés dans : /Users/Sayu/Desktop/BA_Proj/data/debug_counts.json
[2025-12-27 17:34:33] ✅ Stage 'TEST' completed successfully.
[2025-12-27 17:34:33] ✅ Stage 'TEST' completed successfully.
[2025-12-27 17:34:33] ==============================================================
[2025-12-27 17:34:33] ==============================================================
[2025-12-27 17:34:33] 🎉 Q-HAS Variational pipeline completed successfully!
[2025-12-27 17:34:33] 🎉 Q-HAS Variational pipeline completed successfully!
[2025-12-27 17:34:33] Results saved in: /Users/Sayu/Desktop/BA_Proj/data
[2025-12-27 17:34:33] Results saved in: /Users/Sayu/Desktop/BA_Proj/data
[2025-12-27 17:34:33] Full log: /Users/Sayu/Desktop/BA_Proj/data/../logs/pipeline[2025-12-27_17-34-30].log
[2025-12-27 17:34:33] Full log: /Users/Sayu/Desktop/BA_Proj/data/../logs/pipeline[2025-12-27_17-34-30].log
[2025-12-27 17:34:33] ==============================================================
[2025-12-27 17:34:33] ==============================================================
🔹 Detected Conda environment: qiskit-project
🔹 Detected Conda environment: qiskit-project
[2025-12-27 17:34:35] ==============================================================
[2025-12-27 17:34:35] ==============================================================
[2025-12-27 17:34:35] 🚀 Starting Quantum Pipeline
[2025-12-27 17:34:35] 🚀 Starting Quantum Pipeline
[2025-12-27 17:34:35] Mode: simulator | Backend: aer | Shots: 100000 | Method: COBYLA
[2025-12-27 17:34:35] Mode: simulator | Backend: aer | Shots: 100000 | Method: COBYLA
[2025-12-27 17:34:35] Script Path: /Users/Sayu/Desktop/BA_Proj/src/VQA
[2025-12-27 17:34:35] Script Path: /Users/Sayu/Desktop/BA_Proj/src/VQA
[2025-12-27 17:34:35] Output Dir: /Users/Sayu/Desktop/BA_Proj/data
[2025-12-27 17:34:35] Output Dir: /Users/Sayu/Desktop/BA_Proj/data
[2025-12-27 17:34:35] Input File: /Users/Sayu/Desktop/BA_Proj/data/vqa_input.json
[2025-12-27 17:34:35] Input File: /Users/Sayu/Desktop/BA_Proj/data/vqa_input.json
[2025-12-27 17:34:35] ==============================================================
[2025-12-27 17:34:35] ==============================================================
[2025-12-27 17:34:35] ➡️ Stage: TEST
[2025-12-27 17:34:35] ➡️ Stage: TEST
[2025-12-27 17:34:35] Running: python /Users/Sayu/Desktop/BA_Proj/src/VQA/TEST1.py --in-file /Users/Sayu/Desktop/BA_Proj/data/vqa_input.json --out-file /Users/Sayu/Desktop/BA_Proj/data/vqa_output.json --numqbits 8
[2025-12-27 17:34:35] Running: python /Users/Sayu/Desktop/BA_Proj/src/VQA/TEST1.py --in-file /Users/Sayu/Desktop/BA_Proj/data/vqa_input.json --out-file /Users/Sayu/Desktop/BA_Proj/data/vqa_output.json --numqbits 8
--- [VQA WORKER] Démarrage ---
✅ Input Lu avec succès.
   -> Theta_h: 2 angles
   -> Theta_v: 2 angles
⚙️  Génération de 1000 shots pour 8 qubits...
📊 Résultat Counts (Extrait): [('11001000', 350), ('00010011', 142), ('11101110', 215)] ...
💾 Probabilités sauvegardées dans: /Users/Sayu/Desktop/BA_Proj/data/vqa_output.json
💾 Counts bruts sauvegardés dans : /Users/Sayu/Desktop/BA_Proj/data/debug_counts.json
--- [VQA WORKER] Démarrage ---
✅ Input Lu avec succès.
   -> Theta_h: 2 angles
   -> Theta_v: 2 angles
⚙️  Génération de 1000 shots pour 8 qubits...
📊 Résultat Counts (Extrait): [('11001000', 350), ('00010011', 142), ('11101110', 215)] ...
💾 Probabilités sauvegardées dans: /Users/Sayu/Desktop/BA_Proj/data/vqa_output.json
💾 Counts bruts sauvegardés dans : /Users/Sayu/Desktop/BA_Proj/data/debug_counts.json
[2025-12-27 17:34:35] ✅ Stage 'TEST' completed successfully.
[2025-12-27 17:34:35] ✅ Stage 'TEST' completed successfully.
[2025-12-27 17:34:35] ==============================================================
[2025-12-27 17:34:35] ==============================================================
[2025-12-27 17:34:35] 🎉 Q-HAS Variational pipeline completed successfully!
[2025-12-27 17:34:35] 🎉 Q-HAS Variational pipeline completed successfully!
[2025-12-27 17:34:35] Results saved in: /Users/Sayu/Desktop/BA_Proj/data
[2025-12-27 17:34:35] Results saved in: /Users/Sayu/Desktop/BA_Proj/data
[2025-12-27 17:34:35] Full log: /Users/Sayu/Desktop/BA_Proj/data/../logs/pipeline[2025-12-27_17-34-33].log
[2025-12-27 17:34:35] Full log: /Users/Sayu/Desktop/BA_Proj/data/../logs/pipeline[2025-12-27_17-34-33].log
[2025-12-27 17:34:35] ==============================================================
[2025-12-27 17:34:35] ==============================================================
🔹 Detected Conda environment: qiskit-project
🔹 Detected Conda environment: qiskit-project
[2025-12-27 17:34:38] ==============================================================
[2025-12-27 17:34:38] ==============================================================
[2025-12-27 17:34:38] 🚀 Starting Quantum Pipeline
[2025-12-27 17:34:38] 🚀 Starting Quantum Pipeline
[2025-12-27 17:34:38] Mode: simulator | Backend: aer | Shots: 100000 | Method: COBYLA
[2025-12-27 17:34:38] Mode: simulator | Backend: aer | Shots: 100000 | Method: COBYLA
[2025-12-27 17:34:38] Script Path: /Users/Sayu/Desktop/BA_Proj/src/VQA
[2025-12-27 17:34:38] Script Path: /Users/Sayu/Desktop/BA_Proj/src/VQA
[2025-12-27 17:34:38] Output Dir: /Users/Sayu/Desktop/BA_Proj/data
[2025-12-27 17:34:38] Output Dir: /Users/Sayu/Desktop/BA_Proj/data
[2025-12-27 17:34:38] Input File: /Users/Sayu/Desktop/BA_Proj/data/vqa_input.json
[2025-12-27 17:34:38] Input File: /Users/Sayu/Desktop/BA_Proj/data/vqa_input.json
[2025-12-27 17:34:38] ==============================================================
[2025-12-27 17:34:38] ==============================================================
[2025-12-27 17:34:38] ➡️ Stage: TEST
[2025-12-27 17:34:38] ➡️ Stage: TEST
[2025-12-27 17:34:38] Running: python /Users/Sayu/Desktop/BA_Proj/src/VQA/TEST1.py --in-file /Users/Sayu/Desktop/BA_Proj/data/vqa_input.json --out-file /Users/Sayu/Desktop/BA_Proj/data/vqa_output.json --numqbits 8
[2025-12-27 17:34:38] Running: python /Users/Sayu/Desktop/BA_Proj/src/VQA/TEST1.py --in-file /Users/Sayu/Desktop/BA_Proj/data/vqa_input.json --out-file /Users/Sayu/Desktop/BA_Proj/data/vqa_output.json --numqbits 8
--- [VQA WORKER] Démarrage ---
✅ Input Lu avec succès.
   -> Theta_h: 2 angles
   -> Theta_v: 2 angles
⚙️  Génération de 1000 shots pour 8 qubits...
📊 Résultat Counts (Extrait): [('01010101', 53), ('11101011', 24), ('00010001', 424)] ...
💾 Probabilités sauvegardées dans: /Users/Sayu/Desktop/BA_Proj/data/vqa_output.json
💾 Counts bruts sauvegardés dans : /Users/Sayu/Desktop/BA_Proj/data/debug_counts.json
--- [VQA WORKER] Démarrage ---
✅ Input Lu avec succès.
   -> Theta_h: 2 angles
   -> Theta_v: 2 angles
⚙️  Génération de 1000 shots pour 8 qubits...
📊 Résultat Counts (Extrait): [('01010101', 53), ('11101011', 24), ('00010001', 424)] ...
💾 Probabilités sauvegardées dans: /Users/Sayu/Desktop/BA_Proj/data/vqa_output.json
💾 Counts bruts sauvegardés dans : /Users/Sayu/Desktop/BA_Proj/data/debug_counts.json
[2025-12-27 17:34:38] ✅ Stage 'TEST' completed successfully.
[2025-12-27 17:34:38] ✅ Stage 'TEST' completed successfully.
[2025-12-27 17:34:38] ==============================================================
[2025-12-27 17:34:38] ==============================================================
[2025-12-27 17:34:38] 🎉 Q-HAS Variational pipeline completed successfully!
[2025-12-27 17:34:38] 🎉 Q-HAS Variational pipeline completed successfully!
[2025-12-27 17:34:38] Results saved in: /Users/Sayu/Desktop/BA_Proj/data
[2025-12-27 17:34:38] Results saved in: /Users/Sayu/Desktop/BA_Proj/data
[2025-12-27 17:34:38] Full log: /Users/Sayu/Desktop/BA_Proj/data/../logs/pipeline[2025-12-27_17-34-35].log
[2025-12-27 17:34:38] Full log: /Users/Sayu/Desktop/BA_Proj/data/../logs/pipeline[2025-12-27_17-34-35].log
[2025-12-27 17:34:38] ==============================================================
[2025-12-27 17:34:38] ==============================================================
🔹 Detected Conda environment: qiskit-project
🔹 Detected Conda environment: qiskit-project
[2025-12-27 17:34:40] ==============================================================
[2025-12-27 17:34:40] ==============================================================
[2025-12-27 17:34:40] 🚀 Starting Quantum Pipeline
[2025-12-27 17:34:40] 🚀 Starting Quantum Pipeline
[2025-12-27 17:34:40] Mode: simulator | Backend: aer | Shots: 100000 | Method: COBYLA
[2025-12-27 17:34:40] Mode: simulator | Backend: aer | Shots: 100000 | Method: COBYLA
[2025-12-27 17:34:40] Script Path: /Users/Sayu/Desktop/BA_Proj/src/VQA
[2025-12-27 17:34:40] Script Path: /Users/Sayu/Desktop/BA_Proj/src/VQA
[2025-12-27 17:34:40] Output Dir: /Users/Sayu/Desktop/BA_Proj/data
[2025-12-27 17:34:40] Output Dir: /Users/Sayu/Desktop/BA_Proj/data
[2025-12-27 17:34:40] Input File: /Users/Sayu/Desktop/BA_Proj/data/vqa_input.json
[2025-12-27 17:34:40] Input File: /Users/Sayu/Desktop/BA_Proj/data/vqa_input.json
[2025-12-27 17:34:40] ==============================================================
[2025-12-27 17:34:40] ==============================================================
[2025-12-27 17:34:40] ➡️ Stage: TEST
[2025-12-27 17:34:40] ➡️ Stage: TEST
[2025-12-27 17:34:40] Running: python /Users/Sayu/Desktop/BA_Proj/src/VQA/TEST1.py --in-file /Users/Sayu/Desktop/BA_Proj/data/vqa_input.json --out-file /Users/Sayu/Desktop/BA_Proj/data/vqa_output.json --numqbits 8
[2025-12-27 17:34:40] Running: python /Users/Sayu/Desktop/BA_Proj/src/VQA/TEST1.py --in-file /Users/Sayu/Desktop/BA_Proj/data/vqa_input.json --out-file /Users/Sayu/Desktop/BA_Proj/data/vqa_output.json --numqbits 8
--- [VQA WORKER] Démarrage ---
✅ Input Lu avec succès.
   -> Theta_h: 2 angles
   -> Theta_v: 2 angles
⚙️  Génération de 1000 shots pour 8 qubits...
📊 Résultat Counts (Extrait): [('11101010', 282), ('01001110', 283), ('00011110', 163)] ...
💾 Probabilités sauvegardées dans: /Users/Sayu/Desktop/BA_Proj/data/vqa_output.json
💾 Counts bruts sauvegardés dans : /Users/Sayu/Desktop/BA_Proj/data/debug_counts.json
--- [VQA WORKER] Démarrage ---
✅ Input Lu avec succès.
   -> Theta_h: 2 angles
   -> Theta_v: 2 angles
⚙️  Génération de 1000 shots pour 8 qubits...
📊 Résultat Counts (Extrait): [('11101010', 282), ('01001110', 283), ('00011110', 163)] ...
💾 Probabilités sauvegardées dans: /Users/Sayu/Desktop/BA_Proj/data/vqa_output.json
💾 Counts bruts sauvegardés dans : /Users/Sayu/Desktop/BA_Proj/data/debug_counts.json
[2025-12-27 17:34:40] ✅ Stage 'TEST' completed successfully.
[2025-12-27 17:34:40] ✅ Stage 'TEST' completed successfully.
[2025-12-27 17:34:40] ==============================================================
[2025-12-27 17:34:40] ==============================================================
[2025-12-27 17:34:40] 🎉 Q-HAS Variational pipeline completed successfully!
[2025-12-27 17:34:40] 🎉 Q-HAS Variational pipeline completed successfully!
[2025-12-27 17:34:40] Results saved in: /Users/Sayu/Desktop/BA_Proj/data
[2025-12-27 17:34:40] Results saved in: /Users/Sayu/Desktop/BA_Proj/data
[2025-12-27 17:34:40] Full log: /Users/Sayu/Desktop/BA_Proj/data/../logs/pipeline[2025-12-27_17-34-38].log
[2025-12-27 17:34:40] Full log: /Users/Sayu/Desktop/BA_Proj/data/../logs/pipeline[2025-12-27_17-34-38].log
[2025-12-27 17:34:40] ==============================================================
[2025-12-27 17:34:40] ==============================================================
🔹 Detected Conda environment: qiskit-project
🔹 Detected Conda environment: qiskit-project
[2025-12-27 17:34:43] ==============================================================
[2025-12-27 17:34:43] ==============================================================
[2025-12-27 17:34:43] 🚀 Starting Quantum Pipeline
[2025-12-27 17:34:43] 🚀 Starting Quantum Pipeline
[2025-12-27 17:34:43] Mode: simulator | Backend: aer | Shots: 100000 | Method: COBYLA
[2025-12-27 17:34:43] Mode: simulator | Backend: aer | Shots: 100000 | Method: COBYLA
[2025-12-27 17:34:43] Script Path: /Users/Sayu/Desktop/BA_Proj/src/VQA
[2025-12-27 17:34:43] Script Path: /Users/Sayu/Desktop/BA_Proj/src/VQA
[2025-12-27 17:34:43] Output Dir: /Users/Sayu/Desktop/BA_Proj/data
[2025-12-27 17:34:43] Output Dir: /Users/Sayu/Desktop/BA_Proj/data
[2025-12-27 17:34:43] Input File: /Users/Sayu/Desktop/BA_Proj/data/vqa_input.json
[2025-12-27 17:34:43] Input File: /Users/Sayu/Desktop/BA_Proj/data/vqa_input.json
[2025-12-27 17:34:43] ==============================================================
[2025-12-27 17:34:43] ==============================================================
[2025-12-27 17:34:43] ➡️ Stage: TEST
[2025-12-27 17:34:43] ➡️ Stage: TEST
[2025-12-27 17:34:43] Running: python /Users/Sayu/Desktop/BA_Proj/src/VQA/TEST1.py --in-file /Users/Sayu/Desktop/BA_Proj/data/vqa_input.json --out-file /Users/Sayu/Desktop/BA_Proj/data/vqa_output.json --numqbits 8
[2025-12-27 17:34:43] Running: python /Users/Sayu/Desktop/BA_Proj/src/VQA/TEST1.py --in-file /Users/Sayu/Desktop/BA_Proj/data/vqa_input.json --out-file /Users/Sayu/Desktop/BA_Proj/data/vqa_output.json --numqbits 8
--- [VQA WORKER] Démarrage ---
✅ Input Lu avec succès.
   -> Theta_h: 2 angles
   -> Theta_v: 2 angles
⚙️  Génération de 1000 shots pour 8 qubits...
📊 Résultat Counts (Extrait): [('01011101', 236), ('11111110', 13), ('10111101', 202)] ...
💾 Probabilités sauvegardées dans: /Users/Sayu/Desktop/BA_Proj/data/vqa_output.json
💾 Counts bruts sauvegardés dans : /Users/Sayu/Desktop/BA_Proj/data/debug_counts.json
--- [VQA WORKER] Démarrage ---
✅ Input Lu avec succès.
   -> Theta_h: 2 angles
   -> Theta_v: 2 angles
⚙️  Génération de 1000 shots pour 8 qubits...
📊 Résultat Counts (Extrait): [('01011101', 236), ('11111110', 13), ('10111101', 202)] ...
💾 Probabilités sauvegardées dans: /Users/Sayu/Desktop/BA_Proj/data/vqa_output.json
💾 Counts bruts sauvegardés dans : /Users/Sayu/Desktop/BA_Proj/data/debug_counts.json
[2025-12-27 17:34:43] ✅ Stage 'TEST' completed successfully.
[2025-12-27 17:34:43] ✅ Stage 'TEST' completed successfully.
[2025-12-27 17:34:43] ==============================================================
[2025-12-27 17:34:43] ==============================================================
[2025-12-27 17:34:43] 🎉 Q-HAS Variational pipeline completed successfully!
[2025-12-27 17:34:43] 🎉 Q-HAS Variational pipeline completed successfully!
[2025-12-27 17:34:43] Results saved in: /Users/Sayu/Desktop/BA_Proj/data
[2025-12-27 17:34:43] Results saved in: /Users/Sayu/Desktop/BA_Proj/data
[2025-12-27 17:34:43] Full log: /Users/Sayu/Desktop/BA_Proj/data/../logs/pipeline[2025-12-27_17-34-40].log
[2025-12-27 17:34:43] Full log: /Users/Sayu/Desktop/BA_Proj/data/../logs/pipeline[2025-12-27_17-34-40].log
[2025-12-27 17:34:43] ==============================================================
[2025-12-27 17:34:43] ==============================================================
🔹 Detected Conda environment: qiskit-project
🔹 Detected Conda environment: qiskit-project
[2025-12-27 17:34:45] ==============================================================
[2025-12-27 17:34:45] ==============================================================
[2025-12-27 17:34:45] 🚀 Starting Quantum Pipeline
[2025-12-27 17:34:45] 🚀 Starting Quantum Pipeline
[2025-12-27 17:34:45] Mode: simulator | Backend: aer | Shots: 100000 | Method: COBYLA
[2025-12-27 17:34:45] Mode: simulator | Backend: aer | Shots: 100000 | Method: COBYLA
[2025-12-27 17:34:45] Script Path: /Users/Sayu/Desktop/BA_Proj/src/VQA
[2025-12-27 17:34:45] Script Path: /Users/Sayu/Desktop/BA_Proj/src/VQA
[2025-12-27 17:34:45] Output Dir: /Users/Sayu/Desktop/BA_Proj/data
[2025-12-27 17:34:45] Output Dir: /Users/Sayu/Desktop/BA_Proj/data
[2025-12-27 17:34:45] Input File: /Users/Sayu/Desktop/BA_Proj/data/vqa_input.json
[2025-12-27 17:34:45] Input File: /Users/Sayu/Desktop/BA_Proj/data/vqa_input.json
[2025-12-27 17:34:45] ==============================================================
[2025-12-27 17:34:45] ==============================================================
[2025-12-27 17:34:45] ➡️ Stage: TEST
[2025-12-27 17:34:45] ➡️ Stage: TEST
[2025-12-27 17:34:45] Running: python /Users/Sayu/Desktop/BA_Proj/src/VQA/TEST1.py --in-file /Users/Sayu/Desktop/BA_Proj/data/vqa_input.json --out-file /Users/Sayu/Desktop/BA_Proj/data/vqa_output.json --numqbits 8
[2025-12-27 17:34:45] Running: python /Users/Sayu/Desktop/BA_Proj/src/VQA/TEST1.py --in-file /Users/Sayu/Desktop/BA_Proj/data/vqa_input.json --out-file /Users/Sayu/Desktop/BA_Proj/data/vqa_output.json --numqbits 8
--- [VQA WORKER] Démarrage ---
✅ Input Lu avec succès.
   -> Theta_h: 2 angles
   -> Theta_v: 2 angles
⚙️  Génération de 1000 shots pour 8 qubits...
📊 Résultat Counts (Extrait): [('00110110', 158), ('10001011', 60), ('00110011', 317)] ...
💾 Probabilités sauvegardées dans: /Users/Sayu/Desktop/BA_Proj/data/vqa_output.json
💾 Counts bruts sauvegardés dans : /Users/Sayu/Desktop/BA_Proj/data/debug_counts.json
--- [VQA WORKER] Démarrage ---
✅ Input Lu avec succès.
   -> Theta_h: 2 angles
   -> Theta_v: 2 angles
⚙️  Génération de 1000 shots pour 8 qubits...
📊 Résultat Counts (Extrait): [('00110110', 158), ('10001011', 60), ('00110011', 317)] ...
💾 Probabilités sauvegardées dans: /Users/Sayu/Desktop/BA_Proj/data/vqa_output.json
💾 Counts bruts sauvegardés dans : /Users/Sayu/Desktop/BA_Proj/data/debug_counts.json
[2025-12-27 17:34:45] ✅ Stage 'TEST' completed successfully.
[2025-12-27 17:34:45] ✅ Stage 'TEST' completed successfully.
[2025-12-27 17:34:45] ==============================================================
[2025-12-27 17:34:45] ==============================================================
[2025-12-27 17:34:45] 🎉 Q-HAS Variational pipeline completed successfully!
[2025-12-27 17:34:45] 🎉 Q-HAS Variational pipeline completed successfully!
[2025-12-27 17:34:45] Results saved in: /Users/Sayu/Desktop/BA_Proj/data
[2025-12-27 17:34:45] Results saved in: /Users/Sayu/Desktop/BA_Proj/data
[2025-12-27 17:34:45] Full log: /Users/Sayu/Desktop/BA_Proj/data/../logs/pipeline[2025-12-27_17-34-43].log
[2025-12-27 17:34:45] Full log: /Users/Sayu/Desktop/BA_Proj/data/../logs/pipeline[2025-12-27_17-34-43].log
[2025-12-27 17:34:45] ==============================================================
[2025-12-27 17:34:45] ==============================================================
🔹 Detected Conda environment: qiskit-project
🔹 Detected Conda environment: qiskit-project
[2025-12-27 17:34:49] ==============================================================
[2025-12-27 17:34:49] ==============================================================
[2025-12-27 17:34:49] 🚀 Starting Quantum Pipeline
[2025-12-27 17:34:49] 🚀 Starting Quantum Pipeline
[2025-12-27 17:34:49] Mode: simulator | Backend: aer | Shots: 100000 | Method: COBYLA
[2025-12-27 17:34:49] Mode: simulator | Backend: aer | Shots: 100000 | Method: COBYLA
[2025-12-27 17:34:49] Script Path: /Users/Sayu/Desktop/BA_Proj/src/VQA
[2025-12-27 17:34:49] Script Path: /Users/Sayu/Desktop/BA_Proj/src/VQA
[2025-12-27 17:34:49] Output Dir: /Users/Sayu/Desktop/BA_Proj/data
[2025-12-27 17:34:49] Output Dir: /Users/Sayu/Desktop/BA_Proj/data
[2025-12-27 17:34:49] Input File: /Users/Sayu/Desktop/BA_Proj/data/vqa_input.json
[2025-12-27 17:34:49] Input File: /Users/Sayu/Desktop/BA_Proj/data/vqa_input.json
[2025-12-27 17:34:49] ==============================================================
[2025-12-27 17:34:49] ==============================================================
[2025-12-27 17:34:49] ➡️ Stage: TEST
[2025-12-27 17:34:49] ➡️ Stage: TEST
[2025-12-27 17:34:49] Running: python /Users/Sayu/Desktop/BA_Proj/src/VQA/TEST1.py --in-file /Users/Sayu/Desktop/BA_Proj/data/vqa_input.json --out-file /Users/Sayu/Desktop/BA_Proj/data/vqa_output.json --numqbits 8
[2025-12-27 17:34:49] Running: python /Users/Sayu/Desktop/BA_Proj/src/VQA/TEST1.py --in-file /Users/Sayu/Desktop/BA_Proj/data/vqa_input.json --out-file /Users/Sayu/Desktop/BA_Proj/data/vqa_output.json --numqbits 8
--- [VQA WORKER] Démarrage ---
✅ Input Lu avec succès.
   -> Theta_h: 2 angles
   -> Theta_v: 2 angles
⚙️  Génération de 1000 shots pour 8 qubits...
📊 Résultat Counts (Extrait): [('10010111', 74), ('00000011', 168), ('11111000', 94)] ...
💾 Probabilités sauvegardées dans: /Users/Sayu/Desktop/BA_Proj/data/vqa_output.json
💾 Counts bruts sauvegardés dans : /Users/Sayu/Desktop/BA_Proj/data/debug_counts.json
--- [VQA WORKER] Démarrage ---
✅ Input Lu avec succès.
   -> Theta_h: 2 angles
   -> Theta_v: 2 angles
⚙️  Génération de 1000 shots pour 8 qubits...
📊 Résultat Counts (Extrait): [('10010111', 74), ('00000011', 168), ('11111000', 94)] ...
💾 Probabilités sauvegardées dans: /Users/Sayu/Desktop/BA_Proj/data/vqa_output.json
💾 Counts bruts sauvegardés dans : /Users/Sayu/Desktop/BA_Proj/data/debug_counts.json
[2025-12-27 17:34:49] ✅ Stage 'TEST' completed successfully.
[2025-12-27 17:34:49] ✅ Stage 'TEST' completed successfully.
[2025-12-27 17:34:49] ==============================================================
[2025-12-27 17:34:49] ==============================================================
[2025-12-27 17:34:49] 🎉 Q-HAS Variational pipeline completed successfully!
[2025-12-27 17:34:49] 🎉 Q-HAS Variational pipeline completed successfully!
[2025-12-27 17:34:49] Results saved in: /Users/Sayu/Desktop/BA_Proj/data
[2025-12-27 17:34:49] Results saved in: /Users/Sayu/Desktop/BA_Proj/data
[2025-12-27 17:34:49] Full log: /Users/Sayu/Desktop/BA_Proj/data/../logs/pipeline[2025-12-27_17-34-45].log
[2025-12-27 17:34:49] Full log: /Users/Sayu/Desktop/BA_Proj/data/../logs/pipeline[2025-12-27_17-34-45].log
[2025-12-27 17:34:49] ==============================================================
[2025-12-27 17:34:49] ==============================================================
Initialisation Orszag-Tang (Grille 2x2)...
Lancement pour 100 pas de temps...
VQA Probabilities: [0.95  0.85  0.502 0.235 0.435 0.288 0.64  0.504]
Step 0/100 (t=0.00) - Max Jz: 0.0000
Step 1/100 (t=0.01) - Max Jz: 0.0000
Step 2/100 (t=0.02) - Max Jz: 0.0000
Step 3/100 (t=0.03) - Max Jz: 0.0000
Step 4/100 (t=0.04) - Max Jz: 0.0000
Step 5/100 (t=0.05) - Max Jz: 0.0000
Step 6/100 (t=0.06) - Max Jz: 0.0000
Step 7/100 (t=0.07) - Max Jz: 0.0000
Step 8/100 (t=0.08) - Max Jz: 0.0000
Step 9/100 (t=0.09) - Max Jz: 0.0000
VQA Probabilities: [0.95  0.85  0.136 0.694 0.68  0.223 0.362 0.171]
Step 10/100 (t=0.10) - Max Jz: 0.0000
Step 11/100 (t=0.11) - Max Jz: 0.0000
Step 12/100 (t=0.12) - Max Jz: 0.0000
Step 13/100 (t=0.13) - Max Jz: 0.0000
Step 14/100 (t=0.14) - Max Jz: 0.0000
Step 15/100 (t=0.15) - Max Jz: 0.0000
Step 16/100 (t=0.16) - Max Jz: 0.0000
Step 17/100 (t=0.17) - Max Jz: 0.0000
Step 18/100 (t=0.18) - Max Jz: 0.0000
Step 19/100 (t=0.19) - Max Jz: 0.0000
VQA Probabilities: [0.95  0.85  0.375 0.634 0.886 0.388 0.114 0.349]
Step 20/100 (t=0.20) - Max Jz: 0.0000
Step 21/100 (t=0.21) - Max Jz: 0.0000
Step 22/100 (t=0.22) - Max Jz: 0.0000
Step 23/100 (t=0.23) - Max Jz: 0.0000
Step 24/100 (t=0.24) - Max Jz: 0.0000
Step 25/100 (t=0.25) - Max Jz: 0.0000
Step 26/100 (t=0.26) - Max Jz: 0.0000
Step 27/100 (t=0.27) - Max Jz: 0.0000
Step 28/100 (t=0.28) - Max Jz: 0.0000
Step 29/100 (t=0.29) - Max Jz: 0.0000
VQA Probabilities: [0.95  0.85  0.73  0.556 0.693 0.295 0.327 0.673]
Step 30/100 (t=0.30) - Max Jz: 0.0000
Step 31/100 (t=0.31) - Max Jz: 0.0000
Step 32/100 (t=0.32) - Max Jz: 0.0000
Step 33/100 (t=0.33) - Max Jz: 0.0000
Step 34/100 (t=0.34) - Max Jz: 0.0000
Step 35/100 (t=0.35) - Max Jz: 0.0000
Step 36/100 (t=0.36) - Max Jz: 0.0000
Step 37/100 (t=0.37) - Max Jz: 0.0000
Step 38/100 (t=0.38) - Max Jz: 0.0000
Step 39/100 (t=0.39) - Max Jz: 0.0000
VQA Probabilities: [0.95  0.85  0.348 0.324 0.772 0.277 0.553 0.228]
Step 40/100 (t=0.40) - Max Jz: 0.0000
Step 41/100 (t=0.41) - Max Jz: 0.0000
Step 42/100 (t=0.42) - Max Jz: 0.0000
Step 43/100 (t=0.43) - Max Jz: 0.0000
Step 44/100 (t=0.44) - Max Jz: 0.0000
Step 45/100 (t=0.45) - Max Jz: 0.0000
Step 46/100 (t=0.46) - Max Jz: 0.0000
Step 47/100 (t=0.47) - Max Jz: 0.0000
Step 48/100 (t=0.48) - Max Jz: 0.0000
Step 49/100 (t=0.49) - Max Jz: 0.0000
VQA Probabilities: [0.95  0.85  0.145 0.917 0.215 0.246 0.312 0.714]
Step 50/100 (t=0.50) - Max Jz: 0.0000
Step 51/100 (t=0.51) - Max Jz: 0.0000
Step 52/100 (t=0.52) - Max Jz: 0.0000
Step 53/100 (t=0.53) - Max Jz: 0.0000
Step 54/100 (t=0.54) - Max Jz: 0.0000
Step 55/100 (t=0.55) - Max Jz: 0.0000
Step 56/100 (t=0.56) - Max Jz: 0.0000
Step 57/100 (t=0.57) - Max Jz: 0.0000
Step 58/100 (t=0.58) - Max Jz: 0.0000
Step 59/100 (t=0.59) - Max Jz: 0.0000
VQA Probabilities: [0.95  0.85  0.328 0.351 0.929 0.5   0.845 0.214]
Step 60/100 (t=0.60) - Max Jz: 0.0000
Step 61/100 (t=0.61) - Max Jz: 0.0000
Step 62/100 (t=0.62) - Max Jz: 0.0000
Step 63/100 (t=0.63) - Max Jz: 0.0000
Step 64/100 (t=0.64) - Max Jz: 0.0000
Step 65/100 (t=0.65) - Max Jz: 0.0000
Step 66/100 (t=0.66) - Max Jz: 0.0000
Step 67/100 (t=0.67) - Max Jz: 0.0000
Step 68/100 (t=0.68) - Max Jz: 0.0000
Step 69/100 (t=0.69) - Max Jz: 0.0000
VQA Probabilities: [0.95  0.85  0.652 0.858 0.617 0.871 0.231 0.602]
Step 70/100 (t=0.70) - Max Jz: 0.0000
Step 71/100 (t=0.71) - Max Jz: 0.0000
Step 72/100 (t=0.72) - Max Jz: 0.0000
Step 73/100 (t=0.73) - Max Jz: 0.0000
Step 74/100 (t=0.74) - Max Jz: 0.0000
Step 75/100 (t=0.75) - Max Jz: 0.0000
Step 76/100 (t=0.76) - Max Jz: 0.0000
Step 77/100 (t=0.77) - Max Jz: 0.0000
Step 78/100 (t=0.78) - Max Jz: 0.0000
Step 79/100 (t=0.79) - Max Jz: 0.0000
VQA Probabilities: [0.95  0.85  0.712 0.694 0.377 0.478 0.615 0.682]
Step 80/100 (t=0.80) - Max Jz: 0.0000
Step 81/100 (t=0.81) - Max Jz: 0.0000
Step 82/100 (t=0.82) - Max Jz: 0.0000
Step 83/100 (t=0.83) - Max Jz: 0.0000
Step 84/100 (t=0.84) - Max Jz: 0.0000
Step 85/100 (t=0.85) - Max Jz: 0.0000
Step 86/100 (t=0.86) - Max Jz: 0.0000
Step 87/100 (t=0.87) - Max Jz: 0.0000
Step 88/100 (t=0.88) - Max Jz: 0.0000
Step 89/100 (t=0.89) - Max Jz: 0.0000
VQA Probabilities: [0.95  0.85  0.135 0.201 0.183 0.342 0.393 0.453]
Step 90/100 (t=0.90) - Max Jz: 0.0000
Step 91/100 (t=0.91) - Max Jz: 0.0000
Step 92/100 (t=0.92) - Max Jz: 0.0000
Step 93/100 (t=0.93) - Max Jz: 0.0000
Step 94/100 (t=0.94) - Max Jz: 0.0000
Step 95/100 (t=0.95) - Max Jz: 0.0000
Step 96/100 (t=0.96) - Max Jz: 0.0000
Step 97/100 (t=0.97) - Max Jz: 0.0000
Step 98/100 (t=0.98) - Max Jz: 0.0000
Step 99/100 (t=0.99) - Max Jz: 0.0000
Simulation terminée. Génération du plot...
Initialisation Orszag-Tang (Grille 2x2)...
Lancement pour 100 pas de temps...
VQA Probabilities: [0.95  0.85  0.502 0.235 0.435 0.288 0.64  0.504]
Step 0/100 (t=0.00) - Max Jz: 0.0000
Step 1/100 (t=0.01) - Max Jz: 0.0000
Step 2/100 (t=0.02) - Max Jz: 0.0000
Step 3/100 (t=0.03) - Max Jz: 0.0000
Step 4/100 (t=0.04) - Max Jz: 0.0000
Step 5/100 (t=0.05) - Max Jz: 0.0000
Step 6/100 (t=0.06) - Max Jz: 0.0000
Step 7/100 (t=0.07) - Max Jz: 0.0000
Step 8/100 (t=0.08) - Max Jz: 0.0000
Step 9/100 (t=0.09) - Max Jz: 0.0000
VQA Probabilities: [0.95  0.85  0.136 0.694 0.68  0.223 0.362 0.171]
Step 10/100 (t=0.10) - Max Jz: 0.0000
Step 11/100 (t=0.11) - Max Jz: 0.0000
Step 12/100 (t=0.12) - Max Jz: 0.0000
Step 13/100 (t=0.13) - Max Jz: 0.0000
Step 14/100 (t=0.14) - Max Jz: 0.0000
Step 15/100 (t=0.15) - Max Jz: 0.0000
Step 16/100 (t=0.16) - Max Jz: 0.0000
Step 17/100 (t=0.17) - Max Jz: 0.0000
Step 18/100 (t=0.18) - Max Jz: 0.0000
Step 19/100 (t=0.19) - Max Jz: 0.0000
VQA Probabilities: [0.95  0.85  0.375 0.634 0.886 0.388 0.114 0.349]
Step 20/100 (t=0.20) - Max Jz: 0.0000
Step 21/100 (t=0.21) - Max Jz: 0.0000
Step 22/100 (t=0.22) - Max Jz: 0.0000
Step 23/100 (t=0.23) - Max Jz: 0.0000
Step 24/100 (t=0.24) - Max Jz: 0.0000
Step 25/100 (t=0.25) - Max Jz: 0.0000
Step 26/100 (t=0.26) - Max Jz: 0.0000
Step 27/100 (t=0.27) - Max Jz: 0.0000
Step 28/100 (t=0.28) - Max Jz: 0.0000
Step 29/100 (t=0.29) - Max Jz: 0.0000
VQA Probabilities: [0.95  0.85  0.73  0.556 0.693 0.295 0.327 0.673]
Step 30/100 (t=0.30) - Max Jz: 0.0000
Step 31/100 (t=0.31) - Max Jz: 0.0000
Step 32/100 (t=0.32) - Max Jz: 0.0000
Step 33/100 (t=0.33) - Max Jz: 0.0000
Step 34/100 (t=0.34) - Max Jz: 0.0000
Step 35/100 (t=0.35) - Max Jz: 0.0000
Step 36/100 (t=0.36) - Max Jz: 0.0000
Step 37/100 (t=0.37) - Max Jz: 0.0000
Step 38/100 (t=0.38) - Max Jz: 0.0000
Step 39/100 (t=0.39) - Max Jz: 0.0000
VQA Probabilities: [0.95  0.85  0.348 0.324 0.772 0.277 0.553 0.228]
Step 40/100 (t=0.40) - Max Jz: 0.0000
Step 41/100 (t=0.41) - Max Jz: 0.0000
Step 42/100 (t=0.42) - Max Jz: 0.0000
Step 43/100 (t=0.43) - Max Jz: 0.0000
Step 44/100 (t=0.44) - Max Jz: 0.0000
Step 45/100 (t=0.45) - Max Jz: 0.0000
Step 46/100 (t=0.46) - Max Jz: 0.0000
Step 47/100 (t=0.47) - Max Jz: 0.0000
Step 48/100 (t=0.48) - Max Jz: 0.0000
Step 49/100 (t=0.49) - Max Jz: 0.0000
VQA Probabilities: [0.95  0.85  0.145 0.917 0.215 0.246 0.312 0.714]
Step 50/100 (t=0.50) - Max Jz: 0.0000
Step 51/100 (t=0.51) - Max Jz: 0.0000
Step 52/100 (t=0.52) - Max Jz: 0.0000
Step 53/100 (t=0.53) - Max Jz: 0.0000
Step 54/100 (t=0.54) - Max Jz: 0.0000
Step 55/100 (t=0.55) - Max Jz: 0.0000
Step 56/100 (t=0.56) - Max Jz: 0.0000
Step 57/100 (t=0.57) - Max Jz: 0.0000
Step 58/100 (t=0.58) - Max Jz: 0.0000
Step 59/100 (t=0.59) - Max Jz: 0.0000
VQA Probabilities: [0.95  0.85  0.328 0.351 0.929 0.5   0.845 0.214]
Step 60/100 (t=0.60) - Max Jz: 0.0000
Step 61/100 (t=0.61) - Max Jz: 0.0000
Step 62/100 (t=0.62) - Max Jz: 0.0000
Step 63/100 (t=0.63) - Max Jz: 0.0000
Step 64/100 (t=0.64) - Max Jz: 0.0000
Step 65/100 (t=0.65) - Max Jz: 0.0000
Step 66/100 (t=0.66) - Max Jz: 0.0000
Step 67/100 (t=0.67) - Max Jz: 0.0000
Step 68/100 (t=0.68) - Max Jz: 0.0000
Step 69/100 (t=0.69) - Max Jz: 0.0000
VQA Probabilities: [0.95  0.85  0.652 0.858 0.617 0.871 0.231 0.602]
Step 70/100 (t=0.70) - Max Jz: 0.0000
Step 71/100 (t=0.71) - Max Jz: 0.0000
Step 72/100 (t=0.72) - Max Jz: 0.0000
Step 73/100 (t=0.73) - Max Jz: 0.0000
Step 74/100 (t=0.74) - Max Jz: 0.0000
Step 75/100 (t=0.75) - Max Jz: 0.0000
Step 76/100 (t=0.76) - Max Jz: 0.0000
Step 77/100 (t=0.77) - Max Jz: 0.0000
Step 78/100 (t=0.78) - Max Jz: 0.0000
Step 79/100 (t=0.79) - Max Jz: 0.0000
VQA Probabilities: [0.95  0.85  0.712 0.694 0.377 0.478 0.615 0.682]
Step 80/100 (t=0.80) - Max Jz: 0.0000
Step 81/100 (t=0.81) - Max Jz: 0.0000
Step 82/100 (t=0.82) - Max Jz: 0.0000
Step 83/100 (t=0.83) - Max Jz: 0.0000
Step 84/100 (t=0.84) - Max Jz: 0.0000
Step 85/100 (t=0.85) - Max Jz: 0.0000
Step 86/100 (t=0.86) - Max Jz: 0.0000
Step 87/100 (t=0.87) - Max Jz: 0.0000
Step 88/100 (t=0.88) - Max Jz: 0.0000
Step 89/100 (t=0.89) - Max Jz: 0.0000
VQA Probabilities: [0.95  0.85  0.135 0.201 0.183 0.342 0.393 0.453]
Step 90/100 (t=0.90) - Max Jz: 0.0000
Step 91/100 (t=0.91) - Max Jz: 0.0000
Step 92/100 (t=0.92) - Max Jz: 0.0000
Step 93/100 (t=0.93) - Max Jz: 0.0000
Step 94/100 (t=0.94) - Max Jz: 0.0000
Step 95/100 (t=0.95) - Max Jz: 0.0000
Step 96/100 (t=0.96) - Max Jz: 0.0000
Step 97/100 (t=0.97) - Max Jz: 0.0000
Step 98/100 (t=0.98) - Max Jz: 0.0000
Step 99/100 (t=0.99) - Max Jz: 0.0000
Simulation terminée. Génération du plot...
[2025-12-27 17:35:33] ✅ Stage 'Main Pipeline' completed successfully.
[2025-12-27 17:35:33] ✅ Stage 'Main Pipeline' completed successfully.
[2025-12-27 17:35:33] ==============================================================
[2025-12-27 17:35:33] 🎉 Q-HAS completed successfully!
[2025-12-27 17:35:33] Full log: /Users/Sayu/Desktop/BA_Proj/data/../logs/pipeline[2025-12-27_17-34-18].log
[2025-12-27 17:35:33] ==============================================================
