[2025-11-21 15:50:59] ==============================================================
[2025-11-21 15:50:59] 🚀 Starting Quantum MaxCut Pipeline
[2025-11-21 15:50:59] Mode: simulator | Backend: aer | Shots: 100000
[2025-11-21 15:50:59] Script Path: /Users/Sayu/Desktop/BA_Proj/algos_test_MHD/Variational/scripts
[2025-11-21 15:50:59] Output Dir: /Users/Sayu/Desktop/BA_Proj/tutos/Max_cut/results
[2025-11-21 15:50:59] ==============================================================
[2025-11-21 15:50:59] 🧹 Cleaning previous results...
[2025-11-21 15:50:59] ➡️ Stage: Mapping
[2025-11-21 15:50:59] Running: python /Users/Sayu/Desktop/BA_Proj/algos_test_MHD/Variational/scripts/mapping.py --backend aer --numqbits 3 --out-dir /Users/Sayu/Desktop/BA_Proj/tutos/Max_cut/results --verbose
Traceback (most recent call last):
  File "/opt/miniconda3/envs/qiskit-project/lib/python3.11/site-packages/matplotlib/backend_bases.py", line 1152, in _on_timer
    ret = func(*args, **kwargs)
          ^^^^^^^^^^^^^^^^^^^^^
  File "/opt/miniconda3/envs/qiskit-project/lib/python3.11/site-packages/matplotlib/backends/backend_macosx.py", line 71, in callback_func
    callback()
  File "/opt/miniconda3/envs/qiskit-project/lib/python3.11/site-packages/matplotlib/backends/backend_macosx.py", line 93, in _draw_idle
    self.draw()
  File "/opt/miniconda3/envs/qiskit-project/lib/python3.11/site-packages/matplotlib/backends/backend_macosx.py", line 56, in draw
    super().draw()
  File "/opt/miniconda3/envs/qiskit-project/lib/python3.11/site-packages/matplotlib/backends/backend_agg.py", line 382, in draw
    self.figure.draw(self.renderer)
  File "/opt/miniconda3/envs/qiskit-project/lib/python3.11/site-packages/matplotlib/artist.py", line 94, in draw_wrapper
    result = draw(artist, renderer, *args, **kwargs)
             ^^^^^^^^^^^^^^^^^^^^^^^^^^^^^^^^^^^^^^^
  File "/opt/miniconda3/envs/qiskit-project/lib/python3.11/site-packages/matplotlib/artist.py", line 71, in draw_wrapper
    return draw(artist, renderer)
           ^^^^^^^^^^^^^^^^^^^^^^
  File "/opt/miniconda3/envs/qiskit-project/lib/python3.11/site-packages/matplotlib/figure.py", line 3257, in draw
    mimage._draw_list_compositing_images(
  File "/opt/miniconda3/envs/qiskit-project/lib/python3.11/site-packages/matplotlib/image.py", line 134, in _draw_list_compositing_images
    a.draw(renderer)
  File "/opt/miniconda3/envs/qiskit-project/lib/python3.11/site-packages/matplotlib/artist.py", line 71, in draw_wrapper
    return draw(artist, renderer)
           ^^^^^^^^^^^^^^^^^^^^^^
  File "/opt/miniconda3/envs/qiskit-project/lib/python3.11/site-packages/matplotlib/axes/_base.py", line 3226, in draw
    mimage._draw_list_compositing_images(
  File "/opt/miniconda3/envs/qiskit-project/lib/python3.11/site-packages/matplotlib/image.py", line 134, in _draw_list_compositing_images
    a.draw(renderer)
  File "/opt/miniconda3/envs/qiskit-project/lib/python3.11/site-packages/matplotlib/artist.py", line 71, in draw_wrapper
    return draw(artist, renderer)
           ^^^^^^^^^^^^^^^^^^^^^^
  File "/opt/miniconda3/envs/qiskit-project/lib/python3.11/site-packages/matplotlib/text.py", line 752, in draw
    bbox, info, descent = self._get_layout(renderer)
                          ^^^^^^^^^^^^^^^^^^^^^^^^^^
  File "/opt/miniconda3/envs/qiskit-project/lib/python3.11/site-packages/matplotlib/text.py", line 382, in _get_layout
    w, h, d = _get_text_metrics_with_cache(
              ^^^^^^^^^^^^^^^^^^^^^^^^^^^^^
  File "/opt/miniconda3/envs/qiskit-project/lib/python3.11/site-packages/matplotlib/text.py", line 69, in _get_text_metrics_with_cache
    return _get_text_metrics_with_cache_impl(
           ^^^^^^^^^^^^^^^^^^^^^^^^^^^^^^^^^^
  File "/opt/miniconda3/envs/qiskit-project/lib/python3.11/site-packages/matplotlib/text.py", line 77, in _get_text_metrics_with_cache_impl
    return renderer_ref().get_text_width_height_descent(text, fontprop, ismath)
           ^^^^^^^^^^^^^^^^^^^^^^^^^^^^^^^^^^^^^^^^^^^^^^^^^^^^^^^^^^^^^^^^^^^^
  File "/opt/miniconda3/envs/qiskit-project/lib/python3.11/site-packages/matplotlib/backends/backend_agg.py", line 215, in get_text_width_height_descent
    self.mathtext_parser.parse(s, self.dpi, prop)
  File "/opt/miniconda3/envs/qiskit-project/lib/python3.11/site-packages/matplotlib/mathtext.py", line 86, in parse
    return self._parse_cached(s, dpi, prop, antialiased, load_glyph_flags)
           ^^^^^^^^^^^^^^^^^^^^^^^^^^^^^^^^^^^^^^^^^^^^^^^^^^^^^^^^^^^^^^^
  File "/opt/miniconda3/envs/qiskit-project/lib/python3.11/site-packages/matplotlib/mathtext.py", line 100, in _parse_cached
    box = self._parser.parse(s, fontset, fontsize, dpi)
          ^^^^^^^^^^^^^^^^^^^^^^^^^^^^^^^^^^^^^^^^^^^^^
  File "/opt/miniconda3/envs/qiskit-project/lib/python3.11/site-packages/matplotlib/_mathtext.py", line 2167, in parse
    raise ValueError("\n" + ParseException.explain(err, 0)) from None
ValueError: 
U^{\hat}(\theta)
       ^
ParseSyntaxException: Expected {accent | symbol | function | operatorname | group | frac | dfrac | binom | genfrac | overset | underset | sqrt | overline | text | boldsymbol | substack}, found '}'  (at char 7), (line:1, col:8)
