[2025-10-19 16:22:46] ==============================================================
[2025-10-19 16:22:46] 🚀 Starting Quantum MaxCut Pipeline
[2025-10-19 16:22:46] Mode: simulator | Backend: aer | Shots: 100000
[2025-10-19 16:22:46] Script Path: /Users/Sayu/Desktop/BA_Proj/tutos/Max_cut/scripts
[2025-10-19 16:22:46] Output Dir: /Users/Sayu/Desktop/BA_Proj/tutos/Max_cut/results
[2025-10-19 16:22:46] ==============================================================
[2025-10-19 16:22:46] 🧹 Cleaning previous results...
[2025-10-19 16:22:46] ➡️ Stage: Mapping
[2025-10-19 16:22:46] Running: python /Users/Sayu/Desktop/BA_Proj/tutos/Max_cut/scripts/mapping.py --backend aer --nodes 5 --edges 6 --out-dir /Users/Sayu/Desktop/BA_Proj/tutos/Max_cut/results --verbose
/opt/miniconda3/envs/qiskit-project/lib/python3.11/site-packages/networkx/readwrite/json_graph/node_link.py:145: FutureWarning: 
The default value will be `edges="edges" in NetworkX 3.6.

To make this warning go away, explicitly set the edges kwarg, e.g.:

  nx.node_link_data(G, edges="links") to preserve current behavior, or
  nx.node_link_data(G, edges="edges") for forward compatibility.
  warnings.warn(
🔹 Using AER backend
🔹 Graph edges: [(np.int64(0), 1), (np.int64(0), 2), (np.int64(0), 3), (np.int64(1), 4), (np.int64(2), 4), (np.int64(2), 3)]
cost_hamiltonian :  SparsePauliOp(['ZZIII', 'IIIII', 'ZIZII', 'IIIII', 'ZIIZI', 'IIIII', 'IZIIZ', 'IIIII', 'IIZIZ', 'IIIII', 'IIZZI', 'IIIII'],
              coeffs=[ 0.5+0.j, -0.5+0.j,  0.5+0.j, -0.5+0.j,  0.5+0.j, -0.5+0.j,  0.5+0.j,
 -0.5+0.j,  0.5+0.j, -0.5+0.j,  0.5+0.j, -0.5+0.j])
✅ Mapping complete. Saved to /Users/Sayu/Desktop/BA_Proj/tutos/Max_cut/results/mapping.json
Hamiltonian terms:
  ZZIII : 0.5
  IIIII : -0.5
  ZIZII : 0.5
  IIIII : -0.5
  ZIIZI : 0.5
  IIIII : -0.5
  IZIIZ : 0.5
  IIIII : -0.5
  IIZIZ : 0.5
  IIIII : -0.5
  IIZZI : 0.5
  IIIII : -0.5
[2025-10-19 16:26:54] ✅ Stage 'Mapping' completed successfully.
[2025-10-19 16:26:54] ➡️ Stage: Optimization
[2025-10-19 16:26:54] Running: python /Users/Sayu/Desktop/BA_Proj/tutos/Max_cut/scripts/optimize.py --backend aer --out-dir /Users/Sayu/Desktop/BA_Proj/tutos/Max_cut/results --verbose
[2025-10-19 16:27:04] ✅ Stage 'Optimization' completed successfully.
[2025-10-19 16:27:04] ➡️ Stage: Execution
[2025-10-19 16:27:04] Running: python /Users/Sayu/Desktop/BA_Proj/tutos/Max_cut/scripts/execute.py --mode simulator --backend aer --shots 100000 --out-dir /Users/Sayu/Desktop/BA_Proj/tutos/Max_cut/results --verbose
/opt/miniconda3/envs/qiskit-project/lib/python3.11/site-packages/qiskit_ibm_runtime/fake_provider/local_service.py:273: UserWarning: Options {'dynamical_decoupling': {'enable': True, 'sequence_type': 'XY4'}, 'twirling': {'enable_gates': True, 'num_randomizations': 'auto'}} have no effect in local testing mode.
  warnings.warn(f"Options {options_copy} have no effect in local testing mode.")
 message: Optimization terminated successfully.
 success: True
  status: 1
     fun: -4.150288497115029
       x: [ 2.957e+00  1.224e+00  3.791e+00  3.205e+00]
    nfev: 40
   maxcv: 0.0
{11: 0.09439, 14: 0.10086, 25: 0.00873, 16: 0.01189, 20: 0.09396, 26: 0.02888, 24: 0.02844, 19: 0.09915, 3: 0.0481, 5: 0.02844, 17: 0.10005, 10: 0.0508, 12: 0.09863, 15: 0.01151, 28: 0.04875, 21: 0.04883, 7: 0.02834, 13: 0.00887, 2: 0.005, 29: 0.00553, 27: 0.0109, 18: 0.00839, 9: 0.00328, 4: 0.01115, 6: 0.00828, 0: 0.00106, 22: 0.00346, 30: 0.00079, 31: 0.00111, 1: 0.00074, 8: 0.00082, 23: 0.00087}
Execution result saved to /Users/Sayu/Desktop/BA_Proj/tutos/Max_cut/results/execution_result.json
Objective value: -4.150288497115029
[2025-10-19 16:27:18] ✅ Stage 'Execution' completed successfully.
[2025-10-19 16:27:18] ➡️ Stage: Post-processing
[2025-10-19 16:27:18] Running: python /Users/Sayu/Desktop/BA_Proj/tutos/Max_cut/scripts/postprocess.py --out-dir /Users/Sayu/Desktop/BA_Proj/tutos/Max_cut/results --verbose
Result bitstring: [0, 1, 1, 1, 0]
The value of the cut is: 5
[2025-10-19 16:30:08] ✅ Stage 'Post-processing' completed successfully.
[2025-10-19 16:30:08] ==============================================================
[2025-10-19 16:30:08] 🎉 Quantum MaxCut pipeline completed successfully!
[2025-10-19 16:30:08] Results saved in: /Users/Sayu/Desktop/BA_Proj/tutos/Max_cut/results
[2025-10-19 16:30:08] Full log: /Users/Sayu/Desktop/BA_Proj/tutos/Max_cut/results/../logs/pipeline[2025-10-19_16-22-42].log
[2025-10-19 16:30:08] ==============================================================
