[2025-10-23 15:19:45] ==============================================================
[2025-10-23 15:19:45] 🚀 Starting Quantum MaxCut Pipeline
[2025-10-23 15:19:45] Mode: simulator | Backend: aer | Shots: 100000
[2025-10-23 15:19:45] Script Path: /Users/Sayu/Desktop/BA_Proj/tutos/Max_cut/scripts
[2025-10-23 15:19:45] Output Dir: /Users/Sayu/Desktop/BA_Proj/tutos/Max_cut/results
[2025-10-23 15:19:45] ==============================================================
[2025-10-23 15:19:45] 🧹 Cleaning previous results...
[2025-10-23 15:19:45] ➡️ Stage: Mapping
[2025-10-23 15:19:45] Running: python /Users/Sayu/Desktop/BA_Proj/tutos/Max_cut/scripts/mapping.py --backend aer --nodes 10 --edges 12 --out-dir /Users/Sayu/Desktop/BA_Proj/tutos/Max_cut/results --verbose
/opt/miniconda3/envs/qiskit-project/lib/python3.11/site-packages/networkx/readwrite/json_graph/node_link.py:145: FutureWarning: 
The default value will be `edges="edges" in NetworkX 3.6.

To make this warning go away, explicitly set the edges kwarg, e.g.:

  nx.node_link_data(G, edges="links") to preserve current behavior, or
  nx.node_link_data(G, edges="edges") for forward compatibility.
  warnings.warn(
🔹 Using AER backend
🔹 Graph edges: [(np.int64(0), 4), (np.int64(0), 6), (np.int64(0), 3), (np.int64(1), 3), (np.int64(1), 9), (np.int64(1), 6), (np.int64(2), 9), (np.int64(2), 5), (np.int64(3), 7), (np.int64(3), 5), (np.int64(6), 8), (np.int64(7), 9)]
cost_hamiltonian :  SparsePauliOp(['ZIIIZIIIII', 'IIIIIIIIII', 'ZIIIIIZIII', 'IIIIIIIIII', 'ZIIZIIIIII', 'IIIIIIIIII', 'IZIZIIIIII', 'IIIIIIIIII', 'IZIIIIIIIZ', 'IIIIIIIIII', 'IZIIIIZIII', 'IIIIIIIIII', 'IIZIIIIIIZ', 'IIIIIIIIII', 'IIZIIZIIII', 'IIIIIIIIII', 'IIIZIIIZII', 'IIIIIIIIII', 'IIIZIZIIII', 'IIIIIIIIII', 'IIIIIIZIZI', 'IIIIIIIIII', 'IIIIIIIZIZ', 'IIIIIIIIII'],
              coeffs=[ 0.5+0.j, -0.5+0.j,  0.5+0.j, -0.5+0.j,  0.5+0.j, -0.5+0.j,  0.5+0.j,
 -0.5+0.j,  0.5+0.j, -0.5+0.j,  0.5+0.j, -0.5+0.j,  0.5+0.j, -0.5+0.j,
  0.5+0.j, -0.5+0.j,  0.5+0.j, -0.5+0.j,  0.5+0.j, -0.5+0.j,  0.5+0.j,
 -0.5+0.j,  0.5+0.j, -0.5+0.j])
✅ Mapping complete. Saved to /Users/Sayu/Desktop/BA_Proj/tutos/Max_cut/results/mapping.json
Hamiltonian terms:
  ZIIIZIIIII : 0.5
  IIIIIIIIII : -0.5
  ZIIIIIZIII : 0.5
  IIIIIIIIII : -0.5
  ZIIZIIIIII : 0.5
  IIIIIIIIII : -0.5
  IZIZIIIIII : 0.5
  IIIIIIIIII : -0.5
  IZIIIIIIIZ : 0.5
  IIIIIIIIII : -0.5
  IZIIIIZIII : 0.5
  IIIIIIIIII : -0.5
  IIZIIIIIIZ : 0.5
  IIIIIIIIII : -0.5
  IIZIIZIIII : 0.5
  IIIIIIIIII : -0.5
  IIIZIIIZII : 0.5
  IIIIIIIIII : -0.5
  IIIZIZIIII : 0.5
  IIIIIIIIII : -0.5
  IIIIIIZIZI : 0.5
  IIIIIIIIII : -0.5
  IIIIIIIZIZ : 0.5
  IIIIIIIIII : -0.5
[2025-10-23 15:20:36] ✅ Stage 'Mapping' completed successfully.
[2025-10-23 15:20:36] ➡️ Stage: Optimization
[2025-10-23 15:20:36] Running: python /Users/Sayu/Desktop/BA_Proj/tutos/Max_cut/scripts/optimize.py --backend aer --out-dir /Users/Sayu/Desktop/BA_Proj/tutos/Max_cut/results --verbose
[2025-10-23 15:21:33] ✅ Stage 'Optimization' completed successfully.
[2025-10-23 15:21:33] ➡️ Stage: Execution
[2025-10-23 15:21:33] Running: python /Users/Sayu/Desktop/BA_Proj/tutos/Max_cut/scripts/execute.py --mode simulator --backend aer --shots 100000 --out-dir /Users/Sayu/Desktop/BA_Proj/tutos/Max_cut/results --verbose
/opt/miniconda3/envs/qiskit-project/lib/python3.11/site-packages/qiskit_ibm_runtime/fake_provider/local_service.py:273: UserWarning: Options {'dynamical_decoupling': {'enable': True, 'sequence_type': 'XY4'}, 'twirling': {'enable_gates': True, 'num_randomizations': 'auto'}} have no effect in local testing mode.
  warnings.warn(f"Options {options_copy} have no effect in local testing mode.")
 message: Optimization terminated successfully.
 success: True
  status: 1
     fun: -8.496855031449686
       x: [ 8.733e-01  1.185e+00  3.121e+00  3.809e+00]
    nfev: 37
   maxcv: 0.0
{57: 0.004, 867: 0.00087, 316: 0.01083, 201: 0.00779, 707: 0.01013, 272: 9e-05, 323: 0.00099, 123: 0.00927, 771: 0.00146, 791: 0.00815, 848: 0.00102, 976: 0.00021, 543: 0.00313, 709: 0.00013, 930: 0.00079, 567: 0.00369, 63: 0.00456, 370: 0.00242, 120: 0.00049, 115: 0.00622, 787: 0.01381, 925: 0.0003, 236: 0.01387, 444: 0.00917, 61: 0.01028, 913: 0.00036, 31: 0.00118, 902: 0.02057, 651: 0.0004, 535: 0.00716, 719: 0.0003, 446: 0.00252, 914: 0.00321, 310: 0.00791, 121: 0.0203, 232: 0.00859, 307: 0.00421, 235: 0.00764, 934: 0.00829, 486: 0.00918, 482: 0.01168, 900: 0.0092, 819: 0.00601, 450: 0.0026, 781: 0.0002, 89: 0.0083, 284: 0.00271, 99: 0.00576, 44: 0.00038, 430: 0.00204, 595: 0.00798, 308: 0.00173, 712: 0.00322, 611: 0.00207, 880: 0.00022, 994: 0.00257, 817: 0.0025, 481: 0.00106, 29: 0.00233, 793: 0.00257, 381: 0.00061, 352: 0.00029, 428: 0.00837, 483: 0.00241, 374: 0.00183, 313: 0.00495, 480: 0.00291, 790: 0.01776, 789: 0.00346, 956: 0.00138, 227: 0.00624, 216: 0.00084, 836: 0.00056, 83: 0.00147, 607: 0.00019, 529: 0.00156, 286: 0.00102, 653: 0.00288, 441: 0.00033, 833: 0.00165, 305: 0.00091, 78: 0.00023, 714: 0.00063, 324: 0.00017, 625: 0.0009, 105: 0.01446, 948: 0.00252, 124: 0.00361, 249: 0.00063, 757: 2e-05, 489: 0.00024, 962: 0.01051, 675: 0.00032, 422: 0.00548, 687: 0.00024, 162: 0.00039, 206: 0.00247, 918: 0.01463, 107: 0.00572, 821: 0.00148, 565: 0.0007, 423: 0.0003, 828: 0.00127, 363: 5e-05, 79: 0.00046, 125: 0.00239, 233: 0.01701, 55: 0.00141, 492: 0.00589, 339: 0.00146, 530: 0.00072, 226: 0.00168, 280: 0.00043, 309: 0.0006, 488: 0.00732, 311: 0.0031, 460: 0.00178, 739: 0.00268, 820: 0.00321, 663: 0.00088, 904: 0.00094, 354: 0.00087, 185: 0.00113, 452: 0.00047, 320: 0.00013, 924: 0.0058, 440: 0.00151, 671: 0.00026, 966: 0.00417, 537: 0.0086, 851: 0.0013, 598: 0.00162, 525: 0.00108, 539: 0.00201, 940: 0.00162, 906: 0.0001, 579: 0.00927, 476: 9e-05, 454: 0.00234, 409: 8e-05, 796: 0.00642, 788: 0.00764, 73: 0.00672, 127: 0.00143, 601: 0.00563, 642: 0.00065, 188: 0.00334, 509: 0.00013, 822: 0.00732, 322: 0.00022, 515: 0.00047, 665: 0.00142, 281: 0.00136, 973: 0.00025, 67: 0.0015, 75: 0.00274, 111: 0.00142, 234: 0.00315, 109: 0.00318, 329: 0.00075, 225: 9e-05, 713: 0.00812, 711: 0.00075, 425: 0.00138, 908: 0.00693, 60: 0.00241, 108: 0.00105, 696: 6e-05, 972: 0.00052, 728: 0.00048, 202: 0.00156, 569: 0.00228, 710: 0.00477, 655: 0.00072, 829: 0.00053, 371: 0.00445, 531: 0.00561, 585: 0.00592, 717: 0.00088, 364: 0.00078, 326: 0.0004, 398: 0.00084, 931: 0.0017, 563: 0.00206, 816: 0.00037, 838: 0.00131, 204: 0.00613, 871: 0.0001, 960: 0.00485, 785: 0.00658, 706: 0.00217, 200: 0.00405, 803: 0.00048, 28: 0.00101, 42: 4e-05, 715: 0.00145, 920: 0.00094, 577: 0.00241, 69: 2e-05, 456: 0.00325, 494: 0.00175, 56: 0.00071, 700: 0.00085, 408: 0.00027, 897: 0.00171, 419: 0.00059, 386: 0.0003, 716: 0.00429, 355: 0.00418, 805: 0.0005, 376: 0.00289, 462: 0.00057, 571: 0.00054, 238: 0.00611, 438: 0.00577, 267: 9e-05, 835: 0.0032, 321: 0.00054, 259: 0.0001, 358: 0.00127, 704: 0.00087, 205: 0.00065, 775: 0.00153, 566: 0.00013, 929: 0.00067, 541: 0.01111, 661: 0.00013, 340: 0.00028, 736: 0.00017, 218: 0.00024, 748: 5e-05, 203: 0.00285, 561: 0.00052, 641: 0.0002, 72: 0.00011, 670: 0.00173, 190: 0.00179, 899: 0.00336, 318: 0.00252, 252: 0.00146, 156: 0.00083, 950: 0.00695, 436: 0.00098, 657: 0.00015, 540: 0.00262, 823: 0.00408, 963: 0.00237, 916: 0.0057, 572: 0.00043, 786: 0.00187, 92: 0.00176, 77: 0.00144, 774: 0.00055, 998: 0.00096, 126: 0.00166, 332: 0.00042, 140: 0.00075, 172: 0.00136, 506: 0.00018, 993: 0.00028, 387: 4e-05, 744: 9e-05, 708: 0.0011, 504: 0.00072, 458: 0.00069, 375: 0.00021, 573: 0.00253, 336: 0.00021, 51: 0.00045, 533: 0.0013, 609: 0.00095, 183: 0.00024, 1020: 0.00033, 654: 0.00146, 152: 6e-05, 59: 0.00165, 718: 0.00111, 496: 0.00033, 21: 0.00046, 834: 0.00071, 647: 0.00247, 253: 0.00041, 606: 9e-05, 412: 0.00193, 681: 0.00114, 684: 0.00121, 850: 0.00216, 769: 0.00065, 587: 0.00089, 726: 0.00028, 646: 0.00073, 772: 0.0003, 353: 0.00163, 668: 0.00434, 652: 0.00454, 745: 0.00023, 0: 2e-05, 742: 0.0013, 493: 0.00061, 220: 0.00056, 344: 0.0014, 62: 0.00111, 118: 0.00085, 427: 0.00046, 384: 0.00018, 306: 0.00082, 30: 0.00025, 685: 0.00088, 964: 0.00148, 915: 0.00125, 295: 0.00056, 12: 0.00017, 195: 0.00123, 737: 0.00124, 88: 0.0004, 679: 0.00126, 169: 0.00037, 968: 0.00128, 898: 0.00293, 95: 0.00049, 961: 0.00085, 189: 0.00073, 248: 0.00158, 153: 0.00024, 723: 0.00012, 797: 0.00158, 317: 0.00235, 683: 0.00035, 824: 9e-05, 360: 0.00071, 87: 0.00026, 627: 0.00195, 230: 0.0028, 9: 0.00039, 180: 0.00038, 52: 0.00036, 784: 0.00086, 361: 0.00142, 173: 0.00245, 513: 0.00021, 420: 0.00127, 239: 0.00102, 27: 0.00038, 167: 0.00031, 792: 0.00071, 667: 0.00042, 237: 0.00168, 301: 0.00065, 705: 0.00252, 855: 0.00052, 593: 0.00205, 254: 0.00073, 947: 0.0005, 368: 0.00068, 583: 0.00136, 143: 0.00021, 41: 0.00043, 356: 0.00047, 674: 0.00013, 74: 3e-05, 589: 0.00087, 328: 0.00045, 689: 2e-05, 338: 0.00076, 946: 0.0012, 859: 0.00035, 883: 0.00049, 988: 0.00041, 659: 0.00095, 995: 0.00096, 738: 0.00041, 978: 0.00055, 484: 0.00218, 603: 0.00106, 857: 0.0002, 722: 0.00062, 507: 0.00013, 490: 0.00126, 210: 5e-05, 754: 0.00015, 357: 0.00019, 837: 4e-05, 103: 0.00107, 605: 0.00025, 701: 0.00027, 825: 0.00057, 207: 0.00032, 25: 0.00091, 516: 9e-05, 807: 0.00082, 768: 0.00028, 487: 0.00013, 891: 0.0002, 992: 0.00101, 478: 8e-05, 337: 0.00041, 93: 0.00093, 562: 0.00035, 854: 0.00054, 378: 0.0005, 884: 6e-05, 865: 0.00033, 91: 0.00383, 893: 0.0001, 13: 0.00015, 649: 0.00177, 369: 0.00155, 941: 8e-05, 905: 0.00086, 385: 0.0001, 831: 0.00031, 342: 0.00092, 932: 0.00333, 575: 0.0008, 194: 0.00046, 520: 0.00016, 637: 0.00022, 198: 0.0005, 1001: 0.00017, 49: 0.00023, 678: 0.0002, 910: 3e-05, 283: 0.0006, 285: 0.00047, 168: 0.00062, 17: 0.00039, 1004: 0.0003, 330: 0.00013, 97: 0.00015, 434: 0.00078, 505: 0.00013, 662: 0.00135, 432: 0.00021, 388: 0.00023, 71: 0.00025, 967: 0.00065, 801: 0.00023, 40: 7e-05, 669: 0.00093, 472: 0.00037, 94: 0.00064, 1002: 0.00035, 982: 0.00029, 43: 0.00022, 351: 0.00016, 896: 0.00144, 664: 0.00036, 38: 0.00013, 191: 0.00034, 574: 0.00015, 800: 4e-05, 542: 0.00097, 498: 0.00114, 175: 0.00106, 965: 0.00018, 242: 0.00033, 508: 0.00045, 297: 0.00039, 246: 0.00041, 615: 0.00035, 396: 0.00205, 502: 0.00033, 451: 0.00047, 395: 0.00017, 640: 0.00038, 694: 0.00073, 132: 0.0002, 296: 0.00023, 912: 0.00133, 136: 0.00042, 596: 0.00026, 447: 0.0002, 729: 0.00014, 294: 0.00024, 695: 0.00045, 861: 0.00046, 58: 0.00022, 187: 0.0005, 141: 0.00042, 442: 0.00035, 435: 0.0004, 377: 0.00057, 196: 0.00031, 517: 0.00021, 740: 0.00056, 887: 0.00038, 773: 0.00068, 122: 0.00022, 843: 0.00035, 617: 0.00013, 935: 0.00033, 521: 0.00028, 383: 0.00037, 798: 0.00011, 231: 0.00054, 380: 0.00057, 304: 0.00017, 818: 0.00061, 186: 5e-05, 853: 0.00023, 743: 0.00031, 903: 0.00055, 477: 3e-05, 117: 0.0001, 856: 0.00034, 1006: 0.00031, 499: 0.00029, 466: 0.00034, 882: 0.00031, 977: 0.00011, 393: 0.00029, 142: 0.0001, 45: 0.00052, 1003: 0.00018, 686: 0.00048, 957: 6e-05, 777: 0.00045, 534: 0.00019, 213: 1e-05, 892: 0.00031, 250: 0.00068, 319: 0.0008, 780: 0.00019, 315: 0.00116, 630: 0.00026, 528: 0.00029, 134: 0.00043, 495: 0.00033, 287: 0.00035, 366: 0.00016, 724: 0.00018, 840: 0.0002, 971: 0.00032, 928: 0.0005, 974: 0.00033, 334: 5e-05, 581: 0.00031, 870: 0.00028, 164: 0.00032, 410: 0.00014, 1012: 0.00011, 939: 9e-05, 643: 0.00049, 697: 0.00032, 639: 0.00019, 424: 0.0003, 500: 5e-05, 691: 0.00045, 473: 9e-05, 293: 0.00016, 192: 0.00033, 327: 0.00015, 944: 0.00049, 969: 0.00011, 24: 0.00026, 382: 0.00027, 958: 0.00021, 1: 3e-05, 937: 0.0002, 852: 0.00036, 979: 0.00024, 582: 0.00029, 104: 0.00025, 372: 0.00042, 46: 8e-05, 133: 7e-05, 864: 8e-05, 980: 0.00014, 666: 0.00013, 628: 0.00014, 138: 0.00013, 418: 0.00026, 770: 0.00037, 927: 5e-05, 868: 7e-05, 536: 0.00013, 952: 0.00024, 414: 0.00095, 749: 0.00011, 224: 0.00017, 86: 0.00024, 1008: 3e-05, 421: 0.00011, 161: 0.00017, 921: 0.00027, 278: 0.00029, 551: 0.00024, 348: 0.00033, 830: 0.00025, 379: 0.00023, 733: 0.00029, 223: 5e-05, 519: 0.00082, 827: 0.00023, 19: 0.00035, 645: 0.00048, 106: 6e-05, 411: 4e-05, 917: 8e-05, 619: 2e-05, 849: 0.00057, 588: 0.00043, 211: 2e-05, 174: 0.00044, 255: 0.00029, 468: 9e-05, 146: 3e-05, 635: 0.00025, 731: 0.00012, 875: 0.00016, 35: 0.00046, 702: 0.00044, 325: 5e-05, 131: 0.00039, 470: 0.00018, 171: 0.00031, 3: 0.0002, 179: 9e-05, 76: 0.00053, 110: 0.00047, 632: 9e-05, 222: 0.00023, 102: 0.00024, 894: 6e-05, 862: 0.00016, 243: 0.00011, 522: 3e-05, 693: 7e-05, 170: 0.00028, 951: 0.00015, 794: 5e-05, 119: 0.00091, 208: 4e-05, 47: 0.00016, 703: 8e-05, 491: 9e-05, 578: 0.00014, 15: 3e-05, 985: 0.00013, 524: 0.00015, 845: 8e-05, 602: 0.00015, 163: 0.00018, 680: 5e-05, 860: 0.00013, 269: 0.00013, 844: 7e-05, 112: 8e-05, 98: 0.00019, 799: 0.00014, 416: 0.00015, 779: 3e-05, 81: 0.00012, 943: 8e-05, 990: 0.00013, 600: 0.00045, 1000: 4e-05, 199: 5e-05, 262: 6e-05, 591: 0.00022, 873: 0.00015, 197: 2e-05, 312: 0.00076, 735: 4e-05, 945: 0.00017, 942: 9e-05, 221: 0.0001, 148: 0.0002, 730: 0.00011, 345: 0.00017, 503: 0.00013, 996: 0.00026, 448: 0.00084, 50: 0.00025, 725: 7e-05, 70: 0.00011, 217: 0.00024, 178: 5e-05, 445: 0.0002, 682: 4e-05, 580: 0.00011, 885: 0.00017, 290: 0.00018, 457: 0.00012, 923: 2e-05, 699: 0.00013, 149: 2e-05, 130: 9e-05, 1014: 0.00033, 113: 7e-05, 901: 0.00028, 926: 8e-05, 629: 5e-05, 303: 0.00021, 54: 8e-05, 597: 5e-05, 919: 0.00024, 555: 9e-05, 750: 0.00013, 282: 7e-05, 997: 0.00011, 90: 9e-05, 599: 0.00026, 610: 3e-05, 251: 0.00034, 832: 0.00032, 150: 5e-05, 815: 5e-05, 20: 0.00016, 741: 7e-05, 274: 7e-05, 273: 7e-05, 257: 0.00012, 806: 0.00015, 604: 0.0006, 795: 2e-05, 53: 9e-05, 443: 9e-05, 782: 1e-05, 347: 3e-05, 955: 2e-05, 300: 0.0001, 638: 5e-05, 759: 3e-05, 720: 0.00015, 866: 0.0001, 1015: 4e-05, 184: 8e-05, 155: 0.00012, 439: 6e-05, 673: 5e-05, 461: 0.00019, 999: 0.00026, 727: 0.00019, 147: 2e-05, 933: 0.00011, 809: 7e-05, 359: 0.00046, 394: 5e-05, 550: 0.0001, 557: 0.00031, 549: 6e-05, 26: 0.00011, 510: 0.0002, 157: 0.0001, 403: 2e-05, 367: 2e-05, 343: 9e-05, 346: 0.00028, 415: 3e-05, 268: 6e-05, 279: 0.00012, 677: 0.00018, 390: 3e-05, 511: 4e-05, 886: 6e-05, 449: 0.00024, 672: 0.00014, 766: 0.00012, 644: 0.00017, 166: 0.00023, 276: 0.00013, 881: 0.00012, 936: 0.00029, 165: 2e-05, 734: 4e-05, 405: 4e-05, 264: 8e-05, 889: 0.00029, 758: 9e-05, 275: 3e-05, 813: 8e-05, 349: 0.00012, 518: 0.00022, 761: 6e-05, 10: 1e-05, 764: 0.00012, 413: 8e-05, 11: 0.0001, 265: 4e-05, 970: 0.00021, 464: 4e-05, 289: 7e-05, 292: 5e-05, 1010: 0.00015, 291: 0.00011, 426: 6e-05, 514: 5e-05, 65: 0.00014, 839: 0.00016, 33: 6e-05, 802: 0.00011, 523: 3e-05, 158: 0.00028, 692: 7e-05, 406: 0.00012, 7: 5e-05, 622: 3e-05, 890: 9e-05, 176: 6e-05, 474: 8e-05, 244: 2e-05, 467: 1e-05, 258: 4e-05, 858: 2e-05, 560: 0.00012, 260: 4e-05, 527: 0.00025, 553: 0.00014, 271: 0.0001, 475: 6e-05, 895: 2e-05, 1018: 6e-05, 314: 9e-05, 613: 0.00012, 219: 7e-05, 594: 8e-05, 698: 2e-05, 400: 5e-05, 159: 0.00011, 22: 0.00015, 559: 4e-05, 656: 6e-05, 576: 0.00013, 101: 2e-05, 949: 3e-05, 397: 3e-05, 752: 9e-05, 633: 5e-05, 546: 4e-05, 129: 7e-05, 1009: 6e-05, 193: 0.00013, 648: 0.00028, 96: 6e-05, 48: 3e-05, 64: 2e-05, 756: 9e-05, 479: 1e-05, 154: 2e-05, 298: 4e-05, 85: 2e-05, 299: 0.00011, 984: 9e-05, 463: 7e-05, 612: 2e-05, 747: 0.00013, 804: 9e-05, 404: 4e-05, 362: 0.00016, 877: 1e-05, 331: 6e-05, 114: 8e-05, 623: 5e-05, 631: 9e-05, 2: 3e-05, 429: 0.00011, 626: 6e-05, 288: 3e-05, 547: 5e-05, 620: 1e-05, 100: 2e-05, 214: 4e-05, 751: 5e-05, 433: 9e-05, 1011: 8e-05, 763: 3e-05, 545: 6e-05, 953: 0.00013, 532: 5e-05, 776: 4e-05, 471: 2e-05, 676: 1e-05, 986: 5e-05, 721: 1e-05, 584: 5e-05, 841: 7e-05, 755: 7e-05, 240: 1e-05, 341: 3e-05, 392: 5e-05, 23: 1e-05, 863: 1e-05, 983: 0.00011, 229: 4e-05, 80: 5e-05, 350: 3e-05, 1016: 8e-05, 810: 2e-05, 417: 5e-05, 453: 2e-05, 1023: 3e-05, 592: 1e-05, 302: 1e-05, 144: 3e-05, 247: 6e-05, 431: 4e-05, 14: 8e-05, 688: 1e-05, 389: 1e-05, 8: 2e-05, 938: 2e-05, 266: 1e-05, 177: 1e-05, 139: 5e-05, 590: 6e-05, 263: 1e-05, 1005: 1e-05, 660: 4e-05, 548: 3e-05, 145: 5e-05, 987: 1e-05, 1022: 6e-05, 4: 1e-05, 39: 3e-05, 526: 2e-05, 911: 2e-05, 182: 3e-05, 84: 1e-05, 455: 2e-05, 922: 2e-05, 365: 1e-05, 878: 3e-05, 399: 3e-05, 621: 1e-05, 66: 3e-05, 874: 3e-05, 391: 2e-05, 228: 1e-05, 909: 3e-05, 650: 2e-05, 137: 4e-05, 981: 3e-05, 975: 1e-05, 608: 2e-05, 256: 2e-05, 636: 3e-05, 568: 1e-05, 570: 2e-05, 270: 2e-05, 5: 2e-05, 552: 2e-05, 732: 3e-05, 586: 2e-05, 501: 3e-05, 762: 2e-05, 556: 1e-05, 128: 1e-05, 18: 2e-05, 842: 2e-05, 888: 2e-05, 869: 1e-05, 512: 2e-05, 746: 1e-05, 181: 1e-05, 544: 1e-05, 614: 1e-05, 991: 1e-05, 151: 1e-05, 872: 1e-05, 1019: 1e-05, 32: 1e-05, 135: 1e-05, 554: 1e-05, 373: 1e-05, 160: 2e-05, 847: 2e-05, 469: 1e-05, 811: 1e-05}
Execution result saved to /Users/Sayu/Desktop/BA_Proj/tutos/Max_cut/results/execution_result.json
Objective value: -8.496855031449686
[2025-10-23 15:21:54] ✅ Stage 'Execution' completed successfully.
[2025-10-23 15:21:54] ➡️ Stage: Post-processing
[2025-10-23 15:21:54] Running: python /Users/Sayu/Desktop/BA_Proj/tutos/Max_cut/scripts/postprocess.py --out-dir /Users/Sayu/Desktop/BA_Proj/tutos/Max_cut/results --verbose
Result bitstring: [0, 1, 1, 0, 0, 0, 0, 1, 1, 1]
The value of the cut is: 5
[2025-10-23 15:22:17] ✅ Stage 'Post-processing' completed successfully.
[2025-10-23 15:22:17] ==============================================================
[2025-10-23 15:22:17] 🎉 Quantum MaxCut pipeline completed successfully!
[2025-10-23 15:22:17] Results saved in: /Users/Sayu/Desktop/BA_Proj/tutos/Max_cut/results
[2025-10-23 15:22:17] Full log: /Users/Sayu/Desktop/BA_Proj/tutos/Max_cut/results/../logs/pipeline[2025-10-23_15-19-42].log
[2025-10-23 15:22:17] ==============================================================
